#
# There is insufficient memory for the Java Runtime Environment to continue.
# Native memory allocation (mmap) failed to map 132120576 bytes for G1 virtual space
# Possible reasons:
#   The system is out of physical RAM or swap space
#   The process is running with CompressedOops enabled, and the Java Heap may be blocking the growth of the native heap
# Possible solutions:
#   Reduce memory load on the system
#   Increase physical memory or swap space
#   Check if swap backing store is full
#   Decrease Java heap size (-Xmx/-Xms)
#   Decrease number of Java threads
#   Decrease Java thread stack sizes (-Xss)
#   Set larger code cache with -XX:ReservedCodeCacheSize=
#   JVM is running with Unscaled Compressed Oops mode in which the Java heap is
#     placed in the first 4GB address space. The Java Heap base address is the
#     maximum limit for the native heap growth. Please use -XX:HeapBaseMinAddress
#     to set the Java Heap base and to place the Java Heap above 4GB virtual address.
# This output file may be truncated or incomplete.
#
#  Out of Memory Error (os_windows.cpp:3530), pid=5196, tid=10360
#
# JRE version:  (18.0.2.1+1) (build )
# Java VM: Java HotSpot(TM) 64-Bit Server VM (18.0.2.1+1-1, mixed mode, sharing, tiered, compressed oops, compressed class ptrs, g1 gc, windows-amd64)
# No core dump will be written. Minidumps are not enabled by default on client versions of Windows
#

---------------  S U M M A R Y ------------

Command Line: -Dfile.encoding=UTF-8 --module-path=D:\java project\PawnStore\PawnStore\build\classes pawnstore.Main

Host: Intel(R) Core(TM) i5-8265U CPU @ 1.60GHz, 8 cores, 7G,  Windows 11 , 64 bit Build 22621 (10.0.22621.1635)
Time: Sat Jun  3 18:17:53 2023 SE Asia Standard Time elapsed time: 0.025484 seconds (0d 0h 0m 0s)

---------------  T H R E A D  ---------------

Current thread (0x0000014f70d92630):  JavaThread "Unknown thread" [_thread_in_vm, id=10360, stack(0x0000003457500000,0x0000003457600000)]

Stack: [0x0000003457500000,0x0000003457600000]
Native frames: (J=compiled Java code, j=interpreted, Vv=VM code, C=native code)
V  [jvm.dll+0x6993aa]
V  [jvm.dll+0x7f46dd]
V  [jvm.dll+0x7f5fee]
V  [jvm.dll+0x7f66a3]
V  [jvm.dll+0x25cf1f]
V  [jvm.dll+0x6962f9]
V  [jvm.dll+0x68ae2a]
V  [jvm.dll+0x32255b]
V  [jvm.dll+0x329f36]
V  [jvm.dll+0x37eade]
V  [jvm.dll+0x37ed0f]
V  [jvm.dll+0x2fa2da]
V  [jvm.dll+0x2fb33d]
V  [jvm.dll+0x7c3310]
V  [jvm.dll+0x38be61]
V  [jvm.dll+0x7a2023]
V  [jvm.dll+0x40dc3f]
V  [jvm.dll+0x40f611]
C  [jli.dll+0x526b]
C  [ucrtbase.dll+0x29363]
C  [KERNEL32.DLL+0x126ad]
C  [ntdll.dll+0x5a9f8]


---------------  P R O C E S S  ---------------

Threads class SMR info:
_java_thread_list=0x00007ffc4cb3e550, length=0, elements={
}

Java Threads: ( => current thread )

Other Threads:
  0x0000014f70df04c0 WorkerThread "GC Thread#0" [stack: 0x0000003457600000,0x0000003457700000] [id=4560]
  0x0000014f70e00f90 ConcurrentGCThread "G1 Main Marker" [stack: 0x0000003457700000,0x0000003457800000] [id=13916]
  0x0000014f70e02120 WorkerThread "G1 Conc#0" [stack: 0x0000003457800000,0x0000003457900000] [id=9968]

[error occurred during error reporting (printing all threads), id 0xc0000005, EXCEPTION_ACCESS_VIOLATION (0xc0000005) at pc=0x00007ffc4c36a877]

VM state: not at safepoint (not fully initialized)

VM Mutex/Monitor currently owned by a thread:  ([mutex/lock_event])
[0x0000014f70d91ba0] Heap_lock - owner thread: 0x0000014f70d92630

Heap address: 0x0000000082e00000, size: 2002 MB, Compressed Oops mode: 32-bit

CDS archive(s) mapped at: [0x0000000000000000-0x0000000000000000-0x0000000000000000), size 0, SharedBaseAddress: 0x0000000800000000, ArchiveRelocationMode: 0.
Narrow klass base: 0x0000000000000000, Narrow klass shift: 0, Narrow klass range: 0x0

GC Precious Log:
 CardTable entry size: 512
 Card Set container configuration: InlinePtr #cards 5 size 8 Array Of Cards #cards 12 size 40 Howl #buckets 4 coarsen threshold 1843 Howl Bitmap #cards 512 size 80 coarsen threshold 460 Card regions per heap region 1 cards per card region 2048

Heap:
 garbage-first heap   total 0K, used 0K [0x0000000082e00000, 0x0000000100000000)
  region size 1024K, 0 young (0K), 0 survivors (0K)

[error occurred during error reporting (printing heap information), id 0xc0000005, EXCEPTION_ACCESS_VIOLATION (0xc0000005) at pc=0x00007ffc4c751839]

GC Heap History (0 events):
No events

Deoptimization events (0 events):
No events

Classes loaded (0 events):
No events

Classes unloaded (0 events):
No events

Classes redefined (0 events):
No events

Internal exceptions (0 events):
No events

VM Operations (0 events):
No events

Events (1 events):
Event: 0.017 Loaded shared library C:\Program Files\Java\jdk-18.0.2.1\bin\java.dll


Dynamic libraries:
0x00007ff7463c0000 - 0x00007ff7463d0000 	C:\Program Files\Java\jdk-18.0.2.1\bin\java.exe
0x00007ffcd7e10000 - 0x00007ffcd8024000 	C:\WINDOWS\SYSTEM32\ntdll.dll
0x00007ffcd5c10000 - 0x00007ffcd5cd2000 	C:\WINDOWS\System32\KERNEL32.DLL
0x00007ffcd56c0000 - 0x00007ffcd5a63000 	C:\WINDOWS\System32\KERNELBASE.dll
0x00007ffcd5340000 - 0x00007ffcd5451000 	C:\WINDOWS\System32\ucrtbase.dll
0x00007ffcd06e0000 - 0x00007ffcd06fa000 	C:\Program Files\Java\jdk-18.0.2.1\bin\VCRUNTIME140.dll
0x00007ffcbf8d0000 - 0x00007ffcbf8e8000 	C:\Program Files\Java\jdk-18.0.2.1\bin\jli.dll
0x00007ffcd5e80000 - 0x00007ffcd5f2e000 	C:\WINDOWS\System32\ADVAPI32.dll
0x00007ffcd5d50000 - 0x00007ffcd5df7000 	C:\WINDOWS\System32\msvcrt.dll
0x00007ffcd7bd0000 - 0x00007ffcd7c74000 	C:\WINDOWS\System32\sechost.dll
0x00007ffcd6160000 - 0x00007ffcd6277000 	C:\WINDOWS\System32\RPCRT4.dll
0x00007ffcd6b00000 - 0x00007ffcd6cab000 	C:\WINDOWS\System32\USER32.dll
0x00007ffcd5a70000 - 0x00007ffcd5a96000 	C:\WINDOWS\System32\win32u.dll
0x00007ffcb0530000 - 0x00007ffcb07be000 	C:\WINDOWS\WinSxS\amd64_microsoft.windows.common-controls_6595b64144ccf1df_6.0.22621.1635_none_270f70857386168e\COMCTL32.dll
0x00007ffcd6cd0000 - 0x00007ffcd6cf9000 	C:\WINDOWS\System32\GDI32.dll
0x00007ffcd55a0000 - 0x00007ffcd56b8000 	C:\WINDOWS\System32\gdi32full.dll
0x00007ffcd5230000 - 0x00007ffcd52ca000 	C:\WINDOWS\System32\msvcp_win.dll
0x00007ffcc56e0000 - 0x00007ffcc56ea000 	C:\WINDOWS\SYSTEM32\VERSION.dll
0x00007ffcd6f20000 - 0x00007ffcd6f51000 	C:\WINDOWS\System32\IMM32.DLL
0x00007ffcd0430000 - 0x00007ffcd043c000 	C:\Program Files\Java\jdk-18.0.2.1\bin\vcruntime140_1.dll
0x00007ffcbf9c0000 - 0x00007ffcbfa4d000 	C:\Program Files\Java\jdk-18.0.2.1\bin\msvcp140.dll
0x00007ffc4c060000 - 0x00007ffc4cc71000 	C:\Program Files\Java\jdk-18.0.2.1\bin\server\jvm.dll
0x00007ffcd6f60000 - 0x00007ffcd6f68000 	C:\WINDOWS\System32\PSAPI.DLL
0x00007ffcb3940000 - 0x00007ffcb3949000 	C:\WINDOWS\SYSTEM32\WSOCK32.dll
0x00007ffccbc00000 - 0x00007ffccbc34000 	C:\WINDOWS\SYSTEM32\WINMM.dll
0x00007ffcd5e00000 - 0x00007ffcd5e71000 	C:\WINDOWS\System32\WS2_32.dll
0x00007ffcd4280000 - 0x00007ffcd4298000 	C:\WINDOWS\SYSTEM32\kernel.appcore.dll
0x00007ffcd0420000 - 0x00007ffcd042a000 	C:\Program Files\Java\jdk-18.0.2.1\bin\jimage.dll
0x00007ffcd2880000 - 0x00007ffcd2aae000 	C:\WINDOWS\SYSTEM32\DBGHELP.DLL
0x00007ffcd6fd0000 - 0x00007ffcd7359000 	C:\WINDOWS\System32\combase.dll
0x00007ffcd7c80000 - 0x00007ffcd7d57000 	C:\WINDOWS\System32\OLEAUT32.dll
0x00007ffcb58f0000 - 0x00007ffcb5922000 	C:\WINDOWS\SYSTEM32\dbgcore.DLL
0x00007ffcd5520000 - 0x00007ffcd559b000 	C:\WINDOWS\System32\bcryptPrimitives.dll
0x00007ffcd02e0000 - 0x00007ffcd0305000 	C:\Program Files\Java\jdk-18.0.2.1\bin\java.dll

dbghelp: loaded successfully - version: 4.0.5 - missing functions: none
symbol engine: initialized successfully - sym options: 0x614 - pdb path: .;C:\Program Files\Java\jdk-18.0.2.1\bin;C:\WINDOWS\SYSTEM32;C:\WINDOWS\WinSxS\amd64_microsoft.windows.common-controls_6595b64144ccf1df_6.0.22621.1635_none_270f70857386168e;C:\Program Files\Java\jdk-18.0.2.1\bin\server

VM Arguments:
jvm_args: -Dfile.encoding=UTF-8 --module-path=D:\java project\PawnStore\PawnStore\build\classes 
java_command: pawnstore.Main
java_class_path (initial): D:\java project\PawnStore\PawnStore\lib\eclipselink\org.eclipse.persistence.core-2.7.9.jar;D:\java project\PawnStore\PawnStore\lib\eclipselink\org.eclipse.persistence.asm-9.1.0.jar;D:\java project\PawnStore\PawnStore\lib\eclipselink\org.eclipse.persistence.antlr-2.7.9.jar;D:\java project\PawnStore\PawnStore\lib\eclipselink\org.eclipse.persistence.jpa-2.7.9.jar;D:\java project\PawnStore\PawnStore\lib\eclipselink\org.eclipse.persistence.jpa.jpql-2.7.9.jar;D:\java project\PawnStore\PawnStore\lib\eclipselink\org.eclipse.persistence.moxy-2.7.9.jar;D:\java project\PawnStore\PawnStore\lib\eclipselink\javax.persistence-2.2.1.jar;D:\java project\PawnStore\PawnStore\lib\absolutelayout\AbsoluteLayout.jar;D:\java project\PawnStore\jcalendar-1.4\lib\jcalendar-1.4.jar;D:\java project\PawnStore\sqljdbc_11.2.0.0_enu\sqljdbc_11.2\enu\mssql-jdbc-11.2.0.jre18.jar;D:\java project\PawnStore\PawnStore\lib\mysql-connector-j-8.0.32.jar;D:\java project\PawnStore\PawnStore\build\classes
Launcher Type: SUN_STANDARD

[Global flags]
     intx CICompilerCount                          = 4                                         {product} {ergonomic}
     uint ConcGCThreads                            = 2                                         {product} {ergonomic}
     uint G1ConcRefinementThreads                  = 8                                         {product} {ergonomic}
   size_t G1HeapRegionSize                         = 1048576                                   {product} {ergonomic}
    uintx GCDrainStackTargetSize                   = 64                                        {product} {ergonomic}
   size_t InitialHeapSize                          = 132120576                                 {product} {ergonomic}
   size_t MarkStackSize                            = 4194304                                   {product} {ergonomic}
   size_t MaxHeapSize                              = 2099249152                                {product} {ergonomic}
   size_t MinHeapDeltaBytes                        = 1048576                                   {product} {ergonomic}
   size_t MinHeapSize                              = 8388608                                   {product} {ergonomic}
    uintx NonNMethodCodeHeapSize                   = 5839372                                {pd product} {ergonomic}
    uintx NonProfiledCodeHeapSize                  = 122909434                              {pd product} {ergonomic}
    uintx ProfiledCodeHeapSize                     = 122909434                              {pd product} {ergonomic}
    uintx ReservedCodeCacheSize                    = 251658240                              {pd product} {ergonomic}
     bool SegmentedCodeCache                       = true                                      {product} {ergonomic}
   size_t SoftMaxHeapSize                          = 2099249152                             {manageable} {ergonomic}
     bool UseCompressedClassPointers               = true                           {product lp64_product} {ergonomic}
     bool UseCompressedOops                        = true                           {product lp64_product} {ergonomic}
     bool UseG1GC                                  = true                                      {product} {ergonomic}
     bool UseLargePagesIndividualAllocation        = false                                  {pd product} {ergonomic}

Logging:
Log output configuration:
 #0: stdout all=warning uptime,level,tags foldmultilines=false
 #1: stderr all=off uptime,level,tags foldmultilines=false

Environment Variables:
JAVA_HOME=C:\Program Files\Java\jdk-19
PATH=C:\Python311\Scripts\;C:\Python311\;C:\Program Files\Common Files\Oracle\Java\javapath;C:\Program Files (x86)\Common Files\Oracle\Java\javapath;C:\Program Files\Common Files\Microsoft Shared\Microsoft Online Services;C:\Program Files (x86)\Common Files\Microsoft Shared\Microsoft Online Services;C:\Program Files (x86)\Python38-32\Scripts\;C:\Windows\system32;C:\Windows;C:\Windows\System32\Wbem;C:\Windows\System32\WindowsPowerShell\v1.0\;C:\Windows\System32\OpenSSH\;C:\Program Files\Microsoft SQL Server\130\Tools\Binn\;C:\MinGW\bin;%QUARTUS_ROOTDIR%\bin;C:\Program Files\Microsoft SQL Server\Client SDK\ODBC\170\Tools\Binn\;C:\Program Files\Microsoft SQL Server\Client SDK\ODBC\130\Tools\Binn\;C:\Program Files (x86)\Microsoft SQL Server\130\Tools\Binn\;C:\Program Files\Microsoft SQL Server\130\DTS\Binn\;C:\Program Files (x86)\Microsoft SQL Server\150\Tools\Binn\;C:\Program Files\Microsoft SQL Server\150\Tools\Binn\;C:\Program Files\Microsoft SQL Server\150\DTS\Binn\;C:\Program Files\dotnet\;C:\Program Files\Azure Data Studio\bin;C:\WINDOWS\system32;C:\WINDOWS;C:\WINDOWS\System32\Wbem;C:\WINDOWS\System32\WindowsPowerShell\v1.0\;C:\WINDOWS\System32\OpenSSH\;C:\Program Files (x86)\dotnet\;E:\Download\spring-boot-cli-2.3.9.RELEASE-bin\spring-2.3.9.RELEASE\bin;C:\Program Files\MySQL\MySQL Server 8.0\bin;C:\Program Files\Java\apache-maven-3.8.6-bin\apache-maven-3.8.6\bin;C:\Program Files\Java\jdk-19\bin;C:\WINDOWS\system32;C:\WINDOWS;C:\WINDOWS\System32\Wbem;C:\WINDOWS\System32\WindowsPowerShell\v1.0\;C:\WINDOWS\System32\OpenSSH\;C:\Program Files\Git\cmd;S:\Download\scripts-up-to-java20-v2\scripts;C:\ProgramData\chocolatey\bin;C:\Program Files\PowerShell\7\;C:\Program Files\PowerShell\7-preview\preview;C:\Program Files\MySQL\MySQL Shell 8.0\bin\;C:\Users\FPTSHOP\AppData\Local\Microsoft\WindowsApps;C:\MinGW\bin;C:\Users\FPTSHOP\.dotnet\tools;C:\Program Files\Azure Data Studio\bin;C:\Users\FPTSHOP\AppData\Local\Programs\Microsoft VS Code\bin;C:\Program Files\JetBrains\IntelliJ IDEA 2022.3.2\bin;
USERNAME=NVS
OS=Windows_NT
PROCESSOR_IDENTIFIER=Intel64 Family 6 Model 142 Stepping 12, GenuineIntel



---------------  S Y S T E M  ---------------

OS:
 Windows 11 , 64 bit Build 22621 (10.0.22621.1635)
OS uptime: 0 days 3:22 hours

CPU: total 8 (initial active 8) (4 cores per cpu, 2 threads per core) family 6 model 142 stepping 12 microcode 0xec, cx8, cmov, fxsr, ht, mmx, 3dnowpref, sse, sse2, sse3, ssse3, sse4.1, sse4.2, popcnt, lzcnt, tsc, tscinvbit, avx, avx2, aes, erms, clmul, bmi1, bmi2, adx, fma, vzeroupper, clflush, clflushopt

Memory: 4k page, system-wide physical 8006M (206M free)
TotalPageFile size 12102M (AvailPageFile size 93M)
current process WorkingSet (physical memory assigned to process): 11M, peak: 11M
current process commit charge ("private bytes"): 60M, peak: 186M

vm_info: Java HotSpot(TM) 64-Bit Server VM (18.0.2.1+1-1) for windows-amd64 JRE (18.0.2.1+1-1), built on Aug 16 2022 01:46:33 by "mach5one" with MS VC++ 16.8 / 16.9 (VS2019)

END.
