#
# There is insufficient memory for the Java Runtime Environment to continue.
# Native memory allocation (malloc) failed to allocate 35264 bytes for Chunk::new
# Possible reasons:
#   The system is out of physical RAM or swap space
#   The process is running with CompressedOops enabled, and the Java Heap may be blocking the growth of the native heap
# Possible solutions:
#   Reduce memory load on the system
#   Increase physical memory or swap space
#   Check if swap backing store is full
#   Decrease Java heap size (-Xmx/-Xms)
#   Decrease number of Java threads
#   Decrease Java thread stack sizes (-Xss)
#   Set larger code cache with -XX:ReservedCodeCacheSize=
#   JVM is running with Unscaled Compressed Oops mode in which the Java heap is
#     placed in the first 4GB address space. The Java Heap base address is the
#     maximum limit for the native heap growth. Please use -XX:HeapBaseMinAddress
#     to set the Java Heap base and to place the Java Heap above 4GB virtual address.
# This output file may be truncated or incomplete.
#
#  Out of Memory Error (arena.cpp:184), pid=21040, tid=12612
#
# JRE version: Java(TM) SE Runtime Environment (18.0.2.1+1) (build 18.0.2.1+1-1)
# Java VM: Java HotSpot(TM) 64-Bit Server VM (18.0.2.1+1-1, mixed mode, sharing, tiered, compressed oops, compressed class ptrs, g1 gc, windows-amd64)
# No core dump will be written. Minidumps are not enabled by default on client versions of Windows
#

---------------  S U M M A R Y ------------

Command Line: -Dfile.encoding=UTF-8 --module-path=C:\Users\FPTSHOP\OneDrive\Desktop\PawnStore\PawnStore\build\classes pawnstore.Main

Host: Intel(R) Core(TM) i5-8265U CPU @ 1.60GHz, 8 cores, 7G,  Windows 11 , 64 bit Build 22000 (10.0.22000.708)
Time: Thu Sep  8 06:52:40 2022 SE Asia Standard Time elapsed time: 1.851492 seconds (0d 0h 0m 1s)

---------------  T H R E A D  ---------------

Current thread (0x000001dcde4e1320):  JavaThread "C2 CompilerThread0" daemon [_thread_in_native, id=12612, stack(0x0000006e04b00000,0x0000006e04c00000)]


Current CompileTask:
C2:   1851 1080 % !   4       sun.awt.image.PNGImageDecoder::produceImage @ 960 (1917 bytes)

Stack: [0x0000006e04b00000,0x0000006e04c00000]
Native frames: (J=compiled Java code, j=interpreted, Vv=VM code, C=native code)
V  [jvm.dll+0x6993aa]
V  [jvm.dll+0x7f46dd]
V  [jvm.dll+0x7f5fee]
V  [jvm.dll+0x7f66a3]
V  [jvm.dll+0x25cf1f]
V  [jvm.dll+0xb8c2f]
V  [jvm.dll+0xb8fa5]
V  [jvm.dll+0x6e672b]
V  [jvm.dll+0x1d2f17]
V  [jvm.dll+0x230259]
V  [jvm.dll+0x22f4d1]
V  [jvm.dll+0x1ba01c]
V  [jvm.dll+0x23ee0a]
V  [jvm.dll+0x23d0f5]
V  [jvm.dll+0x7a6dd1]
V  [jvm.dll+0x7a120a]
V  [jvm.dll+0x698255]
C  [ucrtbase.dll+0x26c0c]
C  [KERNEL32.DLL+0x154e0]
C  [ntdll.dll+0x485b]


---------------  P R O C E S S  ---------------

Threads class SMR info:
_java_thread_list=0x000001dce35c14c0, length=17, elements={
0x000001dcde4be520, 0x000001dcde4c3590, 0x000001dcde4ded30, 0x000001dcde4df5e0,
0x000001dcde4dfe90, 0x000001dcde4e0740, 0x000001dcde4e1320, 0x000001dcde4e1c10,
0x000001dcde4e2500, 0x000001dcde4ac7c0, 0x000001dce28ccff0, 0x000001dce29c3a30,
0x000001dce29c3ef0, 0x000001dce2a01ee0, 0x000001dce29b5110, 0x000001dcbe27c7a0,
0x000001dce3788ff0
}

Java Threads: ( => current thread )
  0x000001dcde4be520 JavaThread "Reference Handler" daemon [_thread_blocked, id=4620, stack(0x0000006e04500000,0x0000006e04600000)]
  0x000001dcde4c3590 JavaThread "Finalizer" daemon [_thread_blocked, id=23084, stack(0x0000006e04600000,0x0000006e04700000)]
  0x000001dcde4ded30 JavaThread "Signal Dispatcher" daemon [_thread_blocked, id=6416, stack(0x0000006e04700000,0x0000006e04800000)]
  0x000001dcde4df5e0 JavaThread "Attach Listener" daemon [_thread_blocked, id=20784, stack(0x0000006e04800000,0x0000006e04900000)]
  0x000001dcde4dfe90 JavaThread "Service Thread" daemon [_thread_blocked, id=8224, stack(0x0000006e04900000,0x0000006e04a00000)]
  0x000001dcde4e0740 JavaThread "Monitor Deflation Thread" daemon [_thread_blocked, id=3044, stack(0x0000006e04a00000,0x0000006e04b00000)]
=>0x000001dcde4e1320 JavaThread "C2 CompilerThread0" daemon [_thread_in_native, id=12612, stack(0x0000006e04b00000,0x0000006e04c00000)]
  0x000001dcde4e1c10 JavaThread "C1 CompilerThread0" daemon [_thread_blocked, id=19860, stack(0x0000006e04c00000,0x0000006e04d00000)]
  0x000001dcde4e2500 JavaThread "Sweeper thread" daemon [_thread_blocked, id=22116, stack(0x0000006e04d00000,0x0000006e04e00000)]
  0x000001dcde4ac7c0 JavaThread "Common-Cleaner" daemon [_thread_blocked, id=8140, stack(0x0000006e04e00000,0x0000006e04f00000)]
  0x000001dce28ccff0 JavaThread "Notification Thread" daemon [_thread_blocked, id=5828, stack(0x0000006e04f00000,0x0000006e05000000)]
  0x000001dce29c3a30 JavaThread "Java2D Disposer" daemon [_thread_blocked, id=13820, stack(0x0000006e05200000,0x0000006e05300000)]
  0x000001dce29c3ef0 JavaThread "AWT-Shutdown" [_thread_blocked, id=13972, stack(0x0000006e05300000,0x0000006e05400000)]
  0x000001dce2a01ee0 JavaThread "AWT-Windows" daemon [_thread_in_native, id=11828, stack(0x0000006e05400000,0x0000006e05500000)]
  0x000001dce29b5110 JavaThread "AWT-EventQueue-0" [_thread_in_native, id=4228, stack(0x0000006e05500000,0x0000006e05600000)]
  0x000001dcbe27c7a0 JavaThread "DestroyJavaVM" [_thread_blocked, id=1448, stack(0x0000006e03e00000,0x0000006e03f00000)]
  0x000001dce3788ff0 JavaThread "Image Fetcher 0" daemon [_thread_blocked, id=13672, stack(0x0000006e05900000,0x0000006e05a00000)]

Other Threads:
  0x000001dcde4bb610 VMThread "VM Thread" [stack: 0x0000006e04400000,0x0000006e04500000] [id=20596]
  0x000001dce28c2060 WatcherThread "VM Periodic Task Thread" [stack: 0x0000006e05000000,0x0000006e05100000] [id=2148]
  0x000001dcc0476260 WorkerThread "GC Thread#0" [stack: 0x0000006e03f00000,0x0000006e04000000] [id=19952]
  0x000001dcc0486ae0 ConcurrentGCThread "G1 Main Marker" [stack: 0x0000006e04000000,0x0000006e04100000] [id=1980]
  0x000001dcc04883f0 WorkerThread "G1 Conc#0" [stack: 0x0000006e04100000,0x0000006e04200000] [id=11836]
  0x000001dcc04d6f00 ConcurrentGCThread "G1 Refine#0" [stack: 0x0000006e04200000,0x0000006e04300000] [id=17512]
  0x000001dcc04d75c0 ConcurrentGCThread "G1 Service" [stack: 0x0000006e04300000,0x0000006e04400000] [id=20928]

Threads with active compile tasks:
C2 CompilerThread0     1893 1080 % !   4       sun.awt.image.PNGImageDecoder::produceImage @ 960 (1917 bytes)

VM state: not at safepoint (normal execution)

VM Mutex/Monitor currently owned by a thread: None

Heap address: 0x0000000082e00000, size: 2002 MB, Compressed Oops mode: 32-bit

CDS archive(s) mapped at: [0x0000000800000000-0x0000000800ba0000-0x0000000800ba0000), size 12189696, SharedBaseAddress: 0x0000000800000000, ArchiveRelocationMode: 0.
Compressed class space mapped at: 0x0000000800c00000-0x0000000840c00000, reserved size: 1073741824
Narrow klass base: 0x0000000800000000, Narrow klass shift: 0, Narrow klass range: 0x100000000

GC Precious Log:
 CardTable entry size: 512
 Card Set container configuration: InlinePtr #cards 5 size 8 Array Of Cards #cards 12 size 40 Howl #buckets 4 coarsen threshold 1843 Howl Bitmap #cards 512 size 80 coarsen threshold 460 Card regions per heap region 1 cards per card region 2048
 CPUs: 8 total, 8 available
 Memory: 8006M
 Large Page Support: Disabled
 NUMA Support: Disabled
 Compressed Oops: Enabled (32-bit)
 Heap Region Size: 1M
 Heap Min Capacity: 8M
 Heap Initial Capacity: 126M
 Heap Max Capacity: 2002M
 Pre-touch: Disabled
 Parallel Workers: 8
 Concurrent Workers: 2
 Concurrent Refinement Workers: 8
 Periodic GC: Disabled

Heap:
 garbage-first heap   total 129024K, used 13312K [0x0000000082e00000, 0x0000000100000000)
  region size 1024K, 13 young (13312K), 0 survivors (0K)
 Metaspace       used 9094K, committed 9344K, reserved 1114112K
  class space    used 1024K, committed 1152K, reserved 1048576K

Heap Regions: E=young(eden), S=young(survivor), O=old, HS=humongous(starts), HC=humongous(continues), CS=collection set, F=free, OA=open archive, CA=closed archive, TAMS=top-at-mark-start (previous, next)
|   0|0x0000000082e00000, 0x0000000082f00000, 0x0000000082f00000|100%|HS|  |TAMS 0x0000000082e00000, 0x0000000082e00000| Complete 
|   1|0x0000000082f00000, 0x0000000083000000, 0x0000000083000000|100%|HC|  |TAMS 0x0000000082f00000, 0x0000000082f00000| Complete 
|   2|0x0000000083000000, 0x0000000083000000, 0x0000000083100000|  0%| F|  |TAMS 0x0000000083000000, 0x0000000083000000| Untracked 
|   3|0x0000000083100000, 0x0000000083100000, 0x0000000083200000|  0%| F|  |TAMS 0x0000000083100000, 0x0000000083100000| Untracked 
|   4|0x0000000083200000, 0x0000000083200000, 0x0000000083300000|  0%| F|  |TAMS 0x0000000083200000, 0x0000000083200000| Untracked 
|   5|0x0000000083300000, 0x0000000083300000, 0x0000000083400000|  0%| F|  |TAMS 0x0000000083300000, 0x0000000083300000| Untracked 
|   6|0x0000000083400000, 0x0000000083400000, 0x0000000083500000|  0%| F|  |TAMS 0x0000000083400000, 0x0000000083400000| Untracked 
|   7|0x0000000083500000, 0x0000000083500000, 0x0000000083600000|  0%| F|  |TAMS 0x0000000083500000, 0x0000000083500000| Untracked 
|   8|0x0000000083600000, 0x0000000083600000, 0x0000000083700000|  0%| F|  |TAMS 0x0000000083600000, 0x0000000083600000| Untracked 
|   9|0x0000000083700000, 0x0000000083700000, 0x0000000083800000|  0%| F|  |TAMS 0x0000000083700000, 0x0000000083700000| Untracked 
|  10|0x0000000083800000, 0x0000000083800000, 0x0000000083900000|  0%| F|  |TAMS 0x0000000083800000, 0x0000000083800000| Untracked 
|  11|0x0000000083900000, 0x0000000083900000, 0x0000000083a00000|  0%| F|  |TAMS 0x0000000083900000, 0x0000000083900000| Untracked 
|  12|0x0000000083a00000, 0x0000000083a00000, 0x0000000083b00000|  0%| F|  |TAMS 0x0000000083a00000, 0x0000000083a00000| Untracked 
|  13|0x0000000083b00000, 0x0000000083b00000, 0x0000000083c00000|  0%| F|  |TAMS 0x0000000083b00000, 0x0000000083b00000| Untracked 
|  14|0x0000000083c00000, 0x0000000083c00000, 0x0000000083d00000|  0%| F|  |TAMS 0x0000000083c00000, 0x0000000083c00000| Untracked 
|  15|0x0000000083d00000, 0x0000000083d00000, 0x0000000083e00000|  0%| F|  |TAMS 0x0000000083d00000, 0x0000000083d00000| Untracked 
|  16|0x0000000083e00000, 0x0000000083e00000, 0x0000000083f00000|  0%| F|  |TAMS 0x0000000083e00000, 0x0000000083e00000| Untracked 
|  17|0x0000000083f00000, 0x0000000083f00000, 0x0000000084000000|  0%| F|  |TAMS 0x0000000083f00000, 0x0000000083f00000| Untracked 
|  18|0x0000000084000000, 0x0000000084000000, 0x0000000084100000|  0%| F|  |TAMS 0x0000000084000000, 0x0000000084000000| Untracked 
|  19|0x0000000084100000, 0x0000000084100000, 0x0000000084200000|  0%| F|  |TAMS 0x0000000084100000, 0x0000000084100000| Untracked 
|  20|0x0000000084200000, 0x0000000084200000, 0x0000000084300000|  0%| F|  |TAMS 0x0000000084200000, 0x0000000084200000| Untracked 
|  21|0x0000000084300000, 0x0000000084300000, 0x0000000084400000|  0%| F|  |TAMS 0x0000000084300000, 0x0000000084300000| Untracked 
|  22|0x0000000084400000, 0x0000000084400000, 0x0000000084500000|  0%| F|  |TAMS 0x0000000084400000, 0x0000000084400000| Untracked 
|  23|0x0000000084500000, 0x0000000084500000, 0x0000000084600000|  0%| F|  |TAMS 0x0000000084500000, 0x0000000084500000| Untracked 
|  24|0x0000000084600000, 0x0000000084600000, 0x0000000084700000|  0%| F|  |TAMS 0x0000000084600000, 0x0000000084600000| Untracked 
|  25|0x0000000084700000, 0x0000000084700000, 0x0000000084800000|  0%| F|  |TAMS 0x0000000084700000, 0x0000000084700000| Untracked 
|  26|0x0000000084800000, 0x0000000084800000, 0x0000000084900000|  0%| F|  |TAMS 0x0000000084800000, 0x0000000084800000| Untracked 
|  27|0x0000000084900000, 0x0000000084900000, 0x0000000084a00000|  0%| F|  |TAMS 0x0000000084900000, 0x0000000084900000| Untracked 
|  28|0x0000000084a00000, 0x0000000084a00000, 0x0000000084b00000|  0%| F|  |TAMS 0x0000000084a00000, 0x0000000084a00000| Untracked 
|  29|0x0000000084b00000, 0x0000000084b00000, 0x0000000084c00000|  0%| F|  |TAMS 0x0000000084b00000, 0x0000000084b00000| Untracked 
|  30|0x0000000084c00000, 0x0000000084c00000, 0x0000000084d00000|  0%| F|  |TAMS 0x0000000084c00000, 0x0000000084c00000| Untracked 
|  31|0x0000000084d00000, 0x0000000084d00000, 0x0000000084e00000|  0%| F|  |TAMS 0x0000000084d00000, 0x0000000084d00000| Untracked 
|  32|0x0000000084e00000, 0x0000000084e00000, 0x0000000084f00000|  0%| F|  |TAMS 0x0000000084e00000, 0x0000000084e00000| Untracked 
|  33|0x0000000084f00000, 0x0000000084f00000, 0x0000000085000000|  0%| F|  |TAMS 0x0000000084f00000, 0x0000000084f00000| Untracked 
|  34|0x0000000085000000, 0x0000000085000000, 0x0000000085100000|  0%| F|  |TAMS 0x0000000085000000, 0x0000000085000000| Untracked 
|  35|0x0000000085100000, 0x0000000085100000, 0x0000000085200000|  0%| F|  |TAMS 0x0000000085100000, 0x0000000085100000| Untracked 
|  36|0x0000000085200000, 0x0000000085200000, 0x0000000085300000|  0%| F|  |TAMS 0x0000000085200000, 0x0000000085200000| Untracked 
|  37|0x0000000085300000, 0x0000000085300000, 0x0000000085400000|  0%| F|  |TAMS 0x0000000085300000, 0x0000000085300000| Untracked 
|  38|0x0000000085400000, 0x0000000085400000, 0x0000000085500000|  0%| F|  |TAMS 0x0000000085400000, 0x0000000085400000| Untracked 
|  39|0x0000000085500000, 0x0000000085500000, 0x0000000085600000|  0%| F|  |TAMS 0x0000000085500000, 0x0000000085500000| Untracked 
|  40|0x0000000085600000, 0x0000000085600000, 0x0000000085700000|  0%| F|  |TAMS 0x0000000085600000, 0x0000000085600000| Untracked 
|  41|0x0000000085700000, 0x0000000085700000, 0x0000000085800000|  0%| F|  |TAMS 0x0000000085700000, 0x0000000085700000| Untracked 
|  42|0x0000000085800000, 0x0000000085800000, 0x0000000085900000|  0%| F|  |TAMS 0x0000000085800000, 0x0000000085800000| Untracked 
|  43|0x0000000085900000, 0x0000000085900000, 0x0000000085a00000|  0%| F|  |TAMS 0x0000000085900000, 0x0000000085900000| Untracked 
|  44|0x0000000085a00000, 0x0000000085a00000, 0x0000000085b00000|  0%| F|  |TAMS 0x0000000085a00000, 0x0000000085a00000| Untracked 
|  45|0x0000000085b00000, 0x0000000085b00000, 0x0000000085c00000|  0%| F|  |TAMS 0x0000000085b00000, 0x0000000085b00000| Untracked 
|  46|0x0000000085c00000, 0x0000000085c00000, 0x0000000085d00000|  0%| F|  |TAMS 0x0000000085c00000, 0x0000000085c00000| Untracked 
|  47|0x0000000085d00000, 0x0000000085d00000, 0x0000000085e00000|  0%| F|  |TAMS 0x0000000085d00000, 0x0000000085d00000| Untracked 
|  48|0x0000000085e00000, 0x0000000085e00000, 0x0000000085f00000|  0%| F|  |TAMS 0x0000000085e00000, 0x0000000085e00000| Untracked 
|  49|0x0000000085f00000, 0x0000000085f00000, 0x0000000086000000|  0%| F|  |TAMS 0x0000000085f00000, 0x0000000085f00000| Untracked 
|  50|0x0000000086000000, 0x0000000086000000, 0x0000000086100000|  0%| F|  |TAMS 0x0000000086000000, 0x0000000086000000| Untracked 
|  51|0x0000000086100000, 0x0000000086100000, 0x0000000086200000|  0%| F|  |TAMS 0x0000000086100000, 0x0000000086100000| Untracked 
|  52|0x0000000086200000, 0x0000000086200000, 0x0000000086300000|  0%| F|  |TAMS 0x0000000086200000, 0x0000000086200000| Untracked 
|  53|0x0000000086300000, 0x0000000086300000, 0x0000000086400000|  0%| F|  |TAMS 0x0000000086300000, 0x0000000086300000| Untracked 
|  54|0x0000000086400000, 0x0000000086400000, 0x0000000086500000|  0%| F|  |TAMS 0x0000000086400000, 0x0000000086400000| Untracked 
|  55|0x0000000086500000, 0x0000000086500000, 0x0000000086600000|  0%| F|  |TAMS 0x0000000086500000, 0x0000000086500000| Untracked 
|  56|0x0000000086600000, 0x0000000086600000, 0x0000000086700000|  0%| F|  |TAMS 0x0000000086600000, 0x0000000086600000| Untracked 
|  57|0x0000000086700000, 0x0000000086700000, 0x0000000086800000|  0%| F|  |TAMS 0x0000000086700000, 0x0000000086700000| Untracked 
|  58|0x0000000086800000, 0x0000000086800000, 0x0000000086900000|  0%| F|  |TAMS 0x0000000086800000, 0x0000000086800000| Untracked 
|  59|0x0000000086900000, 0x0000000086900000, 0x0000000086a00000|  0%| F|  |TAMS 0x0000000086900000, 0x0000000086900000| Untracked 
|  60|0x0000000086a00000, 0x0000000086a00000, 0x0000000086b00000|  0%| F|  |TAMS 0x0000000086a00000, 0x0000000086a00000| Untracked 
|  61|0x0000000086b00000, 0x0000000086b00000, 0x0000000086c00000|  0%| F|  |TAMS 0x0000000086b00000, 0x0000000086b00000| Untracked 
|  62|0x0000000086c00000, 0x0000000086c00000, 0x0000000086d00000|  0%| F|  |TAMS 0x0000000086c00000, 0x0000000086c00000| Untracked 
|  63|0x0000000086d00000, 0x0000000086d00000, 0x0000000086e00000|  0%| F|  |TAMS 0x0000000086d00000, 0x0000000086d00000| Untracked 
|  64|0x0000000086e00000, 0x0000000086e00000, 0x0000000086f00000|  0%| F|  |TAMS 0x0000000086e00000, 0x0000000086e00000| Untracked 
|  65|0x0000000086f00000, 0x0000000086f00000, 0x0000000087000000|  0%| F|  |TAMS 0x0000000086f00000, 0x0000000086f00000| Untracked 
|  66|0x0000000087000000, 0x0000000087000000, 0x0000000087100000|  0%| F|  |TAMS 0x0000000087000000, 0x0000000087000000| Untracked 
|  67|0x0000000087100000, 0x0000000087100000, 0x0000000087200000|  0%| F|  |TAMS 0x0000000087100000, 0x0000000087100000| Untracked 
|  68|0x0000000087200000, 0x0000000087200000, 0x0000000087300000|  0%| F|  |TAMS 0x0000000087200000, 0x0000000087200000| Untracked 
|  69|0x0000000087300000, 0x0000000087300000, 0x0000000087400000|  0%| F|  |TAMS 0x0000000087300000, 0x0000000087300000| Untracked 
|  70|0x0000000087400000, 0x0000000087400000, 0x0000000087500000|  0%| F|  |TAMS 0x0000000087400000, 0x0000000087400000| Untracked 
|  71|0x0000000087500000, 0x0000000087500000, 0x0000000087600000|  0%| F|  |TAMS 0x0000000087500000, 0x0000000087500000| Untracked 
|  72|0x0000000087600000, 0x0000000087600000, 0x0000000087700000|  0%| F|  |TAMS 0x0000000087600000, 0x0000000087600000| Untracked 
|  73|0x0000000087700000, 0x0000000087700000, 0x0000000087800000|  0%| F|  |TAMS 0x0000000087700000, 0x0000000087700000| Untracked 
|  74|0x0000000087800000, 0x0000000087800000, 0x0000000087900000|  0%| F|  |TAMS 0x0000000087800000, 0x0000000087800000| Untracked 
|  75|0x0000000087900000, 0x0000000087900000, 0x0000000087a00000|  0%| F|  |TAMS 0x0000000087900000, 0x0000000087900000| Untracked 
|  76|0x0000000087a00000, 0x0000000087a00000, 0x0000000087b00000|  0%| F|  |TAMS 0x0000000087a00000, 0x0000000087a00000| Untracked 
|  77|0x0000000087b00000, 0x0000000087b00000, 0x0000000087c00000|  0%| F|  |TAMS 0x0000000087b00000, 0x0000000087b00000| Untracked 
|  78|0x0000000087c00000, 0x0000000087c00000, 0x0000000087d00000|  0%| F|  |TAMS 0x0000000087c00000, 0x0000000087c00000| Untracked 
|  79|0x0000000087d00000, 0x0000000087d00000, 0x0000000087e00000|  0%| F|  |TAMS 0x0000000087d00000, 0x0000000087d00000| Untracked 
|  80|0x0000000087e00000, 0x0000000087e00000, 0x0000000087f00000|  0%| F|  |TAMS 0x0000000087e00000, 0x0000000087e00000| Untracked 
|  81|0x0000000087f00000, 0x0000000087f00000, 0x0000000088000000|  0%| F|  |TAMS 0x0000000087f00000, 0x0000000087f00000| Untracked 
|  82|0x0000000088000000, 0x0000000088000000, 0x0000000088100000|  0%| F|  |TAMS 0x0000000088000000, 0x0000000088000000| Untracked 
|  83|0x0000000088100000, 0x0000000088100000, 0x0000000088200000|  0%| F|  |TAMS 0x0000000088100000, 0x0000000088100000| Untracked 
|  84|0x0000000088200000, 0x0000000088200000, 0x0000000088300000|  0%| F|  |TAMS 0x0000000088200000, 0x0000000088200000| Untracked 
|  85|0x0000000088300000, 0x0000000088300000, 0x0000000088400000|  0%| F|  |TAMS 0x0000000088300000, 0x0000000088300000| Untracked 
|  86|0x0000000088400000, 0x0000000088400000, 0x0000000088500000|  0%| F|  |TAMS 0x0000000088400000, 0x0000000088400000| Untracked 
|  87|0x0000000088500000, 0x0000000088500000, 0x0000000088600000|  0%| F|  |TAMS 0x0000000088500000, 0x0000000088500000| Untracked 
|  88|0x0000000088600000, 0x0000000088600000, 0x0000000088700000|  0%| F|  |TAMS 0x0000000088600000, 0x0000000088600000| Untracked 
|  89|0x0000000088700000, 0x0000000088700000, 0x0000000088800000|  0%| F|  |TAMS 0x0000000088700000, 0x0000000088700000| Untracked 
|  90|0x0000000088800000, 0x0000000088800000, 0x0000000088900000|  0%| F|  |TAMS 0x0000000088800000, 0x0000000088800000| Untracked 
|  91|0x0000000088900000, 0x0000000088900000, 0x0000000088a00000|  0%| F|  |TAMS 0x0000000088900000, 0x0000000088900000| Untracked 
|  92|0x0000000088a00000, 0x0000000088a00000, 0x0000000088b00000|  0%| F|  |TAMS 0x0000000088a00000, 0x0000000088a00000| Untracked 
|  93|0x0000000088b00000, 0x0000000088b00000, 0x0000000088c00000|  0%| F|  |TAMS 0x0000000088b00000, 0x0000000088b00000| Untracked 
|  94|0x0000000088c00000, 0x0000000088c00000, 0x0000000088d00000|  0%| F|  |TAMS 0x0000000088c00000, 0x0000000088c00000| Untracked 
|  95|0x0000000088d00000, 0x0000000088d00000, 0x0000000088e00000|  0%| F|  |TAMS 0x0000000088d00000, 0x0000000088d00000| Untracked 
|  96|0x0000000088e00000, 0x0000000088e00000, 0x0000000088f00000|  0%| F|  |TAMS 0x0000000088e00000, 0x0000000088e00000| Untracked 
|  97|0x0000000088f00000, 0x0000000088f00000, 0x0000000089000000|  0%| F|  |TAMS 0x0000000088f00000, 0x0000000088f00000| Untracked 
|  98|0x0000000089000000, 0x0000000089000000, 0x0000000089100000|  0%| F|  |TAMS 0x0000000089000000, 0x0000000089000000| Untracked 
|  99|0x0000000089100000, 0x0000000089100000, 0x0000000089200000|  0%| F|  |TAMS 0x0000000089100000, 0x0000000089100000| Untracked 
| 100|0x0000000089200000, 0x0000000089200000, 0x0000000089300000|  0%| F|  |TAMS 0x0000000089200000, 0x0000000089200000| Untracked 
| 101|0x0000000089300000, 0x0000000089300000, 0x0000000089400000|  0%| F|  |TAMS 0x0000000089300000, 0x0000000089300000| Untracked 
| 102|0x0000000089400000, 0x0000000089400000, 0x0000000089500000|  0%| F|  |TAMS 0x0000000089400000, 0x0000000089400000| Untracked 
| 103|0x0000000089500000, 0x0000000089500000, 0x0000000089600000|  0%| F|  |TAMS 0x0000000089500000, 0x0000000089500000| Untracked 
| 104|0x0000000089600000, 0x0000000089600000, 0x0000000089700000|  0%| F|  |TAMS 0x0000000089600000, 0x0000000089600000| Untracked 
| 105|0x0000000089700000, 0x0000000089700000, 0x0000000089800000|  0%| F|  |TAMS 0x0000000089700000, 0x0000000089700000| Untracked 
| 106|0x0000000089800000, 0x0000000089800000, 0x0000000089900000|  0%| F|  |TAMS 0x0000000089800000, 0x0000000089800000| Untracked 
| 107|0x0000000089900000, 0x0000000089900000, 0x0000000089a00000|  0%| F|  |TAMS 0x0000000089900000, 0x0000000089900000| Untracked 
| 108|0x0000000089a00000, 0x0000000089a00000, 0x0000000089b00000|  0%| F|  |TAMS 0x0000000089a00000, 0x0000000089a00000| Untracked 
| 109|0x0000000089b00000, 0x0000000089b00000, 0x0000000089c00000|  0%| F|  |TAMS 0x0000000089b00000, 0x0000000089b00000| Untracked 
| 110|0x0000000089c00000, 0x0000000089c00000, 0x0000000089d00000|  0%| F|  |TAMS 0x0000000089c00000, 0x0000000089c00000| Untracked 
| 111|0x0000000089d00000, 0x0000000089d00000, 0x0000000089e00000|  0%| F|  |TAMS 0x0000000089d00000, 0x0000000089d00000| Untracked 
| 112|0x0000000089e00000, 0x0000000089e00000, 0x0000000089f00000|  0%| F|  |TAMS 0x0000000089e00000, 0x0000000089e00000| Untracked 
| 113|0x0000000089f00000, 0x000000008a000000, 0x000000008a000000|100%| E|  |TAMS 0x0000000089f00000, 0x0000000089f00000| Complete 
| 114|0x000000008a000000, 0x000000008a100000, 0x000000008a100000|100%| E|CS|TAMS 0x000000008a000000, 0x000000008a000000| Complete 
| 115|0x000000008a100000, 0x000000008a200000, 0x000000008a200000|100%| E|CS|TAMS 0x000000008a100000, 0x000000008a100000| Complete 
| 116|0x000000008a200000, 0x000000008a300000, 0x000000008a300000|100%| E|CS|TAMS 0x000000008a200000, 0x000000008a200000| Complete 
| 117|0x000000008a300000, 0x000000008a400000, 0x000000008a400000|100%| E|CS|TAMS 0x000000008a300000, 0x000000008a300000| Complete 
| 118|0x000000008a400000, 0x000000008a500000, 0x000000008a500000|100%| E|CS|TAMS 0x000000008a400000, 0x000000008a400000| Complete 
| 119|0x000000008a500000, 0x000000008a600000, 0x000000008a600000|100%| E|CS|TAMS 0x000000008a500000, 0x000000008a500000| Complete 
| 120|0x000000008a600000, 0x000000008a700000, 0x000000008a700000|100%| E|CS|TAMS 0x000000008a600000, 0x000000008a600000| Complete 
| 121|0x000000008a700000, 0x000000008a800000, 0x000000008a800000|100%| E|CS|TAMS 0x000000008a700000, 0x000000008a700000| Complete 
| 122|0x000000008a800000, 0x000000008a900000, 0x000000008a900000|100%| E|CS|TAMS 0x000000008a800000, 0x000000008a800000| Complete 
| 123|0x000000008a900000, 0x000000008aa00000, 0x000000008aa00000|100%| E|CS|TAMS 0x000000008a900000, 0x000000008a900000| Complete 
| 124|0x000000008aa00000, 0x000000008ab00000, 0x000000008ab00000|100%| E|  |TAMS 0x000000008aa00000, 0x000000008aa00000| Complete 
| 125|0x000000008ab00000, 0x000000008ac00000, 0x000000008ac00000|100%| E|CS|TAMS 0x000000008ab00000, 0x000000008ab00000| Complete 

Card table byte_map: [0x000001dcd7470000,0x000001dcd7860000] _byte_map_base: 0x000001dcd7059000

Marking Bits (Prev, Next): (CMBitMap*) 0x000001dcc0476770, (CMBitMap*) 0x000001dcc04767b0
 Prev Bits: [0x000001dcd7c50000, 0x000001dcd9b98000)
 Next Bits: [0x000001dcd9ba0000, 0x000001dcdbae8000)

Polling page: 0x000001dcbe400000

Metaspace:

Usage:
  Non-class:      7.95 MB used.
      Class:      1.01 MB used.
       Both:      8.96 MB used.

Virtual space:
  Non-class space:       64.00 MB reserved,       8.06 MB ( 13%) committed,  1 nodes.
      Class space:        1.00 GB reserved,       1.12 MB ( <1%) committed,  1 nodes.
             Both:        1.06 GB reserved,       9.19 MB ( <1%) committed. 

Chunk freelists:
   Non-Class:  3.00 MB
       Class:  2.75 MB
        Both:  5.75 MB

MaxMetaspaceSize: unlimited
CompressedClassSpaceSize: 1.00 GB
Initial GC threshold: 21.00 MB
Current GC threshold: 21.00 MB
CDS: on
MetaspaceReclaimPolicy: balanced
 - commit_granule_bytes: 65536.
 - commit_granule_words: 8192.
 - virtual_space_node_default_size: 8388608.
 - enlarge_chunks_in_place: 1.
 - new_chunks_are_fully_committed: 0.
 - uncommit_free_chunks: 1.
 - use_allocation_guard: 0.


Internal statistics:

num_allocs_failed_limit: 0.
num_arena_births: 178.
num_arena_deaths: 0.
num_vsnodes_births: 2.
num_vsnodes_deaths: 0.
num_space_committed: 148.
num_space_uncommitted: 0.
num_chunks_returned_to_freelist: 0.
num_chunks_taken_from_freelist: 269.
num_chunk_merges: 0.
num_chunk_splits: 143.
num_chunks_enlarged: 38.
num_inconsistent_stats: 0.

CodeHeap 'non-profiled nmethods': size=120000Kb used=321Kb max_used=321Kb free=119678Kb
 bounds [0x000001dccf820000, 0x000001dccfa90000, 0x000001dcd6d50000]
CodeHeap 'profiled nmethods': size=120000Kb used=1805Kb max_used=1805Kb free=118194Kb
 bounds [0x000001dcc82f0000, 0x000001dcc8560000, 0x000001dccf820000]
CodeHeap 'non-nmethods': size=5760Kb used=1288Kb max_used=1304Kb free=4471Kb
 bounds [0x000001dcc7d50000, 0x000001dcc7fc0000, 0x000001dcc82f0000]
 total_blobs=1713 nmethods=1106 adapters=520
 compilation: enabled
              stopped_count=0, restarted_count=0
 full_count=0

Compilation events (20 events):
Event: 1.749 Thread 0x000001dcde4e1c10 1096       3       java.io.BufferedInputStream::fill (203 bytes)
Event: 1.751 Thread 0x000001dcde4e1c10 nmethod 1096 0x000001dcc84a8c90 code [0x000001dcc84a8f00, 0x000001dcc84a9b68]
Event: 1.751 Thread 0x000001dcde4e1c10 1097       3       sun.awt.image.ImageDecoder::setPixels (58 bytes)
Event: 1.752 Thread 0x000001dcde4e1c10 nmethod 1097 0x000001dcc84a9f10 code [0x000001dcc84aa100, 0x000001dcc84aa848]
Event: 1.766 Thread 0x000001dcde4e1c10 1098   !   3       java.util.zip.InflaterInputStream::read (122 bytes)
Event: 1.768 Thread 0x000001dcde4e1c10 nmethod 1098 0x000001dcc84aab90 code [0x000001dcc84aae40, 0x000001dcc84abb98]
Event: 1.783 Thread 0x000001dcde4e1c10 1099   !   3       java.util.zip.Inflater::setInput (56 bytes)
Event: 1.784 Thread 0x000001dcde4e1c10 nmethod 1099 0x000001dcc84ac190 code [0x000001dcc84ac360, 0x000001dcc84ac748]
Event: 1.785 Thread 0x000001dcde4e1c10 1100       3       sun.awt.image.IntegerInterleavedRaster::setDataElements (134 bytes)
Event: 1.786 Thread 0x000001dcde4e1c10 nmethod 1100 0x000001dcc84ac910 code [0x000001dcc84acb00, 0x000001dcc84ad198]
Event: 1.786 Thread 0x000001dcde4e1c10 1101       3       sun.awt.image.SunWritableRaster::markDirty (8 bytes)
Event: 1.787 Thread 0x000001dcde4e1c10 nmethod 1101 0x000001dcc84ad410 code [0x000001dcc84ad5a0, 0x000001dcc84ad738]
Event: 1.791 Thread 0x000001dcde4e1c10 1102       3       java.util.zip.InflaterInputStream::available (32 bytes)
Event: 1.792 Thread 0x000001dcde4e1c10 nmethod 1102 0x000001dcc84ad810 code [0x000001dcc84ad9e0, 0x000001dcc84ade88]
Event: 1.797 Thread 0x000001dcde4e1c10 1103       3       java.util.zip.InflaterInputStream::fill (60 bytes)
Event: 1.798 Thread 0x000001dcde4e1c10 nmethod 1103 0x000001dcc84ae010 code [0x000001dcc84ae200, 0x000001dcc84ae678]
Event: 1.798 Thread 0x000001dcde4e1c10 1104       3       sun.awt.image.PNGFilterInputStream::read (89 bytes)
Event: 1.799 Thread 0x000001dcde4e1c10 nmethod 1104 0x000001dcc84ae890 code [0x000001dcc84aea60, 0x000001dcc84aedb8]
Event: 1.830 Thread 0x000001dcde4e1c10 1105   !   3       sun.awt.image.ImageRepresentation::setPixels (527 bytes)
Event: 1.835 Thread 0x000001dcde4e1c10 nmethod 1105 0x000001dcc84aef10 code [0x000001dcc84af2a0, 0x000001dcc84b1308]

GC Heap History (0 events):
No events

Deoptimization events (20 events):
Event: 1.839 Thread 0x000001dce3788ff0 DEOPT UNPACKING pc=0x000001dcc7da2b43 sp=0x0000006e059fe490 mode 0
Event: 1.840 Thread 0x000001dce3788ff0 DEOPT PACKING pc=0x000001dcc848ae5e sp=0x0000006e059ff020
Event: 1.840 Thread 0x000001dce3788ff0 DEOPT UNPACKING pc=0x000001dcc7da2b43 sp=0x0000006e059fe490 mode 0
Event: 1.841 Thread 0x000001dce3788ff0 DEOPT PACKING pc=0x000001dcc848ae5e sp=0x0000006e059ff020
Event: 1.841 Thread 0x000001dce3788ff0 DEOPT UNPACKING pc=0x000001dcc7da2b43 sp=0x0000006e059fe490 mode 0
Event: 1.842 Thread 0x000001dce3788ff0 DEOPT PACKING pc=0x000001dcc848ae5e sp=0x0000006e059ff020
Event: 1.842 Thread 0x000001dce3788ff0 DEOPT UNPACKING pc=0x000001dcc7da2b43 sp=0x0000006e059fe490 mode 0
Event: 1.842 Thread 0x000001dce3788ff0 DEOPT PACKING pc=0x000001dcc848ae5e sp=0x0000006e059ff020
Event: 1.842 Thread 0x000001dce3788ff0 DEOPT UNPACKING pc=0x000001dcc7da2b43 sp=0x0000006e059fe490 mode 0
Event: 1.843 Thread 0x000001dce3788ff0 DEOPT PACKING pc=0x000001dcc848ae5e sp=0x0000006e059ff020
Event: 1.843 Thread 0x000001dce3788ff0 DEOPT UNPACKING pc=0x000001dcc7da2b43 sp=0x0000006e059fe490 mode 0
Event: 1.844 Thread 0x000001dce3788ff0 DEOPT PACKING pc=0x000001dcc848ae5e sp=0x0000006e059ff020
Event: 1.844 Thread 0x000001dce3788ff0 DEOPT UNPACKING pc=0x000001dcc7da2b43 sp=0x0000006e059fe490 mode 0
Event: 1.845 Thread 0x000001dce3788ff0 DEOPT PACKING pc=0x000001dcc848ae5e sp=0x0000006e059ff020
Event: 1.845 Thread 0x000001dce3788ff0 DEOPT UNPACKING pc=0x000001dcc7da2b43 sp=0x0000006e059fe490 mode 0
Event: 1.846 Thread 0x000001dce3788ff0 DEOPT PACKING pc=0x000001dcc848ae5e sp=0x0000006e059ff020
Event: 1.846 Thread 0x000001dce3788ff0 DEOPT UNPACKING pc=0x000001dcc7da2b43 sp=0x0000006e059fe490 mode 0
Event: 1.846 Thread 0x000001dce3788ff0 DEOPT PACKING pc=0x000001dcc848ae5e sp=0x0000006e059ff020
Event: 1.846 Thread 0x000001dce3788ff0 DEOPT UNPACKING pc=0x000001dcc7da2b43 sp=0x0000006e059fe490 mode 0
Event: 1.847 Thread 0x000001dce3788ff0 DEOPT PACKING pc=0x000001dcc848ae5e sp=0x0000006e059ff020

Classes loaded (20 events):
Event: 1.591 Loading class sun/awt/image/SunWritableRaster
Event: 1.591 Loading class java/awt/image/WritableRaster
Event: 1.591 Loading class java/awt/image/WritableRaster done
Event: 1.591 Loading class sun/awt/image/SunWritableRaster done
Event: 1.594 Loading class java/awt/image/SinglePixelPackedSampleModel
Event: 1.594 Loading class java/awt/image/SampleModel
Event: 1.594 Loading class java/awt/image/SampleModel done
Event: 1.594 Loading class java/awt/image/SinglePixelPackedSampleModel done
Event: 1.595 Loading class sun/awt/image/IntegerInterleavedRaster
Event: 1.595 Loading class sun/awt/image/IntegerComponentRaster
Event: 1.595 Loading class sun/awt/image/IntegerComponentRaster done
Event: 1.595 Loading class sun/awt/image/IntegerInterleavedRaster done
Event: 1.596 Loading class java/awt/image/BufferedImage
Event: 1.596 Loading class java/awt/image/WritableRenderedImage
Event: 1.596 Loading class java/awt/image/RenderedImage
Event: 1.596 Loading class java/awt/image/RenderedImage done
Event: 1.596 Loading class java/awt/image/WritableRenderedImage done
Event: 1.597 Loading class java/awt/image/BufferedImage done
Event: 1.597 Loading class java/awt/image/BufferedImage$1
Event: 1.597 Loading class java/awt/image/BufferedImage$1 done

Classes unloaded (0 events):
No events

Classes redefined (0 events):
No events

Internal exceptions (20 events):
Event: 0.380 Thread 0x000001dcbe27c7a0 Exception <a 'java/lang/ClassNotFoundException'{0x000000008a9d13f8}: sun/awt/resources/spi/awtProvider> (0x000000008a9d13f8) 
thrown [s\open\src\hotspot\share\classfile\systemDictionary.cpp, line 255]
Event: 0.453 Thread 0x000001dcbe27c7a0 Exception <a 'java/io/FileNotFoundException'{0x000000008a8276b8}> (0x000000008a8276b8) 
thrown [s\open\src\hotspot\share\prims\jni.cpp, line 516]
Event: 0.471 Thread 0x000001dcbe27c7a0 Exception <a 'java/io/FileNotFoundException'{0x000000008a854650}> (0x000000008a854650) 
thrown [s\open\src\hotspot\share\prims\jni.cpp, line 516]
Event: 0.557 Thread 0x000001dcbe27c7a0 Exception <a 'java/lang/NoSuchMethodError'{0x000000008a88b670}: 'java.lang.Object java.lang.invoke.DirectMethodHandle$Holder.invokeStaticInit(java.lang.Object)'> (0x000000008a88b670) 
thrown [s\open\src\hotspot\share\interpreter\linkResolver.cpp, line 759]
Event: 0.701 Thread 0x000001dce29b5110 Exception <a 'java/lang/NoSuchMethodError'{0x000000008a7cc868}: 'void java.lang.invoke.DirectMethodHandle$Holder.invokeSpecial(java.lang.Object, java.lang.Object, java.lang.Object)'> (0x000000008a7cc868) 
thrown [s\open\src\hotspot\share\interpreter\linkResolver.cpp, line 759]
Event: 0.727 Thread 0x000001dce29b5110 Exception <a 'java/lang/NoSuchMethodError'{0x000000008a60b910}: 'java.lang.Object java.lang.invoke.DirectMethodHandle$Holder.newInvokeSpecial(java.lang.Object, java.lang.Object, java.lang.Object, java.lang.Object, java.lang.Object)'> (0x000000008a60b910) 
thrown [s\open\src\hotspot\share\interpreter\linkResolver.cpp, line 759]
Event: 0.748 Thread 0x000001dce29b5110 Exception <a 'java/lang/NoSuchMethodError'{0x000000008a63d460}: 'java.lang.Object java.lang.invoke.DirectMethodHandle$Holder.invokeStatic(java.lang.Object, int, java.lang.Object)'> (0x000000008a63d460) 
thrown [s\open\src\hotspot\share\interpreter\linkResolver.cpp, line 759]
Event: 0.823 Thread 0x000001dce29b5110 Exception <a 'java/lang/ClassNotFoundException'{0x000000008a6fa598}: com/sun/swing/internal/plaf/metal/resources/spi/metalProvider> (0x000000008a6fa598) 
thrown [s\open\src\hotspot\share\classfile\systemDictionary.cpp, line 255]
Event: 0.826 Thread 0x000001dce29b5110 Exception <a 'java/lang/ClassNotFoundException'{0x000000008a6fe550}: com/sun/swing/internal/plaf/basic/resources/spi/basicProvider> (0x000000008a6fe550) 
thrown [s\open\src\hotspot\share\classfile\systemDictionary.cpp, line 255]
Event: 0.854 Thread 0x000001dce29b5110 Exception <a 'java/lang/NoSuchMethodError'{0x000000008a51ed90}: 'int java.lang.invoke.Invokers$Holder.invokeExact_MT(java.lang.Object, java.lang.Object)'> (0x000000008a51ed90) 
thrown [s\open\src\hotspot\share\interpreter\linkResolver.cpp, line 759]
Event: 0.984 Thread 0x000001dce29b5110 Exception <a 'java/lang/NoSuchMethodError'{0x000000008a5706e8}: 'long java.lang.invoke.DirectMethodHandle$Holder.invokeSpecial(java.lang.Object, java.lang.Object)'> (0x000000008a5706e8) 
thrown [s\open\src\hotspot\share\interpreter\linkResolver.cpp, line 759]
Event: 0.985 Thread 0x000001dce29b5110 Exception <a 'java/lang/NoSuchMethodError'{0x000000008a574028}: 'long java.lang.invoke.Invokers$Holder.invokeExact_MT(java.lang.Object, java.lang.Object)'> (0x000000008a574028) 
thrown [s\open\src\hotspot\share\interpreter\linkResolver.cpp, line 759]
Event: 1.050 Thread 0x000001dce29b5110 Exception <a 'java/lang/NoSuchMethodError'{0x000000008a42cd38}: static Ljavax/swing/JLabel;.<clinit>()V> (0x000000008a42cd38) 
thrown [s\open\src\hotspot\share\prims\jni.cpp, line 1104]
Event: 1.068 Thread 0x000001dce29b5110 Exception <a 'java/lang/NoSuchMethodError'{0x000000008a45f0b0}: static Ljavax/swing/JComponent$AccessibleJComponent;.<clinit>()V> (0x000000008a45f0b0) 
thrown [s\open\src\hotspot\share\prims\jni.cpp, line 1104]
Event: 1.072 Thread 0x000001dce29b5110 Exception <a 'java/lang/NoSuchMethodError'{0x000000008a472608}: static Ljavax/swing/JLabel$AccessibleJLabel;.<clinit>()V> (0x000000008a472608) 
thrown [s\open\src\hotspot\share\prims\jni.cpp, line 1104]
Event: 1.078 Thread 0x000001dce29b5110 Exception <a 'java/lang/NoSuchMethodError'{0x000000008a489808}: static Ljavax/swing/plaf/ColorUIResource;.<clinit>()V> (0x000000008a489808) 
thrown [s\open\src\hotspot\share\prims\jni.cpp, line 1104]
Event: 1.087 Thread 0x000001dce29b5110 Exception <a 'java/lang/NoSuchMethodError'{0x000000008a4a6318}: static Ljavax/swing/plaf/FontUIResource;.<clinit>()V> (0x000000008a4a6318) 
thrown [s\open\src\hotspot\share\prims\jni.cpp, line 1104]
Event: 1.117 Thread 0x000001dce29b5110 Exception <a 'java/lang/NoSuchMethodError'{0x000000008a3047b8}: static Ljava/lang/Object;.<clinit>()V> (0x000000008a3047b8) 
thrown [s\open\src\hotspot\share\prims\jni.cpp, line 1104]
Event: 1.164 Thread 0x000001dce2a01ee0 Exception <a 'java/lang/NoSuchMethodError'{0x000000008a70f860}: 'void java.lang.invoke.DirectMethodHandle$Holder.invokeVirtual(java.lang.Object, java.lang.Object)'> (0x000000008a70f860) 
thrown [s\open\src\hotspot\share\interpreter\linkResolver.cpp, line 759]
Event: 1.215 Thread 0x000001dce29b5110 Exception <a 'java/lang/NoSuchMethodError'{0x000000008a3342a8}: 'void java.lang.invoke.DirectMethodHandle$Holder.invokeStaticInit(java.lang.Object)'> (0x000000008a3342a8) 
thrown [s\open\src\hotspot\share\interpreter\linkResolver.cpp, line 759]

VM Operations (4 events):
Event: 0.262 Executing VM operation: HandshakeAllThreads
Event: 0.262 Executing VM operation: HandshakeAllThreads done
Event: 0.925 Executing VM operation: HandshakeAllThreads
Event: 0.925 Executing VM operation: HandshakeAllThreads done

Events (20 events):
Event: 0.210 Thread 0x000001dcde4ac7c0 Thread added: 0x000001dcde4ac7c0
Event: 0.243 Loaded shared library C:\Program Files\Java\jdk-18.0.2.1\bin\net.dll
Event: 0.247 Loaded shared library C:\Program Files\Java\jdk-18.0.2.1\bin\nio.dll
Event: 0.295 Thread 0x000001dce28ccff0 Thread added: 0x000001dce28ccff0
Event: 0.309 Thread 0x000001dce29a7ad0 Thread added: 0x000001dce29a7ad0
Event: 0.316 Loaded shared library C:\Program Files\Java\jdk-18.0.2.1\bin\zip.dll
Event: 0.403 Loaded shared library C:\Program Files\Java\jdk-18.0.2.1\bin\jimage.dll
Event: 0.416 Loaded shared library C:\Program Files\Java\jdk-18.0.2.1\bin\awt.dll
Event: 0.559 Thread 0x000001dce29c3a30 Thread added: 0x000001dce29c3a30
Event: 0.561 Thread 0x000001dce29c3ef0 Thread added: 0x000001dce29c3ef0
Event: 0.565 Thread 0x000001dce2a01ee0 Thread added: 0x000001dce2a01ee0
Event: 0.595 Thread 0x000001dce29b5110 Thread added: 0x000001dce29b5110
Event: 0.596 Thread 0x000001dcbe27c7a0 Thread exited: 0x000001dcbe27c7a0
Event: 0.596 Thread 0x000001dcbe27c7a0 Thread added: 0x000001dcbe27c7a0
Event: 0.719 Thread 0x000001dce29a7ad0 Thread exited: 0x000001dce29a7ad0
Event: 1.030 Thread 0x000001dce2bddcb0 Thread added: 0x000001dce2bddcb0
Event: 1.225 Loaded shared library C:\Program Files\Java\jdk-18.0.2.1\bin\freetype.dll
Event: 1.228 Loaded shared library C:\Program Files\Java\jdk-18.0.2.1\bin\fontmanager.dll
Event: 1.519 Thread 0x000001dce3788ff0 Thread added: 0x000001dce3788ff0
Event: 1.526 Thread 0x000001dce2bddcb0 Thread exited: 0x000001dce2bddcb0


Dynamic libraries:
0x00007ff66fc00000 - 0x00007ff66fc10000 	C:\Program Files\Java\jdk-18.0.2.1\bin\java.exe
0x00007ff8a86e0000 - 0x00007ff8a88e9000 	C:\WINDOWS\SYSTEM32\ntdll.dll
0x00007ff8a7610000 - 0x00007ff8a76cd000 	C:\WINDOWS\System32\KERNEL32.DLL
0x00007ff8a5ef0000 - 0x00007ff8a626c000 	C:\WINDOWS\System32\KERNELBASE.dll
0x00007ff8a5c40000 - 0x00007ff8a5d51000 	C:\WINDOWS\System32\ucrtbase.dll
0x00007ff898200000 - 0x00007ff89821a000 	C:\Program Files\Java\jdk-18.0.2.1\bin\VCRUNTIME140.dll
0x00007ff88d230000 - 0x00007ff88d248000 	C:\Program Files\Java\jdk-18.0.2.1\bin\jli.dll
0x00007ff8a6780000 - 0x00007ff8a682e000 	C:\WINDOWS\System32\ADVAPI32.dll
0x00007ff8a6830000 - 0x00007ff8a68d3000 	C:\WINDOWS\System32\msvcrt.dll
0x00007ff8a73c0000 - 0x00007ff8a745e000 	C:\WINDOWS\System32\sechost.dll
0x00007ff8a8500000 - 0x00007ff8a8620000 	C:\WINDOWS\System32\RPCRT4.dll
0x00007ff8a7460000 - 0x00007ff8a760d000 	C:\WINDOWS\System32\USER32.dll
0x00007ff8a63d0000 - 0x00007ff8a63f6000 	C:\WINDOWS\System32\win32u.dll
0x00007ff8a7390000 - 0x00007ff8a73b9000 	C:\WINDOWS\System32\GDI32.dll
0x00007ff8a5d60000 - 0x00007ff8a5e78000 	C:\WINDOWS\System32\gdi32full.dll
0x00007ff8a6330000 - 0x00007ff8a63cd000 	C:\WINDOWS\System32\msvcp_win.dll
0x00007ff88ab80000 - 0x00007ff88ae25000 	C:\WINDOWS\WinSxS\amd64_microsoft.windows.common-controls_6595b64144ccf1df_6.0.22000.120_none_9d947278b86cc467\COMCTL32.dll
0x00007ff8922b0000 - 0x00007ff8922ba000 	C:\WINDOWS\SYSTEM32\VERSION.dll
0x00007ff8a84c0000 - 0x00007ff8a84f1000 	C:\WINDOWS\System32\IMM32.DLL
0x00007ff891200000 - 0x00007ff89120c000 	C:\Program Files\Java\jdk-18.0.2.1\bin\vcruntime140_1.dll
0x00007ff85e020000 - 0x00007ff85e0ad000 	C:\Program Files\Java\jdk-18.0.2.1\bin\msvcp140.dll
0x00007ff839ab0000 - 0x00007ff83a6c1000 	C:\Program Files\Java\jdk-18.0.2.1\bin\server\jvm.dll
0x00007ff8a81a0000 - 0x00007ff8a81a8000 	C:\WINDOWS\System32\PSAPI.DLL
0x00007ff873c00000 - 0x00007ff873c09000 	C:\WINDOWS\SYSTEM32\WSOCK32.dll
0x00007ff89bf20000 - 0x00007ff89bf53000 	C:\WINDOWS\SYSTEM32\WINMM.dll
0x00007ff8a6e10000 - 0x00007ff8a6e7f000 	C:\WINDOWS\System32\WS2_32.dll
0x00007ff8a4ce0000 - 0x00007ff8a4cf8000 	C:\WINDOWS\SYSTEM32\kernel.appcore.dll
0x00007ff8911f0000 - 0x00007ff8911fa000 	C:\Program Files\Java\jdk-18.0.2.1\bin\jimage.dll
0x00007ff8a35a0000 - 0x00007ff8a37c1000 	C:\WINDOWS\SYSTEM32\DBGHELP.DLL
0x00007ff87a990000 - 0x00007ff87a9c1000 	C:\WINDOWS\SYSTEM32\dbgcore.DLL
0x00007ff8a5bc0000 - 0x00007ff8a5c3f000 	C:\WINDOWS\System32\bcryptPrimitives.dll
0x00007ff890d00000 - 0x00007ff890d25000 	C:\Program Files\Java\jdk-18.0.2.1\bin\java.dll
0x00007ff8532f0000 - 0x00007ff8533c6000 	C:\Program Files\Java\jdk-18.0.2.1\bin\jsvml.dll
0x00007ff8a7910000 - 0x00007ff8a80c8000 	C:\WINDOWS\System32\SHELL32.dll
0x00007ff8a4270000 - 0x00007ff8a4ad8000 	C:\WINDOWS\SYSTEM32\windows.storage.dll
0x00007ff8a6950000 - 0x00007ff8a6cc9000 	C:\WINDOWS\System32\combase.dll
0x00007ff8a4100000 - 0x00007ff8a4266000 	C:\WINDOWS\SYSTEM32\wintypes.dll
0x00007ff8a6690000 - 0x00007ff8a677a000 	C:\WINDOWS\System32\SHCORE.dll
0x00007ff8a6db0000 - 0x00007ff8a6e0d000 	C:\WINDOWS\System32\shlwapi.dll
0x00007ff8a5af0000 - 0x00007ff8a5b11000 	C:\WINDOWS\SYSTEM32\profapi.dll
0x00007ff88d4e0000 - 0x00007ff88d4f3000 	C:\Program Files\Java\jdk-18.0.2.1\bin\net.dll
0x00007ff89f190000 - 0x00007ff89f29c000 	C:\WINDOWS\SYSTEM32\WINHTTP.dll
0x00007ff8a5100000 - 0x00007ff8a5167000 	C:\WINDOWS\system32\mswsock.dll
0x00007ff88d4c0000 - 0x00007ff88d4d6000 	C:\Program Files\Java\jdk-18.0.2.1\bin\nio.dll
0x00007ff88d4a0000 - 0x00007ff88d4b8000 	C:\Program Files\Java\jdk-18.0.2.1\bin\zip.dll
0x00007ff84e6f0000 - 0x00007ff84e87f000 	C:\Program Files\Java\jdk-18.0.2.1\bin\awt.dll
0x00007ff8a6cd0000 - 0x00007ff8a6da6000 	C:\WINDOWS\System32\OLEAUT32.dll
0x00007ff89ece0000 - 0x00007ff89ed71000 	C:\WINDOWS\SYSTEM32\apphelp.dll
0x00007ff89edf0000 - 0x00007ff89ee9c000 	C:\WINDOWS\system32\uxtheme.dll
0x00007ff8a6570000 - 0x00007ff8a668e000 	C:\WINDOWS\System32\MSCTF.dll
0x00007ff8a81b0000 - 0x00007ff8a834a000 	C:\WINDOWS\System32\ole32.dll
0x00007ff8a2df0000 - 0x00007ff8a2e1f000 	C:\WINDOWS\system32\DWMAPI.DLL
0x00007ff854680000 - 0x00007ff854781000 	C:\WINDOWS\system32\opengl32.dll
0x00007ff858310000 - 0x00007ff85833d000 	C:\WINDOWS\SYSTEM32\GLU32.dll
0x00007ff8a2b50000 - 0x00007ff8a2b88000 	C:\WINDOWS\SYSTEM32\dxcore.dll
0x00007ff853260000 - 0x00007ff8532e6000 	C:\Program Files\Java\jdk-18.0.2.1\bin\freetype.dll
0x00007ff852100000 - 0x00007ff8521a8000 	C:\Program Files\Java\jdk-18.0.2.1\bin\fontmanager.dll
0x00007ff8a80e0000 - 0x00007ff8a818f000 	C:\WINDOWS\System32\clbcatq.dll
0x00007ff898370000 - 0x00007ff89851e000 	C:\WINDOWS\SYSTEM32\WindowsCodecs.dll
0x00007ff85eba0000 - 0x00007ff85ebfd000 	C:\WINDOWS\system32\dataexchange.dll
0x00007ff897c80000 - 0x00007ff897ee6000 	C:\WINDOWS\system32\twinapi.appcore.dll

dbghelp: loaded successfully - version: 4.0.5 - missing functions: none
symbol engine: initialized successfully - sym options: 0x614 - pdb path: .;C:\Program Files\Java\jdk-18.0.2.1\bin;C:\WINDOWS\SYSTEM32;C:\WINDOWS\WinSxS\amd64_microsoft.windows.common-controls_6595b64144ccf1df_6.0.22000.120_none_9d947278b86cc467;C:\Program Files\Java\jdk-18.0.2.1\bin\server

VM Arguments:
jvm_args: -Dfile.encoding=UTF-8 --module-path=C:\Users\FPTSHOP\OneDrive\Desktop\PawnStore\PawnStore\build\classes 
java_command: pawnstore.Main
java_class_path (initial): C:\Users\FPTSHOP\OneDrive\Desktop\PawnStore\PawnStore\lib\eclipselink\org.eclipse.persistence.core-2.7.9.jar;C:\Users\FPTSHOP\OneDrive\Desktop\PawnStore\PawnStore\lib\eclipselink\org.eclipse.persistence.asm-9.1.0.jar;C:\Users\FPTSHOP\OneDrive\Desktop\PawnStore\PawnStore\lib\eclipselink\org.eclipse.persistence.antlr-2.7.9.jar;C:\Users\FPTSHOP\OneDrive\Desktop\PawnStore\PawnStore\lib\eclipselink\org.eclipse.persistence.jpa-2.7.9.jar;C:\Users\FPTSHOP\OneDrive\Desktop\PawnStore\PawnStore\lib\eclipselink\org.eclipse.persistence.jpa.jpql-2.7.9.jar;C:\Users\FPTSHOP\OneDrive\Desktop\PawnStore\PawnStore\lib\eclipselink\org.eclipse.persistence.moxy-2.7.9.jar;C:\Users\FPTSHOP\OneDrive\Desktop\PawnStore\PawnStore\lib\eclipselink\javax.persistence-2.2.1.jar;C:\Users\FPTSHOP\OneDrive\Desktop\PawnStore\PawnStore\lib\absolutelayout\AbsoluteLayout.jar;C:\Users\FPTSHOP\OneDrive\Desktop\PawnStore\jcalendar-1.4\lib\jcalendar-1.4.jar;C:\Users\FPTSHOP\OneDrive\Desktop\PawnStore\PLUGIN & LIBRARY IREPORT\PLUGIN & LIBRARY IREPORT\LIBRARY IREPORT.zip;C:\Users\FPTSHOP\OneDrive\Desktop\PawnStore\sqljdbc_11.2.0.0_enu\sqljdbc_11.2\enu\mssql-jdbc-11.2.0.jre18.jar;C:\Users\FPTSHOP\OneDrive\Desktop\PawnStore\jar_files\pdf-7.1.jar;C:\Users\FPTSHOP\OneDrive\Desktop\PawnStore\PawnStore\build\classes
Launcher Type: SUN_STANDARD

[Global flags]
     intx CICompilerCount                          = 4                                         {product} {ergonomic}
     uint ConcGCThreads                            = 2                                         {product} {ergonomic}
     uint G1ConcRefinementThreads                  = 8                                         {product} {ergonomic}
   size_t G1HeapRegionSize                         = 1048576                                   {product} {ergonomic}
    uintx GCDrainStackTargetSize                   = 64                                        {product} {ergonomic}
   size_t InitialHeapSize                          = 132120576                                 {product} {ergonomic}
   size_t MarkStackSize                            = 4194304                                   {product} {ergonomic}
   size_t MaxHeapSize                              = 2099249152                                {product} {ergonomic}
   size_t MaxNewSize                               = 1259339776                                {product} {ergonomic}
   size_t MinHeapDeltaBytes                        = 1048576                                   {product} {ergonomic}
   size_t MinHeapSize                              = 8388608                                   {product} {ergonomic}
    uintx NonNMethodCodeHeapSize                   = 5839372                                {pd product} {ergonomic}
    uintx NonProfiledCodeHeapSize                  = 122909434                              {pd product} {ergonomic}
    uintx ProfiledCodeHeapSize                     = 122909434                              {pd product} {ergonomic}
    uintx ReservedCodeCacheSize                    = 251658240                              {pd product} {ergonomic}
     bool SegmentedCodeCache                       = true                                      {product} {ergonomic}
   size_t SoftMaxHeapSize                          = 2099249152                             {manageable} {ergonomic}
     bool UseCompressedClassPointers               = true                           {product lp64_product} {ergonomic}
     bool UseCompressedOops                        = true                           {product lp64_product} {ergonomic}
     bool UseG1GC                                  = true                                      {product} {ergonomic}
     bool UseLargePagesIndividualAllocation        = false                                  {pd product} {ergonomic}

Logging:
Log output configuration:
 #0: stdout all=warning uptime,level,tags foldmultilines=false
 #1: stderr all=off uptime,level,tags foldmultilines=false

Environment Variables:
JAVA_HOME=C:\Program Files\Java\jdk-18.0.2.1
PATH=C:\Program Files\Common Files\Oracle\Java\javapath;C:\Program Files\Common Files\Microsoft Shared\Microsoft Online Services;C:\Program Files (x86)\Common Files\Microsoft Shared\Microsoft Online Services;C:\Program Files (x86)\Python38-32\Scripts\;C:\Program Files (x86)\Python38-32\;C:\Windows\system32;C:\Windows;C:\Windows\System32\Wbem;C:\Windows\System32\WindowsPowerShell\v1.0\;C:\Windows\System32\OpenSSH\;C:\Program Files\Microsoft SQL Server\130\Tools\Binn\;C:\MinGW\bin;%QUARTUS_ROOTDIR%\bin;C:\Program Files\Microsoft SQL Server\Client SDK\ODBC\170\Tools\Binn\;C:\Program Files\Microsoft SQL Server\Client SDK\ODBC\130\Tools\Binn\;C:\Program Files (x86)\Microsoft SQL Server\130\Tools\Binn\;C:\Program Files\Microsoft SQL Server\130\DTS\Binn\;C:\Program Files (x86)\Microsoft SQL Server\150\Tools\Binn\;C:\Program Files\Microsoft SQL Server\150\Tools\Binn\;C:\Program Files\Microsoft SQL Server\150\DTS\Binn\;C:\Program Files (x86)\Microsoft SQL Server\150\DTS\Binn\;C:\Program Files\Microsoft SQL Server\110\Tools\Binn\;C:\Program Files\dotnet\;C:\Program Files\Azure Data Studio\bin;C:\Program Files\Microsoft SQL Server\120\Tools\Binn\;C:\WINDOWS\system32;C:\WINDOWS;C:\WINDOWS\System32\Wbem;C:\WINDOWS\System32\WindowsPowerShell\v1.0\;C:\WINDOWS\System32\OpenSSH\;C:\Program Files\Docker\Docker\resources\bin;C:\ProgramData\DockerDesktop\version-bin;C:\Program Files (x86)\dotnet\;E:\Download\spring-boot-cli-2.3.9.RELEASE-bin\spring-2.3.9.RELEASE\bin;C:\Program Files\MySQL\MySQL Server 8.0\bin;C:\Program Files\Git\cmd;C:\Program Files\Java\apache-maven-3.8.6-bin\apache-maven-3.8.6\bin;C:\Program Files\PowerShell\7\;C:\Program Files\Java\jdk-18.0.2.1\bin;C:\Program Files\MySQL\MySQL Shell 8.0\bin\;C:\Users\FPTSHOP\AppData\Local\Microsoft\WindowsApps;C:\MinGW\bin;C:\Users\FPTSHOP\.dotnet\tools;C:\Program Files\Azure Data Studio\bin;C:\Users\FPTSHOP\AppData\Local\Programs\Microsoft VS Code\bin;C:\Program Files\Java\jdk-18.0.2.1\bin;
USERNAME=NVS
OS=Windows_NT
PROCESSOR_IDENTIFIER=Intel64 Family 6 Model 142 Stepping 12, GenuineIntel



---------------  S Y S T E M  ---------------

OS:
 Windows 11 , 64 bit Build 22000 (10.0.22000.708)
OS uptime: 1 days 2:44 hours
Hyper-V role detected

CPU: total 8 (initial active 8) (4 cores per cpu, 2 threads per core) family 6 model 142 stepping 12 microcode 0xec, cx8, cmov, fxsr, ht, mmx, 3dnowpref, sse, sse2, sse3, ssse3, sse4.1, sse4.2, popcnt, lzcnt, tsc, tscinvbit, avx, avx2, aes, erms, clmul, bmi1, bmi2, adx, fma, vzeroupper, clflush, clflushopt, hv

Memory: 4k page, system-wide physical 8006M (437M free)
TotalPageFile size 12102M (AvailPageFile size 2M)
current process WorkingSet (physical memory assigned to process): 74M, peak: 74M
current process commit charge ("private bytes"): 229M, peak: 229M

vm_info: Java HotSpot(TM) 64-Bit Server VM (18.0.2.1+1-1) for windows-amd64 JRE (18.0.2.1+1-1), built on Aug 16 2022 01:46:33 by "mach5one" with MS VC++ 16.8 / 16.9 (VS2019)

END.
