#
# There is insufficient memory for the Java Runtime Environment to continue.
# Native memory allocation (mmap) failed to map 31457280 bytes for G1 virtual space
# Possible reasons:
#   The system is out of physical RAM or swap space
#   The process is running with CompressedOops enabled, and the Java Heap may be blocking the growth of the native heap
# Possible solutions:
#   Reduce memory load on the system
#   Increase physical memory or swap space
#   Check if swap backing store is full
#   Decrease Java heap size (-Xmx/-Xms)
#   Decrease number of Java threads
#   Decrease Java thread stack sizes (-Xss)
#   Set larger code cache with -XX:ReservedCodeCacheSize=
#   JVM is running with Unscaled Compressed Oops mode in which the Java heap is
#     placed in the first 4GB address space. The Java Heap base address is the
#     maximum limit for the native heap growth. Please use -XX:HeapBaseMinAddress
#     to set the Java Heap base and to place the Java Heap above 4GB virtual address.
# This output file may be truncated or incomplete.
#
#  Out of Memory Error (os_windows.cpp:3530), pid=21920, tid=17140
#
# JRE version: Java(TM) SE Runtime Environment (18.0.2.1+1) (build 18.0.2.1+1-1)
# Java VM: Java HotSpot(TM) 64-Bit Server VM (18.0.2.1+1-1, mixed mode, sharing, tiered, compressed oops, compressed class ptrs, g1 gc, windows-amd64)
# No core dump will be written. Minidumps are not enabled by default on client versions of Windows
#

---------------  S U M M A R Y ------------

Command Line: -Dfile.encoding=UTF-8 --module-path=C:\Users\FPTSHOP\OneDrive\Desktop\PawnStore\PawnStore\build\classes pawnstore.Main

Host: Intel(R) Core(TM) i5-8265U CPU @ 1.60GHz, 8 cores, 7G,  Windows 11 , 64 bit Build 22000 (10.0.22000.708)
Time: Thu Sep  8 06:16:18 2022 SE Asia Standard Time elapsed time: 61.512751 seconds (0d 0h 1m 1s)

---------------  T H R E A D  ---------------

Current thread (0x000002844cddb690):  VMThread "VM Thread" [stack: 0x000000c687100000,0x000000c687200000] [id=17140]

Stack: [0x000000c687100000,0x000000c687200000]
Native frames: (J=compiled Java code, j=interpreted, Vv=VM code, C=native code)
V  [jvm.dll+0x6993aa]
V  [jvm.dll+0x7f46dd]
V  [jvm.dll+0x7f5fee]
V  [jvm.dll+0x7f66a3]
V  [jvm.dll+0x25cf1f]
V  [jvm.dll+0x6962f9]
V  [jvm.dll+0x68ae2a]
V  [jvm.dll+0x32255b]
V  [jvm.dll+0x329f36]
V  [jvm.dll+0x37eade]
V  [jvm.dll+0x37ed0f]
V  [jvm.dll+0x2fa2da]
V  [jvm.dll+0x2fd0d6]
V  [jvm.dll+0x307545]
V  [jvm.dll+0x33c650]
V  [jvm.dll+0x7fb48b]
V  [jvm.dll+0x7fc224]
V  [jvm.dll+0x7fc75c]
V  [jvm.dll+0x7fcbb4]
V  [jvm.dll+0x7fcc77]
V  [jvm.dll+0x7a120a]
V  [jvm.dll+0x698255]
C  [ucrtbase.dll+0x26c0c]
C  [KERNEL32.DLL+0x154e0]
C  [ntdll.dll+0x485b]

VM_Operation (0x000000c686dff4c0): G1Concurrent, mode: safepoint, requested by thread 0x000002844cdc55c0


---------------  P R O C E S S  ---------------

Threads class SMR info:
_java_thread_list=0x0000028473095070, length=20, elements={
0x000002846ae01970, 0x000002846ae04320, 0x000002846ae23c70, 0x000002846ae24520,
0x000002846ae24ec0, 0x000002846ae25860, 0x000002846ae318a0, 0x000002846ae3a6a0,
0x000002846ae3b080, 0x000002846adefc90, 0x000002846f113140, 0x000002846f2ef650,
0x000002846f334e70, 0x000002846f335330, 0x000002846f34e5f0, 0x000002844cd53bf0,
0x00000284703b8840, 0x000002847156d520, 0x00000284711446f0, 0x000002847024ffd0
}

Java Threads: ( => current thread )
  0x000002846ae01970 JavaThread "Reference Handler" daemon [_thread_blocked, id=388, stack(0x000000c687200000,0x000000c687300000)]
  0x000002846ae04320 JavaThread "Finalizer" daemon [_thread_blocked, id=5636, stack(0x000000c687300000,0x000000c687400000)]
  0x000002846ae23c70 JavaThread "Signal Dispatcher" daemon [_thread_blocked, id=20512, stack(0x000000c687400000,0x000000c687500000)]
  0x000002846ae24520 JavaThread "Attach Listener" daemon [_thread_blocked, id=9428, stack(0x000000c687500000,0x000000c687600000)]
  0x000002846ae24ec0 JavaThread "Service Thread" daemon [_thread_blocked, id=5816, stack(0x000000c687600000,0x000000c687700000)]
  0x000002846ae25860 JavaThread "Monitor Deflation Thread" daemon [_thread_blocked, id=2992, stack(0x000000c687700000,0x000000c687800000)]
  0x000002846ae318a0 JavaThread "C2 CompilerThread0" daemon [_thread_blocked, id=4152, stack(0x000000c687800000,0x000000c687900000)]
  0x000002846ae3a6a0 JavaThread "C1 CompilerThread0" daemon [_thread_blocked, id=19204, stack(0x000000c687900000,0x000000c687a00000)]
  0x000002846ae3b080 JavaThread "Sweeper thread" daemon [_thread_blocked, id=12256, stack(0x000000c687a00000,0x000000c687b00000)]
  0x000002846adefc90 JavaThread "Common-Cleaner" daemon [_thread_blocked, id=8284, stack(0x000000c687b00000,0x000000c687c00000)]
  0x000002846f113140 JavaThread "Notification Thread" daemon [_thread_blocked, id=21768, stack(0x000000c687c00000,0x000000c687d00000)]
  0x000002846f2ef650 JavaThread "Java2D Disposer" daemon [_thread_blocked, id=14008, stack(0x000000c687e00000,0x000000c687f00000)]
  0x000002846f334e70 JavaThread "AWT-Shutdown" [_thread_blocked, id=1556, stack(0x000000c687f00000,0x000000c688000000)]
  0x000002846f335330 JavaThread "AWT-Windows" daemon [_thread_in_native, id=20524, stack(0x000000c688000000,0x000000c688100000)]
  0x000002846f34e5f0 JavaThread "AWT-EventQueue-0" [_thread_in_native, id=17112, stack(0x000000c688100000,0x000000c688200000)]
  0x000002844cd53bf0 JavaThread "DestroyJavaVM" [_thread_blocked, id=15728, stack(0x000000c686b00000,0x000000c686c00000)]
  0x00000284703b8840 JavaThread "TimerQueue" daemon [_thread_blocked, id=21304, stack(0x000000c688800000,0x000000c688900000)]
  0x000002847156d520 JavaThread "Thread-0" [_thread_blocked, id=14448, stack(0x000000c688600000,0x000000c688700000)]
  0x00000284711446f0 JavaThread "Thread-1" [_thread_blocked, id=8088, stack(0x000000c689400000,0x000000c689500000)]
  0x000002847024ffd0 JavaThread "Image Fetcher 0" daemon [_thread_blocked, id=13376, stack(0x000000c686800000,0x000000c686900000)]

Other Threads:
=>0x000002844cddb690 VMThread "VM Thread" [stack: 0x000000c687100000,0x000000c687200000] [id=17140]
  0x000002846f114a10 WatcherThread "VM Periodic Task Thread" [stack: 0x000000c687d00000,0x000000c687e00000] [id=12436]
  0x000002844cdb4af0 WorkerThread "GC Thread#0" [stack: 0x000000c686c00000,0x000000c686d00000] [id=20984]
  0x0000028470396330 WorkerThread "GC Thread#1" [stack: 0x000000c688900000,0x000000c688a00000] [id=19908]
  0x000002847033e840 WorkerThread "GC Thread#2" [stack: 0x000000c688a00000,0x000000c688b00000] [id=22324]
  0x000002847044d050 WorkerThread "GC Thread#3" [stack: 0x000000c688b00000,0x000000c688c00000] [id=18400]
  0x000002847038d810 WorkerThread "GC Thread#4" [stack: 0x000000c688c00000,0x000000c688d00000] [id=9956]
  0x00000284715f3fb0 WorkerThread "GC Thread#5" [stack: 0x000000c688d00000,0x000000c688e00000] [id=15308]
  0x00000284702ee4f0 WorkerThread "GC Thread#6" [stack: 0x000000c688e00000,0x000000c688f00000] [id=10904]
  0x0000028470418860 WorkerThread "GC Thread#7" [stack: 0x000000c688f00000,0x000000c689000000] [id=19556]
  0x000002844cdc55c0 ConcurrentGCThread "G1 Main Marker" [stack: 0x000000c686d00000,0x000000c686e00000] [id=21872]
  0x000002844cdc8610 WorkerThread "G1 Conc#0" [stack: 0x000000c686e00000,0x000000c686f00000] [id=6412]
  0x00000284715bb2e0 WorkerThread "G1 Conc#1" [stack: 0x000000c689600000,0x000000c689700000] [id=17136]
  0x000002844ce18f20 ConcurrentGCThread "G1 Refine#0" [stack: 0x000000c686f00000,0x000000c687000000] [id=4188]
  0x000002846f28c430 ConcurrentGCThread "G1 Refine#1" [stack: 0x000000c689000000,0x000000c689100000] [id=22156]
  0x0000028470395b60 ConcurrentGCThread "G1 Refine#2" [stack: 0x000000c689100000,0x000000c689200000] [id=6604]
  0x0000028470056a30 ConcurrentGCThread "G1 Refine#3" [stack: 0x000000c689200000,0x000000c689300000] [id=22296]
  0x000002846f1c3f30 ConcurrentGCThread "G1 Refine#4" [stack: 0x000000c689300000,0x000000c689400000] [id=12820]
  0x000002844ce196d0 ConcurrentGCThread "G1 Service" [stack: 0x000000c687000000,0x000000c687100000] [id=20968]

Threads with active compile tasks:

VM state: at safepoint (normal execution)

VM Mutex/Monitor currently owned by a thread:  ([mutex/lock_event])
[0x000002844cd510c0] Threads_lock - owner thread: 0x000002844cddb690
[0x000002844cd50730] Heap_lock - owner thread: 0x000002844cdc55c0

Heap address: 0x0000000082e00000, size: 2002 MB, Compressed Oops mode: 32-bit

CDS archive(s) mapped at: [0x0000000800000000-0x0000000800ba0000-0x0000000800ba0000), size 12189696, SharedBaseAddress: 0x0000000800000000, ArchiveRelocationMode: 0.
Compressed class space mapped at: 0x0000000800c00000-0x0000000840c00000, reserved size: 1073741824
Narrow klass base: 0x0000000800000000, Narrow klass shift: 0, Narrow klass range: 0x100000000

GC Precious Log:
 CardTable entry size: 512
 Card Set container configuration: InlinePtr #cards 5 size 8 Array Of Cards #cards 12 size 40 Howl #buckets 4 coarsen threshold 1843 Howl Bitmap #cards 512 size 80 coarsen threshold 460 Card regions per heap region 1 cards per card region 2048
 CPUs: 8 total, 8 available
 Memory: 8006M
 Large Page Support: Disabled
 NUMA Support: Disabled
 Compressed Oops: Enabled (32-bit)
 Heap Region Size: 1M
 Heap Min Capacity: 8M
 Heap Initial Capacity: 126M
 Heap Max Capacity: 2002M
 Pre-touch: Disabled
 Parallel Workers: 8
 Concurrent Workers: 2
 Concurrent Refinement Workers: 8
 Periodic GC: Disabled

Heap:
 garbage-first heap   total 224256K, used 150805K [0x0000000082e00000, 0x0000000100000000)
  region size 1024K, 2 young (2048K), 1 survivors (1024K)
 Metaspace       used 23661K, committed 24000K, reserved 1114112K
  class space    used 2507K, committed 2688K, reserved 1048576K

Heap Regions: E=young(eden), S=young(survivor), O=old, HS=humongous(starts), HC=humongous(continues), CS=collection set, F=free, OA=open archive, CA=closed archive, TAMS=top-at-mark-start (previous, next)
|   0|0x0000000082e00000, 0x0000000082f00000, 0x0000000082f00000|100%|HS|  |TAMS 0x0000000082f00000, 0x0000000082e00000| Complete 
|   1|0x0000000082f00000, 0x0000000083000000, 0x0000000083000000|100%|HC|  |TAMS 0x0000000083000000, 0x0000000082f00000| Complete 
|   2|0x0000000083000000, 0x0000000083100000, 0x0000000083100000|100%| O|  |TAMS 0x0000000083100000, 0x0000000083000000| Untracked 
|   3|0x0000000083100000, 0x0000000083200000, 0x0000000083200000|100%| O|  |TAMS 0x0000000083200000, 0x0000000083100000| Untracked 
|   4|0x0000000083200000, 0x0000000083300000, 0x0000000083300000|100%| O|  |TAMS 0x0000000083300000, 0x0000000083200000| Untracked 
|   5|0x0000000083300000, 0x0000000083400000, 0x0000000083400000|100%| O|  |TAMS 0x0000000083400000, 0x0000000083300000| Untracked 
|   6|0x0000000083400000, 0x0000000083500000, 0x0000000083500000|100%| O|  |TAMS 0x0000000083500000, 0x0000000083400000| Untracked 
|   7|0x0000000083500000, 0x0000000083600000, 0x0000000083600000|100%|HS|  |TAMS 0x0000000083600000, 0x0000000083500000| Complete 
|   8|0x0000000083600000, 0x0000000083700000, 0x0000000083700000|100%|HC|  |TAMS 0x0000000083700000, 0x0000000083600000| Complete 
|   9|0x0000000083700000, 0x0000000083800000, 0x0000000083800000|100%|HC|  |TAMS 0x0000000083800000, 0x0000000083700000| Complete 
|  10|0x0000000083800000, 0x0000000083900000, 0x0000000083900000|100%|HC|  |TAMS 0x0000000083900000, 0x0000000083800000| Complete 
|  11|0x0000000083900000, 0x0000000083a00000, 0x0000000083a00000|100%|HC|  |TAMS 0x0000000083a00000, 0x0000000083900000| Complete 
|  12|0x0000000083a00000, 0x0000000083b00000, 0x0000000083b00000|100%|HC|  |TAMS 0x0000000083b00000, 0x0000000083a00000| Complete 
|  13|0x0000000083b00000, 0x0000000083c00000, 0x0000000083c00000|100%|HC|  |TAMS 0x0000000083c00000, 0x0000000083b00000| Complete 
|  14|0x0000000083c00000, 0x0000000083d00000, 0x0000000083d00000|100%|HC|  |TAMS 0x0000000083d00000, 0x0000000083c00000| Complete 
|  15|0x0000000083d00000, 0x0000000083e00000, 0x0000000083e00000|100%|HC|  |TAMS 0x0000000083e00000, 0x0000000083d00000| Complete 
|  16|0x0000000083e00000, 0x0000000083f00000, 0x0000000083f00000|100%|HC|  |TAMS 0x0000000083f00000, 0x0000000083e00000| Complete 
|  17|0x0000000083f00000, 0x0000000084000000, 0x0000000084000000|100%|HC|  |TAMS 0x0000000084000000, 0x0000000083f00000| Complete 
|  18|0x0000000084000000, 0x0000000084100000, 0x0000000084100000|100%|HC|  |TAMS 0x0000000084100000, 0x0000000084000000| Complete 
|  19|0x0000000084100000, 0x0000000084200000, 0x0000000084200000|100%|HC|  |TAMS 0x0000000084200000, 0x0000000084100000| Complete 
|  20|0x0000000084200000, 0x0000000084300000, 0x0000000084300000|100%|HC|  |TAMS 0x0000000084300000, 0x0000000084200000| Complete 
|  21|0x0000000084300000, 0x0000000084400000, 0x0000000084400000|100%|HC|  |TAMS 0x0000000084400000, 0x0000000084300000| Complete 
|  22|0x0000000084400000, 0x0000000084500000, 0x0000000084500000|100%|HC|  |TAMS 0x0000000084500000, 0x0000000084400000| Complete 
|  23|0x0000000084500000, 0x0000000084600000, 0x0000000084600000|100%|HC|  |TAMS 0x0000000084600000, 0x0000000084500000| Complete 
|  24|0x0000000084600000, 0x0000000084700000, 0x0000000084700000|100%|HC|  |TAMS 0x0000000084700000, 0x0000000084600000| Complete 
|  25|0x0000000084700000, 0x0000000084800000, 0x0000000084800000|100%|HC|  |TAMS 0x0000000084800000, 0x0000000084700000| Complete 
|  26|0x0000000084800000, 0x0000000084900000, 0x0000000084900000|100%| O|  |TAMS 0x0000000084900000, 0x0000000084800000| Untracked 
|  27|0x0000000084900000, 0x0000000084a00000, 0x0000000084a00000|100%| O|  |TAMS 0x0000000084a00000, 0x0000000084900000| Untracked 
|  28|0x0000000084a00000, 0x0000000084b00000, 0x0000000084b00000|100%| O|  |TAMS 0x0000000084b00000, 0x0000000084a00000| Untracked 
|  29|0x0000000084b00000, 0x0000000084bcd000, 0x0000000084c00000| 80%| O|  |TAMS 0x0000000084bcd000, 0x0000000084b00000| Updating 
|  30|0x0000000084c00000, 0x0000000084d00000, 0x0000000084d00000|100%|HS|  |TAMS 0x0000000084c00000, 0x0000000084c00000| Complete 
|  31|0x0000000084d00000, 0x0000000084e00000, 0x0000000084e00000|100%|HC|  |TAMS 0x0000000084d00000, 0x0000000084d00000| Complete 
|  32|0x0000000084e00000, 0x0000000084f00000, 0x0000000084f00000|100%|HC|  |TAMS 0x0000000084e00000, 0x0000000084e00000| Complete 
|  33|0x0000000084f00000, 0x0000000084f00000, 0x0000000085000000|  0%| F|  |TAMS 0x0000000084f00000, 0x0000000084f00000| Untracked 
|  34|0x0000000085000000, 0x0000000085000000, 0x0000000085100000|  0%| F|  |TAMS 0x0000000085000000, 0x0000000085000000| Untracked 
|  35|0x0000000085100000, 0x0000000085200000, 0x0000000085200000|100%|HS|  |TAMS 0x0000000085200000, 0x0000000085100000| Complete 
|  36|0x0000000085200000, 0x0000000085300000, 0x0000000085300000|100%|HC|  |TAMS 0x0000000085300000, 0x0000000085200000| Complete 
|  37|0x0000000085300000, 0x0000000085400000, 0x0000000085400000|100%|HC|  |TAMS 0x0000000085400000, 0x0000000085300000| Complete 
|  38|0x0000000085400000, 0x0000000085500000, 0x0000000085500000|100%|HC|  |TAMS 0x0000000085500000, 0x0000000085400000| Complete 
|  39|0x0000000085500000, 0x0000000085600000, 0x0000000085600000|100%|HC|  |TAMS 0x0000000085600000, 0x0000000085500000| Complete 
|  40|0x0000000085600000, 0x0000000085700000, 0x0000000085700000|100%|HC|  |TAMS 0x0000000085700000, 0x0000000085600000| Complete 
|  41|0x0000000085700000, 0x0000000085800000, 0x0000000085800000|100%|HC|  |TAMS 0x0000000085800000, 0x0000000085700000| Complete 
|  42|0x0000000085800000, 0x0000000085900000, 0x0000000085900000|100%|HC|  |TAMS 0x0000000085900000, 0x0000000085800000| Complete 
|  43|0x0000000085900000, 0x0000000085a00000, 0x0000000085a00000|100%|HC|  |TAMS 0x0000000085a00000, 0x0000000085900000| Complete 
|  44|0x0000000085a00000, 0x0000000085b00000, 0x0000000085b00000|100%|HS|  |TAMS 0x0000000085a00000, 0x0000000085a00000| Complete 
|  45|0x0000000085b00000, 0x0000000085c00000, 0x0000000085c00000|100%|HC|  |TAMS 0x0000000085b00000, 0x0000000085b00000| Complete 
|  46|0x0000000085c00000, 0x0000000085d00000, 0x0000000085d00000|100%|HC|  |TAMS 0x0000000085c00000, 0x0000000085c00000| Complete 
|  47|0x0000000085d00000, 0x0000000085d00000, 0x0000000085e00000|  0%| F|  |TAMS 0x0000000085d00000, 0x0000000085d00000| Untracked 
|  48|0x0000000085e00000, 0x0000000085e00000, 0x0000000085f00000|  0%| F|  |TAMS 0x0000000085e00000, 0x0000000085e00000| Untracked 
|  49|0x0000000085f00000, 0x0000000086000000, 0x0000000086000000|100%|HS|  |TAMS 0x0000000086000000, 0x0000000085f00000| Complete 
|  50|0x0000000086000000, 0x0000000086100000, 0x0000000086100000|100%|HC|  |TAMS 0x0000000086100000, 0x0000000086000000| Complete 
|  51|0x0000000086100000, 0x0000000086200000, 0x0000000086200000|100%|HC|  |TAMS 0x0000000086200000, 0x0000000086100000| Complete 
|  52|0x0000000086200000, 0x0000000086300000, 0x0000000086300000|100%|HC|  |TAMS 0x0000000086300000, 0x0000000086200000| Complete 
|  53|0x0000000086300000, 0x0000000086400000, 0x0000000086400000|100%|HC|  |TAMS 0x0000000086400000, 0x0000000086300000| Complete 
|  54|0x0000000086400000, 0x0000000086500000, 0x0000000086500000|100%|HC|  |TAMS 0x0000000086500000, 0x0000000086400000| Complete 
|  55|0x0000000086500000, 0x0000000086600000, 0x0000000086600000|100%|HC|  |TAMS 0x0000000086600000, 0x0000000086500000| Complete 
|  56|0x0000000086600000, 0x0000000086700000, 0x0000000086700000|100%|HC|  |TAMS 0x0000000086700000, 0x0000000086600000| Complete 
|  57|0x0000000086700000, 0x0000000086800000, 0x0000000086800000|100%|HS|  |TAMS 0x0000000086800000, 0x0000000086700000| Complete 
|  58|0x0000000086800000, 0x0000000086900000, 0x0000000086900000|100%|HC|  |TAMS 0x0000000086900000, 0x0000000086800000| Complete 
|  59|0x0000000086900000, 0x0000000086a00000, 0x0000000086a00000|100%|HC|  |TAMS 0x0000000086a00000, 0x0000000086900000| Complete 
|  60|0x0000000086a00000, 0x0000000086b00000, 0x0000000086b00000|100%|HC|  |TAMS 0x0000000086b00000, 0x0000000086a00000| Complete 
|  61|0x0000000086b00000, 0x0000000086c00000, 0x0000000086c00000|100%|HC|  |TAMS 0x0000000086c00000, 0x0000000086b00000| Complete 
|  62|0x0000000086c00000, 0x0000000086d00000, 0x0000000086d00000|100%|HC|  |TAMS 0x0000000086d00000, 0x0000000086c00000| Complete 
|  63|0x0000000086d00000, 0x0000000086e00000, 0x0000000086e00000|100%|HC|  |TAMS 0x0000000086e00000, 0x0000000086d00000| Complete 
|  64|0x0000000086e00000, 0x0000000086f00000, 0x0000000086f00000|100%|HC|  |TAMS 0x0000000086f00000, 0x0000000086e00000| Complete 
|  65|0x0000000086f00000, 0x0000000087000000, 0x0000000087000000|100%|HC|  |TAMS 0x0000000087000000, 0x0000000086f00000| Complete 
|  66|0x0000000087000000, 0x0000000087100000, 0x0000000087100000|100%|HC|  |TAMS 0x0000000087100000, 0x0000000087000000| Complete 
|  67|0x0000000087100000, 0x0000000087200000, 0x0000000087200000|100%|HC|  |TAMS 0x0000000087200000, 0x0000000087100000| Complete 
|  68|0x0000000087200000, 0x0000000087300000, 0x0000000087300000|100%|HC|  |TAMS 0x0000000087300000, 0x0000000087200000| Complete 
|  69|0x0000000087300000, 0x0000000087400000, 0x0000000087400000|100%|HC|  |TAMS 0x0000000087400000, 0x0000000087300000| Complete 
|  70|0x0000000087400000, 0x0000000087500000, 0x0000000087500000|100%|HC|  |TAMS 0x0000000087500000, 0x0000000087400000| Complete 
|  71|0x0000000087500000, 0x0000000087600000, 0x0000000087600000|100%|HC|  |TAMS 0x0000000087600000, 0x0000000087500000| Complete 
|  72|0x0000000087600000, 0x0000000087700000, 0x0000000087700000|100%|HC|  |TAMS 0x0000000087700000, 0x0000000087600000| Complete 
|  73|0x0000000087700000, 0x0000000087800000, 0x0000000087800000|100%|HC|  |TAMS 0x0000000087800000, 0x0000000087700000| Complete 
|  74|0x0000000087800000, 0x0000000087900000, 0x0000000087900000|100%|HC|  |TAMS 0x0000000087900000, 0x0000000087800000| Complete 
|  75|0x0000000087900000, 0x0000000087a00000, 0x0000000087a00000|100%|HC|  |TAMS 0x0000000087a00000, 0x0000000087900000| Complete 
|  76|0x0000000087a00000, 0x0000000087b00000, 0x0000000087b00000|100%|HC|  |TAMS 0x0000000087b00000, 0x0000000087a00000| Complete 
|  77|0x0000000087b00000, 0x0000000087c00000, 0x0000000087c00000|100%|HC|  |TAMS 0x0000000087c00000, 0x0000000087b00000| Complete 
|  78|0x0000000087c00000, 0x0000000087d00000, 0x0000000087d00000|100%|HC|  |TAMS 0x0000000087d00000, 0x0000000087c00000| Complete 
|  79|0x0000000087d00000, 0x0000000087e00000, 0x0000000087e00000|100%|HC|  |TAMS 0x0000000087e00000, 0x0000000087d00000| Complete 
|  80|0x0000000087e00000, 0x0000000087f00000, 0x0000000087f00000|100%|HC|  |TAMS 0x0000000087f00000, 0x0000000087e00000| Complete 
|  81|0x0000000087f00000, 0x0000000088000000, 0x0000000088000000|100%|HC|  |TAMS 0x0000000088000000, 0x0000000087f00000| Complete 
|  82|0x0000000088000000, 0x0000000088100000, 0x0000000088100000|100%|HC|  |TAMS 0x0000000088100000, 0x0000000088000000| Complete 
|  83|0x0000000088100000, 0x0000000088200000, 0x0000000088200000|100%|HC|  |TAMS 0x0000000088200000, 0x0000000088100000| Complete 
|  84|0x0000000088200000, 0x0000000088300000, 0x0000000088300000|100%|HC|  |TAMS 0x0000000088300000, 0x0000000088200000| Complete 
|  85|0x0000000088300000, 0x0000000088400000, 0x0000000088400000|100%|HC|  |TAMS 0x0000000088400000, 0x0000000088300000| Complete 
|  86|0x0000000088400000, 0x0000000088500000, 0x0000000088500000|100%|HC|  |TAMS 0x0000000088500000, 0x0000000088400000| Complete 
|  87|0x0000000088500000, 0x0000000088600000, 0x0000000088600000|100%|HC|  |TAMS 0x0000000088600000, 0x0000000088500000| Complete 
|  88|0x0000000088600000, 0x0000000088700000, 0x0000000088700000|100%|HS|  |TAMS 0x0000000088700000, 0x0000000088600000| Complete 
|  89|0x0000000088700000, 0x0000000088800000, 0x0000000088800000|100%|HC|  |TAMS 0x0000000088800000, 0x0000000088700000| Complete 
|  90|0x0000000088800000, 0x0000000088900000, 0x0000000088900000|100%|HC|  |TAMS 0x0000000088900000, 0x0000000088800000| Complete 
|  91|0x0000000088900000, 0x0000000088a00000, 0x0000000088a00000|100%|HS|  |TAMS 0x0000000088a00000, 0x0000000088900000| Complete 
|  92|0x0000000088a00000, 0x0000000088b00000, 0x0000000088b00000|100%|HC|  |TAMS 0x0000000088b00000, 0x0000000088a00000| Complete 
|  93|0x0000000088b00000, 0x0000000088c00000, 0x0000000088c00000|100%|HC|  |TAMS 0x0000000088c00000, 0x0000000088b00000| Complete 
|  94|0x0000000088c00000, 0x0000000088d00000, 0x0000000088d00000|100%|HC|  |TAMS 0x0000000088d00000, 0x0000000088c00000| Complete 
|  95|0x0000000088d00000, 0x0000000088e00000, 0x0000000088e00000|100%|HC|  |TAMS 0x0000000088e00000, 0x0000000088d00000| Complete 
|  96|0x0000000088e00000, 0x0000000088f00000, 0x0000000088f00000|100%|HC|  |TAMS 0x0000000088f00000, 0x0000000088e00000| Complete 
|  97|0x0000000088f00000, 0x0000000089000000, 0x0000000089000000|100%|HC|  |TAMS 0x0000000089000000, 0x0000000088f00000| Complete 
|  98|0x0000000089000000, 0x0000000089100000, 0x0000000089100000|100%|HC|  |TAMS 0x0000000089100000, 0x0000000089000000| Complete 
|  99|0x0000000089100000, 0x0000000089200000, 0x0000000089200000|100%|HC|  |TAMS 0x0000000089200000, 0x0000000089100000| Complete 
| 100|0x0000000089200000, 0x0000000089300000, 0x0000000089300000|100%|HC|  |TAMS 0x0000000089300000, 0x0000000089200000| Complete 
| 101|0x0000000089300000, 0x0000000089400000, 0x0000000089400000|100%|HC|  |TAMS 0x0000000089400000, 0x0000000089300000| Complete 
| 102|0x0000000089400000, 0x0000000089500000, 0x0000000089500000|100%|HC|  |TAMS 0x0000000089500000, 0x0000000089400000| Complete 
| 103|0x0000000089500000, 0x0000000089500000, 0x0000000089600000|  0%| F|  |TAMS 0x0000000089500000, 0x0000000089500000| Untracked 
| 104|0x0000000089600000, 0x0000000089600000, 0x0000000089700000|  0%| F|  |TAMS 0x0000000089600000, 0x0000000089600000| Untracked 
| 105|0x0000000089700000, 0x0000000089700000, 0x0000000089800000|  0%| F|  |TAMS 0x0000000089700000, 0x0000000089700000| Untracked 
| 106|0x0000000089800000, 0x0000000089800000, 0x0000000089900000|  0%| F|  |TAMS 0x0000000089800000, 0x0000000089800000| Untracked 
| 107|0x0000000089900000, 0x0000000089900000, 0x0000000089a00000|  0%| F|  |TAMS 0x0000000089900000, 0x0000000089900000| Untracked 
| 108|0x0000000089a00000, 0x0000000089a00000, 0x0000000089b00000|  0%| F|  |TAMS 0x0000000089a00000, 0x0000000089a00000| Untracked 
| 109|0x0000000089b00000, 0x0000000089b00000, 0x0000000089c00000|  0%| F|  |TAMS 0x0000000089b00000, 0x0000000089b00000| Untracked 
| 110|0x0000000089c00000, 0x0000000089c00000, 0x0000000089d00000|  0%| F|  |TAMS 0x0000000089c00000, 0x0000000089c00000| Untracked 
| 111|0x0000000089d00000, 0x0000000089e00000, 0x0000000089e00000|100%|HS|  |TAMS 0x0000000089e00000, 0x0000000089d00000| Complete 
| 112|0x0000000089e00000, 0x0000000089f00000, 0x0000000089f00000|100%|HC|  |TAMS 0x0000000089f00000, 0x0000000089e00000| Complete 
| 113|0x0000000089f00000, 0x000000008a000000, 0x000000008a000000|100%|HC|  |TAMS 0x000000008a000000, 0x0000000089f00000| Complete 
| 114|0x000000008a000000, 0x000000008a100000, 0x000000008a100000|100%|HC|  |TAMS 0x000000008a100000, 0x000000008a000000| Complete 
| 115|0x000000008a100000, 0x000000008a200000, 0x000000008a200000|100%|HC|  |TAMS 0x000000008a200000, 0x000000008a100000| Complete 
| 116|0x000000008a200000, 0x000000008a300000, 0x000000008a300000|100%|HC|  |TAMS 0x000000008a300000, 0x000000008a200000| Complete 
| 117|0x000000008a300000, 0x000000008a400000, 0x000000008a400000|100%|HC|  |TAMS 0x000000008a400000, 0x000000008a300000| Complete 
| 118|0x000000008a400000, 0x000000008a500000, 0x000000008a500000|100%|HC|  |TAMS 0x000000008a500000, 0x000000008a400000| Complete 
| 119|0x000000008a500000, 0x000000008a600000, 0x000000008a600000|100%|HC|  |TAMS 0x000000008a600000, 0x000000008a500000| Complete 
| 120|0x000000008a600000, 0x000000008a700000, 0x000000008a700000|100%|HC|  |TAMS 0x000000008a700000, 0x000000008a600000| Complete 
| 121|0x000000008a700000, 0x000000008a800000, 0x000000008a800000|100%|HC|  |TAMS 0x000000008a800000, 0x000000008a700000| Complete 
| 122|0x000000008a800000, 0x000000008a900000, 0x000000008a900000|100%|HC|  |TAMS 0x000000008a900000, 0x000000008a800000| Complete 
| 123|0x000000008a900000, 0x000000008aa00000, 0x000000008aa00000|100%|HC|  |TAMS 0x000000008aa00000, 0x000000008a900000| Complete 
| 124|0x000000008aa00000, 0x000000008ab00000, 0x000000008ab00000|100%|HC|  |TAMS 0x000000008ab00000, 0x000000008aa00000| Complete 
| 125|0x000000008ab00000, 0x000000008ac00000, 0x000000008ac00000|100%|HC|  |TAMS 0x000000008ac00000, 0x000000008ab00000| Complete 
| 126|0x000000008ac00000, 0x000000008ad00000, 0x000000008ad00000|100%|HC|  |TAMS 0x000000008ad00000, 0x000000008ac00000| Complete 
| 127|0x000000008ad00000, 0x000000008ae00000, 0x000000008ae00000|100%|HC|  |TAMS 0x000000008ae00000, 0x000000008ad00000| Complete 
| 128|0x000000008ae00000, 0x000000008af00000, 0x000000008af00000|100%|HC|  |TAMS 0x000000008af00000, 0x000000008ae00000| Complete 
| 129|0x000000008af00000, 0x000000008b000000, 0x000000008b000000|100%|HC|  |TAMS 0x000000008b000000, 0x000000008af00000| Complete 
| 130|0x000000008b000000, 0x000000008b100000, 0x000000008b100000|100%|HC|  |TAMS 0x000000008b100000, 0x000000008b000000| Complete 
| 131|0x000000008b100000, 0x000000008b200000, 0x000000008b200000|100%|HC|  |TAMS 0x000000008b200000, 0x000000008b100000| Complete 
| 132|0x000000008b200000, 0x000000008b300000, 0x000000008b300000|100%|HC|  |TAMS 0x000000008b300000, 0x000000008b200000| Complete 
| 133|0x000000008b300000, 0x000000008b400000, 0x000000008b400000|100%|HS|  |TAMS 0x000000008b400000, 0x000000008b300000| Complete 
| 134|0x000000008b400000, 0x000000008b500000, 0x000000008b500000|100%|HC|  |TAMS 0x000000008b500000, 0x000000008b400000| Complete 
| 135|0x000000008b500000, 0x000000008b600000, 0x000000008b600000|100%|HC|  |TAMS 0x000000008b600000, 0x000000008b500000| Complete 
| 136|0x000000008b600000, 0x000000008b700000, 0x000000008b700000|100%|HC|  |TAMS 0x000000008b700000, 0x000000008b600000| Complete 
| 137|0x000000008b700000, 0x000000008b800000, 0x000000008b800000|100%|HC|  |TAMS 0x000000008b800000, 0x000000008b700000| Complete 
| 138|0x000000008b800000, 0x000000008b900000, 0x000000008b900000|100%|HC|  |TAMS 0x000000008b900000, 0x000000008b800000| Complete 
| 139|0x000000008b900000, 0x000000008ba00000, 0x000000008ba00000|100%|HC|  |TAMS 0x000000008ba00000, 0x000000008b900000| Complete 
| 140|0x000000008ba00000, 0x000000008bb00000, 0x000000008bb00000|100%|HC|  |TAMS 0x000000008bb00000, 0x000000008ba00000| Complete 
| 141|0x000000008bb00000, 0x000000008bc00000, 0x000000008bc00000|100%|HC|  |TAMS 0x000000008bc00000, 0x000000008bb00000| Complete 
| 142|0x000000008bc00000, 0x000000008bd00000, 0x000000008bd00000|100%|HC|  |TAMS 0x000000008bd00000, 0x000000008bc00000| Complete 
| 143|0x000000008bd00000, 0x000000008be00000, 0x000000008be00000|100%|HC|  |TAMS 0x000000008be00000, 0x000000008bd00000| Complete 
| 144|0x000000008be00000, 0x000000008bf00000, 0x000000008bf00000|100%|HC|  |TAMS 0x000000008bf00000, 0x000000008be00000| Complete 
| 145|0x000000008bf00000, 0x000000008c000000, 0x000000008c000000|100%|HC|  |TAMS 0x000000008c000000, 0x000000008bf00000| Complete 
| 146|0x000000008c000000, 0x000000008c100000, 0x000000008c100000|100%|HC|  |TAMS 0x000000008c100000, 0x000000008c000000| Complete 
| 147|0x000000008c100000, 0x000000008c200000, 0x000000008c200000|100%|HC|  |TAMS 0x000000008c200000, 0x000000008c100000| Complete 
| 148|0x000000008c200000, 0x000000008c300000, 0x000000008c300000|100%|HC|  |TAMS 0x000000008c300000, 0x000000008c200000| Complete 
| 149|0x000000008c300000, 0x000000008c400000, 0x000000008c400000|100%|HC|  |TAMS 0x000000008c400000, 0x000000008c300000| Complete 
| 150|0x000000008c400000, 0x000000008c500000, 0x000000008c500000|100%|HC|  |TAMS 0x000000008c500000, 0x000000008c400000| Complete 
| 151|0x000000008c500000, 0x000000008c600000, 0x000000008c600000|100%|HC|  |TAMS 0x000000008c600000, 0x000000008c500000| Complete 
| 152|0x000000008c600000, 0x000000008c700000, 0x000000008c700000|100%|HC|  |TAMS 0x000000008c700000, 0x000000008c600000| Complete 
| 153|0x000000008c700000, 0x000000008c800000, 0x000000008c800000|100%|HC|  |TAMS 0x000000008c800000, 0x000000008c700000| Complete 
| 154|0x000000008c800000, 0x000000008c900000, 0x000000008c900000|100%|HC|  |TAMS 0x000000008c900000, 0x000000008c800000| Complete 
| 155|0x000000008c900000, 0x000000008ca00000, 0x000000008ca00000|100%|HC|  |TAMS 0x000000008ca00000, 0x000000008c900000| Complete 
| 156|0x000000008ca00000, 0x000000008cb00000, 0x000000008cb00000|100%|HC|  |TAMS 0x000000008cb00000, 0x000000008ca00000| Complete 
| 157|0x000000008cb00000, 0x000000008cc00000, 0x000000008cc00000|100%|HC|  |TAMS 0x000000008cc00000, 0x000000008cb00000| Complete 
| 158|0x000000008cc00000, 0x000000008cd00000, 0x000000008cd00000|100%|HC|  |TAMS 0x000000008cd00000, 0x000000008cc00000| Complete 
| 159|0x000000008cd00000, 0x000000008cd00000, 0x000000008ce00000|  0%| F|  |TAMS 0x000000008cd00000, 0x000000008cd00000| Untracked 
| 160|0x000000008ce00000, 0x000000008ce00000, 0x000000008cf00000|  0%| F|  |TAMS 0x000000008ce00000, 0x000000008ce00000| Untracked 
| 161|0x000000008cf00000, 0x000000008cf00000, 0x000000008d000000|  0%| F|  |TAMS 0x000000008cf00000, 0x000000008cf00000| Untracked 
| 162|0x000000008d000000, 0x000000008d000000, 0x000000008d100000|  0%| F|  |TAMS 0x000000008d000000, 0x000000008d000000| Untracked 
| 163|0x000000008d100000, 0x000000008d100000, 0x000000008d200000|  0%| F|  |TAMS 0x000000008d100000, 0x000000008d100000| Untracked 
| 164|0x000000008d200000, 0x000000008d200000, 0x000000008d300000|  0%| F|  |TAMS 0x000000008d200000, 0x000000008d200000| Untracked 
| 165|0x000000008d300000, 0x000000008d300000, 0x000000008d400000|  0%| F|  |TAMS 0x000000008d300000, 0x000000008d300000| Untracked 
| 166|0x000000008d400000, 0x000000008d400000, 0x000000008d500000|  0%| F|  |TAMS 0x000000008d400000, 0x000000008d400000| Untracked 
| 167|0x000000008d500000, 0x000000008d500000, 0x000000008d600000|  0%| F|  |TAMS 0x000000008d500000, 0x000000008d500000| Untracked 
| 168|0x000000008d600000, 0x000000008d600000, 0x000000008d700000|  0%| F|  |TAMS 0x000000008d600000, 0x000000008d600000| Untracked 
| 169|0x000000008d700000, 0x000000008d700000, 0x000000008d800000|  0%| F|  |TAMS 0x000000008d700000, 0x000000008d700000| Untracked 
| 170|0x000000008d800000, 0x000000008d800000, 0x000000008d900000|  0%| F|  |TAMS 0x000000008d800000, 0x000000008d800000| Untracked 
| 171|0x000000008d900000, 0x000000008d900000, 0x000000008da00000|  0%| F|  |TAMS 0x000000008d900000, 0x000000008d900000| Untracked 
| 172|0x000000008da00000, 0x000000008da00000, 0x000000008db00000|  0%| F|  |TAMS 0x000000008da00000, 0x000000008da00000| Untracked 
| 173|0x000000008db00000, 0x000000008db00000, 0x000000008dc00000|  0%| F|  |TAMS 0x000000008db00000, 0x000000008db00000| Untracked 
| 174|0x000000008dc00000, 0x000000008dc00000, 0x000000008dd00000|  0%| F|  |TAMS 0x000000008dc00000, 0x000000008dc00000| Untracked 
| 175|0x000000008dd00000, 0x000000008dd00000, 0x000000008de00000|  0%| F|  |TAMS 0x000000008dd00000, 0x000000008dd00000| Untracked 
| 176|0x000000008de00000, 0x000000008de00000, 0x000000008df00000|  0%| F|  |TAMS 0x000000008de00000, 0x000000008de00000| Untracked 
| 177|0x000000008df00000, 0x000000008df00000, 0x000000008e000000|  0%| F|  |TAMS 0x000000008df00000, 0x000000008df00000| Untracked 
| 178|0x000000008e000000, 0x000000008e000000, 0x000000008e100000|  0%| F|  |TAMS 0x000000008e000000, 0x000000008e000000| Untracked 
| 179|0x000000008e100000, 0x000000008e100000, 0x000000008e200000|  0%| F|  |TAMS 0x000000008e100000, 0x000000008e100000| Untracked 
| 180|0x000000008e200000, 0x000000008e200000, 0x000000008e300000|  0%| F|  |TAMS 0x000000008e200000, 0x000000008e200000| Untracked 
| 181|0x000000008e300000, 0x000000008e300000, 0x000000008e400000|  0%| F|  |TAMS 0x000000008e300000, 0x000000008e300000| Untracked 
| 182|0x000000008e400000, 0x000000008e400000, 0x000000008e500000|  0%| F|  |TAMS 0x000000008e400000, 0x000000008e400000| Untracked 
| 183|0x000000008e500000, 0x000000008e500000, 0x000000008e600000|  0%| F|  |TAMS 0x000000008e500000, 0x000000008e500000| Untracked 
| 184|0x000000008e600000, 0x000000008e600000, 0x000000008e700000|  0%| F|  |TAMS 0x000000008e600000, 0x000000008e600000| Untracked 
| 185|0x000000008e700000, 0x000000008e700000, 0x000000008e800000|  0%| F|  |TAMS 0x000000008e700000, 0x000000008e700000| Untracked 
| 186|0x000000008e800000, 0x000000008e800000, 0x000000008e900000|  0%| F|  |TAMS 0x000000008e800000, 0x000000008e800000| Untracked 
| 187|0x000000008e900000, 0x000000008e900000, 0x000000008ea00000|  0%| F|  |TAMS 0x000000008e900000, 0x000000008e900000| Untracked 
| 188|0x000000008ea00000, 0x000000008ea00000, 0x000000008eb00000|  0%| F|  |TAMS 0x000000008ea00000, 0x000000008ea00000| Untracked 
| 189|0x000000008eb00000, 0x000000008eb00000, 0x000000008ec00000|  0%| F|  |TAMS 0x000000008eb00000, 0x000000008eb00000| Untracked 
| 190|0x000000008ec00000, 0x000000008ec00000, 0x000000008ed00000|  0%| F|  |TAMS 0x000000008ec00000, 0x000000008ec00000| Untracked 
| 191|0x000000008ed00000, 0x000000008ed00000, 0x000000008ee00000|  0%| F|  |TAMS 0x000000008ed00000, 0x000000008ed00000| Untracked 
| 192|0x000000008ee00000, 0x000000008ee00000, 0x000000008ef00000|  0%| F|  |TAMS 0x000000008ee00000, 0x000000008ee00000| Untracked 
| 193|0x000000008ef00000, 0x000000008ef00000, 0x000000008f000000|  0%| F|  |TAMS 0x000000008ef00000, 0x000000008ef00000| Untracked 
| 194|0x000000008f000000, 0x000000008f000000, 0x000000008f100000|  0%| F|  |TAMS 0x000000008f000000, 0x000000008f000000| Untracked 
| 195|0x000000008f100000, 0x000000008f100000, 0x000000008f200000|  0%| F|  |TAMS 0x000000008f100000, 0x000000008f100000| Untracked 
| 196|0x000000008f200000, 0x000000008f200000, 0x000000008f300000|  0%| F|  |TAMS 0x000000008f200000, 0x000000008f200000| Untracked 
| 197|0x000000008f300000, 0x000000008f300000, 0x000000008f400000|  0%| F|  |TAMS 0x000000008f300000, 0x000000008f300000| Untracked 
| 198|0x000000008f400000, 0x000000008f400000, 0x000000008f500000|  0%| F|  |TAMS 0x000000008f400000, 0x000000008f400000| Untracked 
| 199|0x000000008f500000, 0x000000008f500000, 0x000000008f600000|  0%| F|  |TAMS 0x000000008f500000, 0x000000008f500000| Untracked 
| 200|0x000000008f600000, 0x000000008f600000, 0x000000008f700000|  0%| F|  |TAMS 0x000000008f600000, 0x000000008f600000| Untracked 
| 201|0x000000008f700000, 0x000000008f700000, 0x000000008f800000|  0%| F|  |TAMS 0x000000008f700000, 0x000000008f700000| Untracked 
| 202|0x000000008f800000, 0x000000008f800000, 0x000000008f900000|  0%| F|  |TAMS 0x000000008f800000, 0x000000008f800000| Untracked 
| 203|0x000000008f900000, 0x000000008f900000, 0x000000008fa00000|  0%| F|  |TAMS 0x000000008f900000, 0x000000008f900000| Untracked 
| 204|0x000000008fa00000, 0x000000008fa00000, 0x000000008fb00000|  0%| F|  |TAMS 0x000000008fa00000, 0x000000008fa00000| Untracked 
| 205|0x000000008fb00000, 0x000000008fb00000, 0x000000008fc00000|  0%| F|  |TAMS 0x000000008fb00000, 0x000000008fb00000| Untracked 
| 206|0x000000008fc00000, 0x000000008fc00000, 0x000000008fd00000|  0%| F|  |TAMS 0x000000008fc00000, 0x000000008fc00000| Untracked 
| 207|0x000000008fd00000, 0x000000008fd00000, 0x000000008fe00000|  0%| F|  |TAMS 0x000000008fd00000, 0x000000008fd00000| Untracked 
| 208|0x000000008fe00000, 0x000000008fe00000, 0x000000008ff00000|  0%| F|  |TAMS 0x000000008fe00000, 0x000000008fe00000| Untracked 
| 209|0x000000008ff00000, 0x000000008ff00000, 0x0000000090000000|  0%| F|  |TAMS 0x000000008ff00000, 0x000000008ff00000| Untracked 
| 210|0x0000000090000000, 0x0000000090000000, 0x0000000090100000|  0%| F|  |TAMS 0x0000000090000000, 0x0000000090000000| Untracked 
| 211|0x0000000090100000, 0x0000000090100000, 0x0000000090200000|  0%| F|  |TAMS 0x0000000090100000, 0x0000000090100000| Untracked 
| 212|0x0000000090200000, 0x0000000090200000, 0x0000000090300000|  0%| F|  |TAMS 0x0000000090200000, 0x0000000090200000| Untracked 
| 213|0x0000000090300000, 0x0000000090300000, 0x0000000090400000|  0%| F|  |TAMS 0x0000000090300000, 0x0000000090300000| Untracked 
| 214|0x0000000090400000, 0x0000000090400000, 0x0000000090500000|  0%| F|  |TAMS 0x0000000090400000, 0x0000000090400000| Untracked 
| 215|0x0000000090500000, 0x00000000905787f8, 0x0000000090600000| 47%| S|CS|TAMS 0x0000000090500000, 0x0000000090500000| Complete 
| 216|0x0000000090600000, 0x0000000090600000, 0x0000000090700000|  0%| F|  |TAMS 0x0000000090600000, 0x0000000090600000| Untracked 
| 217|0x0000000090700000, 0x0000000090700000, 0x0000000090800000|  0%| F|  |TAMS 0x0000000090700000, 0x0000000090700000| Untracked 
| 218|0x0000000090800000, 0x00000000908c5df8, 0x0000000090900000| 77%| E|  |TAMS 0x0000000090800000, 0x0000000090800000| Complete 

Card table byte_map: [0x0000028463db0000,0x00000284641a0000] _byte_map_base: 0x0000028463999000

Marking Bits (Prev, Next): (CMBitMap*) 0x000002844cdb5130, (CMBitMap*) 0x000002844cdb50f0
 Prev Bits: [0x00000284664e0000, 0x0000028468428000)
 Next Bits: [0x0000028464590000, 0x00000284664d8000)

Polling page: 0x000002844c520000

Metaspace:

Usage:
  Non-class:     20.66 MB used.
      Class:      2.45 MB used.
       Both:     23.11 MB used.

Virtual space:
  Non-class space:       64.00 MB reserved,      20.81 MB ( 33%) committed,  1 nodes.
      Class space:        1.00 GB reserved,       2.62 MB ( <1%) committed,  1 nodes.
             Both:        1.06 GB reserved,      23.44 MB (  2%) committed. 

Chunk freelists:
   Non-Class:  2.85 MB
       Class:  1.44 MB
        Both:  4.28 MB

MaxMetaspaceSize: unlimited
CompressedClassSpaceSize: 1.00 GB
Initial GC threshold: 21.00 MB
Current GC threshold: 38.56 MB
CDS: on
MetaspaceReclaimPolicy: balanced
 - commit_granule_bytes: 65536.
 - commit_granule_words: 8192.
 - virtual_space_node_default_size: 8388608.
 - enlarge_chunks_in_place: 1.
 - new_chunks_are_fully_committed: 0.
 - uncommit_free_chunks: 1.
 - use_allocation_guard: 0.


Internal statistics:

num_allocs_failed_limit: 0.
num_arena_births: 264.
num_arena_deaths: 0.
num_vsnodes_births: 2.
num_vsnodes_deaths: 0.
num_space_committed: 375.
num_space_uncommitted: 0.
num_chunks_returned_to_freelist: 0.
num_chunks_taken_from_freelist: 544.
num_chunk_merges: 0.
num_chunk_splits: 320.
num_chunks_enlarged: 162.
num_inconsistent_stats: 0.

CodeHeap 'non-profiled nmethods': size=120000Kb used=2837Kb max_used=2837Kb free=117163Kb
 bounds [0x000002845c160000, 0x000002845c430000, 0x0000028463690000]
CodeHeap 'profiled nmethods': size=120000Kb used=9746Kb max_used=9746Kb free=110253Kb
 bounds [0x0000028454c30000, 0x00000284555c0000, 0x000002845c160000]
CodeHeap 'non-nmethods': size=5760Kb used=1426Kb max_used=1501Kb free=4333Kb
 bounds [0x0000028454690000, 0x0000028454900000, 0x0000028454c30000]
 total_blobs=5664 nmethods=4895 adapters=681
 compilation: enabled
              stopped_count=0, restarted_count=0
 full_count=0

Compilation events (20 events):
Event: 55.401 Thread 0x000002846ae3a6a0 4892       3       java.lang.invoke.LambdaForm$MH/0x0000000800c03400::invoke (148 bytes)
Event: 55.402 Thread 0x000002846ae3a6a0 nmethod 4892 0x00000284555a2590 code [0x00000284555a2800, 0x00000284555a3988]
Event: 55.403 Thread 0x000002846ae3a6a0 4893   !   3       java.lang.invoke.CallSite::makeSite (91 bytes)
Event: 55.405 Thread 0x000002846ae3a6a0 nmethod 4893 0x00000284555a3e10 code [0x00000284555a4140, 0x00000284555a5218]
Event: 55.405 Thread 0x000002846ae3a6a0 4894   !   3       java.lang.invoke.BootstrapMethodInvoker::invoke (974 bytes)
Event: 55.414 Thread 0x000002846ae3a6a0 nmethod 4894 0x00000284555a5d10 code [0x00000284555a6520, 0x00000284555ad6f8]
Event: 55.414 Thread 0x000002846ae3a6a0 4895       3       java.lang.invoke.MethodHandleNatives::staticArgumentsPulled (5 bytes)
Event: 55.415 Thread 0x000002846ae3a6a0 nmethod 4895 0x00000284555b0910 code [0x00000284555b0aa0, 0x00000284555b0c98]
Event: 55.415 Thread 0x000002846ae3a6a0 4896       3       java.lang.invoke.BootstrapMethodInvoker::widenAndCast (47 bytes)
Event: 55.416 Thread 0x000002846ae3a6a0 nmethod 4896 0x00000284555b0d10 code [0x00000284555b0f80, 0x00000284555b1918]
Event: 55.416 Thread 0x000002846ae3a6a0 4897       3       java.lang.invoke.Invokers::callSiteForm (308 bytes)
Event: 55.418 Thread 0x000002846ae3a6a0 nmethod 4897 0x00000284555b1c10 code [0x00000284555b1f40, 0x00000284555b3608]
Event: 57.122 Thread 0x000002846ae318a0 4898       4       java.awt.AWTEvent::<init> (81 bytes)
Event: 57.132 Thread 0x000002846ae318a0 nmethod 4898 0x000002845c423e90 code [0x000002845c424060, 0x000002845c424ac0]
Event: 61.379 Thread 0x000002846ae3a6a0 4899   !   3       jdk.internal.ref.PhantomCleanable::isListEmpty (34 bytes)
Event: 61.379 Thread 0x000002846ae3a6a0 nmethod 4899 0x00000284555b3f10 code [0x00000284555b40a0, 0x00000284555b42f8]
Event: 61.379 Thread 0x000002846ae3a6a0 4900       3       jdk.internal.misc.InnocuousThread::eraseThreadLocals (23 bytes)
Event: 61.379 Thread 0x000002846ae3a6a0 nmethod 4900 0x00000284555b4410 code [0x00000284555b45a0, 0x00000284555b4798]
Event: 61.379 Thread 0x000002846ae3a6a0 4901       3       java.lang.invoke.MethodHandleNatives$CallSiteContext::run (5 bytes)
Event: 61.380 Thread 0x000002846ae3a6a0 nmethod 4901 0x00000284555b4810 code [0x00000284555b49a0, 0x00000284555b4ac8]

GC Heap History (20 events):
Event: 28.852 GC heap before
{Heap before GC invocations=6 (full 0):
 garbage-first heap   total 133120K, used 83152K [0x0000000082e00000, 0x0000000100000000)
  region size 1024K, 11 young (11264K), 4 survivors (4096K)
 Metaspace       used 22649K, committed 22976K, reserved 1114112K
  class space    used 2447K, committed 2624K, reserved 1048576K
}
Event: 28.858 GC heap after
{Heap after GC invocations=7 (full 0):
 garbage-first heap   total 133120K, used 73280K [0x0000000082e00000, 0x0000000100000000)
  region size 1024K, 1 young (1024K), 1 survivors (1024K)
 Metaspace       used 22649K, committed 22976K, reserved 1114112K
  class space    used 2447K, committed 2624K, reserved 1048576K
}
Event: 36.994 GC heap before
{Heap before GC invocations=8 (full 0):
 garbage-first heap   total 142336K, used 123456K [0x0000000082e00000, 0x0000000100000000)
  region size 1024K, 36 young (36864K), 1 survivors (1024K)
 Metaspace       used 22867K, committed 23232K, reserved 1114112K
  class space    used 2449K, committed 2624K, reserved 1048576K
}
Event: 36.995 GC heap after
{Heap after GC invocations=9 (full 0):
 garbage-first heap   total 142336K, used 85888K [0x0000000082e00000, 0x0000000100000000)
  region size 1024K, 1 young (1024K), 1 survivors (1024K)
 Metaspace       used 22867K, committed 23232K, reserved 1114112K
  class space    used 2449K, committed 2624K, reserved 1048576K
}
Event: 37.800 GC heap before
{Heap before GC invocations=9 (full 0):
 garbage-first heap   total 142336K, used 91008K [0x0000000082e00000, 0x0000000100000000)
  region size 1024K, 6 young (6144K), 1 survivors (1024K)
 Metaspace       used 23025K, committed 23296K, reserved 1114112K
  class space    used 2453K, committed 2624K, reserved 1048576K
}
Event: 37.806 GC heap after
{Heap after GC invocations=10 (full 0):
 garbage-first heap   total 142336K, used 85894K [0x0000000082e00000, 0x0000000100000000)
  region size 1024K, 1 young (1024K), 1 survivors (1024K)
 Metaspace       used 23025K, committed 23296K, reserved 1114112K
  class space    used 2453K, committed 2624K, reserved 1048576K
}
Event: 39.722 GC heap before
{Heap before GC invocations=10 (full 0):
 garbage-first heap   total 142336K, used 111494K [0x0000000082e00000, 0x0000000100000000)
  region size 1024K, 28 young (28672K), 1 survivors (1024K)
 Metaspace       used 23352K, committed 23680K, reserved 1114112K
  class space    used 2479K, committed 2688K, reserved 1048576K
}
Event: 39.725 GC heap after
{Heap after GC invocations=11 (full 0):
 garbage-first heap   total 142336K, used 88607K [0x0000000082e00000, 0x0000000100000000)
  region size 1024K, 4 young (4096K), 4 survivors (4096K)
 Metaspace       used 23352K, committed 23680K, reserved 1114112K
  class space    used 2479K, committed 2688K, reserved 1048576K
}
Event: 41.528 GC heap before
{Heap before GC invocations=12 (full 0):
 garbage-first heap   total 188416K, used 142879K [0x0000000082e00000, 0x0000000100000000)
  region size 1024K, 33 young (33792K), 4 survivors (4096K)
 Metaspace       used 23374K, committed 23744K, reserved 1114112K
  class space    used 2479K, committed 2688K, reserved 1048576K
}
Event: 41.530 GC heap after
{Heap after GC invocations=13 (full 0):
 garbage-first heap   total 188416K, used 108842K [0x0000000082e00000, 0x0000000100000000)
  region size 1024K, 1 young (1024K), 1 survivors (1024K)
 Metaspace       used 23374K, committed 23744K, reserved 1114112K
  class space    used 2479K, committed 2688K, reserved 1048576K
}
Event: 46.008 GC heap before
{Heap before GC invocations=13 (full 0):
 garbage-first heap   total 188416K, used 117034K [0x0000000082e00000, 0x0000000100000000)
  region size 1024K, 9 young (9216K), 1 survivors (1024K)
 Metaspace       used 23384K, committed 23744K, reserved 1114112K
  class space    used 2479K, committed 2688K, reserved 1048576K
}
Event: 46.013 GC heap after
{Heap after GC invocations=14 (full 0):
 garbage-first heap   total 188416K, used 108608K [0x0000000082e00000, 0x0000000100000000)
  region size 1024K, 1 young (1024K), 1 survivors (1024K)
 Metaspace       used 23384K, committed 23744K, reserved 1114112K
  class space    used 2479K, committed 2688K, reserved 1048576K
}
Event: 50.586 GC heap before
{Heap before GC invocations=14 (full 0):
 garbage-first heap   total 188416K, used 116800K [0x0000000082e00000, 0x0000000100000000)
  region size 1024K, 10 young (10240K), 1 survivors (1024K)
 Metaspace       used 23384K, committed 23744K, reserved 1114112K
  class space    used 2479K, committed 2688K, reserved 1048576K
}
Event: 50.588 GC heap after
{Heap after GC invocations=15 (full 0):
 garbage-first heap   total 188416K, used 108595K [0x0000000082e00000, 0x0000000100000000)
  region size 1024K, 1 young (1024K), 1 survivors (1024K)
 Metaspace       used 23384K, committed 23744K, reserved 1114112K
  class space    used 2479K, committed 2688K, reserved 1048576K
}
Event: 61.376 GC heap before
{Heap before GC invocations=16 (full 0):
 garbage-first heap   total 224256K, used 201779K [0x0000000082e00000, 0x0000000100000000)
  region size 1024K, 52 young (53248K), 1 survivors (1024K)
 Metaspace       used 23660K, committed 24000K, reserved 1114112K
  class space    used 2507K, committed 2688K, reserved 1048576K
}
Event: 61.378 GC heap after
{Heap after GC invocations=17 (full 0):
 garbage-first heap   total 224256K, used 147859K [0x0000000082e00000, 0x0000000100000000)
  region size 1024K, 1 young (1024K), 1 survivors (1024K)
 Metaspace       used 23660K, committed 24000K, reserved 1114112K
  class space    used 2507K, committed 2688K, reserved 1048576K
}
Event: 61.440 GC heap before
{Heap before GC invocations=17 (full 0):
 garbage-first heap   total 224256K, used 157075K [0x0000000082e00000, 0x0000000100000000)
  region size 1024K, 10 young (10240K), 1 survivors (1024K)
 Metaspace       used 23661K, committed 24000K, reserved 1114112K
  class space    used 2507K, committed 2688K, reserved 1048576K
}
Event: 61.443 GC heap after
{Heap after GC invocations=18 (full 0):
 garbage-first heap   total 224256K, used 144640K [0x0000000082e00000, 0x0000000100000000)
  region size 1024K, 1 young (1024K), 1 survivors (1024K)
 Metaspace       used 23661K, committed 24000K, reserved 1114112K
  class space    used 2507K, committed 2688K, reserved 1048576K
}
Event: 61.474 GC heap before
{Heap before GC invocations=18 (full 0):
 garbage-first heap   total 224256K, used 145664K [0x0000000082e00000, 0x0000000100000000)
  region size 1024K, 4 young (4096K), 1 survivors (1024K)
 Metaspace       used 23661K, committed 24000K, reserved 1114112K
  class space    used 2507K, committed 2688K, reserved 1048576K
}
Event: 61.477 GC heap after
{Heap after GC invocations=19 (full 0):
 garbage-first heap   total 224256K, used 144661K [0x0000000082e00000, 0x0000000100000000)
  region size 1024K, 1 young (1024K), 1 survivors (1024K)
 Metaspace       used 23661K, committed 24000K, reserved 1114112K
  class space    used 2507K, committed 2688K, reserved 1048576K
}

Deoptimization events (20 events):
Event: 55.285 Thread 0x000002846f34e5f0 Uncommon trap: trap_request=0xffffffc6 fr.pc=0x000002845c210930 relative=0x0000000000000b50
Event: 55.285 Thread 0x000002846f34e5f0 Uncommon trap: reason=bimorphic_or_optimized_type_check action=maybe_recompile pc=0x000002845c210930 method=java.util.regex.Pattern$Branch.match(Ljava/util/regex/Matcher;ILjava/lang/CharSequence;)Z @ 50 c2
Event: 55.285 Thread 0x000002846f34e5f0 DEOPT PACKING pc=0x000002845c210930 sp=0x000000c6881fc3c0
Event: 55.285 Thread 0x000002846f34e5f0 DEOPT UNPACKING pc=0x00000284546e23a3 sp=0x000000c6881fc3e0 mode 2
Event: 55.285 Thread 0x000002846f34e5f0 Uncommon trap: trap_request=0xffffffc6 fr.pc=0x000002845c210930 relative=0x0000000000000b50
Event: 55.285 Thread 0x000002846f34e5f0 Uncommon trap: reason=bimorphic_or_optimized_type_check action=maybe_recompile pc=0x000002845c210930 method=java.util.regex.Pattern$Branch.match(Ljava/util/regex/Matcher;ILjava/lang/CharSequence;)Z @ 50 c2
Event: 55.285 Thread 0x000002846f34e5f0 DEOPT PACKING pc=0x000002845c210930 sp=0x000000c6881fc330
Event: 55.285 Thread 0x000002846f34e5f0 DEOPT UNPACKING pc=0x00000284546e23a3 sp=0x000000c6881fc350 mode 2
Event: 55.407 Thread 0x0000028470250e40 Uncommon trap: trap_request=0xffffffde fr.pc=0x000002845c422700 relative=0x0000000000000ee0
Event: 55.407 Thread 0x0000028470250e40 Uncommon trap: reason=class_check action=maybe_recompile pc=0x000002845c422700 method=java.util.concurrent.ConcurrentHashMap.putVal(Ljava/lang/Object;Ljava/lang/Object;Z)Ljava/lang/Object; @ 159 c2
Event: 55.407 Thread 0x0000028470250e40 DEOPT PACKING pc=0x000002845c422700 sp=0x000000c6895fe420
Event: 55.407 Thread 0x0000028470250e40 DEOPT UNPACKING pc=0x00000284546e23a3 sp=0x000000c6895fe3a0 mode 2
Event: 60.413 Thread 0x0000028470250e40 Uncommon trap: trap_request=0xffffff45 fr.pc=0x000002845c4224b8 relative=0x0000000000000c98
Event: 60.413 Thread 0x0000028470250e40 Uncommon trap: reason=unstable_if action=reinterpret pc=0x000002845c4224b8 method=java.util.concurrent.ConcurrentHashMap.putVal(Ljava/lang/Object;Ljava/lang/Object;Z)Ljava/lang/Object; @ 97 c2
Event: 60.413 Thread 0x0000028470250e40 DEOPT PACKING pc=0x000002845c4224b8 sp=0x000000c6895fe430
Event: 60.413 Thread 0x0000028470250e40 DEOPT UNPACKING pc=0x00000284546e23a3 sp=0x000000c6895fe3b8 mode 2
Event: 61.477 Thread 0x000002847024ffd0 Uncommon trap: trap_request=0xffffffbe fr.pc=0x000002845c377398 relative=0x0000000000001df8
Event: 61.477 Thread 0x000002847024ffd0 Uncommon trap: reason=profile_predicate action=maybe_recompile pc=0x000002845c377398 method=sun.awt.image.ImageRepresentation.convertToRGB()V @ 154 c2
Event: 61.477 Thread 0x000002847024ffd0 DEOPT PACKING pc=0x000002845c377398 sp=0x000000c6868fe130
Event: 61.477 Thread 0x000002847024ffd0 DEOPT UNPACKING pc=0x00000284546e23a3 sp=0x000000c6868fe108 mode 2

Classes loaded (20 events):
Event: 55.283 Loading class sun/util/logging/resources/logging
Event: 55.283 Loading class sun/util/logging/resources/logging done
Event: 55.283 Loading class sun/util/logging/resources/logging_en
Event: 55.283 Loading class sun/util/logging/resources/logging_en done
Event: 55.283 Loading class sun/util/logging/resources/logging_en
Event: 55.283 Loading class sun/util/logging/resources/logging_en done
Event: 55.283 Loading class sun/util/logging/resources/logging_en_US
Event: 55.283 Loading class sun/util/logging/resources/logging_en_US done
Event: 55.284 Loading class sun/util/logging/resources/logging_en_US
Event: 55.284 Loading class sun/util/logging/resources/logging_en_US done
Event: 55.285 Loading class java/util/Formatter$DateTime
Event: 55.285 Loading class java/util/Formatter$DateTime done
Event: 55.286 Loading class java/util/Formatter$FixedString
Event: 55.286 Loading class java/util/Formatter$FixedString done
Event: 55.286 Loading class java/time/ZonedDateTime$1
Event: 55.286 Loading class java/time/ZonedDateTime$1 done
Event: 55.403 Loading class java/util/concurrent/ThreadPoolExecutor$Worker
Event: 55.404 Loading class java/util/concurrent/ThreadPoolExecutor$Worker done
Event: 55.404 Loading class java/lang/Thread$State
Event: 55.404 Loading class java/lang/Thread$State done

Classes unloaded (0 events):
No events

Classes redefined (0 events):
No events

Internal exceptions (20 events):
Event: 5.663 Thread 0x000002846f34e5f0 Exception <a 'java/lang/NoSuchMethodError'{0x0000000089a194c8}: 'java.lang.Object java.lang.invoke.DirectMethodHandle$Holder.invokeInterface(java.lang.Object, java.lang.Object)'> (0x0000000089a194c8) 
thrown [s\open\src\hotspot\share\interpreter\linkResolver.cpp, line 759]
Event: 5.743 Thread 0x000002846f34e5f0 Exception <a 'java/lang/NoSuchMethodError'{0x00000000898696f8}: 'java.lang.Object java.lang.invoke.DirectMethodHandle$Holder.invokeStatic(java.lang.Object, java.lang.Object, long, java.lang.Object)'> (0x00000000898696f8) 
thrown [s\open\src\hotspot\share\interpreter\linkResolver.cpp, line 759]
Event: 5.744 Thread 0x000002846f34e5f0 Exception <a 'java/lang/NoSuchMethodError'{0x000000008986d430}: 'java.lang.Object java.lang.invoke.DirectMethodHandle$Holder.invokeStaticInit(java.lang.Object, java.lang.Object, long, java.lang.Object)'> (0x000000008986d430) 
thrown [s\open\src\hotspot\share\interpreter\linkResolver.cpp, line 759]
Event: 5.745 Thread 0x000002846f34e5f0 Exception <a 'java/lang/NoSuchMethodError'{0x0000000089873ca8}: 'java.lang.Object java.lang.invoke.DirectMethodHandle$Holder.newInvokeSpecial(java.lang.Object, java.lang.Object, long)'> (0x0000000089873ca8) 
thrown [s\open\src\hotspot\share\interpreter\linkResolver.cpp, line 759]
Event: 5.745 Thread 0x000002846f34e5f0 Exception <a 'java/lang/NoSuchMethodError'{0x0000000089877ac8}: 'java.lang.Object java.lang.invoke.Invokers$Holder.linkToTargetMethod(java.lang.Object, long, java.lang.Object)'> (0x0000000089877ac8) 
thrown [s\open\src\hotspot\share\interpreter\linkResolver.cpp, line 759]
Event: 5.846 Thread 0x000002846f34e5f0 Exception <a 'java/lang/NoSuchMethodError'{0x00000000897b7068}: 'void java.lang.invoke.DirectMethodHandle$Holder.invokeStatic(java.lang.Object, java.lang.Object)'> (0x00000000897b7068) 
thrown [s\open\src\hotspot\share\interpreter\linkResolver.cpp, line 759]
Event: 5.858 Thread 0x000002846f34e5f0 Exception <a 'java/lang/NoSuchMethodError'{0x00000000897d0540}: 'java.lang.Object java.lang.invoke.DirectMethodHandle$Holder.invokeStaticInit(java.lang.Object, int, int, int, int)'> (0x00000000897d0540) 
thrown [s\open\src\hotspot\share\interpreter\linkResolver.cpp, line 759]
Event: 5.939 Thread 0x000002846f34e5f0 Exception <a 'java/lang/NoSuchMethodError'{0x0000000089684778}: 'java.lang.Object java.lang.invoke.DirectMethodHandle$Holder.invokeStaticInit(java.lang.Object, java.lang.Object, int, int, int, int)'> (0x0000000089684778) 
thrown [s\open\src\hotspot\share\interpreter\linkResolver.cpp, line 759]
Event: 5.982 Thread 0x000002846f34e5f0 Exception <a 'sun/nio/fs/WindowsException'{0x000000008951e8e0}> (0x000000008951e8e0) 
thrown [s\open\src\hotspot\share\prims\jni.cpp, line 516]
Event: 7.353 Thread 0x0000028470133480 Implicit null exception at 0x000002845c236e06 to 0x000002845c236f6c
Event: 17.866 Thread 0x000002847024fb00 Implicit null exception at 0x000002845c268a57 to 0x000002845c268db8
Event: 19.900 Thread 0x000002846f34e5f0 Implicit null exception at 0x000002845c274960 to 0x000002845c2749e9
Event: 20.215 Thread 0x000002846f34e5f0 Implicit null exception at 0x000002845514663f to 0x00000284551491fa
Event: 20.215 Thread 0x000002846f34e5f0 Exception <a 'java/lang/NullPointerException'{0x000000008a6c7680}> (0x000000008a6c7680) 
thrown [s\open\src\hotspot\share\runtime\sharedRuntime.cpp, line 625]
Event: 20.237 Thread 0x000002846f34e5f0 Implicit null exception at 0x000002845514663f to 0x00000284551491fa
Event: 20.237 Thread 0x000002846f34e5f0 Exception <a 'java/lang/NullPointerException'{0x000000008a503ce0}> (0x000000008a503ce0) 
thrown [s\open\src\hotspot\share\runtime\sharedRuntime.cpp, line 625]
Event: 20.336 Thread 0x000002846f34e5f0 Implicit null exception at 0x000002845514663f to 0x00000284551491fa
Event: 20.337 Thread 0x000002846f34e5f0 Exception <a 'java/lang/NullPointerException'{0x000000008a441aa8}> (0x000000008a441aa8) 
thrown [s\open\src\hotspot\share\runtime\sharedRuntime.cpp, line 625]
Event: 55.250 Thread 0x000002846f34e5f0 Exception <a 'sun/net/ConnectionResetException'{0x000000008e9aa800}: Connection reset> (0x000000008e9aa800) 
thrown [s\open\src\hotspot\share\prims\jni.cpp, line 535]
Event: 55.283 Thread 0x000002846f34e5f0 Exception <a 'java/lang/ClassNotFoundException'{0x000000008e236900}: sun/util/logging/resources/spi/loggingProvider> (0x000000008e236900) 
thrown [s\open\src\hotspot\share\classfile\systemDictionary.cpp, line 255]

VM Operations (20 events):
Event: 50.588 Executing VM operation: G1TryInitiateConcMark done
Event: 50.609 Executing VM operation: G1Concurrent
Event: 50.614 Executing VM operation: G1Concurrent done
Event: 50.625 Executing VM operation: G1Concurrent
Event: 50.625 Executing VM operation: G1Concurrent done
Event: 51.626 Executing VM operation: Cleanup
Event: 51.626 Executing VM operation: Cleanup done
Event: 52.632 Executing VM operation: Cleanup
Event: 52.632 Executing VM operation: Cleanup done
Event: 54.651 Executing VM operation: Cleanup
Event: 54.651 Executing VM operation: Cleanup done
Event: 55.659 Executing VM operation: Cleanup
Event: 55.659 Executing VM operation: Cleanup done
Event: 61.376 Executing VM operation: G1CollectForAllocation
Event: 61.379 Executing VM operation: G1CollectForAllocation done
Event: 61.440 Executing VM operation: G1CollectForAllocation
Event: 61.443 Executing VM operation: G1CollectForAllocation done
Event: 61.474 Executing VM operation: G1TryInitiateConcMark
Event: 61.477 Executing VM operation: G1TryInitiateConcMark done
Event: 61.495 Executing VM operation: G1Concurrent

Events (20 events):
Event: 26.908 Thread 0x00000284705962e0 Thread exited: 0x00000284705962e0
Event: 28.578 Thread 0x0000028473801cc0 Thread exited: 0x0000028473801cc0
Event: 29.141 Thread 0x000002847024ec90 Thread added: 0x000002847024ec90
Event: 33.991 Thread 0x00000284705962e0 Thread added: 0x00000284705962e0
Event: 34.136 Thread 0x00000284705962e0 Thread exited: 0x00000284705962e0
Event: 34.143 Thread 0x000002847024ec90 Thread exited: 0x000002847024ec90
Event: 34.719 Thread 0x000002847024e7c0 Thread exited: 0x000002847024e7c0
Event: 34.815 Thread 0x00000284705962e0 Thread added: 0x00000284705962e0
Event: 35.677 Thread 0x00000284705962e0 Thread exited: 0x00000284705962e0
Event: 37.715 Thread 0x00000284705962e0 Thread added: 0x00000284705962e0
Event: 37.852 Thread 0x0000028470250e40 Thread added: 0x0000028470250e40
Event: 40.003 Thread 0x00000284705962e0 Thread exited: 0x00000284705962e0
Event: 45.584 Thread 0x0000028470250e40 Thread exited: 0x0000028470250e40
Event: 50.584 Thread 0x000002847024ffd0 Thread added: 0x000002847024ffd0
Event: 55.404 Thread 0x0000028470250e40 Thread added: 0x0000028470250e40
Event: 55.405 Thread 0x00000284702517e0 Thread added: 0x00000284702517e0
Event: 56.309 Thread 0x000002847024ffd0 Thread exited: 0x000002847024ffd0
Event: 60.414 Thread 0x00000284702517e0 Thread exited: 0x00000284702517e0
Event: 60.414 Thread 0x0000028470250e40 Thread exited: 0x0000028470250e40
Event: 61.310 Thread 0x000002847024ffd0 Thread added: 0x000002847024ffd0


Dynamic libraries:
0x00007ff76c480000 - 0x00007ff76c490000 	C:\Program Files\Java\jdk-18.0.2.1\bin\java.exe
0x00007ff8a86e0000 - 0x00007ff8a88e9000 	C:\WINDOWS\SYSTEM32\ntdll.dll
0x00007ff8a7610000 - 0x00007ff8a76cd000 	C:\WINDOWS\System32\KERNEL32.DLL
0x00007ff8a5ef0000 - 0x00007ff8a626c000 	C:\WINDOWS\System32\KERNELBASE.dll
0x00007ff8a5c40000 - 0x00007ff8a5d51000 	C:\WINDOWS\System32\ucrtbase.dll
0x00007ff88c930000 - 0x00007ff88c94a000 	C:\Program Files\Java\jdk-18.0.2.1\bin\VCRUNTIME140.dll
0x00007ff890d10000 - 0x00007ff890d28000 	C:\Program Files\Java\jdk-18.0.2.1\bin\jli.dll
0x00007ff8a6780000 - 0x00007ff8a682e000 	C:\WINDOWS\System32\ADVAPI32.dll
0x00007ff8a6830000 - 0x00007ff8a68d3000 	C:\WINDOWS\System32\msvcrt.dll
0x00007ff8a73c0000 - 0x00007ff8a745e000 	C:\WINDOWS\System32\sechost.dll
0x00007ff8a8500000 - 0x00007ff8a8620000 	C:\WINDOWS\System32\RPCRT4.dll
0x00007ff8a7460000 - 0x00007ff8a760d000 	C:\WINDOWS\System32\USER32.dll
0x00007ff8a63d0000 - 0x00007ff8a63f6000 	C:\WINDOWS\System32\win32u.dll
0x00007ff8a7390000 - 0x00007ff8a73b9000 	C:\WINDOWS\System32\GDI32.dll
0x00007ff88ab80000 - 0x00007ff88ae25000 	C:\WINDOWS\WinSxS\amd64_microsoft.windows.common-controls_6595b64144ccf1df_6.0.22000.120_none_9d947278b86cc467\COMCTL32.dll
0x00007ff8a5d60000 - 0x00007ff8a5e78000 	C:\WINDOWS\System32\gdi32full.dll
0x00007ff8a6330000 - 0x00007ff8a63cd000 	C:\WINDOWS\System32\msvcp_win.dll
0x00007ff8922b0000 - 0x00007ff8922ba000 	C:\WINDOWS\SYSTEM32\VERSION.dll
0x00007ff8a84c0000 - 0x00007ff8a84f1000 	C:\WINDOWS\System32\IMM32.DLL
0x00007ff8911e0000 - 0x00007ff8911ec000 	C:\Program Files\Java\jdk-18.0.2.1\bin\vcruntime140_1.dll
0x00007ff85e020000 - 0x00007ff85e0ad000 	C:\Program Files\Java\jdk-18.0.2.1\bin\msvcp140.dll
0x00007ff834380000 - 0x00007ff834f91000 	C:\Program Files\Java\jdk-18.0.2.1\bin\server\jvm.dll
0x00007ff8a81a0000 - 0x00007ff8a81a8000 	C:\WINDOWS\System32\PSAPI.DLL
0x00007ff873c00000 - 0x00007ff873c09000 	C:\WINDOWS\SYSTEM32\WSOCK32.dll
0x00007ff89bf20000 - 0x00007ff89bf53000 	C:\WINDOWS\SYSTEM32\WINMM.dll
0x00007ff8a6e10000 - 0x00007ff8a6e7f000 	C:\WINDOWS\System32\WS2_32.dll
0x00007ff8a4ce0000 - 0x00007ff8a4cf8000 	C:\WINDOWS\SYSTEM32\kernel.appcore.dll
0x00007ff890f70000 - 0x00007ff890f7a000 	C:\Program Files\Java\jdk-18.0.2.1\bin\jimage.dll
0x00007ff8a35a0000 - 0x00007ff8a37c1000 	C:\WINDOWS\SYSTEM32\DBGHELP.DLL
0x00007ff87a990000 - 0x00007ff87a9c1000 	C:\WINDOWS\SYSTEM32\dbgcore.DLL
0x00007ff8a5bc0000 - 0x00007ff8a5c3f000 	C:\WINDOWS\System32\bcryptPrimitives.dll
0x00007ff85cfe0000 - 0x00007ff85d005000 	C:\Program Files\Java\jdk-18.0.2.1\bin\java.dll
0x00007ff8532f0000 - 0x00007ff8533c6000 	C:\Program Files\Java\jdk-18.0.2.1\bin\jsvml.dll
0x00007ff8a7910000 - 0x00007ff8a80c8000 	C:\WINDOWS\System32\SHELL32.dll
0x00007ff8a4270000 - 0x00007ff8a4ad8000 	C:\WINDOWS\SYSTEM32\windows.storage.dll
0x00007ff8a6950000 - 0x00007ff8a6cc9000 	C:\WINDOWS\System32\combase.dll
0x00007ff8a4100000 - 0x00007ff8a4266000 	C:\WINDOWS\SYSTEM32\wintypes.dll
0x00007ff8a6690000 - 0x00007ff8a677a000 	C:\WINDOWS\System32\SHCORE.dll
0x00007ff8a6db0000 - 0x00007ff8a6e0d000 	C:\WINDOWS\System32\shlwapi.dll
0x00007ff8a5af0000 - 0x00007ff8a5b11000 	C:\WINDOWS\SYSTEM32\profapi.dll
0x00007ff88ab20000 - 0x00007ff88ab33000 	C:\Program Files\Java\jdk-18.0.2.1\bin\net.dll
0x00007ff89f190000 - 0x00007ff89f29c000 	C:\WINDOWS\SYSTEM32\WINHTTP.dll
0x00007ff8a5100000 - 0x00007ff8a5167000 	C:\WINDOWS\system32\mswsock.dll
0x00007ff88a530000 - 0x00007ff88a546000 	C:\Program Files\Java\jdk-18.0.2.1\bin\nio.dll
0x00007ff865330000 - 0x00007ff865348000 	C:\Program Files\Java\jdk-18.0.2.1\bin\zip.dll
0x00007ff83e5c0000 - 0x00007ff83e74f000 	C:\Program Files\Java\jdk-18.0.2.1\bin\awt.dll
0x00007ff8a6cd0000 - 0x00007ff8a6da6000 	C:\WINDOWS\System32\OLEAUT32.dll
0x00007ff89ece0000 - 0x00007ff89ed71000 	C:\WINDOWS\SYSTEM32\apphelp.dll
0x00007ff89edf0000 - 0x00007ff89ee9c000 	C:\WINDOWS\system32\uxtheme.dll
0x00007ff8a6570000 - 0x00007ff8a668e000 	C:\WINDOWS\System32\MSCTF.dll
0x00007ff8a81b0000 - 0x00007ff8a834a000 	C:\WINDOWS\System32\ole32.dll
0x00007ff8a2df0000 - 0x00007ff8a2e1f000 	C:\WINDOWS\system32\DWMAPI.DLL
0x00007ff854680000 - 0x00007ff854781000 	C:\WINDOWS\system32\opengl32.dll
0x00007ff858310000 - 0x00007ff85833d000 	C:\WINDOWS\SYSTEM32\GLU32.dll
0x00007ff8a2b50000 - 0x00007ff8a2b88000 	C:\WINDOWS\SYSTEM32\dxcore.dll
0x00007ff853260000 - 0x00007ff8532e6000 	C:\Program Files\Java\jdk-18.0.2.1\bin\freetype.dll
0x00007ff852100000 - 0x00007ff8521a8000 	C:\Program Files\Java\jdk-18.0.2.1\bin\fontmanager.dll
0x00007ff8a80e0000 - 0x00007ff8a818f000 	C:\WINDOWS\System32\clbcatq.dll
0x00007ff898370000 - 0x00007ff89851e000 	C:\WINDOWS\SYSTEM32\WindowsCodecs.dll
0x00007ff85eba0000 - 0x00007ff85ebfd000 	C:\WINDOWS\system32\dataexchange.dll
0x00007ff897c80000 - 0x00007ff897ee6000 	C:\WINDOWS\system32\twinapi.appcore.dll
0x00007ff88d0d0000 - 0x00007ff88d1fd000 	C:\WINDOWS\SYSTEM32\textinputframework.dll
0x00007ff89e9f0000 - 0x00007ff89eb22000 	C:\WINDOWS\SYSTEM32\CoreMessaging.dll
0x00007ff8995f0000 - 0x00007ff89995d000 	C:\WINDOWS\SYSTEM32\CoreUIComponents.dll
0x00007ff8a52f0000 - 0x00007ff8a52fc000 	C:\WINDOWS\SYSTEM32\CRYPTBASE.DLL
0x00007ff87b160000 - 0x00007ff87b177000 	C:\WINDOWS\system32\napinsp.dll
0x00007ff87b130000 - 0x00007ff87b14b000 	C:\WINDOWS\system32\pnrpnsp.dll
0x00007ff8a3e40000 - 0x00007ff8a3f28000 	C:\WINDOWS\SYSTEM32\DNSAPI.dll
0x00007ff8a3e10000 - 0x00007ff8a3e3d000 	C:\WINDOWS\SYSTEM32\IPHLPAPI.DLL
0x00007ff8a7380000 - 0x00007ff8a7389000 	C:\WINDOWS\System32\NSI.dll
0x00007ff87af50000 - 0x00007ff87af62000 	C:\WINDOWS\System32\winrnr.dll
0x00007ff89ad00000 - 0x00007ff89ad15000 	C:\WINDOWS\system32\wshbth.dll
0x00007ff87aef0000 - 0x00007ff87af0f000 	C:\WINDOWS\system32\nlansp_c.dll
0x00007ff898520000 - 0x00007ff89852a000 	C:\Windows\System32\rasadhlp.dll
0x00007ff899f60000 - 0x00007ff899fe1000 	C:\WINDOWS\System32\fwpuclnt.dll
0x00007ff8a53e0000 - 0x00007ff8a53f8000 	C:\WINDOWS\SYSTEM32\CRYPTSP.dll
0x00007ff8a4c40000 - 0x00007ff8a4c75000 	C:\WINDOWS\system32\rsaenh.dll
0x00007ff8a51a0000 - 0x00007ff8a51c9000 	C:\WINDOWS\SYSTEM32\USERENV.dll
0x00007ff8a5520000 - 0x00007ff8a5547000 	C:\WINDOWS\SYSTEM32\bcrypt.dll
0x00007ff89ba10000 - 0x00007ff89ba29000 	C:\WINDOWS\SYSTEM32\dhcpcsvc6.DLL
0x00007ff89bb70000 - 0x00007ff89bb8e000 	C:\WINDOWS\SYSTEM32\dhcpcsvc.DLL
0x00007ff8911f0000 - 0x00007ff8911fe000 	C:\Program Files\Java\jdk-18.0.2.1\bin\sunmscapi.dll
0x00007ff8a6400000 - 0x00007ff8a6562000 	C:\WINDOWS\System32\CRYPT32.dll
0x00007ff8a54f0000 - 0x00007ff8a5518000 	C:\WINDOWS\SYSTEM32\ncrypt.dll
0x00007ff8a54b0000 - 0x00007ff8a54e7000 	C:\WINDOWS\SYSTEM32\NTASN1.dll
0x00007ff88d4d0000 - 0x00007ff88d4fd000 	C:\Program Files\Java\jdk-18.0.2.1\bin\javajpeg.dll
0x00007ff891200000 - 0x00007ff891210000 	C:\Program Files\Java\jdk-18.0.2.1\bin\verify.dll

dbghelp: loaded successfully - version: 4.0.5 - missing functions: none
symbol engine: initialized successfully - sym options: 0x614 - pdb path: .;C:\Program Files\Java\jdk-18.0.2.1\bin;C:\WINDOWS\SYSTEM32;C:\WINDOWS\WinSxS\amd64_microsoft.windows.common-controls_6595b64144ccf1df_6.0.22000.120_none_9d947278b86cc467;C:\Program Files\Java\jdk-18.0.2.1\bin\server

VM Arguments:
jvm_args: -Dfile.encoding=UTF-8 --module-path=C:\Users\FPTSHOP\OneDrive\Desktop\PawnStore\PawnStore\build\classes 
java_command: pawnstore.Main
java_class_path (initial): C:\Users\FPTSHOP\OneDrive\Desktop\PawnStore\PawnStore\lib\eclipselink\org.eclipse.persistence.core-2.7.9.jar;C:\Users\FPTSHOP\OneDrive\Desktop\PawnStore\PawnStore\lib\eclipselink\org.eclipse.persistence.asm-9.1.0.jar;C:\Users\FPTSHOP\OneDrive\Desktop\PawnStore\PawnStore\lib\eclipselink\org.eclipse.persistence.antlr-2.7.9.jar;C:\Users\FPTSHOP\OneDrive\Desktop\PawnStore\PawnStore\lib\eclipselink\org.eclipse.persistence.jpa-2.7.9.jar;C:\Users\FPTSHOP\OneDrive\Desktop\PawnStore\PawnStore\lib\eclipselink\org.eclipse.persistence.jpa.jpql-2.7.9.jar;C:\Users\FPTSHOP\OneDrive\Desktop\PawnStore\PawnStore\lib\eclipselink\org.eclipse.persistence.moxy-2.7.9.jar;C:\Users\FPTSHOP\OneDrive\Desktop\PawnStore\PawnStore\lib\eclipselink\javax.persistence-2.2.1.jar;C:\Users\FPTSHOP\OneDrive\Desktop\PawnStore\PawnStore\lib\absolutelayout\AbsoluteLayout.jar;C:\Users\FPTSHOP\OneDrive\Desktop\PawnStore\jcalendar-1.4\lib\jcalendar-1.4.jar;C:\Users\FPTSHOP\OneDrive\Desktop\PawnStore\PLUGIN & LIBRARY IREPORT\PLUGIN & LIBRARY IREPORT\LIBRARY IREPORT.zip;C:\Users\FPTSHOP\OneDrive\Desktop\PawnStore\sqljdbc_11.2.0.0_enu\sqljdbc_11.2\enu\mssql-jdbc-11.2.0.jre18.jar;C:\Users\FPTSHOP\OneDrive\Desktop\PawnStore\jar_files\pdf-7.1.jar;C:\Users\FPTSHOP\OneDrive\Desktop\PawnStore\PawnStore\build\classes
Launcher Type: SUN_STANDARD

[Global flags]
     intx CICompilerCount                          = 4                                         {product} {ergonomic}
     uint ConcGCThreads                            = 2                                         {product} {ergonomic}
     uint G1ConcRefinementThreads                  = 8                                         {product} {ergonomic}
   size_t G1HeapRegionSize                         = 1048576                                   {product} {ergonomic}
    uintx GCDrainStackTargetSize                   = 64                                        {product} {ergonomic}
   size_t InitialHeapSize                          = 132120576                                 {product} {ergonomic}
   size_t MarkStackSize                            = 4194304                                   {product} {ergonomic}
   size_t MaxHeapSize                              = 2099249152                                {product} {ergonomic}
   size_t MaxNewSize                               = 1259339776                                {product} {ergonomic}
   size_t MinHeapDeltaBytes                        = 1048576                                   {product} {ergonomic}
   size_t MinHeapSize                              = 8388608                                   {product} {ergonomic}
    uintx NonNMethodCodeHeapSize                   = 5839372                                {pd product} {ergonomic}
    uintx NonProfiledCodeHeapSize                  = 122909434                              {pd product} {ergonomic}
    uintx ProfiledCodeHeapSize                     = 122909434                              {pd product} {ergonomic}
    uintx ReservedCodeCacheSize                    = 251658240                              {pd product} {ergonomic}
     bool SegmentedCodeCache                       = true                                      {product} {ergonomic}
   size_t SoftMaxHeapSize                          = 2099249152                             {manageable} {ergonomic}
     bool UseCompressedClassPointers               = true                           {product lp64_product} {ergonomic}
     bool UseCompressedOops                        = true                           {product lp64_product} {ergonomic}
     bool UseG1GC                                  = true                                      {product} {ergonomic}
     bool UseLargePagesIndividualAllocation        = false                                  {pd product} {ergonomic}

Logging:
Log output configuration:
 #0: stdout all=warning uptime,level,tags foldmultilines=false
 #1: stderr all=off uptime,level,tags foldmultilines=false

Environment Variables:
JAVA_HOME=C:\Program Files\Java\jdk-18.0.2.1
PATH=C:\Program Files\Common Files\Oracle\Java\javapath;C:\Program Files\Common Files\Microsoft Shared\Microsoft Online Services;C:\Program Files (x86)\Common Files\Microsoft Shared\Microsoft Online Services;C:\Program Files (x86)\Python38-32\Scripts\;C:\Program Files (x86)\Python38-32\;C:\Windows\system32;C:\Windows;C:\Windows\System32\Wbem;C:\Windows\System32\WindowsPowerShell\v1.0\;C:\Windows\System32\OpenSSH\;C:\Program Files\Microsoft SQL Server\130\Tools\Binn\;C:\MinGW\bin;%QUARTUS_ROOTDIR%\bin;C:\Program Files\Microsoft SQL Server\Client SDK\ODBC\170\Tools\Binn\;C:\Program Files\Microsoft SQL Server\Client SDK\ODBC\130\Tools\Binn\;C:\Program Files (x86)\Microsoft SQL Server\130\Tools\Binn\;C:\Program Files\Microsoft SQL Server\130\DTS\Binn\;C:\Program Files (x86)\Microsoft SQL Server\150\Tools\Binn\;C:\Program Files\Microsoft SQL Server\150\Tools\Binn\;C:\Program Files\Microsoft SQL Server\150\DTS\Binn\;C:\Program Files (x86)\Microsoft SQL Server\150\DTS\Binn\;C:\Program Files\Microsoft SQL Server\110\Tools\Binn\;C:\Program Files\dotnet\;C:\Program Files\Azure Data Studio\bin;C:\Program Files\Microsoft SQL Server\120\Tools\Binn\;C:\WINDOWS\system32;C:\WINDOWS;C:\WINDOWS\System32\Wbem;C:\WINDOWS\System32\WindowsPowerShell\v1.0\;C:\WINDOWS\System32\OpenSSH\;C:\Program Files\Docker\Docker\resources\bin;C:\ProgramData\DockerDesktop\version-bin;C:\Program Files (x86)\dotnet\;E:\Download\spring-boot-cli-2.3.9.RELEASE-bin\spring-2.3.9.RELEASE\bin;C:\Program Files\MySQL\MySQL Server 8.0\bin;C:\Program Files\Git\cmd;C:\Program Files\Java\apache-maven-3.8.6-bin\apache-maven-3.8.6\bin;C:\Program Files\PowerShell\7\;C:\Program Files\Java\jdk-18.0.2.1\bin;C:\Program Files\MySQL\MySQL Shell 8.0\bin\;C:\Users\FPTSHOP\AppData\Local\Microsoft\WindowsApps;C:\MinGW\bin;C:\Users\FPTSHOP\.dotnet\tools;C:\Program Files\Azure Data Studio\bin;C:\Users\FPTSHOP\AppData\Local\Programs\Microsoft VS Code\bin;C:\Program Files\Java\jdk-18.0.2.1\bin;
USERNAME=NVS
OS=Windows_NT
PROCESSOR_IDENTIFIER=Intel64 Family 6 Model 142 Stepping 12, GenuineIntel



---------------  S Y S T E M  ---------------

OS:
 Windows 11 , 64 bit Build 22000 (10.0.22000.708)
OS uptime: 1 days 2:07 hours
Hyper-V role detected

CPU: total 8 (initial active 8) (4 cores per cpu, 2 threads per core) family 6 model 142 stepping 12 microcode 0xec, cx8, cmov, fxsr, ht, mmx, 3dnowpref, sse, sse2, sse3, ssse3, sse4.1, sse4.2, popcnt, lzcnt, tsc, tscinvbit, avx, avx2, aes, erms, clmul, bmi1, bmi2, adx, fma, vzeroupper, clflush, clflushopt, hv

Memory: 4k page, system-wide physical 8006M (845M free)
TotalPageFile size 12102M (AvailPageFile size 18M)
current process WorkingSet (physical memory assigned to process): 334M, peak: 334M
current process commit charge ("private bytes"): 369M, peak: 399M

vm_info: Java HotSpot(TM) 64-Bit Server VM (18.0.2.1+1-1) for windows-amd64 JRE (18.0.2.1+1-1), built on Aug 16 2022 01:46:33 by "mach5one" with MS VC++ 16.8 / 16.9 (VS2019)

END.
