#
# There is insufficient memory for the Java Runtime Environment to continue.
# Native memory allocation (malloc) failed to allocate 1048576 bytes for AllocateHeap
# Possible reasons:
#   The system is out of physical RAM or swap space
#   The process is running with CompressedOops enabled, and the Java Heap may be blocking the growth of the native heap
# Possible solutions:
#   Reduce memory load on the system
#   Increase physical memory or swap space
#   Check if swap backing store is full
#   Decrease Java heap size (-Xmx/-Xms)
#   Decrease number of Java threads
#   Decrease Java thread stack sizes (-Xss)
#   Set larger code cache with -XX:ReservedCodeCacheSize=
#   JVM is running with Unscaled Compressed Oops mode in which the Java heap is
#     placed in the first 4GB address space. The Java Heap base address is the
#     maximum limit for the native heap growth. Please use -XX:HeapBaseMinAddress
#     to set the Java Heap base and to place the Java Heap above 4GB virtual address.
# This output file may be truncated or incomplete.
#
#  Out of Memory Error (allocation.cpp:44), pid=10136, tid=14776
#
# JRE version:  (18.0.2+9) (build )
# Java VM: Java HotSpot(TM) 64-Bit Server VM (18.0.2+9-61, mixed mode, sharing, tiered, compressed oops, compressed class ptrs, g1 gc, windows-amd64)
# No core dump will be written. Minidumps are not enabled by default on client versions of Windows
#

---------------  S U M M A R Y ------------

Command Line: -Dapplication.home=C:\Program Files\Java\jdk-18.0.2 --add-modules=ALL-DEFAULT -Xms8m -Djdk.module.main=jdk.compiler jdk.compiler/com.sun.tools.javac.Main @C:\Users\FPTSHOP\AppData\Local\Temp\files777636590455781113

Host: Intel(R) Core(TM) i5-8265U CPU @ 1.60GHz, 8 cores, 7G,  Windows 11 , 64 bit Build 22000 (10.0.22000.708)
Time: Sat Aug 20 20:20:01 2022 SE Asia Standard Time elapsed time: 0.088771 seconds (0d 0h 0m 0s)

---------------  T H R E A D  ---------------

Current thread (0x0000017fa0731700):  JavaThread "Unknown thread" [_thread_in_vm, id=14776, stack(0x00000011bec00000,0x00000011bed00000)]

Stack: [0x00000011bec00000,0x00000011bed00000]
Native frames: (J=compiled Java code, j=interpreted, Vv=VM code, C=native code)
V  [jvm.dll+0x6993ca]
V  [jvm.dll+0x7f481d]
V  [jvm.dll+0x7f612e]
V  [jvm.dll+0x7f67e3]
V  [jvm.dll+0x25cdaf]
V  [jvm.dll+0xb31af]
V  [jvm.dll+0x2f7e19]
V  [jvm.dll+0x7c341b]
V  [jvm.dll+0x38be61]
V  [jvm.dll+0x7a2073]
V  [jvm.dll+0x40dc3f]
V  [jvm.dll+0x40f611]
C  [jli.dll+0x526b]
C  [ucrtbase.dll+0x26c0c]
C  [KERNEL32.DLL+0x154e0]
C  [ntdll.dll+0x485b]


---------------  P R O C E S S  ---------------

Threads class SMR info:
_java_thread_list=0x00007fff9b8ae550, length=0, elements={
}

Java Threads: ( => current thread )

Other Threads:

=>0x0000017fa0731700 (exited) JavaThread "Unknown thread" [_thread_in_vm, id=14776, stack(0x00000011bec00000,0x00000011bed00000)]

Threads with active compile tasks:

VM state: not at safepoint (not fully initialized)

VM Mutex/Monitor currently owned by a thread: None

Heap address: 0x0000000000000000, size: 0 MB, Compressed Oops mode: 32-bit

CDS archive(s) mapped at: [0x0000000000000000-0x0000000000000000-0x0000000000000000), size 0, SharedBaseAddress: 0x0000000800000000, ArchiveRelocationMode: 0.
Narrow klass base: 0x0000000000000000, Narrow klass shift: 0, Narrow klass range: 0x0

GC Precious Log:
 CardTable entry size: 512
 Card Set container configuration: InlinePtr #cards 5 size 8 Array Of Cards #cards 12 size 40 Howl #buckets 4 coarsen threshold 1843 Howl Bitmap #cards 512 size 80 coarsen threshold 460 Card regions per heap region 1 cards per card region 2048

GC Heap History (0 events):
No events

Deoptimization events (0 events):
No events

Classes loaded (0 events):
No events

Classes unloaded (0 events):
No events

Classes redefined (0 events):
No events

Internal exceptions (0 events):
No events

VM Operations (0 events):
No events

Events (1 events):
Event: 0.043 Loaded shared library C:\Program Files\Java\jdk-18.0.2\bin\java.dll


Dynamic libraries:
0x00007ff716610000 - 0x00007ff716618000 	C:\Program Files\Java\jdk-18.0.2\bin\javac.exe
0x00007ff82f3a0000 - 0x00007ff82f5a9000 	C:\WINDOWS\SYSTEM32\ntdll.dll
0x00007ff82e340000 - 0x00007ff82e3fd000 	C:\WINDOWS\System32\KERNEL32.DLL
0x00007ff82ca10000 - 0x00007ff82cd8d000 	C:\WINDOWS\System32\KERNELBASE.dll
0x00007ff82cd90000 - 0x00007ff82cea1000 	C:\WINDOWS\System32\ucrtbase.dll
0x00007ff824720000 - 0x00007ff82473a000 	C:\Program Files\Java\jdk-18.0.2\bin\VCRUNTIME140.dll
0x00007ff8131c0000 - 0x00007ff8131d8000 	C:\Program Files\Java\jdk-18.0.2\bin\jli.dll
0x00007ff82e240000 - 0x00007ff82e2ee000 	C:\WINDOWS\System32\ADVAPI32.dll
0x00007ff82e5d0000 - 0x00007ff82e673000 	C:\WINDOWS\System32\msvcrt.dll
0x00007ff82e400000 - 0x00007ff82e49e000 	C:\WINDOWS\System32\sechost.dll
0x00007ff82f240000 - 0x00007ff82f360000 	C:\WINDOWS\System32\RPCRT4.dll
0x00007ff82def0000 - 0x00007ff82e09d000 	C:\WINDOWS\System32\USER32.dll
0x00007ff82c9e0000 - 0x00007ff82ca06000 	C:\WINDOWS\System32\win32u.dll
0x00007ff800610000 - 0x00007ff8008b5000 	C:\WINDOWS\WinSxS\amd64_microsoft.windows.common-controls_6595b64144ccf1df_6.0.22000.120_none_9d947278b86cc467\COMCTL32.dll
0x00007ff82f1f0000 - 0x00007ff82f219000 	C:\WINDOWS\System32\GDI32.dll
0x00007ff82cf30000 - 0x00007ff82d048000 	C:\WINDOWS\System32\gdi32full.dll
0x00007ff82c880000 - 0x00007ff82c91d000 	C:\WINDOWS\System32\msvcp_win.dll
0x00007ff81df20000 - 0x00007ff81df2a000 	C:\WINDOWS\SYSTEM32\VERSION.dll
0x00007ff82e300000 - 0x00007ff82e331000 	C:\WINDOWS\System32\IMM32.DLL
0x00007ff8289b0000 - 0x00007ff8289bc000 	C:\Program Files\Java\jdk-18.0.2\bin\vcruntime140_1.dll
0x00007fffe66d0000 - 0x00007fffe675d000 	C:\Program Files\Java\jdk-18.0.2\bin\msvcp140.dll
0x00007fff9add0000 - 0x00007fff9b9e1000 	C:\Program Files\Java\jdk-18.0.2\bin\server\jvm.dll
0x00007ff82e5c0000 - 0x00007ff82e5c8000 	C:\WINDOWS\System32\PSAPI.DLL
0x00007ff800b30000 - 0x00007ff800b39000 	C:\WINDOWS\SYSTEM32\WSOCK32.dll
0x00007ff82ecb0000 - 0x00007ff82ed1f000 	C:\WINDOWS\System32\WS2_32.dll
0x00007ff820eb0000 - 0x00007ff820ee3000 	C:\WINDOWS\SYSTEM32\WINMM.dll
0x00007ff82b9b0000 - 0x00007ff82b9c8000 	C:\WINDOWS\SYSTEM32\kernel.appcore.dll
0x00007ff8288d0000 - 0x00007ff8288da000 	C:\Program Files\Java\jdk-18.0.2\bin\jimage.dll
0x00007ff82a270000 - 0x00007ff82a491000 	C:\WINDOWS\SYSTEM32\DBGHELP.DLL
0x00007ff803470000 - 0x00007ff8034a1000 	C:\WINDOWS\SYSTEM32\dbgcore.DLL
0x00007ff82ceb0000 - 0x00007ff82cf2f000 	C:\WINDOWS\System32\bcryptPrimitives.dll
0x00007ff813250000 - 0x00007ff813275000 	C:\Program Files\Java\jdk-18.0.2\bin\java.dll

dbghelp: loaded successfully - version: 4.0.5 - missing functions: none
symbol engine: initialized successfully - sym options: 0x614 - pdb path: .;C:\Program Files\Java\jdk-18.0.2\bin;C:\WINDOWS\SYSTEM32;C:\WINDOWS\WinSxS\amd64_microsoft.windows.common-controls_6595b64144ccf1df_6.0.22000.120_none_9d947278b86cc467;C:\Program Files\Java\jdk-18.0.2\bin\server

VM Arguments:
jvm_args: -Dapplication.home=C:\Program Files\Java\jdk-18.0.2 --add-modules=ALL-DEFAULT -Xms8m -Djdk.module.main=jdk.compiler 
java_command: jdk.compiler/com.sun.tools.javac.Main @C:\Users\FPTSHOP\AppData\Local\Temp\files777636590455781113
java_class_path (initial): <not set>
Launcher Type: SUN_STANDARD

[Global flags]
     intx CICompilerCount                          = 4                                         {product} {ergonomic}
     uint ConcGCThreads                            = 2                                         {product} {ergonomic}
     uint G1ConcRefinementThreads                  = 8                                         {product} {ergonomic}
   size_t G1HeapRegionSize                         = 1048576                                   {product} {ergonomic}
    uintx GCDrainStackTargetSize                   = 64                                        {product} {ergonomic}
   size_t InitialHeapSize                          = 8388608                                   {product} {command line}
   size_t MarkStackSize                            = 4194304                                   {product} {ergonomic}
   size_t MaxHeapSize                              = 2099249152                                {product} {ergonomic}
   size_t MinHeapDeltaBytes                        = 1048576                                   {product} {ergonomic}
   size_t MinHeapSize                              = 8388608                                   {product} {command line}
    uintx NonNMethodCodeHeapSize                   = 5839372                                {pd product} {ergonomic}
    uintx NonProfiledCodeHeapSize                  = 122909434                              {pd product} {ergonomic}
    uintx ProfiledCodeHeapSize                     = 122909434                              {pd product} {ergonomic}
    uintx ReservedCodeCacheSize                    = 251658240                              {pd product} {ergonomic}
     bool SegmentedCodeCache                       = true                                      {product} {ergonomic}
   size_t SoftMaxHeapSize                          = 2099249152                             {manageable} {ergonomic}
     bool UseCompressedClassPointers               = true                           {product lp64_product} {ergonomic}
     bool UseCompressedOops                        = true                           {product lp64_product} {ergonomic}
     bool UseG1GC                                  = true                                      {product} {ergonomic}
     bool UseLargePagesIndividualAllocation        = false                                  {pd product} {ergonomic}

Logging:
Log output configuration:
 #0: stdout all=warning uptime,level,tags foldmultilines=false
 #1: stderr all=off uptime,level,tags foldmultilines=false

Environment Variables:
JAVA_HOME=C:\Program Files\Java\jdk-18.0.2
PATH=C:\Program Files\Common Files\Microsoft Shared\Microsoft Online Services;C:\Program Files (x86)\Common Files\Microsoft Shared\Microsoft Online Services;C:\Program Files\Common Files\Oracle\Java\javapath;C:\Program Files (x86)\Python38-32\Scripts\;C:\Program Files (x86)\Python38-32\;C:\Windows\system32;C:\Windows;C:\Windows\System32\Wbem;C:\Windows\System32\WindowsPowerShell\v1.0\;C:\Windows\System32\OpenSSH\;C:\Program Files\Microsoft SQL Server\130\Tools\Binn\;C:\MinGW\bin;%QUARTUS_ROOTDIR%\bin;C:\Program Files\Microsoft SQL Server\Client SDK\ODBC\170\Tools\Binn\;C:\Program Files\Microsoft SQL Server\Client SDK\ODBC\130\Tools\Binn\;C:\Program Files (x86)\Microsoft SQL Server\130\Tools\Binn\;C:\Program Files\Microsoft SQL Server\130\DTS\Binn\;C:\Program Files (x86)\Microsoft SQL Server\150\Tools\Binn\;C:\Program Files\Microsoft SQL Server\150\Tools\Binn\;C:\Program Files\Microsoft SQL Server\150\DTS\Binn\;C:\Program Files (x86)\Microsoft SQL Server\150\DTS\Binn\;C:\Program Files\Microsoft SQL Server\110\Tools\Binn\;C:\Program Files\dotnet\;C:\Program Files\Azure Data Studio\bin;C:\Program Files\Microsoft SQL Server\120\Tools\Binn\;C:\WINDOWS\system32;C:\WINDOWS;C:\WINDOWS\System32\Wbem;C:\WINDOWS\System32\WindowsPowerShell\v1.0\;C:\WINDOWS\System32\OpenSSH\;C:\Program Files\Docker\Docker\resources\bin;C:\ProgramData\DockerDesktop\version-bin;C:\Program Files (x86)\dotnet\;E:\Download\spring-boot-cli-2.3.9.RELEASE-bin\spring-2.3.9.RELEASE\bin;C:\Program Files\Git\cmd;C:\Program Files\MySQL\MySQL Server 8.0\bin;C:\Program Files\Java\jdk-18.0.2\bin;C:\Program Files\MySQL\MySQL Shell 8.0\bin\;C:\Users\FPTSHOP\AppData\Local\Microsoft\WindowsApps;C:\MinGW\bin;C:\Users\FPTSHOP\.dotnet\tools;C:\Users\FPTSHOP\AppData\Local\Programs\Microsoft VS Code\bin;C:\Program Files\Java\jdk-18.0.2\bin;C:\Program Files\Azure Data Studio\bin;E:\Download\spring-boot-cli-2.7.1-bin\spring-2.7.1;
USERNAME=NVS
OS=Windows_NT
PROCESSOR_IDENTIFIER=Intel64 Family 6 Model 142 Stepping 12, GenuineIntel



---------------  S Y S T E M  ---------------

OS:
 Windows 11 , 64 bit Build 22000 (10.0.22000.708)
OS uptime: 0 days 2:55 hours
Hyper-V role detected

CPU: total 8 (initial active 8) (4 cores per cpu, 2 threads per core) family 6 model 142 stepping 12 microcode 0xec, cx8, cmov, fxsr, ht, mmx, 3dnowpref, sse, sse2, sse3, ssse3, sse4.1, sse4.2, popcnt, lzcnt, tsc, tscinvbit, avx, avx2, aes, erms, clmul, bmi1, bmi2, adx, fma, vzeroupper, clflush, clflushopt, hv

Memory: 4k page, system-wide physical 8006M (562M free)
TotalPageFile size 12102M (AvailPageFile size 9M)
current process WorkingSet (physical memory assigned to process): 10M, peak: 10M
current process commit charge ("private bytes"): 14M, peak: 15M

vm_info: Java HotSpot(TM) 64-Bit Server VM (18.0.2+9-61) for windows-amd64 JRE (18.0.2+9-61), built on Jun  7 2022 13:09:01 by "mach5one" with MS VC++ 16.8 / 16.9 (VS2019)

END.
