#
# There is insufficient memory for the Java Runtime Environment to continue.
# Native memory allocation (mmap) failed to map 30408704 bytes for G1 virtual space
# Possible reasons:
#   The system is out of physical RAM or swap space
#   The process is running with CompressedOops enabled, and the Java Heap may be blocking the growth of the native heap
# Possible solutions:
#   Reduce memory load on the system
#   Increase physical memory or swap space
#   Check if swap backing store is full
#   Decrease Java heap size (-Xmx/-Xms)
#   Decrease number of Java threads
#   Decrease Java thread stack sizes (-Xss)
#   Set larger code cache with -XX:ReservedCodeCacheSize=
#   JVM is running with Unscaled Compressed Oops mode in which the Java heap is
#     placed in the first 4GB address space. The Java Heap base address is the
#     maximum limit for the native heap growth. Please use -XX:HeapBaseMinAddress
#     to set the Java Heap base and to place the Java Heap above 4GB virtual address.
# This output file may be truncated or incomplete.
#
#  Out of Memory Error (os_windows.cpp:3530), pid=19640, tid=19556
#
# JRE version: Java(TM) SE Runtime Environment (18.0.2.1+1) (build 18.0.2.1+1-1)
# Java VM: Java HotSpot(TM) 64-Bit Server VM (18.0.2.1+1-1, mixed mode, sharing, tiered, compressed oops, compressed class ptrs, g1 gc, windows-amd64)
# No core dump will be written. Minidumps are not enabled by default on client versions of Windows
#

---------------  S U M M A R Y ------------

Command Line: -Dfile.encoding=UTF-8 --module-path=C:\Users\FPTSHOP\OneDrive\Desktop\PawnStore\PawnStore\build\classes pawnstore.Main

Host: Intel(R) Core(TM) i5-8265U CPU @ 1.60GHz, 8 cores, 7G,  Windows 11 , 64 bit Build 22000 (10.0.22000.708)
Time: Thu Sep  8 00:40:00 2022 SE Asia Standard Time elapsed time: 41.540229 seconds (0d 0h 0m 41s)

---------------  T H R E A D  ---------------

Current thread (0x0000018bfa72a330):  VMThread "VM Thread" [stack: 0x0000007e02b00000,0x0000007e02c00000] [id=19556]

Stack: [0x0000007e02b00000,0x0000007e02c00000]
Native frames: (J=compiled Java code, j=interpreted, Vv=VM code, C=native code)
V  [jvm.dll+0x6993aa]
V  [jvm.dll+0x7f46dd]
V  [jvm.dll+0x7f5fee]
V  [jvm.dll+0x7f66a3]
V  [jvm.dll+0x25cf1f]
V  [jvm.dll+0x6962f9]
V  [jvm.dll+0x68ae2a]
V  [jvm.dll+0x32255b]
V  [jvm.dll+0x329f36]
V  [jvm.dll+0x37eade]
V  [jvm.dll+0x37ed0f]
V  [jvm.dll+0x2fa2da]
V  [jvm.dll+0x2fa387]
V  [jvm.dll+0x33e8c2]
V  [jvm.dll+0x33ce64]
V  [jvm.dll+0x2f9ab0]
V  [jvm.dll+0x33c75d]
V  [jvm.dll+0x7fb48b]
V  [jvm.dll+0x7fc224]
V  [jvm.dll+0x7fc75c]
V  [jvm.dll+0x7fcbb4]
V  [jvm.dll+0x7fcc77]
V  [jvm.dll+0x7a120a]
V  [jvm.dll+0x698255]
C  [ucrtbase.dll+0x26c0c]
C  [KERNEL32.DLL+0x154e0]
C  [ntdll.dll+0x485b]

VM_Operation (0x0000007e03ffdca0): G1TryInitiateConcMark, mode: safepoint, requested by thread 0x0000018b8f68b270


---------------  P R O C E S S  ---------------

Threads class SMR info:
_java_thread_list=0x0000018b8fad27c0, length=20, elements={
0x0000018bfa72d330, 0x0000018bfa730480, 0x0000018bfa74b0a0, 0x0000018bfa74d960,
0x0000018bfa74e300, 0x0000018bfa74eca0, 0x0000018bfa750110, 0x0000018bfa7767b0,
0x0000018bfa7790e0, 0x0000018bfa7ee720, 0x0000018bfea25470, 0x0000018bfebc42c0,
0x0000018bfebc4780, 0x0000018bfec35e30, 0x0000018bfec3fbe0, 0x0000018beb686aa0,
0x0000018b8f4e94a0, 0x0000018b8fcc2630, 0x0000018b8f689590, 0x0000018b8f68b270
}

Java Threads: ( => current thread )
  0x0000018bfa72d330 JavaThread "Reference Handler" daemon [_thread_blocked, id=3436, stack(0x0000007e02c00000,0x0000007e02d00000)]
  0x0000018bfa730480 JavaThread "Finalizer" daemon [_thread_blocked, id=21424, stack(0x0000007e02d00000,0x0000007e02e00000)]
  0x0000018bfa74b0a0 JavaThread "Signal Dispatcher" daemon [_thread_blocked, id=19724, stack(0x0000007e02e00000,0x0000007e02f00000)]
  0x0000018bfa74d960 JavaThread "Attach Listener" daemon [_thread_blocked, id=20972, stack(0x0000007e02f00000,0x0000007e03000000)]
  0x0000018bfa74e300 JavaThread "Service Thread" daemon [_thread_blocked, id=15032, stack(0x0000007e03000000,0x0000007e03100000)]
  0x0000018bfa74eca0 JavaThread "Monitor Deflation Thread" daemon [_thread_blocked, id=21852, stack(0x0000007e03100000,0x0000007e03200000)]
  0x0000018bfa750110 JavaThread "C2 CompilerThread0" daemon [_thread_blocked, id=17900, stack(0x0000007e03200000,0x0000007e03300000)]
  0x0000018bfa7767b0 JavaThread "C1 CompilerThread0" daemon [_thread_blocked, id=11048, stack(0x0000007e03300000,0x0000007e03400000)]
  0x0000018bfa7790e0 JavaThread "Sweeper thread" daemon [_thread_blocked, id=18624, stack(0x0000007e03400000,0x0000007e03500000)]
  0x0000018bfa7ee720 JavaThread "Common-Cleaner" daemon [_thread_blocked, id=2812, stack(0x0000007e03500000,0x0000007e03600000)]
  0x0000018bfea25470 JavaThread "Notification Thread" daemon [_thread_blocked, id=20920, stack(0x0000007e03600000,0x0000007e03700000)]
  0x0000018bfebc42c0 JavaThread "Java2D Disposer" daemon [_thread_blocked, id=11260, stack(0x0000007e03800000,0x0000007e03900000)]
  0x0000018bfebc4780 JavaThread "AWT-Shutdown" [_thread_blocked, id=15868, stack(0x0000007e03900000,0x0000007e03a00000)]
  0x0000018bfec35e30 JavaThread "AWT-Windows" daemon [_thread_in_native, id=23544, stack(0x0000007e03a00000,0x0000007e03b00000)]
  0x0000018bfec3fbe0 JavaThread "AWT-EventQueue-0" [_thread_blocked, id=17880, stack(0x0000007e03b00000,0x0000007e03c00000)]
  0x0000018beb686aa0 JavaThread "DestroyJavaVM" [_thread_blocked, id=4140, stack(0x0000007e02500000,0x0000007e02600000)]
  0x0000018b8f4e94a0 JavaThread "TimerQueue" daemon [_thread_blocked, id=14768, stack(0x0000007e04200000,0x0000007e04300000)]
  0x0000018b8fcc2630 JavaThread "Thread-0" [_thread_blocked, id=14244, stack(0x0000007e04b00000,0x0000007e04c00000)]
  0x0000018b8f689590 JavaThread "Thread-1" [_thread_blocked, id=11904, stack(0x0000007e04c00000,0x0000007e04d00000)]
  0x0000018b8f68b270 JavaThread "Image Fetcher 0" daemon [_thread_blocked, id=20256, stack(0x0000007e03f00000,0x0000007e04000000)]

Other Threads:
=>0x0000018bfa72a330 VMThread "VM Thread" [stack: 0x0000007e02b00000,0x0000007e02c00000] [id=19556]
  0x0000018bfea26940 WatcherThread "VM Periodic Task Thread" [stack: 0x0000007e03700000,0x0000007e03800000] [id=3272]
  0x0000018beb6e66c0 WorkerThread "GC Thread#0" [stack: 0x0000007e02600000,0x0000007e02700000] [id=8224]
  0x0000018b8ffc0e80 WorkerThread "GC Thread#1" [stack: 0x0000007e04300000,0x0000007e04400000] [id=20472]
  0x0000018b8fddbfc0 WorkerThread "GC Thread#2" [stack: 0x0000007e04400000,0x0000007e04500000] [id=10816]
  0x0000018b8fddc260 WorkerThread "GC Thread#3" [stack: 0x0000007e04500000,0x0000007e04600000] [id=14452]
  0x0000018b8fddc500 WorkerThread "GC Thread#4" [stack: 0x0000007e04600000,0x0000007e04700000] [id=22760]
  0x0000018b8fddc7a0 WorkerThread "GC Thread#5" [stack: 0x0000007e04700000,0x0000007e04800000] [id=13988]
  0x0000018b8fbe7c60 WorkerThread "GC Thread#6" [stack: 0x0000007e04800000,0x0000007e04900000] [id=23128]
  0x0000018b8fddb7f0 WorkerThread "GC Thread#7" [stack: 0x0000007e04900000,0x0000007e04a00000] [id=20392]
  0x0000018beb6f6f30 ConcurrentGCThread "G1 Main Marker" [stack: 0x0000007e02700000,0x0000007e02800000] [id=5680]
  0x0000018beb6f8830 WorkerThread "G1 Conc#0" [stack: 0x0000007e02800000,0x0000007e02900000] [id=8788]
  0x0000018b8fc29030 WorkerThread "G1 Conc#1" [stack: 0x0000007e04d00000,0x0000007e04e00000] [id=3760]
  0x0000018beb744080 ConcurrentGCThread "G1 Refine#0" [stack: 0x0000007e02900000,0x0000007e02a00000] [id=16116]
  0x0000018b8f384a60 ConcurrentGCThread "G1 Refine#1" [stack: 0x0000007e04a00000,0x0000007e04b00000] [id=13596]
  0x0000018beb744990 ConcurrentGCThread "G1 Service" [stack: 0x0000007e02a00000,0x0000007e02b00000] [id=14216]

Threads with active compile tasks:
C2 CompilerThread0    41615 3116       4       javax.swing.JLabel::setText (107 bytes)

VM state: at safepoint (normal execution)

VM Mutex/Monitor currently owned by a thread:  ([mutex/lock_event])
[0x0000018be968b1f0] Threads_lock - owner thread: 0x0000018bfa72a330
[0x0000018be968b280] Heap_lock - owner thread: 0x0000018b8f68b270

Heap address: 0x0000000082e00000, size: 2002 MB, Compressed Oops mode: 32-bit

CDS archive(s) mapped at: [0x0000000800000000-0x0000000800ba0000-0x0000000800ba0000), size 12189696, SharedBaseAddress: 0x0000000800000000, ArchiveRelocationMode: 0.
Compressed class space mapped at: 0x0000000800c00000-0x0000000840c00000, reserved size: 1073741824
Narrow klass base: 0x0000000800000000, Narrow klass shift: 0, Narrow klass range: 0x100000000

GC Precious Log:
 CardTable entry size: 512
 Card Set container configuration: InlinePtr #cards 5 size 8 Array Of Cards #cards 12 size 40 Howl #buckets 4 coarsen threshold 1843 Howl Bitmap #cards 512 size 80 coarsen threshold 460 Card regions per heap region 1 cards per card region 2048
 CPUs: 8 total, 8 available
 Memory: 8006M
 Large Page Support: Disabled
 NUMA Support: Disabled
 Compressed Oops: Enabled (32-bit)
 Heap Region Size: 1M
 Heap Min Capacity: 8M
 Heap Initial Capacity: 126M
 Heap Max Capacity: 2002M
 Pre-touch: Disabled
 Parallel Workers: 8
 Concurrent Workers: 2
 Concurrent Refinement Workers: 8
 Periodic GC: Disabled

Heap:
 garbage-first heap   total 147456K, used 83346K [0x0000000082e00000, 0x0000000100000000)
  region size 1024K, 2 young (2048K), 2 survivors (2048K)
 Metaspace       used 21321K, committed 21632K, reserved 1114112K
  class space    used 2340K, committed 2496K, reserved 1048576K

Heap Regions: E=young(eden), S=young(survivor), O=old, HS=humongous(starts), HC=humongous(continues), CS=collection set, F=free, OA=open archive, CA=closed archive, TAMS=top-at-mark-start (previous, next)
|   0|0x0000000082e00000, 0x0000000082f00000, 0x0000000082f00000|100%|HS|  |TAMS 0x0000000082f00000, 0x0000000082f00000| Complete 
|   1|0x0000000082f00000, 0x0000000083000000, 0x0000000083000000|100%|HC|  |TAMS 0x0000000083000000, 0x0000000083000000| Complete 
|   2|0x0000000083000000, 0x0000000083100000, 0x0000000083100000|100%|HS|  |TAMS 0x0000000083000000, 0x0000000083100000| Complete 
|   3|0x0000000083100000, 0x0000000083200000, 0x0000000083200000|100%|HC|  |TAMS 0x0000000083100000, 0x0000000083200000| Complete 
|   4|0x0000000083200000, 0x0000000083300000, 0x0000000083300000|100%| O|  |TAMS 0x0000000083300000, 0x0000000083300000| Untracked 
|   5|0x0000000083300000, 0x0000000083400000, 0x0000000083400000|100%| O|  |TAMS 0x0000000083400000, 0x0000000083400000| Untracked 
|   6|0x0000000083400000, 0x0000000083500000, 0x0000000083500000|100%| O|  |TAMS 0x0000000083500000, 0x0000000083500000| Untracked 
|   7|0x0000000083500000, 0x0000000083600000, 0x0000000083600000|100%|HS|  |TAMS 0x0000000083600000, 0x0000000083600000| Complete 
|   8|0x0000000083600000, 0x0000000083700000, 0x0000000083700000|100%|HC|  |TAMS 0x0000000083700000, 0x0000000083700000| Complete 
|   9|0x0000000083700000, 0x0000000083800000, 0x0000000083800000|100%|HC|  |TAMS 0x0000000083800000, 0x0000000083800000| Complete 
|  10|0x0000000083800000, 0x0000000083900000, 0x0000000083900000|100%|HC|  |TAMS 0x0000000083900000, 0x0000000083900000| Complete 
|  11|0x0000000083900000, 0x0000000083a00000, 0x0000000083a00000|100%|HC|  |TAMS 0x0000000083a00000, 0x0000000083a00000| Complete 
|  12|0x0000000083a00000, 0x0000000083b00000, 0x0000000083b00000|100%|HC|  |TAMS 0x0000000083b00000, 0x0000000083b00000| Complete 
|  13|0x0000000083b00000, 0x0000000083c00000, 0x0000000083c00000|100%|HC|  |TAMS 0x0000000083c00000, 0x0000000083c00000| Complete 
|  14|0x0000000083c00000, 0x0000000083d00000, 0x0000000083d00000|100%|HC|  |TAMS 0x0000000083d00000, 0x0000000083d00000| Complete 
|  15|0x0000000083d00000, 0x0000000083e00000, 0x0000000083e00000|100%|HC|  |TAMS 0x0000000083e00000, 0x0000000083e00000| Complete 
|  16|0x0000000083e00000, 0x0000000083f00000, 0x0000000083f00000|100%|HC|  |TAMS 0x0000000083f00000, 0x0000000083f00000| Complete 
|  17|0x0000000083f00000, 0x0000000084000000, 0x0000000084000000|100%|HC|  |TAMS 0x0000000084000000, 0x0000000084000000| Complete 
|  18|0x0000000084000000, 0x0000000084100000, 0x0000000084100000|100%|HC|  |TAMS 0x0000000084100000, 0x0000000084100000| Complete 
|  19|0x0000000084100000, 0x0000000084200000, 0x0000000084200000|100%|HC|  |TAMS 0x0000000084200000, 0x0000000084200000| Complete 
|  20|0x0000000084200000, 0x0000000084300000, 0x0000000084300000|100%|HC|  |TAMS 0x0000000084300000, 0x0000000084300000| Complete 
|  21|0x0000000084300000, 0x0000000084400000, 0x0000000084400000|100%|HC|  |TAMS 0x0000000084400000, 0x0000000084400000| Complete 
|  22|0x0000000084400000, 0x0000000084500000, 0x0000000084500000|100%|HC|  |TAMS 0x0000000084500000, 0x0000000084500000| Complete 
|  23|0x0000000084500000, 0x0000000084600000, 0x0000000084600000|100%|HC|  |TAMS 0x0000000084600000, 0x0000000084600000| Complete 
|  24|0x0000000084600000, 0x0000000084700000, 0x0000000084700000|100%|HC|  |TAMS 0x0000000084700000, 0x0000000084700000| Complete 
|  25|0x0000000084700000, 0x0000000084800000, 0x0000000084800000|100%|HC|  |TAMS 0x0000000084800000, 0x0000000084800000| Complete 
|  26|0x0000000084800000, 0x0000000084900000, 0x0000000084900000|100%| O|  |TAMS 0x0000000084900000, 0x0000000084900000| Untracked 
|  27|0x0000000084900000, 0x0000000084a00000, 0x0000000084a00000|100%| O|  |TAMS 0x0000000084a00000, 0x0000000084a00000| Untracked 
|  28|0x0000000084a00000, 0x0000000084acd800, 0x0000000084b00000| 80%| O|  |TAMS 0x0000000084acd800, 0x0000000084acd800| Untracked 
|  29|0x0000000084b00000, 0x0000000084b00000, 0x0000000084c00000|  0%| F|  |TAMS 0x0000000084b00000, 0x0000000084b00000| Untracked 
|  30|0x0000000084c00000, 0x0000000084c00000, 0x0000000084d00000|  0%| F|  |TAMS 0x0000000084c00000, 0x0000000084c00000| Untracked 
|  31|0x0000000084d00000, 0x0000000084d00000, 0x0000000084e00000|  0%| F|  |TAMS 0x0000000084d00000, 0x0000000084d00000| Untracked 
|  32|0x0000000084e00000, 0x0000000084e00000, 0x0000000084f00000|  0%| F|  |TAMS 0x0000000084e00000, 0x0000000084e00000| Untracked 
|  33|0x0000000084f00000, 0x0000000084f00000, 0x0000000085000000|  0%| F|  |TAMS 0x0000000084f00000, 0x0000000084f00000| Untracked 
|  34|0x0000000085000000, 0x0000000085000000, 0x0000000085100000|  0%| F|  |TAMS 0x0000000085000000, 0x0000000085000000| Untracked 
|  35|0x0000000085100000, 0x0000000085200000, 0x0000000085200000|100%|HS|  |TAMS 0x0000000085200000, 0x0000000085200000| Complete 
|  36|0x0000000085200000, 0x0000000085300000, 0x0000000085300000|100%|HC|  |TAMS 0x0000000085300000, 0x0000000085300000| Complete 
|  37|0x0000000085300000, 0x0000000085400000, 0x0000000085400000|100%|HC|  |TAMS 0x0000000085400000, 0x0000000085400000| Complete 
|  38|0x0000000085400000, 0x0000000085400000, 0x0000000085500000|  0%| F|  |TAMS 0x0000000085400000, 0x0000000085400000| Untracked 
|  39|0x0000000085500000, 0x0000000085500000, 0x0000000085600000|  0%| F|  |TAMS 0x0000000085500000, 0x0000000085500000| Untracked 
|  40|0x0000000085600000, 0x0000000085600000, 0x0000000085700000|  0%| F|  |TAMS 0x0000000085600000, 0x0000000085600000| Untracked 
|  41|0x0000000085700000, 0x0000000085700000, 0x0000000085800000|  0%| F|  |TAMS 0x0000000085700000, 0x0000000085700000| Untracked 
|  42|0x0000000085800000, 0x0000000085800000, 0x0000000085900000|  0%| F|  |TAMS 0x0000000085800000, 0x0000000085800000| Untracked 
|  43|0x0000000085900000, 0x0000000085900000, 0x0000000085a00000|  0%| F|  |TAMS 0x0000000085900000, 0x0000000085900000| Untracked 
|  44|0x0000000085a00000, 0x0000000085a00000, 0x0000000085b00000|  0%| F|  |TAMS 0x0000000085a00000, 0x0000000085a00000| Untracked 
|  45|0x0000000085b00000, 0x0000000085b00000, 0x0000000085c00000|  0%| F|  |TAMS 0x0000000085b00000, 0x0000000085b00000| Untracked 
|  46|0x0000000085c00000, 0x0000000085c00000, 0x0000000085d00000|  0%| F|  |TAMS 0x0000000085c00000, 0x0000000085c00000| Untracked 
|  47|0x0000000085d00000, 0x0000000085d00000, 0x0000000085e00000|  0%| F|  |TAMS 0x0000000085d00000, 0x0000000085d00000| Untracked 
|  48|0x0000000085e00000, 0x0000000085e00000, 0x0000000085f00000|  0%| F|  |TAMS 0x0000000085e00000, 0x0000000085e00000| Untracked 
|  49|0x0000000085f00000, 0x0000000086000000, 0x0000000086000000|100%|HS|  |TAMS 0x0000000086000000, 0x0000000086000000| Complete 
|  50|0x0000000086000000, 0x0000000086100000, 0x0000000086100000|100%|HC|  |TAMS 0x0000000086100000, 0x0000000086100000| Complete 
|  51|0x0000000086100000, 0x0000000086200000, 0x0000000086200000|100%|HC|  |TAMS 0x0000000086200000, 0x0000000086200000| Complete 
|  52|0x0000000086200000, 0x0000000086300000, 0x0000000086300000|100%|HC|  |TAMS 0x0000000086300000, 0x0000000086300000| Complete 
|  53|0x0000000086300000, 0x0000000086400000, 0x0000000086400000|100%|HC|  |TAMS 0x0000000086400000, 0x0000000086400000| Complete 
|  54|0x0000000086400000, 0x0000000086500000, 0x0000000086500000|100%|HC|  |TAMS 0x0000000086500000, 0x0000000086500000| Complete 
|  55|0x0000000086500000, 0x0000000086600000, 0x0000000086600000|100%|HC|  |TAMS 0x0000000086600000, 0x0000000086600000| Complete 
|  56|0x0000000086600000, 0x0000000086700000, 0x0000000086700000|100%|HC|  |TAMS 0x0000000086700000, 0x0000000086700000| Complete 
|  57|0x0000000086700000, 0x0000000086800000, 0x0000000086800000|100%|HS|  |TAMS 0x0000000086800000, 0x0000000086800000| Complete 
|  58|0x0000000086800000, 0x0000000086900000, 0x0000000086900000|100%|HC|  |TAMS 0x0000000086900000, 0x0000000086900000| Complete 
|  59|0x0000000086900000, 0x0000000086a00000, 0x0000000086a00000|100%|HC|  |TAMS 0x0000000086a00000, 0x0000000086a00000| Complete 
|  60|0x0000000086a00000, 0x0000000086b00000, 0x0000000086b00000|100%|HC|  |TAMS 0x0000000086b00000, 0x0000000086b00000| Complete 
|  61|0x0000000086b00000, 0x0000000086c00000, 0x0000000086c00000|100%|HC|  |TAMS 0x0000000086c00000, 0x0000000086c00000| Complete 
|  62|0x0000000086c00000, 0x0000000086d00000, 0x0000000086d00000|100%|HC|  |TAMS 0x0000000086d00000, 0x0000000086d00000| Complete 
|  63|0x0000000086d00000, 0x0000000086e00000, 0x0000000086e00000|100%|HC|  |TAMS 0x0000000086e00000, 0x0000000086e00000| Complete 
|  64|0x0000000086e00000, 0x0000000086f00000, 0x0000000086f00000|100%|HC|  |TAMS 0x0000000086f00000, 0x0000000086f00000| Complete 
|  65|0x0000000086f00000, 0x0000000087000000, 0x0000000087000000|100%|HC|  |TAMS 0x0000000087000000, 0x0000000087000000| Complete 
|  66|0x0000000087000000, 0x0000000087100000, 0x0000000087100000|100%|HC|  |TAMS 0x0000000087100000, 0x0000000087100000| Complete 
|  67|0x0000000087100000, 0x0000000087200000, 0x0000000087200000|100%|HC|  |TAMS 0x0000000087200000, 0x0000000087200000| Complete 
|  68|0x0000000087200000, 0x0000000087300000, 0x0000000087300000|100%|HC|  |TAMS 0x0000000087300000, 0x0000000087300000| Complete 
|  69|0x0000000087300000, 0x0000000087400000, 0x0000000087400000|100%|HC|  |TAMS 0x0000000087400000, 0x0000000087400000| Complete 
|  70|0x0000000087400000, 0x0000000087500000, 0x0000000087500000|100%|HC|  |TAMS 0x0000000087500000, 0x0000000087500000| Complete 
|  71|0x0000000087500000, 0x0000000087600000, 0x0000000087600000|100%|HC|  |TAMS 0x0000000087600000, 0x0000000087600000| Complete 
|  72|0x0000000087600000, 0x0000000087700000, 0x0000000087700000|100%|HC|  |TAMS 0x0000000087700000, 0x0000000087700000| Complete 
|  73|0x0000000087700000, 0x0000000087800000, 0x0000000087800000|100%|HC|  |TAMS 0x0000000087800000, 0x0000000087800000| Complete 
|  74|0x0000000087800000, 0x0000000087900000, 0x0000000087900000|100%|HC|  |TAMS 0x0000000087900000, 0x0000000087900000| Complete 
|  75|0x0000000087900000, 0x0000000087a00000, 0x0000000087a00000|100%|HC|  |TAMS 0x0000000087a00000, 0x0000000087a00000| Complete 
|  76|0x0000000087a00000, 0x0000000087b00000, 0x0000000087b00000|100%|HC|  |TAMS 0x0000000087b00000, 0x0000000087b00000| Complete 
|  77|0x0000000087b00000, 0x0000000087c00000, 0x0000000087c00000|100%|HC|  |TAMS 0x0000000087c00000, 0x0000000087c00000| Complete 
|  78|0x0000000087c00000, 0x0000000087d00000, 0x0000000087d00000|100%|HC|  |TAMS 0x0000000087d00000, 0x0000000087d00000| Complete 
|  79|0x0000000087d00000, 0x0000000087e00000, 0x0000000087e00000|100%|HC|  |TAMS 0x0000000087e00000, 0x0000000087e00000| Complete 
|  80|0x0000000087e00000, 0x0000000087f00000, 0x0000000087f00000|100%|HC|  |TAMS 0x0000000087f00000, 0x0000000087f00000| Complete 
|  81|0x0000000087f00000, 0x0000000088000000, 0x0000000088000000|100%|HC|  |TAMS 0x0000000088000000, 0x0000000088000000| Complete 
|  82|0x0000000088000000, 0x0000000088100000, 0x0000000088100000|100%|HC|  |TAMS 0x0000000088100000, 0x0000000088100000| Complete 
|  83|0x0000000088100000, 0x0000000088200000, 0x0000000088200000|100%|HC|  |TAMS 0x0000000088200000, 0x0000000088200000| Complete 
|  84|0x0000000088200000, 0x0000000088300000, 0x0000000088300000|100%|HC|  |TAMS 0x0000000088300000, 0x0000000088300000| Complete 
|  85|0x0000000088300000, 0x0000000088400000, 0x0000000088400000|100%|HC|  |TAMS 0x0000000088400000, 0x0000000088400000| Complete 
|  86|0x0000000088400000, 0x0000000088500000, 0x0000000088500000|100%|HC|  |TAMS 0x0000000088500000, 0x0000000088500000| Complete 
|  87|0x0000000088500000, 0x0000000088600000, 0x0000000088600000|100%|HC|  |TAMS 0x0000000088600000, 0x0000000088600000| Complete 
|  88|0x0000000088600000, 0x0000000088700000, 0x0000000088700000|100%|HS|  |TAMS 0x0000000088700000, 0x0000000088700000| Complete 
|  89|0x0000000088700000, 0x0000000088800000, 0x0000000088800000|100%|HC|  |TAMS 0x0000000088800000, 0x0000000088800000| Complete 
|  90|0x0000000088800000, 0x0000000088900000, 0x0000000088900000|100%|HC|  |TAMS 0x0000000088900000, 0x0000000088900000| Complete 
|  91|0x0000000088900000, 0x0000000088a00000, 0x0000000088a00000|100%|HC|  |TAMS 0x0000000088a00000, 0x0000000088a00000| Complete 
|  92|0x0000000088a00000, 0x0000000088b00000, 0x0000000088b00000|100%|HC|  |TAMS 0x0000000088b00000, 0x0000000088b00000| Complete 
|  93|0x0000000088b00000, 0x0000000088c00000, 0x0000000088c00000|100%|HC|  |TAMS 0x0000000088c00000, 0x0000000088c00000| Complete 
|  94|0x0000000088c00000, 0x0000000088d00000, 0x0000000088d00000|100%|HC|  |TAMS 0x0000000088d00000, 0x0000000088d00000| Complete 
|  95|0x0000000088d00000, 0x0000000088e00000, 0x0000000088e00000|100%|HC|  |TAMS 0x0000000088e00000, 0x0000000088e00000| Complete 
|  96|0x0000000088e00000, 0x0000000088f00000, 0x0000000088f00000|100%|HC|  |TAMS 0x0000000088f00000, 0x0000000088f00000| Complete 
|  97|0x0000000088f00000, 0x0000000088f00000, 0x0000000089000000|  0%| F|  |TAMS 0x0000000088f00000, 0x0000000088f00000| Untracked 
|  98|0x0000000089000000, 0x0000000089000000, 0x0000000089100000|  0%| F|  |TAMS 0x0000000089000000, 0x0000000089000000| Untracked 
|  99|0x0000000089100000, 0x0000000089100000, 0x0000000089200000|  0%| F|  |TAMS 0x0000000089100000, 0x0000000089100000| Untracked 
| 100|0x0000000089200000, 0x0000000089200000, 0x0000000089300000|  0%| F|  |TAMS 0x0000000089200000, 0x0000000089200000| Untracked 
| 101|0x0000000089300000, 0x0000000089300000, 0x0000000089400000|  0%| F|  |TAMS 0x0000000089300000, 0x0000000089300000| Untracked 
| 102|0x0000000089400000, 0x0000000089400000, 0x0000000089500000|  0%| F|  |TAMS 0x0000000089400000, 0x0000000089400000| Untracked 
| 103|0x0000000089500000, 0x0000000089500000, 0x0000000089600000|  0%| F|  |TAMS 0x0000000089500000, 0x0000000089500000| Untracked 
| 104|0x0000000089600000, 0x0000000089600000, 0x0000000089700000|  0%| F|  |TAMS 0x0000000089600000, 0x0000000089600000| Untracked 
| 105|0x0000000089700000, 0x0000000089700000, 0x0000000089800000|  0%| F|  |TAMS 0x0000000089700000, 0x0000000089700000| Untracked 
| 106|0x0000000089800000, 0x0000000089800000, 0x0000000089900000|  0%| F|  |TAMS 0x0000000089800000, 0x0000000089800000| Untracked 
| 107|0x0000000089900000, 0x0000000089900000, 0x0000000089a00000|  0%| F|  |TAMS 0x0000000089900000, 0x0000000089900000| Untracked 
| 108|0x0000000089a00000, 0x0000000089a00000, 0x0000000089b00000|  0%| F|  |TAMS 0x0000000089a00000, 0x0000000089a00000| Untracked 
| 109|0x0000000089b00000, 0x0000000089b00000, 0x0000000089c00000|  0%| F|  |TAMS 0x0000000089b00000, 0x0000000089b00000| Untracked 
| 110|0x0000000089c00000, 0x0000000089c00000, 0x0000000089d00000|  0%| F|  |TAMS 0x0000000089c00000, 0x0000000089c00000| Untracked 
| 111|0x0000000089d00000, 0x0000000089d00000, 0x0000000089e00000|  0%| F|  |TAMS 0x0000000089d00000, 0x0000000089d00000| Untracked 
| 112|0x0000000089e00000, 0x0000000089e00000, 0x0000000089f00000|  0%| F|  |TAMS 0x0000000089e00000, 0x0000000089e00000| Untracked 
| 113|0x0000000089f00000, 0x0000000089f00000, 0x000000008a000000|  0%| F|  |TAMS 0x0000000089f00000, 0x0000000089f00000| Untracked 
| 114|0x000000008a000000, 0x000000008a000000, 0x000000008a100000|  0%| F|  |TAMS 0x000000008a000000, 0x000000008a000000| Untracked 
| 115|0x000000008a100000, 0x000000008a100000, 0x000000008a200000|  0%| F|  |TAMS 0x000000008a100000, 0x000000008a100000| Untracked 
| 116|0x000000008a200000, 0x000000008a200000, 0x000000008a300000|  0%| F|  |TAMS 0x000000008a200000, 0x000000008a200000| Untracked 
| 117|0x000000008a300000, 0x000000008a300000, 0x000000008a400000|  0%| F|  |TAMS 0x000000008a300000, 0x000000008a300000| Untracked 
| 118|0x000000008a400000, 0x000000008a400000, 0x000000008a500000|  0%| F|  |TAMS 0x000000008a400000, 0x000000008a400000| Untracked 
| 119|0x000000008a500000, 0x000000008a500000, 0x000000008a600000|  0%| F|  |TAMS 0x000000008a500000, 0x000000008a500000| Untracked 
| 120|0x000000008a600000, 0x000000008a600000, 0x000000008a700000|  0%| F|  |TAMS 0x000000008a600000, 0x000000008a600000| Untracked 
| 121|0x000000008a700000, 0x000000008a700000, 0x000000008a800000|  0%| F|  |TAMS 0x000000008a700000, 0x000000008a700000| Untracked 
| 122|0x000000008a800000, 0x000000008a800000, 0x000000008a900000|  0%| F|  |TAMS 0x000000008a800000, 0x000000008a800000| Untracked 
| 123|0x000000008a900000, 0x000000008a900000, 0x000000008aa00000|  0%| F|  |TAMS 0x000000008a900000, 0x000000008a900000| Untracked 
| 124|0x000000008aa00000, 0x000000008aa00000, 0x000000008ab00000|  0%| F|  |TAMS 0x000000008aa00000, 0x000000008aa00000| Untracked 
| 125|0x000000008ab00000, 0x000000008ab00000, 0x000000008ac00000|  0%| F|  |TAMS 0x000000008ab00000, 0x000000008ab00000| Untracked 
| 126|0x000000008ac00000, 0x000000008ac00000, 0x000000008ad00000|  0%| F|  |TAMS 0x000000008ac00000, 0x000000008ac00000| Untracked 
| 127|0x000000008ad00000, 0x000000008ad972f0, 0x000000008ae00000| 59%| S|CS|TAMS 0x000000008ad00000, 0x000000008ad00000| Complete 
| 128|0x000000008ae00000, 0x000000008ae00000, 0x000000008af00000|  0%| F|  |TAMS 0x000000008ae00000, 0x000000008ae00000| Untracked 
| 129|0x000000008af00000, 0x000000008af00000, 0x000000008b000000|  0%| F|  |TAMS 0x000000008af00000, 0x000000008af00000| Untracked 
| 130|0x000000008b000000, 0x000000008b100000, 0x000000008b100000|100%| S|CS|TAMS 0x000000008b000000, 0x000000008b000000| Complete 
| 131|0x000000008b100000, 0x000000008b100000, 0x000000008b200000|  0%| F|  |TAMS 0x000000008b100000, 0x000000008b100000| Untracked 
| 132|0x000000008b200000, 0x000000008b200000, 0x000000008b300000|  0%| F|  |TAMS 0x000000008b200000, 0x000000008b200000| Untracked 
| 133|0x000000008b300000, 0x000000008b300000, 0x000000008b400000|  0%| F|  |TAMS 0x000000008b300000, 0x000000008b300000| Untracked 
| 134|0x000000008b400000, 0x000000008b400000, 0x000000008b500000|  0%| F|  |TAMS 0x000000008b400000, 0x000000008b400000| Untracked 
| 135|0x000000008b500000, 0x000000008b500000, 0x000000008b600000|  0%| F|  |TAMS 0x000000008b500000, 0x000000008b500000| Untracked 
| 136|0x000000008b600000, 0x000000008b600000, 0x000000008b700000|  0%| F|  |TAMS 0x000000008b600000, 0x000000008b600000| Untracked 
| 137|0x000000008b700000, 0x000000008b700000, 0x000000008b800000|  0%| F|  |TAMS 0x000000008b700000, 0x000000008b700000| Untracked 
| 138|0x000000008b800000, 0x000000008b800000, 0x000000008b900000|  0%| F|  |TAMS 0x000000008b800000, 0x000000008b800000| Untracked 
| 139|0x000000008b900000, 0x000000008b900000, 0x000000008ba00000|  0%| F|  |TAMS 0x000000008b900000, 0x000000008b900000| Untracked 
| 140|0x000000008ba00000, 0x000000008ba00000, 0x000000008bb00000|  0%| F|  |TAMS 0x000000008ba00000, 0x000000008ba00000| Untracked 
| 141|0x000000008bb00000, 0x000000008bb00000, 0x000000008bc00000|  0%| F|  |TAMS 0x000000008bb00000, 0x000000008bb00000| Untracked 
| 142|0x000000008bc00000, 0x000000008bc00000, 0x000000008bd00000|  0%| F|  |TAMS 0x000000008bc00000, 0x000000008bc00000| Untracked 
| 143|0x000000008bd00000, 0x000000008bd00000, 0x000000008be00000|  0%| F|  |TAMS 0x000000008bd00000, 0x000000008bd00000| Untracked 

Card table byte_map: [0x0000018bf36e0000,0x0000018bf3ad0000] _byte_map_base: 0x0000018bf32c9000

Marking Bits (Prev, Next): (CMBitMap*) 0x0000018beb6e6bc0, (CMBitMap*) 0x0000018beb6e6c00
 Prev Bits: [0x0000018bf3ec0000, 0x0000018bf5e08000)
 Next Bits: [0x0000018bf5e10000, 0x0000018bf7d58000)

Polling page: 0x0000018beae50000

Metaspace:

Usage:
  Non-class:     18.54 MB used.
      Class:      2.29 MB used.
       Both:     20.82 MB used.

Virtual space:
  Non-class space:       64.00 MB reserved,      18.69 MB ( 29%) committed,  1 nodes.
      Class space:        1.00 GB reserved,       2.44 MB ( <1%) committed,  1 nodes.
             Both:        1.06 GB reserved,      21.12 MB (  2%) committed. 

Chunk freelists:
   Non-Class:  998.00 KB
       Class:  1.61 MB
        Both:  2.59 MB

MaxMetaspaceSize: unlimited
CompressedClassSpaceSize: 1.00 GB
Initial GC threshold: 21.00 MB
Current GC threshold: 35.12 MB
CDS: on
MetaspaceReclaimPolicy: balanced
 - commit_granule_bytes: 65536.
 - commit_granule_words: 8192.
 - virtual_space_node_default_size: 8388608.
 - enlarge_chunks_in_place: 1.
 - new_chunks_are_fully_committed: 0.
 - uncommit_free_chunks: 1.
 - use_allocation_guard: 0.


Internal statistics:

num_allocs_failed_limit: 0.
num_arena_births: 256.
num_arena_deaths: 0.
num_vsnodes_births: 2.
num_vsnodes_deaths: 0.
num_space_committed: 338.
num_space_uncommitted: 0.
num_chunks_returned_to_freelist: 0.
num_chunks_taken_from_freelist: 502.
num_chunk_merges: 0.
num_chunk_splits: 299.
num_chunks_enlarged: 150.
num_inconsistent_stats: 0.

CodeHeap 'non-profiled nmethods': size=120000Kb used=1680Kb max_used=1680Kb free=118319Kb
 bounds [0x0000018b87ad0000, 0x0000018b87d40000, 0x0000018b8f000000]
CodeHeap 'profiled nmethods': size=120000Kb used=6404Kb max_used=6404Kb free=113595Kb
 bounds [0x0000018b805a0000, 0x0000018b80bf0000, 0x0000018b87ad0000]
CodeHeap 'non-nmethods': size=5760Kb used=1399Kb max_used=1441Kb free=4360Kb
 bounds [0x0000018b80000000, 0x0000018b80270000, 0x0000018b805a0000]
 total_blobs=3842 nmethods=3106 adapters=647
 compilation: enabled
              stopped_count=0, restarted_count=0
 full_count=0

Compilation events (20 events):
Event: 37.780 Thread 0x0000018bfa7767b0 nmethod 3106 0x0000018b80bdcb10 code [0x0000018b80bdcca0, 0x0000018b80bdcdb8]
Event: 37.780 Thread 0x0000018bfa7767b0 3108       3       sun.swing.DefaultLayoutStyle::isLabelAndNonlabel (48 bytes)
Event: 37.781 Thread 0x0000018bfa7767b0 nmethod 3108 0x0000018b80bdce90 code [0x0000018b80bdd040, 0x0000018b80bdd4b8]
Event: 37.781 Thread 0x0000018bfa7767b0 3107       3       javax.swing.GroupLayout$ParallelGroup::calculateMaximumSize (19 bytes)
Event: 37.782 Thread 0x0000018bfa7767b0 nmethod 3107 0x0000018b80bdd590 code [0x0000018b80bdd780, 0x0000018b80bddeb8]
Event: 37.782 Thread 0x0000018bfa7767b0 3109       3       sun.awt.NullComponentPeer::endLayout (1 bytes)
Event: 37.782 Thread 0x0000018bfa7767b0 nmethod 3109 0x0000018b80bde090 code [0x0000018b80bde220, 0x0000018b80bde338]
Event: 38.781 Thread 0x0000018bfa7767b0 3110   !   3       java.awt.Container::mixOnValidating (85 bytes)
Event: 38.784 Thread 0x0000018bfa7767b0 nmethod 3110 0x0000018b80bde410 code [0x0000018b80bde7e0, 0x0000018b80be04a8]
Event: 39.781 Thread 0x0000018bfa7767b0 3111       3       sun.awt.NullComponentPeer::layout (1 bytes)
Event: 39.781 Thread 0x0000018bfa7767b0 nmethod 3111 0x0000018b80be0f90 code [0x0000018b80be1120, 0x0000018b80be1238]
Event: 39.905 Thread 0x0000018bfa750110 3112       4       java.util.GregorianCalendar::computeTime (976 bytes)
Event: 39.938 Thread 0x0000018bfa750110 nmethod 3112 0x0000018b87c70290 code [0x0000018b87c704e0, 0x0000018b87c713a0]
Event: 40.094 Thread 0x0000018bfa750110 3113       4       javax.swing.JComponent::firePropertyChange (8 bytes)
Event: 40.096 Thread 0x0000018bfa750110 nmethod 3113 0x0000018b87c71e90 code [0x0000018b87c72020, 0x0000018b87c720c8]
Event: 41.235 Thread 0x0000018bfa750110 3114       4       javax.swing.SwingUtilities::findDisplayedMnemonicIndex (69 bytes)
Event: 41.239 Thread 0x0000018bfa750110 nmethod 3114 0x0000018b87c72190 code [0x0000018b87c72340, 0x0000018b87c72588]
Event: 41.412 Thread 0x0000018bfa750110 3115       4       java.util.GregorianCalendar::add (698 bytes)
Event: 41.444 Thread 0x0000018bfa750110 nmethod 3115 0x0000018b87c72810 code [0x0000018b87c72aa0, 0x0000018b87c734b8]
Event: 41.444 Thread 0x0000018bfa750110 3116       4       javax.swing.JLabel::setText (107 bytes)

GC Heap History (15 events):
Event: 5.297 GC heap before
{Heap before GC invocations=0 (full 0):
 garbage-first heap   total 129024K, used 26624K [0x0000000082e00000, 0x0000000100000000)
  region size 1024K, 23 young (23552K), 0 survivors (0K)
 Metaspace       used 14095K, committed 14336K, reserved 1114112K
  class space    used 1528K, committed 1600K, reserved 1048576K
}
Event: 5.317 GC heap after
{Heap after GC invocations=1 (full 0):
 garbage-first heap   total 129024K, used 9894K [0x0000000082e00000, 0x0000000100000000)
  region size 1024K, 3 young (3072K), 3 survivors (3072K)
 Metaspace       used 14095K, committed 14336K, reserved 1114112K
  class space    used 1528K, committed 1600K, reserved 1048576K
}
Event: 7.550 GC heap before
{Heap before GC invocations=1 (full 0):
 garbage-first heap   total 129024K, used 44710K [0x0000000082e00000, 0x0000000100000000)
  region size 1024K, 19 young (19456K), 3 survivors (3072K)
 Metaspace       used 19141K, committed 19392K, reserved 1114112K
  class space    used 2051K, committed 2176K, reserved 1048576K
}
Event: 7.558 GC heap after
{Heap after GC invocations=2 (full 0):
 garbage-first heap   total 129024K, used 30619K [0x0000000082e00000, 0x0000000100000000)
  region size 1024K, 2 young (2048K), 2 survivors (2048K)
 Metaspace       used 19141K, committed 19392K, reserved 1114112K
  class space    used 2051K, committed 2176K, reserved 1048576K
}
Event: 19.477 GC heap before
{Heap before GC invocations=2 (full 0):
 garbage-first heap   total 129024K, used 87963K [0x0000000082e00000, 0x0000000100000000)
  region size 1024K, 31 young (31744K), 2 survivors (2048K)
 Metaspace       used 19610K, committed 19840K, reserved 1114112K
  class space    used 2055K, committed 2176K, reserved 1048576K
}
Event: 19.481 GC heap after
{Heap after GC invocations=3 (full 0):
 garbage-first heap   total 129024K, used 52965K [0x0000000082e00000, 0x0000000100000000)
  region size 1024K, 1 young (1024K), 1 survivors (1024K)
 Metaspace       used 19610K, committed 19840K, reserved 1114112K
  class space    used 2055K, committed 2176K, reserved 1048576K
}
Event: 19.799 GC heap before
{Heap before GC invocations=3 (full 0):
 garbage-first heap   total 129024K, used 115429K [0x0000000082e00000, 0x0000000100000000)
  region size 1024K, 33 young (33792K), 1 survivors (1024K)
 Metaspace       used 19614K, committed 19904K, reserved 1114112K
  class space    used 2055K, committed 2176K, reserved 1048576K
}
Event: 19.802 GC heap after
{Heap after GC invocations=4 (full 0):
 garbage-first heap   total 129024K, used 73432K [0x0000000082e00000, 0x0000000100000000)
  region size 1024K, 1 young (1024K), 1 survivors (1024K)
 Metaspace       used 19614K, committed 19904K, reserved 1114112K
  class space    used 2055K, committed 2176K, reserved 1048576K
}
Event: 30.745 GC heap before
{Heap before GC invocations=5 (full 0):
 garbage-first heap   total 132096K, used 101080K [0x0000000082e00000, 0x0000000100000000)
  region size 1024K, 25 young (25600K), 1 survivors (1024K)
 Metaspace       used 19632K, committed 19904K, reserved 1114112K
  class space    used 2055K, committed 2176K, reserved 1048576K
}
Event: 30.748 GC heap after
{Heap after GC invocations=6 (full 0):
 garbage-first heap   total 132096K, used 74424K [0x0000000082e00000, 0x0000000100000000)
  region size 1024K, 1 young (1024K), 1 survivors (1024K)
 Metaspace       used 19632K, committed 19904K, reserved 1114112K
  class space    used 2055K, committed 2176K, reserved 1048576K
}
Event: 31.031 GC heap before
{Heap before GC invocations=7 (full 0):
 garbage-first heap   total 142336K, used 93880K [0x0000000082e00000, 0x0000000100000000)
  region size 1024K, 13 young (13312K), 1 survivors (1024K)
 Metaspace       used 19635K, committed 19904K, reserved 1114112K
  class space    used 2055K, committed 2176K, reserved 1048576K
}
Event: 31.034 GC heap after
{Heap after GC invocations=8 (full 0):
 garbage-first heap   total 142336K, used 80600K [0x0000000082e00000, 0x0000000100000000)
  region size 1024K, 1 young (1024K), 1 survivors (1024K)
 Metaspace       used 19635K, committed 19904K, reserved 1114112K
  class space    used 2055K, committed 2176K, reserved 1048576K
}
Event: 34.722 GC heap before
{Heap before GC invocations=9 (full 0):
 garbage-first heap   total 147456K, used 100056K [0x0000000082e00000, 0x0000000100000000)
  region size 1024K, 15 young (15360K), 1 survivors (1024K)
 Metaspace       used 21285K, committed 21568K, reserved 1114112K
  class space    used 2339K, committed 2496K, reserved 1048576K
}
Event: 34.726 GC heap after
{Heap after GC invocations=10 (full 0):
 garbage-first heap   total 147456K, used 84459K [0x0000000082e00000, 0x0000000100000000)
  region size 1024K, 2 young (2048K), 2 survivors (2048K)
 Metaspace       used 21285K, committed 21568K, reserved 1114112K
  class space    used 2339K, committed 2496K, reserved 1048576K
}
Event: 41.515 GC heap before
{Heap before GC invocations=11 (full 0):
 garbage-first heap   total 147456K, used 98795K [0x0000000082e00000, 0x0000000100000000)
  region size 1024K, 15 young (15360K), 2 survivors (2048K)
 Metaspace       used 21321K, committed 21632K, reserved 1114112K
  class space    used 2340K, committed 2496K, reserved 1048576K
}

Deoptimization events (20 events):
Event: 34.617 Thread 0x0000018bfec3fbe0 Uncommon trap: trap_request=0xffffff45 fr.pc=0x0000018b87c3856c relative=0x0000000000001b4c
Event: 34.617 Thread 0x0000018bfec3fbe0 Uncommon trap: reason=unstable_if action=reinterpret pc=0x0000018b87c3856c method=java.util.GregorianCalendar.computeFields(II)I @ 731 c2
Event: 34.617 Thread 0x0000018bfec3fbe0 DEOPT PACKING pc=0x0000018b87c3856c sp=0x0000007e03bfdba0
Event: 34.617 Thread 0x0000018bfec3fbe0 DEOPT UNPACKING pc=0x0000018b800523a3 sp=0x0000007e03bfdac0 mode 2
Event: 34.617 Thread 0x0000018bfec3fbe0 Uncommon trap: trap_request=0xffffff45 fr.pc=0x0000018b87c21cb0 relative=0x00000000000001f0
Event: 34.617 Thread 0x0000018bfec3fbe0 Uncommon trap: reason=unstable_if action=reinterpret pc=0x0000018b87c21cb0 method=java.util.GregorianCalendar.add(II)V @ 29 c2
Event: 34.617 Thread 0x0000018bfec3fbe0 DEOPT PACKING pc=0x0000018b87c21cb0 sp=0x0000007e03bfde50
Event: 34.617 Thread 0x0000018bfec3fbe0 DEOPT UNPACKING pc=0x0000018b800523a3 sp=0x0000007e03bfddb0 mode 2
Event: 34.618 Thread 0x0000018bfec3fbe0 Uncommon trap: trap_request=0xffffff45 fr.pc=0x0000018b87bcc30c relative=0x000000000000008c
Event: 34.618 Thread 0x0000018bfec3fbe0 Uncommon trap: reason=unstable_if action=reinterpret pc=0x0000018b87bcc30c method=java.util.Calendar.complete()V @ 22 c2
Event: 34.618 Thread 0x0000018bfec3fbe0 DEOPT PACKING pc=0x0000018b87bcc30c sp=0x0000007e03bfddc0
Event: 34.618 Thread 0x0000018bfec3fbe0 DEOPT UNPACKING pc=0x0000018b800523a3 sp=0x0000007e03bfdd60 mode 2
Event: 34.656 Thread 0x0000018bfec3fbe0 Uncommon trap: trap_request=0xffffff45 fr.pc=0x0000018b87c0c1c0 relative=0x0000000000000040
Event: 34.656 Thread 0x0000018bfec3fbe0 Uncommon trap: reason=unstable_if action=reinterpret pc=0x0000018b87c0c1c0 method=javax.swing.SwingUtilities.findDisplayedMnemonicIndex(Ljava/lang/String;I)I @ 5 c2
Event: 34.656 Thread 0x0000018bfec3fbe0 DEOPT PACKING pc=0x0000018b87c0c1c0 sp=0x0000007e03bfde70
Event: 34.656 Thread 0x0000018bfec3fbe0 DEOPT UNPACKING pc=0x0000018b800523a3 sp=0x0000007e03bfddf0 mode 2
Event: 37.200 Thread 0x0000018bfec35e30 Uncommon trap: trap_request=0xffffff45 fr.pc=0x0000018b87b56adc relative=0x000000000000005c
Event: 37.200 Thread 0x0000018bfec35e30 Uncommon trap: reason=unstable_if action=reinterpret pc=0x0000018b87b56adc method=java.lang.ref.ReferenceQueue.poll()Ljava/lang/ref/Reference; @ 4 c2
Event: 37.200 Thread 0x0000018bfec35e30 DEOPT PACKING pc=0x0000018b87b56adc sp=0x0000007e03afaca0
Event: 37.200 Thread 0x0000018bfec35e30 DEOPT UNPACKING pc=0x0000018b800523a3 sp=0x0000007e03afac30 mode 2

Classes loaded (20 events):
Event: 34.650 Loading class sun/awt/image/GifFrame
Event: 34.650 Loading class sun/awt/image/GifFrame done
Event: 34.650 Loading class java/awt/image/DataBufferByte
Event: 34.650 Loading class java/awt/image/DataBufferByte done
Event: 34.651 Loading class java/awt/image/PixelInterleavedSampleModel
Event: 34.651 Loading class java/awt/image/ComponentSampleModel
Event: 34.651 Loading class java/awt/image/ComponentSampleModel done
Event: 34.651 Loading class java/awt/image/PixelInterleavedSampleModel done
Event: 34.652 Loading class sun/awt/image/ByteInterleavedRaster
Event: 34.652 Loading class sun/awt/image/ByteComponentRaster
Event: 34.653 Loading class sun/awt/image/ByteComponentRaster done
Event: 34.653 Loading class sun/awt/image/ByteInterleavedRaster done
Event: 34.654 Loading class sun/awt/image/BytePackedRaster
Event: 34.655 Loading class sun/awt/image/BytePackedRaster done
Event: 34.838 Loading class java/lang/Throwable$WrappedPrintStream
Event: 34.838 Loading class java/lang/Throwable$PrintStreamOrWriter
Event: 34.839 Loading class java/lang/Throwable$PrintStreamOrWriter done
Event: 34.839 Loading class java/lang/Throwable$WrappedPrintStream done
Event: 34.840 Loading class java/lang/StackTraceElement$HashedModules
Event: 34.840 Loading class java/lang/StackTraceElement$HashedModules done

Classes unloaded (0 events):
No events

Classes redefined (0 events):
No events

Internal exceptions (20 events):
Event: 2.101 Thread 0x0000018b8f243620 Exception <a 'java/lang/NoSuchMethodError'{0x0000000089e7e958}: 'java.lang.Object java.lang.invoke.DirectMethodHandle$Holder.newInvokeSpecial(java.lang.Object, java.lang.Object, java.lang.Object, int, int, int, int, int)'> (0x0000000089e7e958) 
thrown [s\open\src\hotspot\share\interpreter\linkResolver.cpp, line 759]
Event: 4.529 Thread 0x0000018bfec3fbe0 Exception <a 'java/lang/NoSuchMethodError'{0x0000000089a202f8}: 'java.lang.Object java.lang.invoke.DirectMethodHandle$Holder.invokeInterface(java.lang.Object, java.lang.Object)'> (0x0000000089a202f8) 
thrown [s\open\src\hotspot\share\interpreter\linkResolver.cpp, line 759]
Event: 4.692 Thread 0x0000018bfec3fbe0 Exception <a 'java/lang/NoSuchMethodError'{0x0000000089871fa0}: 'java.lang.Object java.lang.invoke.DirectMethodHandle$Holder.invokeStatic(java.lang.Object, java.lang.Object, long, java.lang.Object)'> (0x0000000089871fa0) 
thrown [s\open\src\hotspot\share\interpreter\linkResolver.cpp, line 759]
Event: 4.694 Thread 0x0000018bfec3fbe0 Exception <a 'java/lang/NoSuchMethodError'{0x0000000089875cd8}: 'java.lang.Object java.lang.invoke.DirectMethodHandle$Holder.invokeStaticInit(java.lang.Object, java.lang.Object, long, java.lang.Object)'> (0x0000000089875cd8) 
thrown [s\open\src\hotspot\share\interpreter\linkResolver.cpp, line 759]
Event: 4.696 Thread 0x0000018bfec3fbe0 Exception <a 'java/lang/NoSuchMethodError'{0x000000008987c7b0}: 'java.lang.Object java.lang.invoke.DirectMethodHandle$Holder.newInvokeSpecial(java.lang.Object, java.lang.Object, long)'> (0x000000008987c7b0) 
thrown [s\open\src\hotspot\share\interpreter\linkResolver.cpp, line 759]
Event: 4.698 Thread 0x0000018bfec3fbe0 Exception <a 'java/lang/NoSuchMethodError'{0x00000000898805d0}: 'java.lang.Object java.lang.invoke.Invokers$Holder.linkToTargetMethod(java.lang.Object, long, java.lang.Object)'> (0x00000000898805d0) 
thrown [s\open\src\hotspot\share\interpreter\linkResolver.cpp, line 759]
Event: 4.934 Thread 0x0000018bfec3fbe0 Exception <a 'java/lang/NoSuchMethodError'{0x00000000897bf630}: 'void java.lang.invoke.DirectMethodHandle$Holder.invokeStatic(java.lang.Object, java.lang.Object)'> (0x00000000897bf630) 
thrown [s\open\src\hotspot\share\interpreter\linkResolver.cpp, line 759]
Event: 4.959 Thread 0x0000018bfec3fbe0 Exception <a 'java/lang/NoSuchMethodError'{0x00000000897d8b08}: 'java.lang.Object java.lang.invoke.DirectMethodHandle$Holder.invokeStaticInit(java.lang.Object, int, int, int, int)'> (0x00000000897d8b08) 
thrown [s\open\src\hotspot\share\interpreter\linkResolver.cpp, line 759]
Event: 5.152 Thread 0x0000018bfec3fbe0 Exception <a 'java/lang/NoSuchMethodError'{0x00000000896859f8}: 'java.lang.Object java.lang.invoke.DirectMethodHandle$Holder.invokeStaticInit(java.lang.Object, java.lang.Object, int, int, int, int)'> (0x00000000896859f8) 
thrown [s\open\src\hotspot\share\interpreter\linkResolver.cpp, line 759]
Event: 5.194 Thread 0x0000018bfec3fbe0 Exception <a 'sun/nio/fs/WindowsException'{0x00000000896fe738}> (0x00000000896fe738) 
thrown [s\open\src\hotspot\share\prims\jni.cpp, line 516]
Event: 5.603 Thread 0x0000018bfec3fbe0 Implicit null exception at 0x0000018b87b4d171 to 0x0000018b87b4d30c
Event: 8.635 Thread 0x0000018b8f983d90 Implicit null exception at 0x0000018b87ba0f86 to 0x0000018b87ba10ec
Event: 19.476 Thread 0x0000018b8f68ada0 Implicit null exception at 0x0000018b87bd85d7 to 0x0000018b87bd8938
Event: 34.362 Thread 0x0000018bfec3fbe0 Implicit null exception at 0x0000018b87be8f60 to 0x0000018b87be8fe9
Event: 34.646 Thread 0x0000018bfec3fbe0 Implicit null exception at 0x0000018b80b32c3f to 0x0000018b80b357fa
Event: 34.646 Thread 0x0000018bfec3fbe0 Exception <a 'java/lang/NullPointerException'{0x000000008b171f30}> (0x000000008b171f30) 
thrown [s\open\src\hotspot\share\runtime\sharedRuntime.cpp, line 625]
Event: 34.659 Thread 0x0000018bfec3fbe0 Implicit null exception at 0x0000018b80b32c3f to 0x0000018b80b357fa
Event: 34.659 Thread 0x0000018bfec3fbe0 Exception <a 'java/lang/NullPointerException'{0x000000008b17a8a0}> (0x000000008b17a8a0) 
thrown [s\open\src\hotspot\share\runtime\sharedRuntime.cpp, line 625]
Event: 34.707 Thread 0x0000018bfec3fbe0 Implicit null exception at 0x0000018b80b32c3f to 0x0000018b80b357fa
Event: 34.707 Thread 0x0000018bfec3fbe0 Exception <a 'java/lang/NullPointerException'{0x000000008b09f498}> (0x000000008b09f498) 
thrown [s\open\src\hotspot\share\runtime\sharedRuntime.cpp, line 625]

VM Operations (20 events):
Event: 34.651 Executing VM operation: HandshakeAllThreads done
Event: 34.652 Executing VM operation: HandshakeAllThreads
Event: 34.652 Executing VM operation: HandshakeAllThreads done
Event: 34.721 Executing VM operation: G1TryInitiateConcMark
Event: 34.726 Executing VM operation: G1TryInitiateConcMark done
Event: 34.746 Executing VM operation: G1Concurrent
Event: 34.750 Executing VM operation: G1Concurrent done
Event: 34.760 Executing VM operation: G1Concurrent
Event: 34.760 Executing VM operation: G1Concurrent done
Event: 35.761 Executing VM operation: Cleanup
Event: 35.761 Executing VM operation: Cleanup done
Event: 36.761 Executing VM operation: Cleanup
Event: 36.761 Executing VM operation: Cleanup done
Event: 37.763 Executing VM operation: Cleanup
Event: 37.763 Executing VM operation: Cleanup done
Event: 38.763 Executing VM operation: Cleanup
Event: 38.764 Executing VM operation: Cleanup done
Event: 39.765 Executing VM operation: Cleanup
Event: 39.765 Executing VM operation: Cleanup done
Event: 41.515 Executing VM operation: G1TryInitiateConcMark

Events (20 events):
Event: 8.764 Thread 0x0000018b8fa27300 Thread added: 0x0000018b8fa27300
Event: 9.224 Thread 0x0000018b8fa27300 Thread exited: 0x0000018b8fa27300
Event: 13.622 Thread 0x0000018b8f243620 Thread exited: 0x0000018b8f243620
Event: 14.472 Thread 0x0000018b8f983d90 Thread exited: 0x0000018b8f983d90
Event: 19.474 Thread 0x0000018b8f68ada0 Thread added: 0x0000018b8f68ada0
Event: 19.795 Thread 0x0000018b8f6890c0 Thread added: 0x0000018b8f6890c0
Event: 23.049 Thread 0x0000018bfeb0fc50 Thread added: 0x0000018bfeb0fc50
Event: 23.780 Thread 0x0000018bfeb0fc50 Thread exited: 0x0000018bfeb0fc50
Event: 24.795 Thread 0x0000018b8f6890c0 Thread exited: 0x0000018b8f6890c0
Event: 25.707 Thread 0x0000018b8f68ada0 Thread exited: 0x0000018b8f68ada0
Event: 30.708 Thread 0x0000018b8f689f30 Thread added: 0x0000018b8f689f30
Event: 30.990 Thread 0x0000018b8f68c5b0 Thread added: 0x0000018b8f68c5b0
Event: 34.351 Loaded shared library C:\Program Files\Java\jdk-18.0.2.1\bin\verify.dll
Event: 34.403 Thread 0x0000018b8fe17c50 Thread added: 0x0000018b8fe17c50
Event: 34.751 Thread 0x0000018b904c5010 Thread added: 0x0000018b904c5010
Event: 35.643 Thread 0x0000018b904c5010 Thread exited: 0x0000018b904c5010
Event: 35.643 Thread 0x0000018b8fe17c50 Thread exited: 0x0000018b8fe17c50
Event: 39.656 Thread 0x0000018b8f68c5b0 Thread exited: 0x0000018b8f68c5b0
Event: 39.837 Thread 0x0000018b8f689f30 Thread exited: 0x0000018b8f689f30
Event: 41.512 Thread 0x0000018b8f68b270 Thread added: 0x0000018b8f68b270


Dynamic libraries:
0x00007ff6709e0000 - 0x00007ff6709f0000 	C:\Program Files\Java\jdk-18.0.2.1\bin\java.exe
0x00007ff8a86e0000 - 0x00007ff8a88e9000 	C:\WINDOWS\SYSTEM32\ntdll.dll
0x00007ff8a7610000 - 0x00007ff8a76cd000 	C:\WINDOWS\System32\KERNEL32.DLL
0x00007ff8a5ef0000 - 0x00007ff8a626c000 	C:\WINDOWS\System32\KERNELBASE.dll
0x00007ff8a5c40000 - 0x00007ff8a5d51000 	C:\WINDOWS\System32\ucrtbase.dll
0x00007ff89afe0000 - 0x00007ff89affa000 	C:\Program Files\Java\jdk-18.0.2.1\bin\VCRUNTIME140.dll
0x00007ff89dec0000 - 0x00007ff89ded8000 	C:\Program Files\Java\jdk-18.0.2.1\bin\jli.dll
0x00007ff8a6780000 - 0x00007ff8a682e000 	C:\WINDOWS\System32\ADVAPI32.dll
0x00007ff8a6830000 - 0x00007ff8a68d3000 	C:\WINDOWS\System32\msvcrt.dll
0x00007ff8a73c0000 - 0x00007ff8a745e000 	C:\WINDOWS\System32\sechost.dll
0x00007ff8a8500000 - 0x00007ff8a8620000 	C:\WINDOWS\System32\RPCRT4.dll
0x00007ff8a7460000 - 0x00007ff8a760d000 	C:\WINDOWS\System32\USER32.dll
0x00007ff88ab80000 - 0x00007ff88ae25000 	C:\WINDOWS\WinSxS\amd64_microsoft.windows.common-controls_6595b64144ccf1df_6.0.22000.120_none_9d947278b86cc467\COMCTL32.dll
0x00007ff8a7390000 - 0x00007ff8a73b9000 	C:\WINDOWS\System32\GDI32.dll
0x00007ff8a63d0000 - 0x00007ff8a63f6000 	C:\WINDOWS\System32\win32u.dll
0x00007ff8a5d60000 - 0x00007ff8a5e78000 	C:\WINDOWS\System32\gdi32full.dll
0x00007ff8a6330000 - 0x00007ff8a63cd000 	C:\WINDOWS\System32\msvcp_win.dll
0x00007ff8922b0000 - 0x00007ff8922ba000 	C:\WINDOWS\SYSTEM32\VERSION.dll
0x00007ff8a84c0000 - 0x00007ff8a84f1000 	C:\WINDOWS\System32\IMM32.DLL
0x00007ff89df40000 - 0x00007ff89df4c000 	C:\Program Files\Java\jdk-18.0.2.1\bin\vcruntime140_1.dll
0x00007ff88cda0000 - 0x00007ff88ce2d000 	C:\Program Files\Java\jdk-18.0.2.1\bin\msvcp140.dll
0x00007ff821590000 - 0x00007ff8221a1000 	C:\Program Files\Java\jdk-18.0.2.1\bin\server\jvm.dll
0x00007ff8a81a0000 - 0x00007ff8a81a8000 	C:\WINDOWS\System32\PSAPI.DLL
0x00007ff873c00000 - 0x00007ff873c09000 	C:\WINDOWS\SYSTEM32\WSOCK32.dll
0x00007ff89bf20000 - 0x00007ff89bf53000 	C:\WINDOWS\SYSTEM32\WINMM.dll
0x00007ff8a6e10000 - 0x00007ff8a6e7f000 	C:\WINDOWS\System32\WS2_32.dll
0x00007ff8a4ce0000 - 0x00007ff8a4cf8000 	C:\WINDOWS\SYSTEM32\kernel.appcore.dll
0x00007ff89b440000 - 0x00007ff89b44a000 	C:\Program Files\Java\jdk-18.0.2.1\bin\jimage.dll
0x00007ff8a35a0000 - 0x00007ff8a37c1000 	C:\WINDOWS\SYSTEM32\DBGHELP.DLL
0x00007ff87a990000 - 0x00007ff87a9c1000 	C:\WINDOWS\SYSTEM32\dbgcore.DLL
0x00007ff8a5bc0000 - 0x00007ff8a5c3f000 	C:\WINDOWS\System32\bcryptPrimitives.dll
0x00007ff8914b0000 - 0x00007ff8914d5000 	C:\Program Files\Java\jdk-18.0.2.1\bin\java.dll
0x00007ff855780000 - 0x00007ff855856000 	C:\Program Files\Java\jdk-18.0.2.1\bin\jsvml.dll
0x00007ff8a7910000 - 0x00007ff8a80c8000 	C:\WINDOWS\System32\SHELL32.dll
0x00007ff8a4270000 - 0x00007ff8a4ad8000 	C:\WINDOWS\SYSTEM32\windows.storage.dll
0x00007ff8a6950000 - 0x00007ff8a6cc9000 	C:\WINDOWS\System32\combase.dll
0x00007ff8a4100000 - 0x00007ff8a4266000 	C:\WINDOWS\SYSTEM32\wintypes.dll
0x00007ff8a6690000 - 0x00007ff8a677a000 	C:\WINDOWS\System32\SHCORE.dll
0x00007ff8a6db0000 - 0x00007ff8a6e0d000 	C:\WINDOWS\System32\shlwapi.dll
0x00007ff8a5af0000 - 0x00007ff8a5b11000 	C:\WINDOWS\SYSTEM32\profapi.dll
0x00007ff892290000 - 0x00007ff8922a3000 	C:\Program Files\Java\jdk-18.0.2.1\bin\net.dll
0x00007ff89f190000 - 0x00007ff89f29c000 	C:\WINDOWS\SYSTEM32\WINHTTP.dll
0x00007ff8a5100000 - 0x00007ff8a5167000 	C:\WINDOWS\system32\mswsock.dll
0x00007ff8911f0000 - 0x00007ff891206000 	C:\Program Files\Java\jdk-18.0.2.1\bin\nio.dll
0x00007ff88ce30000 - 0x00007ff88ce48000 	C:\Program Files\Java\jdk-18.0.2.1\bin\zip.dll
0x00007ff847620000 - 0x00007ff8477af000 	C:\Program Files\Java\jdk-18.0.2.1\bin\awt.dll
0x00007ff8a6cd0000 - 0x00007ff8a6da6000 	C:\WINDOWS\System32\OLEAUT32.dll
0x00007ff89ece0000 - 0x00007ff89ed71000 	C:\WINDOWS\SYSTEM32\apphelp.dll
0x00007ff89edf0000 - 0x00007ff89ee9c000 	C:\WINDOWS\system32\uxtheme.dll
0x00007ff8a6570000 - 0x00007ff8a668e000 	C:\WINDOWS\System32\MSCTF.dll
0x00007ff8a81b0000 - 0x00007ff8a834a000 	C:\WINDOWS\System32\ole32.dll
0x00007ff8a2df0000 - 0x00007ff8a2e1f000 	C:\WINDOWS\system32\DWMAPI.DLL
0x00007ff854680000 - 0x00007ff854781000 	C:\WINDOWS\system32\opengl32.dll
0x00007ff858310000 - 0x00007ff85833d000 	C:\WINDOWS\SYSTEM32\GLU32.dll
0x00007ff8a2b50000 - 0x00007ff8a2b88000 	C:\WINDOWS\SYSTEM32\dxcore.dll
0x00007ff870fd0000 - 0x00007ff871056000 	C:\Program Files\Java\jdk-18.0.2.1\bin\freetype.dll
0x00007ff853320000 - 0x00007ff8533c8000 	C:\Program Files\Java\jdk-18.0.2.1\bin\fontmanager.dll
0x00007ff8a80e0000 - 0x00007ff8a818f000 	C:\WINDOWS\System32\clbcatq.dll
0x00007ff898370000 - 0x00007ff89851e000 	C:\WINDOWS\SYSTEM32\WindowsCodecs.dll
0x00007ff85eba0000 - 0x00007ff85ebfd000 	C:\WINDOWS\system32\dataexchange.dll
0x00007ff897c80000 - 0x00007ff897ee6000 	C:\WINDOWS\system32\twinapi.appcore.dll
0x00007ff88d0d0000 - 0x00007ff88d1fd000 	C:\WINDOWS\SYSTEM32\textinputframework.dll
0x00007ff89e9f0000 - 0x00007ff89eb22000 	C:\WINDOWS\SYSTEM32\CoreMessaging.dll
0x00007ff8995f0000 - 0x00007ff89995d000 	C:\WINDOWS\SYSTEM32\CoreUIComponents.dll
0x00007ff8a52f0000 - 0x00007ff8a52fc000 	C:\WINDOWS\SYSTEM32\CRYPTBASE.DLL
0x00007ff87b160000 - 0x00007ff87b177000 	C:\WINDOWS\system32\napinsp.dll
0x00007ff87b130000 - 0x00007ff87b14b000 	C:\WINDOWS\system32\pnrpnsp.dll
0x00007ff8a3e40000 - 0x00007ff8a3f28000 	C:\WINDOWS\SYSTEM32\DNSAPI.dll
0x00007ff8a3e10000 - 0x00007ff8a3e3d000 	C:\WINDOWS\SYSTEM32\IPHLPAPI.DLL
0x00007ff8a7380000 - 0x00007ff8a7389000 	C:\WINDOWS\System32\NSI.dll
0x00007ff87af50000 - 0x00007ff87af62000 	C:\WINDOWS\System32\winrnr.dll
0x00007ff89ad00000 - 0x00007ff89ad15000 	C:\WINDOWS\system32\wshbth.dll
0x00007ff87aef0000 - 0x00007ff87af0f000 	C:\WINDOWS\system32\nlansp_c.dll
0x00007ff898520000 - 0x00007ff89852a000 	C:\Windows\System32\rasadhlp.dll
0x00007ff899f60000 - 0x00007ff899fe1000 	C:\WINDOWS\System32\fwpuclnt.dll
0x00007ff8a53e0000 - 0x00007ff8a53f8000 	C:\WINDOWS\SYSTEM32\CRYPTSP.dll
0x00007ff8a4c40000 - 0x00007ff8a4c75000 	C:\WINDOWS\system32\rsaenh.dll
0x00007ff8a51a0000 - 0x00007ff8a51c9000 	C:\WINDOWS\SYSTEM32\USERENV.dll
0x00007ff8a5520000 - 0x00007ff8a5547000 	C:\WINDOWS\SYSTEM32\bcrypt.dll
0x00007ff89ba10000 - 0x00007ff89ba29000 	C:\WINDOWS\SYSTEM32\dhcpcsvc6.DLL
0x00007ff89bb70000 - 0x00007ff89bb8e000 	C:\WINDOWS\SYSTEM32\dhcpcsvc.DLL
0x00007ff891260000 - 0x00007ff89126e000 	C:\Program Files\Java\jdk-18.0.2.1\bin\sunmscapi.dll
0x00007ff8a6400000 - 0x00007ff8a6562000 	C:\WINDOWS\System32\CRYPT32.dll
0x00007ff8a54f0000 - 0x00007ff8a5518000 	C:\WINDOWS\SYSTEM32\ncrypt.dll
0x00007ff8a54b0000 - 0x00007ff8a54e7000 	C:\WINDOWS\SYSTEM32\NTASN1.dll
0x00007ff871f10000 - 0x00007ff871f3d000 	C:\Program Files\Java\jdk-18.0.2.1\bin\javajpeg.dll
0x00007ff890da0000 - 0x00007ff890db0000 	C:\Program Files\Java\jdk-18.0.2.1\bin\verify.dll

dbghelp: loaded successfully - version: 4.0.5 - missing functions: none
symbol engine: initialized successfully - sym options: 0x614 - pdb path: .;C:\Program Files\Java\jdk-18.0.2.1\bin;C:\WINDOWS\SYSTEM32;C:\WINDOWS\WinSxS\amd64_microsoft.windows.common-controls_6595b64144ccf1df_6.0.22000.120_none_9d947278b86cc467;C:\Program Files\Java\jdk-18.0.2.1\bin\server

VM Arguments:
jvm_args: -Dfile.encoding=UTF-8 --module-path=C:\Users\FPTSHOP\OneDrive\Desktop\PawnStore\PawnStore\build\classes 
java_command: pawnstore.Main
java_class_path (initial): C:\Users\FPTSHOP\OneDrive\Desktop\PawnStore\PawnStore\lib\eclipselink\org.eclipse.persistence.core-2.7.9.jar;C:\Users\FPTSHOP\OneDrive\Desktop\PawnStore\PawnStore\lib\eclipselink\org.eclipse.persistence.asm-9.1.0.jar;C:\Users\FPTSHOP\OneDrive\Desktop\PawnStore\PawnStore\lib\eclipselink\org.eclipse.persistence.antlr-2.7.9.jar;C:\Users\FPTSHOP\OneDrive\Desktop\PawnStore\PawnStore\lib\eclipselink\org.eclipse.persistence.jpa-2.7.9.jar;C:\Users\FPTSHOP\OneDrive\Desktop\PawnStore\PawnStore\lib\eclipselink\org.eclipse.persistence.jpa.jpql-2.7.9.jar;C:\Users\FPTSHOP\OneDrive\Desktop\PawnStore\PawnStore\lib\eclipselink\org.eclipse.persistence.moxy-2.7.9.jar;C:\Users\FPTSHOP\OneDrive\Desktop\PawnStore\PawnStore\lib\eclipselink\javax.persistence-2.2.1.jar;C:\Users\FPTSHOP\OneDrive\Desktop\PawnStore\PawnStore\lib\absolutelayout\AbsoluteLayout.jar;C:\Users\FPTSHOP\OneDrive\Desktop\PawnStore\jcalendar-1.4\lib\jcalendar-1.4.jar;C:\Users\FPTSHOP\OneDrive\Desktop\PawnStore\PLUGIN & LIBRARY IREPORT\PLUGIN & LIBRARY IREPORT\LIBRARY IREPORT.zip;C:\Users\FPTSHOP\OneDrive\Desktop\PawnStore\sqljdbc_11.2.0.0_enu\sqljdbc_11.2\enu\mssql-jdbc-11.2.0.jre18.jar;C:\Users\FPTSHOP\OneDrive\Desktop\PawnStore\jar_files\pdf-7.1.jar;C:\Users\FPTSHOP\OneDrive\Desktop\PawnStore\PawnStore\build\classes
Launcher Type: SUN_STANDARD

[Global flags]
     intx CICompilerCount                          = 4                                         {product} {ergonomic}
     uint ConcGCThreads                            = 2                                         {product} {ergonomic}
     uint G1ConcRefinementThreads                  = 8                                         {product} {ergonomic}
   size_t G1HeapRegionSize                         = 1048576                                   {product} {ergonomic}
    uintx GCDrainStackTargetSize                   = 64                                        {product} {ergonomic}
   size_t InitialHeapSize                          = 132120576                                 {product} {ergonomic}
   size_t MarkStackSize                            = 4194304                                   {product} {ergonomic}
   size_t MaxHeapSize                              = 2099249152                                {product} {ergonomic}
   size_t MaxNewSize                               = 1259339776                                {product} {ergonomic}
   size_t MinHeapDeltaBytes                        = 1048576                                   {product} {ergonomic}
   size_t MinHeapSize                              = 8388608                                   {product} {ergonomic}
    uintx NonNMethodCodeHeapSize                   = 5839372                                {pd product} {ergonomic}
    uintx NonProfiledCodeHeapSize                  = 122909434                              {pd product} {ergonomic}
    uintx ProfiledCodeHeapSize                     = 122909434                              {pd product} {ergonomic}
    uintx ReservedCodeCacheSize                    = 251658240                              {pd product} {ergonomic}
     bool SegmentedCodeCache                       = true                                      {product} {ergonomic}
   size_t SoftMaxHeapSize                          = 2099249152                             {manageable} {ergonomic}
     bool UseCompressedClassPointers               = true                           {product lp64_product} {ergonomic}
     bool UseCompressedOops                        = true                           {product lp64_product} {ergonomic}
     bool UseG1GC                                  = true                                      {product} {ergonomic}
     bool UseLargePagesIndividualAllocation        = false                                  {pd product} {ergonomic}

Logging:
Log output configuration:
 #0: stdout all=warning uptime,level,tags foldmultilines=false
 #1: stderr all=off uptime,level,tags foldmultilines=false

Environment Variables:
JAVA_HOME=C:\Program Files\Java\jdk-18.0.2.1
PATH=C:\Program Files\Common Files\Oracle\Java\javapath;C:\Program Files\Common Files\Microsoft Shared\Microsoft Online Services;C:\Program Files (x86)\Common Files\Microsoft Shared\Microsoft Online Services;C:\Program Files (x86)\Python38-32\Scripts\;C:\Program Files (x86)\Python38-32\;C:\Windows\system32;C:\Windows;C:\Windows\System32\Wbem;C:\Windows\System32\WindowsPowerShell\v1.0\;C:\Windows\System32\OpenSSH\;C:\Program Files\Microsoft SQL Server\130\Tools\Binn\;C:\MinGW\bin;%QUARTUS_ROOTDIR%\bin;C:\Program Files\Microsoft SQL Server\Client SDK\ODBC\170\Tools\Binn\;C:\Program Files\Microsoft SQL Server\Client SDK\ODBC\130\Tools\Binn\;C:\Program Files (x86)\Microsoft SQL Server\130\Tools\Binn\;C:\Program Files\Microsoft SQL Server\130\DTS\Binn\;C:\Program Files (x86)\Microsoft SQL Server\150\Tools\Binn\;C:\Program Files\Microsoft SQL Server\150\Tools\Binn\;C:\Program Files\Microsoft SQL Server\150\DTS\Binn\;C:\Program Files (x86)\Microsoft SQL Server\150\DTS\Binn\;C:\Program Files\Microsoft SQL Server\110\Tools\Binn\;C:\Program Files\dotnet\;C:\Program Files\Azure Data Studio\bin;C:\Program Files\Microsoft SQL Server\120\Tools\Binn\;C:\WINDOWS\system32;C:\WINDOWS;C:\WINDOWS\System32\Wbem;C:\WINDOWS\System32\WindowsPowerShell\v1.0\;C:\WINDOWS\System32\OpenSSH\;C:\Program Files\Docker\Docker\resources\bin;C:\ProgramData\DockerDesktop\version-bin;C:\Program Files (x86)\dotnet\;E:\Download\spring-boot-cli-2.3.9.RELEASE-bin\spring-2.3.9.RELEASE\bin;C:\Program Files\MySQL\MySQL Server 8.0\bin;C:\Program Files\Git\cmd;C:\Program Files\Java\apache-maven-3.8.6-bin\apache-maven-3.8.6\bin;C:\Program Files\PowerShell\7\;C:\Program Files\Java\jdk-18.0.2.1\bin;C:\Program Files\MySQL\MySQL Shell 8.0\bin\;C:\Users\FPTSHOP\AppData\Local\Microsoft\WindowsApps;C:\MinGW\bin;C:\Users\FPTSHOP\.dotnet\tools;C:\Program Files\Azure Data Studio\bin;C:\Users\FPTSHOP\AppData\Local\Programs\Microsoft VS Code\bin;C:\Program Files\Java\jdk-18.0.2.1\bin;
USERNAME=NVS
OS=Windows_NT
PROCESSOR_IDENTIFIER=Intel64 Family 6 Model 142 Stepping 12, GenuineIntel



---------------  S Y S T E M  ---------------

OS:
 Windows 11 , 64 bit Build 22000 (10.0.22000.708)
OS uptime: 0 days 20:31 hours
Hyper-V role detected

CPU: total 8 (initial active 8) (4 cores per cpu, 2 threads per core) family 6 model 142 stepping 12 microcode 0xec, cx8, cmov, fxsr, ht, mmx, 3dnowpref, sse, sse2, sse3, ssse3, sse4.1, sse4.2, popcnt, lzcnt, tsc, tscinvbit, avx, avx2, aes, erms, clmul, bmi1, bmi2, adx, fma, vzeroupper, clflush, clflushopt, hv

Memory: 4k page, system-wide physical 8006M (651M free)
TotalPageFile size 12102M (AvailPageFile size 23M)
current process WorkingSet (physical memory assigned to process): 241M, peak: 249M
current process commit charge ("private bytes"): 276M, peak: 304M

vm_info: Java HotSpot(TM) 64-Bit Server VM (18.0.2.1+1-1) for windows-amd64 JRE (18.0.2.1+1-1), built on Aug 16 2022 01:46:33 by "mach5one" with MS VC++ 16.8 / 16.9 (VS2019)

END.
