#
# There is insufficient memory for the Java Runtime Environment to continue.
# Native memory allocation (malloc) failed to allocate 1048576 bytes for AllocateHeap
# Possible reasons:
#   The system is out of physical RAM or swap space
#   The process is running with CompressedOops enabled, and the Java Heap may be blocking the growth of the native heap
# Possible solutions:
#   Reduce memory load on the system
#   Increase physical memory or swap space
#   Check if swap backing store is full
#   Decrease Java heap size (-Xmx/-Xms)
#   Decrease number of Java threads
#   Decrease Java thread stack sizes (-Xss)
#   Set larger code cache with -XX:ReservedCodeCacheSize=
#   JVM is running with Unscaled Compressed Oops mode in which the Java heap is
#     placed in the first 4GB address space. The Java Heap base address is the
#     maximum limit for the native heap growth. Please use -XX:HeapBaseMinAddress
#     to set the Java Heap base and to place the Java Heap above 4GB virtual address.
# This output file may be truncated or incomplete.
#
#  Out of Memory Error (allocation.cpp:44), pid=8820, tid=18724
#
# JRE version:  (18.0.2+9) (build )
# Java VM: Java HotSpot(TM) 64-Bit Server VM (18.0.2+9-61, mixed mode, sharing, tiered, compressed oops, compressed class ptrs, g1 gc, windows-amd64)
# No core dump will be written. Minidumps are not enabled by default on client versions of Windows
#

---------------  S U M M A R Y ------------

Command Line: -Dapplication.home=C:\Program Files\Java\jdk-18.0.2 --add-modules=ALL-DEFAULT -Xms8m -Djdk.module.main=jdk.compiler jdk.compiler/com.sun.tools.javac.Main @C:\Users\FPTSHOP\AppData\Local\Temp\files206497651677276501

Host: Intel(R) Core(TM) i5-8265U CPU @ 1.60GHz, 8 cores, 7G,  Windows 11 , 64 bit Build 22000 (10.0.22000.708)
Time: Tue Aug 23 21:46:21 2022 SE Asia Standard Time elapsed time: 0.017348 seconds (0d 0h 0m 0s)

---------------  T H R E A D  ---------------

Current thread (0x0000017cdecd62e0):  JavaThread "Unknown thread" [_thread_in_vm, id=18724, stack(0x0000006d61400000,0x0000006d61500000)]

Stack: [0x0000006d61400000,0x0000006d61500000]
Native frames: (J=compiled Java code, j=interpreted, Vv=VM code, C=native code)
V  [jvm.dll+0x6993ca]
V  [jvm.dll+0x7f481d]
V  [jvm.dll+0x7f612e]
V  [jvm.dll+0x7f67e3]
V  [jvm.dll+0x25cdaf]
V  [jvm.dll+0xb31af]
V  [jvm.dll+0x2f7e19]
V  [jvm.dll+0x7c341b]
V  [jvm.dll+0x38be61]
V  [jvm.dll+0x7a2073]
V  [jvm.dll+0x40dc3f]
V  [jvm.dll+0x40f611]
C  [jli.dll+0x526b]
C  [ucrtbase.dll+0x26c0c]
C  [KERNEL32.DLL+0x154e0]
C  [ntdll.dll+0x485b]


---------------  P R O C E S S  ---------------

Threads class SMR info:
_java_thread_list=0x00007ffaf7cde550, length=0, elements={
}

Java Threads: ( => current thread )

Other Threads:

=>0x0000017cdecd62e0 (exited) JavaThread "Unknown thread" [_thread_in_vm, id=18724, stack(0x0000006d61400000,0x0000006d61500000)]

Threads with active compile tasks:

VM state: not at safepoint (not fully initialized)

VM Mutex/Monitor currently owned by a thread: None

Heap address: 0x0000000000000000, size: 0 MB, Compressed Oops mode: 32-bit

CDS archive(s) mapped at: [0x0000000000000000-0x0000000000000000-0x0000000000000000), size 0, SharedBaseAddress: 0x0000000800000000, ArchiveRelocationMode: 0.
Narrow klass base: 0x0000000000000000, Narrow klass shift: 0, Narrow klass range: 0x0

GC Precious Log:
 CardTable entry size: 512
 Card Set container configuration: InlinePtr #cards 5 size 8 Array Of Cards #cards 12 size 40 Howl #buckets 4 coarsen threshold 1843 Howl Bitmap #cards 512 size 80 coarsen threshold 460 Card regions per heap region 1 cards per card region 2048

GC Heap History (0 events):
No events

Deoptimization events (0 events):
No events

Classes loaded (0 events):
No events

Classes unloaded (0 events):
No events

Classes redefined (0 events):
No events

Internal exceptions (0 events):
No events

VM Operations (0 events):
No events

Events (1 events):
Event: 0.012 Loaded shared library C:\Program Files\Java\jdk-18.0.2\bin\java.dll


Dynamic libraries:
0x00007ff748ff0000 - 0x00007ff748ff8000 	C:\Program Files\Java\jdk-18.0.2\bin\javac.exe
0x00007ffbb4200000 - 0x00007ffbb4409000 	C:\WINDOWS\SYSTEM32\ntdll.dll
0x00007ffbb3730000 - 0x00007ffbb37ed000 	C:\WINDOWS\System32\KERNEL32.DLL
0x00007ffbb1760000 - 0x00007ffbb1add000 	C:\WINDOWS\System32\KERNELBASE.dll
0x00007ffbb1e00000 - 0x00007ffbb1f11000 	C:\WINDOWS\System32\ucrtbase.dll
0x00007ffb9c260000 - 0x00007ffb9c27a000 	C:\Program Files\Java\jdk-18.0.2\bin\VCRUNTIME140.dll
0x00007ffb9d6f0000 - 0x00007ffb9d708000 	C:\Program Files\Java\jdk-18.0.2\bin\jli.dll
0x00007ffbb24c0000 - 0x00007ffbb256e000 	C:\WINDOWS\System32\ADVAPI32.dll
0x00007ffbb4010000 - 0x00007ffbb40b3000 	C:\WINDOWS\System32\msvcrt.dll
0x00007ffbb20a0000 - 0x00007ffbb213e000 	C:\WINDOWS\System32\sechost.dll
0x00007ffbb3610000 - 0x00007ffbb3730000 	C:\WINDOWS\System32\RPCRT4.dll
0x00007ffbb2570000 - 0x00007ffbb271d000 	C:\WINDOWS\System32\USER32.dll
0x00007ffb86aa0000 - 0x00007ffb86d45000 	C:\WINDOWS\WinSxS\amd64_microsoft.windows.common-controls_6595b64144ccf1df_6.0.22000.120_none_9d947278b86cc467\COMCTL32.dll
0x00007ffbb1ae0000 - 0x00007ffbb1b06000 	C:\WINDOWS\System32\win32u.dll
0x00007ffbb3fa0000 - 0x00007ffbb3fc9000 	C:\WINDOWS\System32\GDI32.dll
0x00007ffbb1b10000 - 0x00007ffbb1c28000 	C:\WINDOWS\System32\gdi32full.dll
0x00007ffbb1c30000 - 0x00007ffbb1ccd000 	C:\WINDOWS\System32\msvcp_win.dll
0x00007ffba3f70000 - 0x00007ffba3f7a000 	C:\WINDOWS\SYSTEM32\VERSION.dll
0x00007ffbb3fd0000 - 0x00007ffbb4001000 	C:\WINDOWS\System32\IMM32.DLL
0x00007ffb9c240000 - 0x00007ffb9c24c000 	C:\Program Files\Java\jdk-18.0.2\bin\vcruntime140_1.dll
0x00007ffb66570000 - 0x00007ffb665fd000 	C:\Program Files\Java\jdk-18.0.2\bin\msvcp140.dll
0x00007ffaf7200000 - 0x00007ffaf7e11000 	C:\Program Files\Java\jdk-18.0.2\bin\server\jvm.dll
0x00007ffbb2090000 - 0x00007ffbb2098000 	C:\WINDOWS\System32\PSAPI.DLL
0x00007ffb7fb70000 - 0x00007ffb7fb79000 	C:\WINDOWS\SYSTEM32\WSOCK32.dll
0x00007ffba5820000 - 0x00007ffba5853000 	C:\WINDOWS\SYSTEM32\WINMM.dll
0x00007ffbb3dc0000 - 0x00007ffbb3e2f000 	C:\WINDOWS\System32\WS2_32.dll
0x00007ffbb07a0000 - 0x00007ffbb07b8000 	C:\WINDOWS\SYSTEM32\kernel.appcore.dll
0x00007ffb9c190000 - 0x00007ffb9c19a000 	C:\Program Files\Java\jdk-18.0.2\bin\jimage.dll
0x00007ffbaf0d0000 - 0x00007ffbaf2f1000 	C:\WINDOWS\SYSTEM32\DBGHELP.DLL
0x00007ffb8a350000 - 0x00007ffb8a381000 	C:\WINDOWS\SYSTEM32\dbgcore.DLL
0x00007ffbb16e0000 - 0x00007ffbb175f000 	C:\WINDOWS\System32\bcryptPrimitives.dll
0x00007ffb9b9a0000 - 0x00007ffb9b9c5000 	C:\Program Files\Java\jdk-18.0.2\bin\java.dll

dbghelp: loaded successfully - version: 4.0.5 - missing functions: none
symbol engine: initialized successfully - sym options: 0x614 - pdb path: .;C:\Program Files\Java\jdk-18.0.2\bin;C:\WINDOWS\SYSTEM32;C:\WINDOWS\WinSxS\amd64_microsoft.windows.common-controls_6595b64144ccf1df_6.0.22000.120_none_9d947278b86cc467;C:\Program Files\Java\jdk-18.0.2\bin\server

VM Arguments:
jvm_args: -Dapplication.home=C:\Program Files\Java\jdk-18.0.2 --add-modules=ALL-DEFAULT -Xms8m -Djdk.module.main=jdk.compiler 
java_command: jdk.compiler/com.sun.tools.javac.Main @C:\Users\FPTSHOP\AppData\Local\Temp\files206497651677276501
java_class_path (initial): <not set>
Launcher Type: SUN_STANDARD

[Global flags]
     intx CICompilerCount                          = 4                                         {product} {ergonomic}
     uint ConcGCThreads                            = 2                                         {product} {ergonomic}
     uint G1ConcRefinementThreads                  = 8                                         {product} {ergonomic}
   size_t G1HeapRegionSize                         = 1048576                                   {product} {ergonomic}
    uintx GCDrainStackTargetSize                   = 64                                        {product} {ergonomic}
   size_t InitialHeapSize                          = 8388608                                   {product} {command line}
   size_t MarkStackSize                            = 4194304                                   {product} {ergonomic}
   size_t MaxHeapSize                              = 2099249152                                {product} {ergonomic}
   size_t MinHeapDeltaBytes                        = 1048576                                   {product} {ergonomic}
   size_t MinHeapSize                              = 8388608                                   {product} {command line}
    uintx NonNMethodCodeHeapSize                   = 5839372                                {pd product} {ergonomic}
    uintx NonProfiledCodeHeapSize                  = 122909434                              {pd product} {ergonomic}
    uintx ProfiledCodeHeapSize                     = 122909434                              {pd product} {ergonomic}
    uintx ReservedCodeCacheSize                    = 251658240                              {pd product} {ergonomic}
     bool SegmentedCodeCache                       = true                                      {product} {ergonomic}
   size_t SoftMaxHeapSize                          = 2099249152                             {manageable} {ergonomic}
     bool UseCompressedClassPointers               = true                           {product lp64_product} {ergonomic}
     bool UseCompressedOops                        = true                           {product lp64_product} {ergonomic}
     bool UseG1GC                                  = true                                      {product} {ergonomic}
     bool UseLargePagesIndividualAllocation        = false                                  {pd product} {ergonomic}

Logging:
Log output configuration:
 #0: stdout all=warning uptime,level,tags foldmultilines=false
 #1: stderr all=off uptime,level,tags foldmultilines=false

Environment Variables:
JAVA_HOME=C:\Program Files\Java\jdk-18.0.2
PATH=C:\Program Files\Common Files\Microsoft Shared\Microsoft Online Services;C:\Program Files (x86)\Common Files\Microsoft Shared\Microsoft Online Services;C:\Program Files\Common Files\Oracle\Java\javapath;C:\Program Files (x86)\Python38-32\Scripts\;C:\Program Files (x86)\Python38-32\;C:\Windows\system32;C:\Windows;C:\Windows\System32\Wbem;C:\Windows\System32\WindowsPowerShell\v1.0\;C:\Windows\System32\OpenSSH\;C:\Program Files\Microsoft SQL Server\130\Tools\Binn\;C:\MinGW\bin;%QUARTUS_ROOTDIR%\bin;C:\Program Files\Microsoft SQL Server\Client SDK\ODBC\170\Tools\Binn\;C:\Program Files\Microsoft SQL Server\Client SDK\ODBC\130\Tools\Binn\;C:\Program Files (x86)\Microsoft SQL Server\130\Tools\Binn\;C:\Program Files\Microsoft SQL Server\130\DTS\Binn\;C:\Program Files (x86)\Microsoft SQL Server\150\Tools\Binn\;C:\Program Files\Microsoft SQL Server\150\Tools\Binn\;C:\Program Files\Microsoft SQL Server\150\DTS\Binn\;C:\Program Files (x86)\Microsoft SQL Server\150\DTS\Binn\;C:\Program Files\Microsoft SQL Server\110\Tools\Binn\;C:\Program Files\dotnet\;C:\Program Files\Azure Data Studio\bin;C:\Program Files\Microsoft SQL Server\120\Tools\Binn\;C:\WINDOWS\system32;C:\WINDOWS;C:\WINDOWS\System32\Wbem;C:\WINDOWS\System32\WindowsPowerShell\v1.0\;C:\WINDOWS\System32\OpenSSH\;C:\Program Files\Docker\Docker\resources\bin;C:\ProgramData\DockerDesktop\version-bin;C:\Program Files (x86)\dotnet\;E:\Download\spring-boot-cli-2.3.9.RELEASE-bin\spring-2.3.9.RELEASE\bin;C:\Program Files\Git\cmd;C:\Program Files\MySQL\MySQL Server 8.0\bin;C:\Program Files\Java\jdk-18.0.2\bin;C:\Program Files\MySQL\MySQL Shell 8.0\bin\;C:\Users\FPTSHOP\AppData\Local\Microsoft\WindowsApps;C:\MinGW\bin;C:\Users\FPTSHOP\.dotnet\tools;C:\Users\FPTSHOP\AppData\Local\Programs\Microsoft VS Code\bin;C:\Program Files\Java\jdk-18.0.2\bin;C:\Program Files\Azure Data Studio\bin;E:\Download\spring-boot-cli-2.7.1-bin\spring-2.7.1;
USERNAME=NVS
OS=Windows_NT
PROCESSOR_IDENTIFIER=Intel64 Family 6 Model 142 Stepping 12, GenuineIntel



---------------  S Y S T E M  ---------------

OS:
 Windows 11 , 64 bit Build 22000 (10.0.22000.708)
OS uptime: 0 days 10:45 hours
Hyper-V role detected

CPU: total 8 (initial active 8) (4 cores per cpu, 2 threads per core) family 6 model 142 stepping 12 microcode 0xec, cx8, cmov, fxsr, ht, mmx, 3dnowpref, sse, sse2, sse3, ssse3, sse4.1, sse4.2, popcnt, lzcnt, tsc, tscinvbit, avx, avx2, aes, erms, clmul, bmi1, bmi2, adx, fma, vzeroupper, clflush, clflushopt, hv

Memory: 4k page, system-wide physical 8006M (1234M free)
TotalPageFile size 12102M (AvailPageFile size 23M)
current process WorkingSet (physical memory assigned to process): 10M, peak: 10M
current process commit charge ("private bytes"): 16M, peak: 17M

vm_info: Java HotSpot(TM) 64-Bit Server VM (18.0.2+9-61) for windows-amd64 JRE (18.0.2+9-61), built on Jun  7 2022 13:09:01 by "mach5one" with MS VC++ 16.8 / 16.9 (VS2019)

END.
