#
# There is insufficient memory for the Java Runtime Environment to continue.
# Native memory allocation (mmap) failed to map 538968064 bytes for G1 virtual space
# Possible reasons:
#   The system is out of physical RAM or swap space
#   The process is running with CompressedOops enabled, and the Java Heap may be blocking the growth of the native heap
# Possible solutions:
#   Reduce memory load on the system
#   Increase physical memory or swap space
#   Check if swap backing store is full
#   Decrease Java heap size (-Xmx/-Xms)
#   Decrease number of Java threads
#   Decrease Java thread stack sizes (-Xss)
#   Set larger code cache with -XX:ReservedCodeCacheSize=
#   JVM is running with Unscaled Compressed Oops mode in which the Java heap is
#     placed in the first 4GB address space. The Java Heap base address is the
#     maximum limit for the native heap growth. Please use -XX:HeapBaseMinAddress
#     to set the Java Heap base and to place the Java Heap above 4GB virtual address.
# This output file may be truncated or incomplete.
#
#  Out of Memory Error (os_windows.cpp:3530), pid=11344, tid=16624
#
# JRE version: Java(TM) SE Runtime Environment (18.0.2.1+1) (build 18.0.2.1+1-1)
# Java VM: Java HotSpot(TM) 64-Bit Server VM (18.0.2.1+1-1, mixed mode, sharing, tiered, compressed oops, compressed class ptrs, g1 gc, windows-amd64)
# No core dump will be written. Minidumps are not enabled by default on client versions of Windows
#

---------------  S U M M A R Y ------------

Command Line: -Dfile.encoding=UTF-8 --module-path=C:\Users\FPTSHOP\OneDrive\Desktop\PawnStore\PawnStore\build\classes pawnstore.Main

Host: Intel(R) Core(TM) i5-8265U CPU @ 1.60GHz, 8 cores, 7G,  Windows 11 , 64 bit Build 22000 (10.0.22000.708)
Time: Sun Sep  4 08:51:03 2022 SE Asia Standard Time elapsed time: 1111.162532 seconds (0d 0h 18m 31s)

---------------  T H R E A D  ---------------

Current thread (0x000001bc1b07b840):  VMThread "VM Thread" [stack: 0x0000005a10200000,0x0000005a10300000] [id=16624]

Stack: [0x0000005a10200000,0x0000005a10300000]
Native frames: (J=compiled Java code, j=interpreted, Vv=VM code, C=native code)
V  [jvm.dll+0x6993aa]
V  [jvm.dll+0x7f46dd]
V  [jvm.dll+0x7f5fee]
V  [jvm.dll+0x7f66a3]
V  [jvm.dll+0x25cf1f]
V  [jvm.dll+0x6962f9]
V  [jvm.dll+0x68ae2a]
V  [jvm.dll+0x32255b]
V  [jvm.dll+0x329f36]
V  [jvm.dll+0x37eade]
V  [jvm.dll+0x37ed0f]
V  [jvm.dll+0x2fa2da]
V  [jvm.dll+0x2fa387]
V  [jvm.dll+0x33e8c2]
V  [jvm.dll+0x33ce64]
V  [jvm.dll+0x2f9ab0]
V  [jvm.dll+0x33c75d]
V  [jvm.dll+0x7fb48b]
V  [jvm.dll+0x7fc224]
V  [jvm.dll+0x7fc75c]
V  [jvm.dll+0x7fcbb4]
V  [jvm.dll+0x7fcc77]
V  [jvm.dll+0x7a120a]
V  [jvm.dll+0x698255]
C  [ucrtbase.dll+0x26c0c]
C  [KERNEL32.DLL+0x154e0]
C  [ntdll.dll+0x485b]

VM_Operation (0x0000005a0f9fd740): G1TryInitiateConcMark, mode: safepoint, requested by thread 0x000001bc2115a890


---------------  P R O C E S S  ---------------

Threads class SMR info:
_java_thread_list=0x000001bc21b581c0, length=20, elements={
0x000001bc1b07e840, 0x000001bc1b0839a0, 0x000001bc1b09c4d0, 0x000001bc1b09ce70,
0x000001bc1b09dfb0, 0x000001bc1b0a1100, 0x000001bc1b0a8a90, 0x000001bc1b0c9c20,
0x000001bc1b0cada0, 0x000001bc1b06b950, 0x000001bc1f51f230, 0x000001bc1f6b0df0,
0x000001bc1f6afab0, 0x000001bc1f6af110, 0x000001bc1f6aff80, 0x000001bc1f6b12c0,
0x000001bc1f6af5e0, 0x000001bc1f6b0920, 0x000001bc1f6b1c60, 0x000001bc2115a890
}

Java Threads: ( => current thread )
  0x000001bc1b07e840 JavaThread "Reference Handler" daemon [_thread_blocked, id=18156, stack(0x0000005a10300000,0x0000005a10400000)]
  0x000001bc1b0839a0 JavaThread "Finalizer" daemon [_thread_blocked, id=11100, stack(0x0000005a10400000,0x0000005a10500000)]
  0x000001bc1b09c4d0 JavaThread "Signal Dispatcher" daemon [_thread_blocked, id=8364, stack(0x0000005a10500000,0x0000005a10600000)]
  0x000001bc1b09ce70 JavaThread "Attach Listener" daemon [_thread_blocked, id=12432, stack(0x0000005a10600000,0x0000005a10700000)]
  0x000001bc1b09dfb0 JavaThread "Service Thread" daemon [_thread_blocked, id=1968, stack(0x0000005a10700000,0x0000005a10800000)]
  0x000001bc1b0a1100 JavaThread "Monitor Deflation Thread" daemon [_thread_blocked, id=9304, stack(0x0000005a10800000,0x0000005a10900000)]
  0x000001bc1b0a8a90 JavaThread "C2 CompilerThread0" daemon [_thread_blocked, id=14240, stack(0x0000005a10900000,0x0000005a10a00000)]
  0x000001bc1b0c9c20 JavaThread "C1 CompilerThread0" daemon [_thread_blocked, id=1684, stack(0x0000005a10a00000,0x0000005a10b00000)]
  0x000001bc1b0cada0 JavaThread "Sweeper thread" daemon [_thread_blocked, id=17604, stack(0x0000005a10b00000,0x0000005a10c00000)]
  0x000001bc1b06b950 JavaThread "Common-Cleaner" daemon [_thread_blocked, id=6672, stack(0x0000005a10c00000,0x0000005a10d00000)]
  0x000001bc1f51f230 JavaThread "Notification Thread" daemon [_thread_blocked, id=11176, stack(0x0000005a10d00000,0x0000005a10e00000)]
  0x000001bc1f6b0df0 JavaThread "Java2D Disposer" daemon [_thread_blocked, id=3552, stack(0x0000005a10f00000,0x0000005a11000000)]
  0x000001bc1f6afab0 JavaThread "AWT-Shutdown" [_thread_blocked, id=1520, stack(0x0000005a11000000,0x0000005a11100000)]
  0x000001bc1f6af110 JavaThread "AWT-Windows" daemon [_thread_in_native, id=3016, stack(0x0000005a11100000,0x0000005a11200000)]
  0x000001bc1f6aff80 JavaThread "AWT-EventQueue-0" [_thread_blocked, id=9724, stack(0x0000005a11200000,0x0000005a11300000)]
  0x000001bc1f6b12c0 JavaThread "DestroyJavaVM" [_thread_blocked, id=10600, stack(0x0000005a0fc00000,0x0000005a0fd00000)]
  0x000001bc1f6af5e0 JavaThread "TimerQueue" daemon [_thread_blocked, id=13524, stack(0x0000005a11900000,0x0000005a11a00000)]
  0x000001bc1f6b0920 JavaThread "Thread-0" [_thread_blocked, id=21500, stack(0x0000005a12100000,0x0000005a12200000)]
  0x000001bc1f6b1c60 JavaThread "Thread-1" [_thread_blocked, id=17068, stack(0x0000005a12500000,0x0000005a12600000)]
  0x000001bc2115a890 JavaThread "Image Fetcher 0" daemon [_thread_blocked, id=19448, stack(0x0000005a0f900000,0x0000005a0fa00000)]

Other Threads:
=>0x000001bc1b07b840 VMThread "VM Thread" [stack: 0x0000005a10200000,0x0000005a10300000] [id=16624]
  0x000001bc1f51f6f0 WatcherThread "VM Periodic Task Thread" [stack: 0x0000005a10e00000,0x0000005a10f00000] [id=15932]
  0x000001bc7cfc5580 WorkerThread "GC Thread#0" [stack: 0x0000005a0fd00000,0x0000005a0fe00000] [id=7908]
  0x000001bc1f5fb030 WorkerThread "GC Thread#1" [stack: 0x0000005a11800000,0x0000005a11900000] [id=5832]
  0x000001bc20777d60 WorkerThread "GC Thread#2" [stack: 0x0000005a11a00000,0x0000005a11b00000] [id=12256]
  0x000001bc208b56a0 WorkerThread "GC Thread#3" [stack: 0x0000005a11b00000,0x0000005a11c00000] [id=19392]
  0x000001bc2066f3c0 WorkerThread "GC Thread#4" [stack: 0x0000005a11c00000,0x0000005a11d00000] [id=4092]
  0x000001bc2089c400 WorkerThread "GC Thread#5" [stack: 0x0000005a11d00000,0x0000005a11e00000] [id=11436]
  0x000001bc21307cc0 WorkerThread "GC Thread#6" [stack: 0x0000005a11e00000,0x0000005a11f00000] [id=7164]
  0x000001bc206f8af0 WorkerThread "GC Thread#7" [stack: 0x0000005a11f00000,0x0000005a12000000] [id=1812]
  0x000001bc7cfd7060 ConcurrentGCThread "G1 Main Marker" [stack: 0x0000005a0fe00000,0x0000005a0ff00000] [id=14220]
  0x000001bc7cfd8900 WorkerThread "G1 Conc#0" [stack: 0x0000005a0ff00000,0x0000005a10000000] [id=16948]
  0x000001bc21255830 WorkerThread "G1 Conc#1" [stack: 0x0000005a12700000,0x0000005a12800000] [id=14880]
  0x000001bc7d0286c0 ConcurrentGCThread "G1 Refine#0" [stack: 0x0000005a10000000,0x0000005a10100000] [id=344]
  0x000001bc2089cab0 ConcurrentGCThread "G1 Refine#1" [stack: 0x0000005a12000000,0x0000005a12100000] [id=15796]
  0x000001bc1f671cc0 ConcurrentGCThread "G1 Refine#2" [stack: 0x0000005a12200000,0x0000005a12300000] [id=4068]
  0x000001bc1f671f90 ConcurrentGCThread "G1 Refine#3" [stack: 0x0000005a12300000,0x0000005a12400000] [id=4320]
  0x000001bc7d028e70 ConcurrentGCThread "G1 Service" [stack: 0x0000005a10100000,0x0000005a10200000] [id=3428]

Threads with active compile tasks:

VM state: at safepoint (normal execution)

VM Mutex/Monitor currently owned by a thread:  ([mutex/lock_event])
[0x000001bc7cf5eb10] Threads_lock - owner thread: 0x000001bc1b07b840
[0x000001bc7cf5f920] Heap_lock - owner thread: 0x000001bc2115a890

Heap address: 0x0000000082e00000, size: 2002 MB, Compressed Oops mode: 32-bit

CDS archive(s) mapped at: [0x0000000800000000-0x0000000800ba0000-0x0000000800ba0000), size 12189696, SharedBaseAddress: 0x0000000800000000, ArchiveRelocationMode: 0.
Compressed class space mapped at: 0x0000000800c00000-0x0000000840c00000, reserved size: 1073741824
Narrow klass base: 0x0000000800000000, Narrow klass shift: 0, Narrow klass range: 0x100000000

GC Precious Log:
 CardTable entry size: 512
 Card Set container configuration: InlinePtr #cards 5 size 8 Array Of Cards #cards 12 size 40 Howl #buckets 4 coarsen threshold 1843 Howl Bitmap #cards 512 size 80 coarsen threshold 460 Card regions per heap region 1 cards per card region 2048
 CPUs: 8 total, 8 available
 Memory: 8006M
 Large Page Support: Disabled
 NUMA Support: Disabled
 Compressed Oops: Enabled (32-bit)
 Heap Region Size: 1M
 Heap Min Capacity: 8M
 Heap Initial Capacity: 126M
 Heap Max Capacity: 2002M
 Pre-touch: Disabled
 Parallel Workers: 8
 Concurrent Workers: 2
 Concurrent Refinement Workers: 8
 Periodic GC: Disabled

Heap:
 garbage-first heap   total 263168K, used 148081K [0x0000000082e00000, 0x0000000100000000)
  region size 1024K, 1 young (1024K), 1 survivors (1024K)
 Metaspace       used 26480K, committed 26752K, reserved 1114112K
  class space    used 2626K, committed 2752K, reserved 1048576K

Heap Regions: E=young(eden), S=young(survivor), O=old, HS=humongous(starts), HC=humongous(continues), CS=collection set, F=free, OA=open archive, CA=closed archive, TAMS=top-at-mark-start (previous, next)
|   0|0x0000000082e00000, 0x0000000082f00000, 0x0000000082f00000|100%|HS|  |TAMS 0x0000000082f00000, 0x0000000082f00000| Complete 
|   1|0x0000000082f00000, 0x0000000083000000, 0x0000000083000000|100%|HC|  |TAMS 0x0000000083000000, 0x0000000083000000| Complete 
|   2|0x0000000083000000, 0x0000000083100000, 0x0000000083100000|100%| O|  |TAMS 0x0000000083100000, 0x0000000083100000| Untracked 
|   3|0x0000000083100000, 0x0000000083200000, 0x0000000083200000|100%| O|  |TAMS 0x0000000083200000, 0x0000000083200000| Untracked 
|   4|0x0000000083200000, 0x0000000083300000, 0x0000000083300000|100%| O|  |TAMS 0x0000000083300000, 0x0000000083300000| Untracked 
|   5|0x0000000083300000, 0x0000000083400000, 0x0000000083400000|100%| O|  |TAMS 0x0000000083400000, 0x0000000083400000| Untracked 
|   6|0x0000000083400000, 0x0000000083500000, 0x0000000083500000|100%| O|  |TAMS 0x0000000083500000, 0x0000000083500000| Untracked 
|   7|0x0000000083500000, 0x0000000083600000, 0x0000000083600000|100%|HS|  |TAMS 0x0000000083600000, 0x0000000083600000| Complete 
|   8|0x0000000083600000, 0x0000000083700000, 0x0000000083700000|100%|HC|  |TAMS 0x0000000083700000, 0x0000000083700000| Complete 
|   9|0x0000000083700000, 0x0000000083800000, 0x0000000083800000|100%|HC|  |TAMS 0x0000000083800000, 0x0000000083800000| Complete 
|  10|0x0000000083800000, 0x0000000083900000, 0x0000000083900000|100%|HC|  |TAMS 0x0000000083900000, 0x0000000083900000| Complete 
|  11|0x0000000083900000, 0x0000000083a00000, 0x0000000083a00000|100%|HC|  |TAMS 0x0000000083a00000, 0x0000000083a00000| Complete 
|  12|0x0000000083a00000, 0x0000000083b00000, 0x0000000083b00000|100%|HC|  |TAMS 0x0000000083b00000, 0x0000000083b00000| Complete 
|  13|0x0000000083b00000, 0x0000000083c00000, 0x0000000083c00000|100%|HC|  |TAMS 0x0000000083c00000, 0x0000000083c00000| Complete 
|  14|0x0000000083c00000, 0x0000000083d00000, 0x0000000083d00000|100%|HC|  |TAMS 0x0000000083d00000, 0x0000000083d00000| Complete 
|  15|0x0000000083d00000, 0x0000000083e00000, 0x0000000083e00000|100%|HC|  |TAMS 0x0000000083e00000, 0x0000000083e00000| Complete 
|  16|0x0000000083e00000, 0x0000000083f00000, 0x0000000083f00000|100%|HC|  |TAMS 0x0000000083f00000, 0x0000000083f00000| Complete 
|  17|0x0000000083f00000, 0x0000000084000000, 0x0000000084000000|100%|HC|  |TAMS 0x0000000084000000, 0x0000000084000000| Complete 
|  18|0x0000000084000000, 0x0000000084100000, 0x0000000084100000|100%|HC|  |TAMS 0x0000000084100000, 0x0000000084100000| Complete 
|  19|0x0000000084100000, 0x0000000084200000, 0x0000000084200000|100%|HC|  |TAMS 0x0000000084200000, 0x0000000084200000| Complete 
|  20|0x0000000084200000, 0x0000000084300000, 0x0000000084300000|100%|HC|  |TAMS 0x0000000084300000, 0x0000000084300000| Complete 
|  21|0x0000000084300000, 0x0000000084400000, 0x0000000084400000|100%|HC|  |TAMS 0x0000000084400000, 0x0000000084400000| Complete 
|  22|0x0000000084400000, 0x0000000084500000, 0x0000000084500000|100%|HC|  |TAMS 0x0000000084500000, 0x0000000084500000| Complete 
|  23|0x0000000084500000, 0x0000000084600000, 0x0000000084600000|100%|HC|  |TAMS 0x0000000084600000, 0x0000000084600000| Complete 
|  24|0x0000000084600000, 0x0000000084700000, 0x0000000084700000|100%|HC|  |TAMS 0x0000000084700000, 0x0000000084700000| Complete 
|  25|0x0000000084700000, 0x0000000084800000, 0x0000000084800000|100%|HC|  |TAMS 0x0000000084800000, 0x0000000084800000| Complete 
|  26|0x0000000084800000, 0x0000000084900000, 0x0000000084900000|100%| O|  |TAMS 0x0000000084900000, 0x0000000084900000| Untracked 
|  27|0x0000000084900000, 0x0000000084a00000, 0x0000000084a00000|100%| O|  |TAMS 0x0000000084a00000, 0x0000000084a00000| Untracked 
|  28|0x0000000084a00000, 0x0000000084a6c400, 0x0000000084b00000| 42%| O|  |TAMS 0x0000000084a6ba00, 0x0000000084a6c400| Untracked 
|  29|0x0000000084b00000, 0x0000000084c00000, 0x0000000084c00000|100%| O|  |TAMS 0x0000000084c00000, 0x0000000084c00000| Untracked 
|  30|0x0000000084c00000, 0x0000000084c00000, 0x0000000084d00000|  0%| F|  |TAMS 0x0000000084c00000, 0x0000000084c00000| Untracked 
|  31|0x0000000084d00000, 0x0000000084e00000, 0x0000000084e00000|100%| O|  |TAMS 0x0000000084e00000, 0x0000000084e00000| Untracked 
|  32|0x0000000084e00000, 0x0000000084e00000, 0x0000000084f00000|  0%| F|  |TAMS 0x0000000084e00000, 0x0000000084e00000| Untracked 
|  33|0x0000000084f00000, 0x0000000084f00000, 0x0000000085000000|  0%| F|  |TAMS 0x0000000084f00000, 0x0000000084f00000| Untracked 
|  34|0x0000000085000000, 0x0000000085000000, 0x0000000085100000|  0%| F|  |TAMS 0x0000000085000000, 0x0000000085000000| Untracked 
|  35|0x0000000085100000, 0x0000000085100000, 0x0000000085200000|  0%| F|  |TAMS 0x0000000085100000, 0x0000000085100000| Untracked 
|  36|0x0000000085200000, 0x0000000085300000, 0x0000000085300000|100%|HS|  |TAMS 0x0000000085300000, 0x0000000085300000| Complete 
|  37|0x0000000085300000, 0x0000000085400000, 0x0000000085400000|100%|HC|  |TAMS 0x0000000085400000, 0x0000000085400000| Complete 
|  38|0x0000000085400000, 0x0000000085500000, 0x0000000085500000|100%|HC|  |TAMS 0x0000000085500000, 0x0000000085500000| Complete 
|  39|0x0000000085500000, 0x0000000085600000, 0x0000000085600000|100%|HC|  |TAMS 0x0000000085600000, 0x0000000085600000| Complete 
|  40|0x0000000085600000, 0x0000000085700000, 0x0000000085700000|100%|HC|  |TAMS 0x0000000085700000, 0x0000000085700000| Complete 
|  41|0x0000000085700000, 0x0000000085800000, 0x0000000085800000|100%|HC|  |TAMS 0x0000000085800000, 0x0000000085800000| Complete 
|  42|0x0000000085800000, 0x0000000085900000, 0x0000000085900000|100%|HC|  |TAMS 0x0000000085900000, 0x0000000085900000| Complete 
|  43|0x0000000085900000, 0x0000000085a00000, 0x0000000085a00000|100%|HC|  |TAMS 0x0000000085a00000, 0x0000000085a00000| Complete 
|  44|0x0000000085a00000, 0x0000000085b00000, 0x0000000085b00000|100%|HC|  |TAMS 0x0000000085b00000, 0x0000000085b00000| Complete 
|  45|0x0000000085b00000, 0x0000000085c00000, 0x0000000085c00000|100%|HC|  |TAMS 0x0000000085c00000, 0x0000000085c00000| Complete 
|  46|0x0000000085c00000, 0x0000000085d00000, 0x0000000085d00000|100%|HC|  |TAMS 0x0000000085d00000, 0x0000000085d00000| Complete 
|  47|0x0000000085d00000, 0x0000000085e00000, 0x0000000085e00000|100%|HC|  |TAMS 0x0000000085e00000, 0x0000000085e00000| Complete 
|  48|0x0000000085e00000, 0x0000000085e00000, 0x0000000085f00000|  0%| F|  |TAMS 0x0000000085e00000, 0x0000000085e00000| Untracked 
|  49|0x0000000085f00000, 0x0000000086000000, 0x0000000086000000|100%|HS|  |TAMS 0x0000000086000000, 0x0000000086000000| Complete 
|  50|0x0000000086000000, 0x0000000086100000, 0x0000000086100000|100%|HC|  |TAMS 0x0000000086100000, 0x0000000086100000| Complete 
|  51|0x0000000086100000, 0x0000000086200000, 0x0000000086200000|100%|HC|  |TAMS 0x0000000086200000, 0x0000000086200000| Complete 
|  52|0x0000000086200000, 0x0000000086300000, 0x0000000086300000|100%|HC|  |TAMS 0x0000000086300000, 0x0000000086300000| Complete 
|  53|0x0000000086300000, 0x0000000086400000, 0x0000000086400000|100%|HC|  |TAMS 0x0000000086400000, 0x0000000086400000| Complete 
|  54|0x0000000086400000, 0x0000000086500000, 0x0000000086500000|100%|HC|  |TAMS 0x0000000086500000, 0x0000000086500000| Complete 
|  55|0x0000000086500000, 0x0000000086600000, 0x0000000086600000|100%|HC|  |TAMS 0x0000000086600000, 0x0000000086600000| Complete 
|  56|0x0000000086600000, 0x0000000086700000, 0x0000000086700000|100%|HC|  |TAMS 0x0000000086700000, 0x0000000086700000| Complete 
|  57|0x0000000086700000, 0x0000000086800000, 0x0000000086800000|100%|HS|  |TAMS 0x0000000086800000, 0x0000000086800000| Complete 
|  58|0x0000000086800000, 0x0000000086900000, 0x0000000086900000|100%|HC|  |TAMS 0x0000000086900000, 0x0000000086900000| Complete 
|  59|0x0000000086900000, 0x0000000086a00000, 0x0000000086a00000|100%|HC|  |TAMS 0x0000000086a00000, 0x0000000086a00000| Complete 
|  60|0x0000000086a00000, 0x0000000086b00000, 0x0000000086b00000|100%|HC|  |TAMS 0x0000000086b00000, 0x0000000086b00000| Complete 
|  61|0x0000000086b00000, 0x0000000086c00000, 0x0000000086c00000|100%|HC|  |TAMS 0x0000000086c00000, 0x0000000086c00000| Complete 
|  62|0x0000000086c00000, 0x0000000086d00000, 0x0000000086d00000|100%|HC|  |TAMS 0x0000000086d00000, 0x0000000086d00000| Complete 
|  63|0x0000000086d00000, 0x0000000086e00000, 0x0000000086e00000|100%|HC|  |TAMS 0x0000000086e00000, 0x0000000086e00000| Complete 
|  64|0x0000000086e00000, 0x0000000086f00000, 0x0000000086f00000|100%|HC|  |TAMS 0x0000000086f00000, 0x0000000086f00000| Complete 
|  65|0x0000000086f00000, 0x0000000087000000, 0x0000000087000000|100%|HC|  |TAMS 0x0000000087000000, 0x0000000087000000| Complete 
|  66|0x0000000087000000, 0x0000000087100000, 0x0000000087100000|100%|HC|  |TAMS 0x0000000087100000, 0x0000000087100000| Complete 
|  67|0x0000000087100000, 0x0000000087200000, 0x0000000087200000|100%|HC|  |TAMS 0x0000000087200000, 0x0000000087200000| Complete 
|  68|0x0000000087200000, 0x0000000087300000, 0x0000000087300000|100%|HC|  |TAMS 0x0000000087300000, 0x0000000087300000| Complete 
|  69|0x0000000087300000, 0x0000000087400000, 0x0000000087400000|100%|HC|  |TAMS 0x0000000087400000, 0x0000000087400000| Complete 
|  70|0x0000000087400000, 0x0000000087500000, 0x0000000087500000|100%|HC|  |TAMS 0x0000000087500000, 0x0000000087500000| Complete 
|  71|0x0000000087500000, 0x0000000087600000, 0x0000000087600000|100%|HC|  |TAMS 0x0000000087600000, 0x0000000087600000| Complete 
|  72|0x0000000087600000, 0x0000000087700000, 0x0000000087700000|100%|HC|  |TAMS 0x0000000087700000, 0x0000000087700000| Complete 
|  73|0x0000000087700000, 0x0000000087800000, 0x0000000087800000|100%|HC|  |TAMS 0x0000000087800000, 0x0000000087800000| Complete 
|  74|0x0000000087800000, 0x0000000087900000, 0x0000000087900000|100%|HC|  |TAMS 0x0000000087900000, 0x0000000087900000| Complete 
|  75|0x0000000087900000, 0x0000000087a00000, 0x0000000087a00000|100%|HC|  |TAMS 0x0000000087a00000, 0x0000000087a00000| Complete 
|  76|0x0000000087a00000, 0x0000000087b00000, 0x0000000087b00000|100%|HC|  |TAMS 0x0000000087b00000, 0x0000000087b00000| Complete 
|  77|0x0000000087b00000, 0x0000000087c00000, 0x0000000087c00000|100%|HC|  |TAMS 0x0000000087c00000, 0x0000000087c00000| Complete 
|  78|0x0000000087c00000, 0x0000000087d00000, 0x0000000087d00000|100%|HC|  |TAMS 0x0000000087d00000, 0x0000000087d00000| Complete 
|  79|0x0000000087d00000, 0x0000000087e00000, 0x0000000087e00000|100%|HC|  |TAMS 0x0000000087e00000, 0x0000000087e00000| Complete 
|  80|0x0000000087e00000, 0x0000000087f00000, 0x0000000087f00000|100%|HC|  |TAMS 0x0000000087f00000, 0x0000000087f00000| Complete 
|  81|0x0000000087f00000, 0x0000000088000000, 0x0000000088000000|100%|HC|  |TAMS 0x0000000088000000, 0x0000000088000000| Complete 
|  82|0x0000000088000000, 0x0000000088100000, 0x0000000088100000|100%|HC|  |TAMS 0x0000000088100000, 0x0000000088100000| Complete 
|  83|0x0000000088100000, 0x0000000088200000, 0x0000000088200000|100%|HC|  |TAMS 0x0000000088200000, 0x0000000088200000| Complete 
|  84|0x0000000088200000, 0x0000000088300000, 0x0000000088300000|100%|HC|  |TAMS 0x0000000088300000, 0x0000000088300000| Complete 
|  85|0x0000000088300000, 0x0000000088400000, 0x0000000088400000|100%|HC|  |TAMS 0x0000000088400000, 0x0000000088400000| Complete 
|  86|0x0000000088400000, 0x0000000088500000, 0x0000000088500000|100%|HC|  |TAMS 0x0000000088500000, 0x0000000088500000| Complete 
|  87|0x0000000088500000, 0x0000000088600000, 0x0000000088600000|100%|HC|  |TAMS 0x0000000088600000, 0x0000000088600000| Complete 
|  88|0x0000000088600000, 0x0000000088700000, 0x0000000088700000|100%|HS|  |TAMS 0x0000000088700000, 0x0000000088700000| Complete 
|  89|0x0000000088700000, 0x0000000088800000, 0x0000000088800000|100%|HC|  |TAMS 0x0000000088800000, 0x0000000088800000| Complete 
|  90|0x0000000088800000, 0x0000000088900000, 0x0000000088900000|100%|HC|  |TAMS 0x0000000088900000, 0x0000000088900000| Complete 
|  91|0x0000000088900000, 0x0000000088a00000, 0x0000000088a00000|100%|HC|  |TAMS 0x0000000088a00000, 0x0000000088a00000| Complete 
|  92|0x0000000088a00000, 0x0000000088b00000, 0x0000000088b00000|100%|HC|  |TAMS 0x0000000088b00000, 0x0000000088b00000| Complete 
|  93|0x0000000088b00000, 0x0000000088c00000, 0x0000000088c00000|100%|HC|  |TAMS 0x0000000088c00000, 0x0000000088c00000| Complete 
|  94|0x0000000088c00000, 0x0000000088d00000, 0x0000000088d00000|100%|HC|  |TAMS 0x0000000088d00000, 0x0000000088d00000| Complete 
|  95|0x0000000088d00000, 0x0000000088e00000, 0x0000000088e00000|100%|HC|  |TAMS 0x0000000088e00000, 0x0000000088e00000| Complete 
|  96|0x0000000088e00000, 0x0000000088f00000, 0x0000000088f00000|100%|HC|  |TAMS 0x0000000088f00000, 0x0000000088f00000| Complete 
|  97|0x0000000088f00000, 0x0000000089000000, 0x0000000089000000|100%|HS|  |TAMS 0x0000000088f00000, 0x0000000089000000| Complete 
|  98|0x0000000089000000, 0x0000000089100000, 0x0000000089100000|100%|HC|  |TAMS 0x0000000089000000, 0x0000000089100000| Complete 
|  99|0x0000000089100000, 0x0000000089200000, 0x0000000089200000|100%|HC|  |TAMS 0x0000000089100000, 0x0000000089200000| Complete 
| 100|0x0000000089200000, 0x0000000089300000, 0x0000000089300000|100%|HS|  |TAMS 0x0000000089200000, 0x0000000089300000| Complete 
| 101|0x0000000089300000, 0x0000000089400000, 0x0000000089400000|100%|HC|  |TAMS 0x0000000089300000, 0x0000000089400000| Complete 
| 102|0x0000000089400000, 0x0000000089500000, 0x0000000089500000|100%|HC|  |TAMS 0x0000000089400000, 0x0000000089500000| Complete 
| 103|0x0000000089500000, 0x0000000089500000, 0x0000000089600000|  0%| F|  |TAMS 0x0000000089500000, 0x0000000089500000| Untracked 
| 104|0x0000000089600000, 0x0000000089600000, 0x0000000089700000|  0%| F|  |TAMS 0x0000000089600000, 0x0000000089600000| Untracked 
| 105|0x0000000089700000, 0x0000000089700000, 0x0000000089800000|  0%| F|  |TAMS 0x0000000089700000, 0x0000000089700000| Untracked 
| 106|0x0000000089800000, 0x0000000089800000, 0x0000000089900000|  0%| F|  |TAMS 0x0000000089800000, 0x0000000089800000| Untracked 
| 107|0x0000000089900000, 0x0000000089900000, 0x0000000089a00000|  0%| F|  |TAMS 0x0000000089900000, 0x0000000089900000| Untracked 
| 108|0x0000000089a00000, 0x0000000089a00000, 0x0000000089b00000|  0%| F|  |TAMS 0x0000000089a00000, 0x0000000089a00000| Untracked 
| 109|0x0000000089b00000, 0x0000000089c00000, 0x0000000089c00000|100%|HS|  |TAMS 0x0000000089c00000, 0x0000000089c00000| Complete 
| 110|0x0000000089c00000, 0x0000000089d00000, 0x0000000089d00000|100%|HC|  |TAMS 0x0000000089d00000, 0x0000000089d00000| Complete 
| 111|0x0000000089d00000, 0x0000000089e00000, 0x0000000089e00000|100%|HC|  |TAMS 0x0000000089e00000, 0x0000000089e00000| Complete 
| 112|0x0000000089e00000, 0x0000000089f00000, 0x0000000089f00000|100%|HC|  |TAMS 0x0000000089f00000, 0x0000000089f00000| Complete 
| 113|0x0000000089f00000, 0x000000008a000000, 0x000000008a000000|100%|HC|  |TAMS 0x000000008a000000, 0x000000008a000000| Complete 
| 114|0x000000008a000000, 0x000000008a100000, 0x000000008a100000|100%|HC|  |TAMS 0x000000008a100000, 0x000000008a100000| Complete 
| 115|0x000000008a100000, 0x000000008a200000, 0x000000008a200000|100%|HC|  |TAMS 0x000000008a200000, 0x000000008a200000| Complete 
| 116|0x000000008a200000, 0x000000008a300000, 0x000000008a300000|100%|HC|  |TAMS 0x000000008a300000, 0x000000008a300000| Complete 
| 117|0x000000008a300000, 0x000000008a400000, 0x000000008a400000|100%|HC|  |TAMS 0x000000008a400000, 0x000000008a400000| Complete 
| 118|0x000000008a400000, 0x000000008a500000, 0x000000008a500000|100%|HC|  |TAMS 0x000000008a500000, 0x000000008a500000| Complete 
| 119|0x000000008a500000, 0x000000008a600000, 0x000000008a600000|100%|HC|  |TAMS 0x000000008a600000, 0x000000008a600000| Complete 
| 120|0x000000008a600000, 0x000000008a700000, 0x000000008a700000|100%|HC|  |TAMS 0x000000008a700000, 0x000000008a700000| Complete 
| 121|0x000000008a700000, 0x000000008a800000, 0x000000008a800000|100%|HC|  |TAMS 0x000000008a800000, 0x000000008a800000| Complete 
| 122|0x000000008a800000, 0x000000008a900000, 0x000000008a900000|100%|HC|  |TAMS 0x000000008a900000, 0x000000008a900000| Complete 
| 123|0x000000008a900000, 0x000000008aa00000, 0x000000008aa00000|100%|HC|  |TAMS 0x000000008aa00000, 0x000000008aa00000| Complete 
| 124|0x000000008aa00000, 0x000000008ab00000, 0x000000008ab00000|100%|HC|  |TAMS 0x000000008ab00000, 0x000000008ab00000| Complete 
| 125|0x000000008ab00000, 0x000000008ac00000, 0x000000008ac00000|100%|HC|  |TAMS 0x000000008ac00000, 0x000000008ac00000| Complete 
| 126|0x000000008ac00000, 0x000000008ad00000, 0x000000008ad00000|100%|HC|  |TAMS 0x000000008ad00000, 0x000000008ad00000| Complete 
| 127|0x000000008ad00000, 0x000000008ae00000, 0x000000008ae00000|100%|HC|  |TAMS 0x000000008ae00000, 0x000000008ae00000| Complete 
| 128|0x000000008ae00000, 0x000000008af00000, 0x000000008af00000|100%|HC|  |TAMS 0x000000008af00000, 0x000000008af00000| Complete 
| 129|0x000000008af00000, 0x000000008b000000, 0x000000008b000000|100%|HC|  |TAMS 0x000000008b000000, 0x000000008b000000| Complete 
| 130|0x000000008b000000, 0x000000008b100000, 0x000000008b100000|100%|HC|  |TAMS 0x000000008b100000, 0x000000008b100000| Complete 
| 131|0x000000008b100000, 0x000000008b100000, 0x000000008b200000|  0%| F|  |TAMS 0x000000008b100000, 0x000000008b100000| Untracked 
| 132|0x000000008b200000, 0x000000008b200000, 0x000000008b300000|  0%| F|  |TAMS 0x000000008b200000, 0x000000008b200000| Untracked 
| 133|0x000000008b300000, 0x000000008b300000, 0x000000008b400000|  0%| F|  |TAMS 0x000000008b300000, 0x000000008b300000| Untracked 
| 134|0x000000008b400000, 0x000000008b400000, 0x000000008b500000|  0%| F|  |TAMS 0x000000008b400000, 0x000000008b400000| Untracked 
| 135|0x000000008b500000, 0x000000008b500000, 0x000000008b600000|  0%| F|  |TAMS 0x000000008b500000, 0x000000008b500000| Untracked 
| 136|0x000000008b600000, 0x000000008b600000, 0x000000008b700000|  0%| F|  |TAMS 0x000000008b600000, 0x000000008b600000| Untracked 
| 137|0x000000008b700000, 0x000000008b700000, 0x000000008b800000|  0%| F|  |TAMS 0x000000008b700000, 0x000000008b700000| Untracked 
| 138|0x000000008b800000, 0x000000008b800000, 0x000000008b900000|  0%| F|  |TAMS 0x000000008b800000, 0x000000008b800000| Untracked 
| 139|0x000000008b900000, 0x000000008b900000, 0x000000008ba00000|  0%| F|  |TAMS 0x000000008b900000, 0x000000008b900000| Untracked 
| 140|0x000000008ba00000, 0x000000008ba00000, 0x000000008bb00000|  0%| F|  |TAMS 0x000000008ba00000, 0x000000008ba00000| Untracked 
| 141|0x000000008bb00000, 0x000000008bb00000, 0x000000008bc00000|  0%| F|  |TAMS 0x000000008bb00000, 0x000000008bb00000| Untracked 
| 142|0x000000008bc00000, 0x000000008bc00000, 0x000000008bd00000|  0%| F|  |TAMS 0x000000008bc00000, 0x000000008bc00000| Untracked 
| 143|0x000000008bd00000, 0x000000008bd00000, 0x000000008be00000|  0%| F|  |TAMS 0x000000008bd00000, 0x000000008bd00000| Untracked 
| 144|0x000000008be00000, 0x000000008be00000, 0x000000008bf00000|  0%| F|  |TAMS 0x000000008be00000, 0x000000008be00000| Untracked 
| 145|0x000000008bf00000, 0x000000008bf00000, 0x000000008c000000|  0%| F|  |TAMS 0x000000008bf00000, 0x000000008bf00000| Untracked 
| 146|0x000000008c000000, 0x000000008c000000, 0x000000008c100000|  0%| F|  |TAMS 0x000000008c000000, 0x000000008c000000| Untracked 
| 147|0x000000008c100000, 0x000000008c100000, 0x000000008c200000|  0%| F|  |TAMS 0x000000008c100000, 0x000000008c100000| Untracked 
| 148|0x000000008c200000, 0x000000008c200000, 0x000000008c300000|  0%| F|  |TAMS 0x000000008c200000, 0x000000008c200000| Untracked 
| 149|0x000000008c300000, 0x000000008c300000, 0x000000008c400000|  0%| F|  |TAMS 0x000000008c300000, 0x000000008c300000| Untracked 
| 150|0x000000008c400000, 0x000000008c500000, 0x000000008c500000|100%|HS|  |TAMS 0x000000008c500000, 0x000000008c500000| Complete 
| 151|0x000000008c500000, 0x000000008c600000, 0x000000008c600000|100%|HC|  |TAMS 0x000000008c600000, 0x000000008c600000| Complete 
| 152|0x000000008c600000, 0x000000008c700000, 0x000000008c700000|100%|HC|  |TAMS 0x000000008c700000, 0x000000008c700000| Complete 
| 153|0x000000008c700000, 0x000000008c800000, 0x000000008c800000|100%|HC|  |TAMS 0x000000008c800000, 0x000000008c800000| Complete 
| 154|0x000000008c800000, 0x000000008c900000, 0x000000008c900000|100%|HC|  |TAMS 0x000000008c900000, 0x000000008c900000| Complete 
| 155|0x000000008c900000, 0x000000008ca00000, 0x000000008ca00000|100%|HC|  |TAMS 0x000000008ca00000, 0x000000008ca00000| Complete 
| 156|0x000000008ca00000, 0x000000008cb00000, 0x000000008cb00000|100%|HC|  |TAMS 0x000000008cb00000, 0x000000008cb00000| Complete 
| 157|0x000000008cb00000, 0x000000008cc00000, 0x000000008cc00000|100%|HC|  |TAMS 0x000000008cc00000, 0x000000008cc00000| Complete 
| 158|0x000000008cc00000, 0x000000008cd00000, 0x000000008cd00000|100%|HC|  |TAMS 0x000000008cd00000, 0x000000008cd00000| Complete 
| 159|0x000000008cd00000, 0x000000008ce00000, 0x000000008ce00000|100%|HC|  |TAMS 0x000000008ce00000, 0x000000008ce00000| Complete 
| 160|0x000000008ce00000, 0x000000008cf00000, 0x000000008cf00000|100%|HC|  |TAMS 0x000000008cf00000, 0x000000008cf00000| Complete 
| 161|0x000000008cf00000, 0x000000008d000000, 0x000000008d000000|100%|HC|  |TAMS 0x000000008d000000, 0x000000008d000000| Complete 
| 162|0x000000008d000000, 0x000000008d100000, 0x000000008d100000|100%|HC|  |TAMS 0x000000008d100000, 0x000000008d100000| Complete 
| 163|0x000000008d100000, 0x000000008d200000, 0x000000008d200000|100%|HC|  |TAMS 0x000000008d200000, 0x000000008d200000| Complete 
| 164|0x000000008d200000, 0x000000008d300000, 0x000000008d300000|100%|HC|  |TAMS 0x000000008d300000, 0x000000008d300000| Complete 
| 165|0x000000008d300000, 0x000000008d400000, 0x000000008d400000|100%|HC|  |TAMS 0x000000008d400000, 0x000000008d400000| Complete 
| 166|0x000000008d400000, 0x000000008d500000, 0x000000008d500000|100%|HC|  |TAMS 0x000000008d500000, 0x000000008d500000| Complete 
| 167|0x000000008d500000, 0x000000008d600000, 0x000000008d600000|100%|HC|  |TAMS 0x000000008d600000, 0x000000008d600000| Complete 
| 168|0x000000008d600000, 0x000000008d700000, 0x000000008d700000|100%|HC|  |TAMS 0x000000008d700000, 0x000000008d700000| Complete 
| 169|0x000000008d700000, 0x000000008d800000, 0x000000008d800000|100%|HC|  |TAMS 0x000000008d800000, 0x000000008d800000| Complete 
| 170|0x000000008d800000, 0x000000008d900000, 0x000000008d900000|100%|HC|  |TAMS 0x000000008d900000, 0x000000008d900000| Complete 
| 171|0x000000008d900000, 0x000000008da00000, 0x000000008da00000|100%|HC|  |TAMS 0x000000008da00000, 0x000000008da00000| Complete 
| 172|0x000000008da00000, 0x000000008db00000, 0x000000008db00000|100%|HC|  |TAMS 0x000000008db00000, 0x000000008db00000| Complete 
| 173|0x000000008db00000, 0x000000008dc00000, 0x000000008dc00000|100%|HC|  |TAMS 0x000000008dc00000, 0x000000008dc00000| Complete 
| 174|0x000000008dc00000, 0x000000008dd00000, 0x000000008dd00000|100%|HC|  |TAMS 0x000000008dd00000, 0x000000008dd00000| Complete 
| 175|0x000000008dd00000, 0x000000008de00000, 0x000000008de00000|100%|HC|  |TAMS 0x000000008de00000, 0x000000008de00000| Complete 
| 176|0x000000008de00000, 0x000000008de00000, 0x000000008df00000|  0%| F|  |TAMS 0x000000008de00000, 0x000000008de00000| Untracked 
| 177|0x000000008df00000, 0x000000008df00000, 0x000000008e000000|  0%| F|  |TAMS 0x000000008df00000, 0x000000008df00000| Untracked 
| 178|0x000000008e000000, 0x000000008e000000, 0x000000008e100000|  0%| F|  |TAMS 0x000000008e000000, 0x000000008e000000| Untracked 
| 179|0x000000008e100000, 0x000000008e100000, 0x000000008e200000|  0%| F|  |TAMS 0x000000008e100000, 0x000000008e100000| Untracked 
| 180|0x000000008e200000, 0x000000008e200000, 0x000000008e300000|  0%| F|  |TAMS 0x000000008e200000, 0x000000008e200000| Untracked 
| 181|0x000000008e300000, 0x000000008e300000, 0x000000008e400000|  0%| F|  |TAMS 0x000000008e300000, 0x000000008e300000| Untracked 
| 182|0x000000008e400000, 0x000000008e400000, 0x000000008e500000|  0%| F|  |TAMS 0x000000008e400000, 0x000000008e400000| Untracked 
| 183|0x000000008e500000, 0x000000008e500000, 0x000000008e600000|  0%| F|  |TAMS 0x000000008e500000, 0x000000008e500000| Untracked 
| 184|0x000000008e600000, 0x000000008e600000, 0x000000008e700000|  0%| F|  |TAMS 0x000000008e600000, 0x000000008e600000| Untracked 
| 185|0x000000008e700000, 0x000000008e700000, 0x000000008e800000|  0%| F|  |TAMS 0x000000008e700000, 0x000000008e700000| Untracked 
| 186|0x000000008e800000, 0x000000008e800000, 0x000000008e900000|  0%| F|  |TAMS 0x000000008e800000, 0x000000008e800000| Untracked 
| 187|0x000000008e900000, 0x000000008e900000, 0x000000008ea00000|  0%| F|  |TAMS 0x000000008e900000, 0x000000008e900000| Untracked 
| 188|0x000000008ea00000, 0x000000008ea00000, 0x000000008eb00000|  0%| F|  |TAMS 0x000000008ea00000, 0x000000008ea00000| Untracked 
| 189|0x000000008eb00000, 0x000000008eb00000, 0x000000008ec00000|  0%| F|  |TAMS 0x000000008eb00000, 0x000000008eb00000| Untracked 
| 190|0x000000008ec00000, 0x000000008ec00000, 0x000000008ed00000|  0%| F|  |TAMS 0x000000008ec00000, 0x000000008ec00000| Untracked 
| 191|0x000000008ed00000, 0x000000008ed00000, 0x000000008ee00000|  0%| F|  |TAMS 0x000000008ed00000, 0x000000008ed00000| Untracked 
| 192|0x000000008ee00000, 0x000000008ee00000, 0x000000008ef00000|  0%| F|  |TAMS 0x000000008ee00000, 0x000000008ee00000| Untracked 
| 193|0x000000008ef00000, 0x000000008ef00000, 0x000000008f000000|  0%| F|  |TAMS 0x000000008ef00000, 0x000000008ef00000| Untracked 
| 194|0x000000008f000000, 0x000000008f000000, 0x000000008f100000|  0%| F|  |TAMS 0x000000008f000000, 0x000000008f000000| Untracked 
| 195|0x000000008f100000, 0x000000008f100000, 0x000000008f200000|  0%| F|  |TAMS 0x000000008f100000, 0x000000008f100000| Untracked 
| 196|0x000000008f200000, 0x000000008f200000, 0x000000008f300000|  0%| F|  |TAMS 0x000000008f200000, 0x000000008f200000| Untracked 
| 197|0x000000008f300000, 0x000000008f300000, 0x000000008f400000|  0%| F|  |TAMS 0x000000008f300000, 0x000000008f300000| Untracked 
| 198|0x000000008f400000, 0x000000008f400000, 0x000000008f500000|  0%| F|  |TAMS 0x000000008f400000, 0x000000008f400000| Untracked 
| 199|0x000000008f500000, 0x000000008f500000, 0x000000008f600000|  0%| F|  |TAMS 0x000000008f500000, 0x000000008f500000| Untracked 
| 200|0x000000008f600000, 0x000000008f600000, 0x000000008f700000|  0%| F|  |TAMS 0x000000008f600000, 0x000000008f600000| Untracked 
| 201|0x000000008f700000, 0x000000008f700000, 0x000000008f800000|  0%| F|  |TAMS 0x000000008f700000, 0x000000008f700000| Untracked 
| 202|0x000000008f800000, 0x000000008f800000, 0x000000008f900000|  0%| F|  |TAMS 0x000000008f800000, 0x000000008f800000| Untracked 
| 203|0x000000008f900000, 0x000000008f900000, 0x000000008fa00000|  0%| F|  |TAMS 0x000000008f900000, 0x000000008f900000| Untracked 
| 204|0x000000008fa00000, 0x000000008fa00000, 0x000000008fb00000|  0%| F|  |TAMS 0x000000008fa00000, 0x000000008fa00000| Untracked 
| 205|0x000000008fb00000, 0x000000008fb00000, 0x000000008fc00000|  0%| F|  |TAMS 0x000000008fb00000, 0x000000008fb00000| Untracked 
| 206|0x000000008fc00000, 0x000000008fc00000, 0x000000008fd00000|  0%| F|  |TAMS 0x000000008fc00000, 0x000000008fc00000| Untracked 
| 207|0x000000008fd00000, 0x000000008fd00000, 0x000000008fe00000|  0%| F|  |TAMS 0x000000008fd00000, 0x000000008fd00000| Untracked 
| 208|0x000000008fe00000, 0x000000008fe00000, 0x000000008ff00000|  0%| F|  |TAMS 0x000000008fe00000, 0x000000008fe00000| Untracked 
| 209|0x000000008ff00000, 0x000000008ff00000, 0x0000000090000000|  0%| F|  |TAMS 0x000000008ff00000, 0x000000008ff00000| Untracked 
| 210|0x0000000090000000, 0x0000000090000000, 0x0000000090100000|  0%| F|  |TAMS 0x0000000090000000, 0x0000000090000000| Untracked 
| 211|0x0000000090100000, 0x0000000090100000, 0x0000000090200000|  0%| F|  |TAMS 0x0000000090100000, 0x0000000090100000| Untracked 
| 212|0x0000000090200000, 0x0000000090200000, 0x0000000090300000|  0%| F|  |TAMS 0x0000000090200000, 0x0000000090200000| Untracked 
| 213|0x0000000090300000, 0x0000000090300000, 0x0000000090400000|  0%| F|  |TAMS 0x0000000090300000, 0x0000000090300000| Untracked 
| 214|0x0000000090400000, 0x0000000090400000, 0x0000000090500000|  0%| F|  |TAMS 0x0000000090400000, 0x0000000090400000| Untracked 
| 215|0x0000000090500000, 0x0000000090500000, 0x0000000090600000|  0%| F|  |TAMS 0x0000000090500000, 0x0000000090500000| Untracked 
| 216|0x0000000090600000, 0x0000000090600000, 0x0000000090700000|  0%| F|  |TAMS 0x0000000090600000, 0x0000000090600000| Untracked 
| 217|0x0000000090700000, 0x0000000090700000, 0x0000000090800000|  0%| F|  |TAMS 0x0000000090700000, 0x0000000090700000| Untracked 
| 218|0x0000000090800000, 0x0000000090800000, 0x0000000090900000|  0%| F|  |TAMS 0x0000000090800000, 0x0000000090800000| Untracked 
| 219|0x0000000090900000, 0x0000000090900000, 0x0000000090a00000|  0%| F|  |TAMS 0x0000000090900000, 0x0000000090900000| Untracked 
| 220|0x0000000090a00000, 0x0000000090a00000, 0x0000000090b00000|  0%| F|  |TAMS 0x0000000090a00000, 0x0000000090a00000| Untracked 
| 221|0x0000000090b00000, 0x0000000090b00000, 0x0000000090c00000|  0%| F|  |TAMS 0x0000000090b00000, 0x0000000090b00000| Untracked 
| 222|0x0000000090c00000, 0x0000000090c00000, 0x0000000090d00000|  0%| F|  |TAMS 0x0000000090c00000, 0x0000000090c00000| Untracked 
| 223|0x0000000090d00000, 0x0000000090d00000, 0x0000000090e00000|  0%| F|  |TAMS 0x0000000090d00000, 0x0000000090d00000| Untracked 
| 224|0x0000000090e00000, 0x0000000090e00000, 0x0000000090f00000|  0%| F|  |TAMS 0x0000000090e00000, 0x0000000090e00000| Untracked 
| 225|0x0000000090f00000, 0x0000000090f00000, 0x0000000091000000|  0%| F|  |TAMS 0x0000000090f00000, 0x0000000090f00000| Untracked 
| 226|0x0000000091000000, 0x0000000091000000, 0x0000000091100000|  0%| F|  |TAMS 0x0000000091000000, 0x0000000091000000| Untracked 
| 227|0x0000000091100000, 0x0000000091100000, 0x0000000091200000|  0%| F|  |TAMS 0x0000000091100000, 0x0000000091100000| Untracked 
| 228|0x0000000091200000, 0x0000000091200000, 0x0000000091300000|  0%| F|  |TAMS 0x0000000091200000, 0x0000000091200000| Untracked 
| 229|0x0000000091300000, 0x0000000091300000, 0x0000000091400000|  0%| F|  |TAMS 0x0000000091300000, 0x0000000091300000| Untracked 
| 230|0x0000000091400000, 0x0000000091400000, 0x0000000091500000|  0%| F|  |TAMS 0x0000000091400000, 0x0000000091400000| Untracked 
| 231|0x0000000091500000, 0x0000000091500000, 0x0000000091600000|  0%| F|  |TAMS 0x0000000091500000, 0x0000000091500000| Untracked 
| 232|0x0000000091600000, 0x0000000091630178, 0x0000000091700000| 18%| S|CS|TAMS 0x0000000091600000, 0x0000000091600000| Complete 
| 233|0x0000000091700000, 0x0000000091700000, 0x0000000091800000|  0%| F|  |TAMS 0x0000000091700000, 0x0000000091700000| Untracked 
| 234|0x0000000091800000, 0x0000000091800000, 0x0000000091900000|  0%| F|  |TAMS 0x0000000091800000, 0x0000000091800000| Untracked 
| 235|0x0000000091900000, 0x0000000091900000, 0x0000000091a00000|  0%| F|  |TAMS 0x0000000091900000, 0x0000000091900000| Untracked 
| 236|0x0000000091a00000, 0x0000000091a00000, 0x0000000091b00000|  0%| F|  |TAMS 0x0000000091a00000, 0x0000000091a00000| Untracked 
| 237|0x0000000091b00000, 0x0000000091b00000, 0x0000000091c00000|  0%| F|  |TAMS 0x0000000091b00000, 0x0000000091b00000| Untracked 
| 238|0x0000000091c00000, 0x0000000091c00000, 0x0000000091d00000|  0%| F|  |TAMS 0x0000000091c00000, 0x0000000091c00000| Untracked 
| 239|0x0000000091d00000, 0x0000000091d00000, 0x0000000091e00000|  0%| F|  |TAMS 0x0000000091d00000, 0x0000000091d00000| Untracked 
| 240|0x0000000091e00000, 0x0000000091e00000, 0x0000000091f00000|  0%| F|  |TAMS 0x0000000091e00000, 0x0000000091e00000| Untracked 
| 241|0x0000000091f00000, 0x0000000091f00000, 0x0000000092000000|  0%| F|  |TAMS 0x0000000091f00000, 0x0000000091f00000| Untracked 
| 242|0x0000000092000000, 0x0000000092000000, 0x0000000092100000|  0%| F|  |TAMS 0x0000000092000000, 0x0000000092000000| Untracked 
| 243|0x0000000092100000, 0x0000000092100000, 0x0000000092200000|  0%| F|  |TAMS 0x0000000092100000, 0x0000000092100000| Untracked 
| 244|0x0000000092200000, 0x0000000092200000, 0x0000000092300000|  0%| F|  |TAMS 0x0000000092200000, 0x0000000092200000| Untracked 
| 245|0x0000000092300000, 0x0000000092300000, 0x0000000092400000|  0%| F|  |TAMS 0x0000000092300000, 0x0000000092300000| Untracked 
| 246|0x0000000092400000, 0x0000000092400000, 0x0000000092500000|  0%| F|  |TAMS 0x0000000092400000, 0x0000000092400000| Untracked 
| 247|0x0000000092500000, 0x0000000092500000, 0x0000000092600000|  0%| F|  |TAMS 0x0000000092500000, 0x0000000092500000| Untracked 
| 248|0x0000000092600000, 0x0000000092600000, 0x0000000092700000|  0%| F|  |TAMS 0x0000000092600000, 0x0000000092600000| Untracked 
| 249|0x0000000092700000, 0x0000000092700000, 0x0000000092800000|  0%| F|  |TAMS 0x0000000092700000, 0x0000000092700000| Untracked 
| 250|0x0000000092800000, 0x0000000092800000, 0x0000000092900000|  0%| F|  |TAMS 0x0000000092800000, 0x0000000092800000| Untracked 
| 251|0x0000000092900000, 0x0000000092900000, 0x0000000092a00000|  0%| F|  |TAMS 0x0000000092900000, 0x0000000092900000| Untracked 
| 252|0x0000000092a00000, 0x0000000092a00000, 0x0000000092b00000|  0%| F|  |TAMS 0x0000000092a00000, 0x0000000092a00000| Untracked 
| 253|0x0000000092b00000, 0x0000000092b00000, 0x0000000092c00000|  0%| F|  |TAMS 0x0000000092b00000, 0x0000000092b00000| Untracked 
| 254|0x0000000092c00000, 0x0000000092c00000, 0x0000000092d00000|  0%| F|  |TAMS 0x0000000092c00000, 0x0000000092c00000| Untracked 
| 255|0x0000000092d00000, 0x0000000092d00000, 0x0000000092e00000|  0%| F|  |TAMS 0x0000000092d00000, 0x0000000092d00000| Untracked 
| 256|0x0000000092e00000, 0x0000000092e00000, 0x0000000092f00000|  0%| F|  |TAMS 0x0000000092e00000, 0x0000000092e00000| Untracked 

Card table byte_map: [0x000001bc7d750000,0x000001bc7db40000] _byte_map_base: 0x000001bc7d339000

Marking Bits (Prev, Next): (CMBitMap*) 0x000001bc7cfc5b80, (CMBitMap*) 0x000001bc7cfc5bc0
 Prev Bits: [0x000001bc7df30000, 0x000001bc7fe78000)
 Next Bits: [0x000001bc16870000, 0x000001bc187b8000)

Polling page: 0x000001bc7aed0000

Metaspace:

Usage:
  Non-class:     23.30 MB used.
      Class:      2.56 MB used.
       Both:     25.86 MB used.

Virtual space:
  Non-class space:       64.00 MB reserved,      23.44 MB ( 37%) committed,  1 nodes.
      Class space:        1.00 GB reserved,       2.69 MB ( <1%) committed,  1 nodes.
             Both:        1.06 GB reserved,      26.12 MB (  2%) committed. 

Chunk freelists:
   Non-Class:  272.00 KB
       Class:  1.13 MB
        Both:  1.40 MB

MaxMetaspaceSize: unlimited
CompressedClassSpaceSize: 1.00 GB
Initial GC threshold: 21.00 MB
Current GC threshold: 43.38 MB
CDS: on
MetaspaceReclaimPolicy: balanced
 - commit_granule_bytes: 65536.
 - commit_granule_words: 8192.
 - virtual_space_node_default_size: 8388608.
 - enlarge_chunks_in_place: 1.
 - new_chunks_are_fully_committed: 0.
 - uncommit_free_chunks: 1.
 - use_allocation_guard: 0.


Internal statistics:

num_allocs_failed_limit: 3.
num_arena_births: 342.
num_arena_deaths: 0.
num_vsnodes_births: 2.
num_vsnodes_deaths: 0.
num_space_committed: 418.
num_space_uncommitted: 0.
num_chunks_returned_to_freelist: 3.
num_chunks_taken_from_freelist: 684.
num_chunk_merges: 3.
num_chunk_splits: 404.
num_chunks_enlarged: 197.
num_inconsistent_stats: 0.

CodeHeap 'non-profiled nmethods': size=120000Kb used=5374Kb max_used=5374Kb free=114625Kb
 bounds [0x000001bc0f340000, 0x000001bc0f880000, 0x000001bc16870000]
CodeHeap 'profiled nmethods': size=120000Kb used=15006Kb max_used=15006Kb free=104993Kb
 bounds [0x000001bc07e10000, 0x000001bc08cc0000, 0x000001bc0f340000]
CodeHeap 'non-nmethods': size=5760Kb used=1443Kb max_used=1524Kb free=4316Kb
 bounds [0x000001bc07870000, 0x000001bc07ae0000, 0x000001bc07e10000]
 total_blobs=8172 nmethods=7385 adapters=698
 compilation: enabled
              stopped_count=0, restarted_count=0
 full_count=0

Compilation events (20 events):
Event: 1037.387 Thread 0x000001bc1b0c9c20 8214       3       javax.swing.plaf.basic.BasicButtonUI::paintIcon (281 bytes)
Event: 1037.388 Thread 0x000001bc1b0a8a90 8215       4       java.lang.String::<init> (14 bytes)
Event: 1037.391 Thread 0x000001bc1b0c9c20 nmethod 8214 0x000001bc08cb4d10 code [0x000001bc08cb5000, 0x000001bc08cb6d88]
Event: 1037.403 Thread 0x000001bc1b0a8a90 nmethod 8215 0x000001bc0f87b390 code [0x000001bc0f87b520, 0x000001bc0f87bc18]
Event: 1047.371 Thread 0x000001bc1b0c9c20 8216       1       java.lang.Thread::isDaemon (5 bytes)
Event: 1047.371 Thread 0x000001bc1b0c9c20 nmethod 8216 0x000001bc0f87be90 code [0x000001bc0f87c020, 0x000001bc0f87c0f8]
Event: 1047.371 Thread 0x000001bc1b0c9c20 8217       1       java.lang.Thread::getPriority (5 bytes)
Event: 1047.372 Thread 0x000001bc1b0c9c20 nmethod 8217 0x000001bc0f87c190 code [0x000001bc0f87c320, 0x000001bc0f87c3f8]
Event: 1076.307 Thread 0x000001bc1b0a8a90 8218  s    4       javax.swing.RepaintManager::addInvalidComponent (111 bytes)
Event: 1076.362 Thread 0x000001bc1b0a8a90 nmethod 8218 0x000001bc0f87c490 code [0x000001bc0f87c720, 0x000001bc0f87e2b0]
Event: 1080.166 Thread 0x000001bc1b0a8a90 8219       4       sun.java2d.pipe.AAShapePipe$TileState::computeDevBox (43 bytes)
Event: 1080.169 Thread 0x000001bc1b0a8a90 nmethod 8219 0x000001bc0f87ef10 code [0x000001bc0f87f080, 0x000001bc0f87f158]
Event: 1080.169 Thread 0x000001bc1b0a8a90 8220       4       sun.java2d.pipe.AlphaColorPipe::startSequence (2 bytes)
Event: 1080.169 Thread 0x000001bc1b0a8a90 nmethod 8220 0x000001bc0f87f210 code [0x000001bc0f87f380, 0x000001bc0f87f3f8]
Event: 1083.308 Thread 0x000001bc1b0a8a90 8221       4       java.util.HashMap::values (25 bytes)
Event: 1083.312 Thread 0x000001bc1b0a8a90 nmethod 8221 0x000001bc0f87f510 code [0x000001bc0f87f6a0, 0x000001bc0f87f878]
Event: 1101.145 Thread 0x000001bc1b0c9c20 8222       3       javax.swing.plaf.basic.BasicTabbedPaneUI::getRunForTab (48 bytes)
Event: 1101.146 Thread 0x000001bc1b0c9c20 nmethod 8222 0x000001bc08cb7390 code [0x000001bc08cb7540, 0x000001bc08cb78a8]
Event: 1111.142 Thread 0x000001bc1b0c9c20 8223       3       java.util.Hashtable::<init> (9 bytes)
Event: 1111.143 Thread 0x000001bc1b0c9c20 nmethod 8223 0x000001bc08cb7a10 code [0x000001bc08cb7be0, 0x000001bc08cb7d28]

GC Heap History (20 events):
Event: 1047.375 GC heap after
{Heap after GC invocations=208 (full 0):
 garbage-first heap   total 263168K, used 148088K [0x0000000082e00000, 0x0000000100000000)
  region size 1024K, 1 young (1024K), 1 survivors (1024K)
 Metaspace       used 26479K, committed 26752K, reserved 1114112K
  class space    used 2626K, committed 2752K, reserved 1048576K
}
Event: 1058.280 GC heap before
{Heap before GC invocations=209 (full 0):
 garbage-first heap   total 263168K, used 177784K [0x0000000082e00000, 0x0000000100000000)
  region size 1024K, 25 young (25600K), 1 survivors (1024K)
 Metaspace       used 26479K, committed 26752K, reserved 1114112K
  class space    used 2626K, committed 2752K, reserved 1048576K
}
Event: 1058.282 GC heap after
{Heap after GC invocations=210 (full 0):
 garbage-first heap   total 263168K, used 148031K [0x0000000082e00000, 0x0000000100000000)
  region size 1024K, 1 young (1024K), 1 survivors (1024K)
 Metaspace       used 26479K, committed 26752K, reserved 1114112K
  class space    used 2626K, committed 2752K, reserved 1048576K
}
Event: 1068.710 GC heap before
{Heap before GC invocations=211 (full 0):
 garbage-first heap   total 263168K, used 176703K [0x0000000082e00000, 0x0000000100000000)
  region size 1024K, 24 young (24576K), 1 survivors (1024K)
 Metaspace       used 26479K, committed 26752K, reserved 1114112K
  class space    used 2626K, committed 2752K, reserved 1048576K
}
Event: 1068.712 GC heap after
{Heap after GC invocations=212 (full 0):
 garbage-first heap   total 263168K, used 148056K [0x0000000082e00000, 0x0000000100000000)
  region size 1024K, 1 young (1024K), 1 survivors (1024K)
 Metaspace       used 26479K, committed 26752K, reserved 1114112K
  class space    used 2626K, committed 2752K, reserved 1048576K
}
Event: 1068.713 GC heap before
{Heap before GC invocations=212 (full 0):
 garbage-first heap   total 263168K, used 151128K [0x0000000082e00000, 0x0000000100000000)
  region size 1024K, 2 young (2048K), 1 survivors (1024K)
 Metaspace       used 26479K, committed 26752K, reserved 1114112K
  class space    used 2626K, committed 2752K, reserved 1048576K
}
Event: 1068.714 GC heap after
{Heap after GC invocations=213 (full 0):
 garbage-first heap   total 263168K, used 148061K [0x0000000082e00000, 0x0000000100000000)
  region size 1024K, 1 young (1024K), 1 survivors (1024K)
 Metaspace       used 26479K, committed 26752K, reserved 1114112K
  class space    used 2626K, committed 2752K, reserved 1048576K
}
Event: 1079.461 GC heap before
{Heap before GC invocations=213 (full 0):
 garbage-first heap   total 263168K, used 173661K [0x0000000082e00000, 0x0000000100000000)
  region size 1024K, 24 young (24576K), 1 survivors (1024K)
 Metaspace       used 26479K, committed 26752K, reserved 1114112K
  class space    used 2626K, committed 2752K, reserved 1048576K
}
Event: 1079.463 GC heap after
{Heap after GC invocations=214 (full 0):
 garbage-first heap   total 263168K, used 148083K [0x0000000082e00000, 0x0000000100000000)
  region size 1024K, 1 young (1024K), 1 survivors (1024K)
 Metaspace       used 26479K, committed 26752K, reserved 1114112K
  class space    used 2626K, committed 2752K, reserved 1048576K
}
Event: 1079.464 GC heap before
{Heap before GC invocations=214 (full 0):
 garbage-first heap   total 263168K, used 151155K [0x0000000082e00000, 0x0000000100000000)
  region size 1024K, 2 young (2048K), 1 survivors (1024K)
 Metaspace       used 26479K, committed 26752K, reserved 1114112K
  class space    used 2626K, committed 2752K, reserved 1048576K
}
Event: 1079.466 GC heap after
{Heap after GC invocations=215 (full 0):
 garbage-first heap   total 263168K, used 148071K [0x0000000082e00000, 0x0000000100000000)
  region size 1024K, 1 young (1024K), 1 survivors (1024K)
 Metaspace       used 26479K, committed 26752K, reserved 1114112K
  class space    used 2626K, committed 2752K, reserved 1048576K
}
Event: 1090.171 GC heap before
{Heap before GC invocations=215 (full 0):
 garbage-first heap   total 263168K, used 172647K [0x0000000082e00000, 0x0000000100000000)
  region size 1024K, 23 young (23552K), 1 survivors (1024K)
 Metaspace       used 26479K, committed 26752K, reserved 1114112K
  class space    used 2626K, committed 2752K, reserved 1048576K
}
Event: 1090.173 GC heap after
{Heap after GC invocations=216 (full 0):
 garbage-first heap   total 263168K, used 148053K [0x0000000082e00000, 0x0000000100000000)
  region size 1024K, 1 young (1024K), 1 survivors (1024K)
 Metaspace       used 26479K, committed 26752K, reserved 1114112K
  class space    used 2626K, committed 2752K, reserved 1048576K
}
Event: 1090.174 GC heap before
{Heap before GC invocations=216 (full 0):
 garbage-first heap   total 263168K, used 151125K [0x0000000082e00000, 0x0000000100000000)
  region size 1024K, 2 young (2048K), 1 survivors (1024K)
 Metaspace       used 26479K, committed 26752K, reserved 1114112K
  class space    used 2626K, committed 2752K, reserved 1048576K
}
Event: 1090.176 GC heap after
{Heap after GC invocations=217 (full 0):
 garbage-first heap   total 263168K, used 148060K [0x0000000082e00000, 0x0000000100000000)
  region size 1024K, 1 young (1024K), 1 survivors (1024K)
 Metaspace       used 26479K, committed 26752K, reserved 1114112K
  class space    used 2626K, committed 2752K, reserved 1048576K
}
Event: 1100.616 GC heap before
{Heap before GC invocations=217 (full 0):
 garbage-first heap   total 263168K, used 173660K [0x0000000082e00000, 0x0000000100000000)
  region size 1024K, 24 young (24576K), 1 survivors (1024K)
 Metaspace       used 26479K, committed 26752K, reserved 1114112K
  class space    used 2626K, committed 2752K, reserved 1048576K
}
Event: 1100.618 GC heap after
{Heap after GC invocations=218 (full 0):
 garbage-first heap   total 263168K, used 148058K [0x0000000082e00000, 0x0000000100000000)
  region size 1024K, 1 young (1024K), 1 survivors (1024K)
 Metaspace       used 26479K, committed 26752K, reserved 1114112K
  class space    used 2626K, committed 2752K, reserved 1048576K
}
Event: 1100.619 GC heap before
{Heap before GC invocations=218 (full 0):
 garbage-first heap   total 263168K, used 151130K [0x0000000082e00000, 0x0000000100000000)
  region size 1024K, 2 young (2048K), 1 survivors (1024K)
 Metaspace       used 26479K, committed 26752K, reserved 1114112K
  class space    used 2626K, committed 2752K, reserved 1048576K
}
Event: 1100.621 GC heap after
{Heap after GC invocations=219 (full 0):
 garbage-first heap   total 263168K, used 148061K [0x0000000082e00000, 0x0000000100000000)
  region size 1024K, 1 young (1024K), 1 survivors (1024K)
 Metaspace       used 26479K, committed 26752K, reserved 1114112K
  class space    used 2626K, committed 2752K, reserved 1048576K
}
Event: 1111.145 GC heap before
{Heap before GC invocations=219 (full 0):
 garbage-first heap   total 263168K, used 173661K [0x0000000082e00000, 0x0000000100000000)
  region size 1024K, 24 young (24576K), 1 survivors (1024K)
 Metaspace       used 26480K, committed 26752K, reserved 1114112K
  class space    used 2626K, committed 2752K, reserved 1048576K
}

Deoptimization events (20 events):
Event: 362.372 Thread 0x000001bc1f6aff80 Uncommon trap: trap_request=0xffffff45 fr.pc=0x000001bc0f3bc034 relative=0x0000000000000094
Event: 362.372 Thread 0x000001bc1f6aff80 Uncommon trap: reason=unstable_if action=reinterpret pc=0x000001bc0f3bc034 method=java.lang.CharacterDataLatin1.digit(II)I @ 7 c2
Event: 362.372 Thread 0x000001bc1f6aff80 DEOPT PACKING pc=0x000001bc0f3bc034 sp=0x0000005a112fda80
Event: 362.372 Thread 0x000001bc1f6aff80 DEOPT UNPACKING pc=0x000001bc078c23a3 sp=0x0000005a112fda00 mode 2
Event: 362.372 Thread 0x000001bc1f6aff80 Uncommon trap: trap_request=0xffffff45 fr.pc=0x000001bc0f4e3de4 relative=0x0000000000000a04
Event: 362.372 Thread 0x000001bc1f6aff80 Uncommon trap: reason=unstable_if action=reinterpret pc=0x000001bc0f4e3de4 method=java.util.GregorianCalendar.computeTime()V @ 4 c2
Event: 362.372 Thread 0x000001bc1f6aff80 DEOPT PACKING pc=0x000001bc0f4e3de4 sp=0x0000005a112fde30
Event: 362.372 Thread 0x000001bc1f6aff80 DEOPT UNPACKING pc=0x000001bc078c23a3 sp=0x0000005a112fdd98 mode 2
Event: 362.372 Thread 0x000001bc1f6aff80 Uncommon trap: trap_request=0xffffff45 fr.pc=0x000001bc0f4e50e4 relative=0x00000000000001a4
Event: 362.372 Thread 0x000001bc1f6aff80 Uncommon trap: reason=unstable_if action=reinterpret pc=0x000001bc0f4e50e4 method=java.util.Calendar.selectFields()I @ 8 c2
Event: 362.372 Thread 0x000001bc1f6aff80 DEOPT PACKING pc=0x000001bc0f4e50e4 sp=0x0000005a112fdd70
Event: 362.372 Thread 0x000001bc1f6aff80 DEOPT UNPACKING pc=0x000001bc078c23a3 sp=0x0000005a112fdcd8 mode 2
Event: 362.372 Thread 0x000001bc1f6aff80 Uncommon trap: trap_request=0xffffff45 fr.pc=0x000001bc0f456ea8 relative=0x00000000000001a8
Event: 362.372 Thread 0x000001bc1f6aff80 Uncommon trap: reason=unstable_if action=reinterpret pc=0x000001bc0f456ea8 method=java.util.Calendar.getSetStateFields()I @ 19 c2
Event: 362.372 Thread 0x000001bc1f6aff80 DEOPT PACKING pc=0x000001bc0f456ea8 sp=0x0000005a112fdd80
Event: 362.373 Thread 0x000001bc1f6aff80 DEOPT UNPACKING pc=0x000001bc078c23a3 sp=0x0000005a112fdd10 mode 2
Event: 362.373 Thread 0x000001bc1f6aff80 Uncommon trap: trap_request=0xffffff45 fr.pc=0x000001bc0f4c6de4 relative=0x0000000000001de4
Event: 362.373 Thread 0x000001bc1f6aff80 Uncommon trap: reason=unstable_if action=reinterpret pc=0x000001bc0f4c6de4 method=java.util.GregorianCalendar.computeFields(II)I @ 726 c2
Event: 362.373 Thread 0x000001bc1f6aff80 DEOPT PACKING pc=0x000001bc0f4c6de4 sp=0x0000005a112fdd00
Event: 362.373 Thread 0x000001bc1f6aff80 DEOPT UNPACKING pc=0x000001bc078c23a3 sp=0x0000005a112fdc48 mode 2

Classes loaded (20 events):
Event: 127.245 Loading class java/awt/SecondaryLoop done
Event: 127.245 Loading class java/awt/WaitDispatchSupport done
Event: 127.246 Loading class java/awt/WaitDispatchSupport$5
Event: 127.246 Loading class java/awt/WaitDispatchSupport$5 done
Event: 127.246 Loading class java/awt/WaitDispatchSupport$1
Event: 127.246 Loading class java/awt/WaitDispatchSupport$1 done
Event: 127.247 Loading class java/awt/WaitDispatchSupport$2
Event: 127.247 Loading class java/awt/WaitDispatchSupport$2 done
Event: 127.247 Loading class java/awt/WaitDispatchSupport$4
Event: 127.247 Loading class java/awt/WaitDispatchSupport$4 done
Event: 128.679 Loading class sun/awt/SunToolkit$1
Event: 128.679 Loading class sun/awt/SunToolkit$1 done
Event: 143.464 Loading class java/util/Enumeration$1
Event: 143.477 Loading class java/util/Enumeration$1 done
Event: 255.998 Loading class java/awt/geom/RectIterator
Event: 255.998 Loading class java/awt/geom/RectIterator done
Event: 334.377 Loading class java/text/MessageFormat
Event: 334.395 Loading class java/text/MessageFormat done
Event: 334.395 Loading class java/text/MessageFormat$Field
Event: 334.396 Loading class java/text/MessageFormat$Field done

Classes unloaded (0 events):
No events

Classes redefined (0 events):
No events

Internal exceptions (20 events):
Event: 9.653 Thread 0x000001bc1f6aff80 Exception <a 'java/lang/NoSuchMethodError'{0x00000000897e5528}: 'java.lang.Object java.lang.invoke.DirectMethodHandle$Holder.invokeStaticInit(java.lang.Object, int, int, int, int)'> (0x00000000897e5528) 
thrown [s\open\src\hotspot\share\interpreter\linkResolver.cpp, line 759]
Event: 9.764 Thread 0x000001bc1f6aff80 Exception <a 'java/lang/NoSuchMethodError'{0x0000000089643938}: 'java.lang.Object java.lang.invoke.DirectMethodHandle$Holder.invokeStaticInit(java.lang.Object, java.lang.Object, int, int, int, int)'> (0x0000000089643938) 
thrown [s\open\src\hotspot\share\interpreter\linkResolver.cpp, line 759]
Event: 9.842 Thread 0x000001bc1f6aff80 Exception <a 'sun/nio/fs/WindowsException'{0x00000000896e1108}> (0x00000000896e1108) 
thrown [s\open\src\hotspot\share\prims\jni.cpp, line 516]
Event: 12.167 Thread 0x000001bc1f6aec40 Implicit null exception at 0x000001bc0f417506 to 0x000001bc0f41766c
Event: 16.166 Thread 0x000001bc1f6aff80 Implicit null exception at 0x000001bc0832a4bf to 0x000001bc0832d07a
Event: 16.167 Thread 0x000001bc1f6aff80 Exception <a 'java/lang/NullPointerException'{0x000000008aaf89d0}> (0x000000008aaf89d0) 
thrown [s\open\src\hotspot\share\runtime\sharedRuntime.cpp, line 625]
Event: 16.202 Thread 0x000001bc1f6aff80 Implicit null exception at 0x000001bc0832a4bf to 0x000001bc0832d07a
Event: 16.202 Thread 0x000001bc1f6aff80 Exception <a 'java/lang/NullPointerException'{0x000000008a981d88}> (0x000000008a981d88) 
thrown [s\open\src\hotspot\share\runtime\sharedRuntime.cpp, line 625]
Event: 16.315 Thread 0x000001bc1f6aff80 Implicit null exception at 0x000001bc0832a4bf to 0x000001bc0832d07a
Event: 16.315 Thread 0x000001bc1f6aff80 Exception <a 'java/lang/NullPointerException'{0x000000008a8b59f0}> (0x000000008a8b59f0) 
thrown [s\open\src\hotspot\share\runtime\sharedRuntime.cpp, line 625]
Event: 23.014 Thread 0x000001bc1f6b1790 Implicit null exception at 0x000001bc0f48cb00 to 0x000001bc0f48d15c
Event: 60.291 Thread 0x000001bc1f6aff80 Implicit null exception at 0x000001bc0f5496e0 to 0x000001bc0f5499a0
Event: 127.101 Thread 0x000001bc2115c570 Implicit null exception at 0x000001bc0f39fa2e to 0x000001bc0f3a1134
Event: 127.142 Thread 0x000001bc1f6af110 Implicit null exception at 0x000001bc0f5dec00 to 0x000001bc0f5e3398
Event: 127.242 Thread 0x000001bc1f6aff80 Exception <a 'java/lang/NoSuchMethodError'{0x000000008ef310b8}: 'int java.lang.invoke.DirectMethodHandle$Holder.invokeStatic(java.lang.Object)'> (0x000000008ef310b8) 
thrown [s\open\src\hotspot\share\interpreter\linkResolver.cpp, line 759]
Event: 127.255 Thread 0x000001bc1f6aff80 Implicit null exception at 0x000001bc0f6b522f to 0x000001bc0f6b5ec4
Event: 128.746 Thread 0x000001bc1f6aff80 Exception <a 'java/lang/NoSuchMethodError'{0x000000008ec22208}: 'java.lang.Object java.lang.invoke.DirectMethodHandle$Holder.invokeSpecial(java.lang.Object, java.lang.Object, long, java.lang.Object, java.lang.Object, java.lang.Object, java.lang.Object, java.lang.Object, java.lang.Object)'> (0x000000008ec22208) 
thrown [s\open\src\hotspot\share\interpreter\linkResolver.cpp, line 759]
Event: 128.747 Thread 0x000001bc1f6aff80 Exception <a 'java/lang/NoSuchMethodError'{0x000000008ec26d38}: 'java.lang.Object java.lang.invoke.DelegatingMethodHandle$Holder.reinvoke_L(java.lang.Object, long, java.lang.Object, java.lang.Object, java.lang.Object, java.lang.Object, java.lang.Object, java.lang.Object)'> (0x000000008ec26d38) 
thrown [s\open\src\hotspot\share\interpreter\linkResolver.cpp, line 759]
Event: 128.751 Thread 0x000001bc1f6aff80 Exception <a 'java/lang/NoSuchMethodError'{0x000000008ec33910}: 'java.lang.Object java.lang.invoke.Invokers$Holder.linkToTargetMethod(java.lang.Object, java.lang.Object, java.lang.Object, java.lang.Object, java.lang.Object, java.lang.Object, java.lang.Object)'> (0x000000008ec33910) 
thrown [s\open\src\hotspot\share\interpreter\linkResolver.cpp, line 759]
Event: 306.308 Thread 0x000001bc1f6aff80 Implicit null exception at 0x000001bc0f7bbec7 to 0x000001bc0f7bc394

VM Operations (20 events):
Event: 1068.715 Executing VM operation: G1TryInitiateConcMark done
Event: 1077.779 Executing VM operation: Cleanup
Event: 1077.779 Executing VM operation: Cleanup done
Event: 1079.461 Executing VM operation: G1TryInitiateConcMark
Event: 1079.463 Executing VM operation: G1TryInitiateConcMark done
Event: 1079.463 Executing VM operation: G1TryInitiateConcMark
Event: 1079.466 Executing VM operation: G1TryInitiateConcMark done
Event: 1084.493 Executing VM operation: Cleanup
Event: 1084.493 Executing VM operation: Cleanup done
Event: 1090.171 Executing VM operation: G1TryInitiateConcMark
Event: 1090.173 Executing VM operation: G1TryInitiateConcMark done
Event: 1090.174 Executing VM operation: G1TryInitiateConcMark
Event: 1090.176 Executing VM operation: G1TryInitiateConcMark done
Event: 1091.190 Executing VM operation: Cleanup
Event: 1091.191 Executing VM operation: Cleanup done
Event: 1100.615 Executing VM operation: G1TryInitiateConcMark
Event: 1100.618 Executing VM operation: G1TryInitiateConcMark done
Event: 1100.618 Executing VM operation: G1TryInitiateConcMark
Event: 1100.621 Executing VM operation: G1TryInitiateConcMark done
Event: 1111.144 Executing VM operation: G1TryInitiateConcMark

Events (20 events):
Event: 1010.689 Thread 0x000001bc2115a890 Thread exited: 0x000001bc2115a890
Event: 1015.690 Thread 0x000001bc21159080 Thread added: 0x000001bc21159080
Event: 1021.441 Thread 0x000001bc21159080 Thread exited: 0x000001bc21159080
Event: 1026.442 Thread 0x000001bc21159080 Thread added: 0x000001bc21159080
Event: 1031.863 Thread 0x000001bc21159080 Thread exited: 0x000001bc21159080
Event: 1036.864 Thread 0x000001bc21156ed0 Thread added: 0x000001bc21156ed0
Event: 1042.369 Thread 0x000001bc21156ed0 Thread exited: 0x000001bc21156ed0
Event: 1047.371 Thread 0x000001bc2115c0a0 Thread added: 0x000001bc2115c0a0
Event: 1053.220 Thread 0x000001bc2115c0a0 Thread exited: 0x000001bc2115c0a0
Event: 1058.224 Thread 0x000001bc2115a890 Thread added: 0x000001bc2115a890
Event: 1063.708 Thread 0x000001bc2115a890 Thread exited: 0x000001bc2115a890
Event: 1068.708 Thread 0x000001bc21154d20 Thread added: 0x000001bc21154d20
Event: 1074.457 Thread 0x000001bc21154d20 Thread exited: 0x000001bc21154d20
Event: 1079.457 Thread 0x000001bc21156530 Thread added: 0x000001bc21156530
Event: 1085.151 Thread 0x000001bc21156530 Thread exited: 0x000001bc21156530
Event: 1090.151 Thread 0x000001bc21156ed0 Thread added: 0x000001bc21156ed0
Event: 1095.613 Thread 0x000001bc21156ed0 Thread exited: 0x000001bc21156ed0
Event: 1100.613 Thread 0x000001bc21158210 Thread added: 0x000001bc21158210
Event: 1106.139 Thread 0x000001bc21158210 Thread exited: 0x000001bc21158210
Event: 1111.141 Thread 0x000001bc2115a890 Thread added: 0x000001bc2115a890


Dynamic libraries:
0x00007ff658320000 - 0x00007ff658330000 	C:\Program Files\Java\jdk-18.0.2.1\bin\java.exe
0x00007ffa70020000 - 0x00007ffa70229000 	C:\WINDOWS\SYSTEM32\ntdll.dll
0x00007ffa6e2f0000 - 0x00007ffa6e3ad000 	C:\WINDOWS\System32\KERNEL32.DLL
0x00007ffa6d800000 - 0x00007ffa6db7c000 	C:\WINDOWS\System32\KERNELBASE.dll
0x00007ffa6d570000 - 0x00007ffa6d681000 	C:\WINDOWS\System32\ucrtbase.dll
0x00007ffa69860000 - 0x00007ffa6987a000 	C:\Program Files\Java\jdk-18.0.2.1\bin\VCRUNTIME140.dll
0x00007ffa5bbe0000 - 0x00007ffa5bbf8000 	C:\Program Files\Java\jdk-18.0.2.1\bin\jli.dll
0x00007ffa6e0a0000 - 0x00007ffa6e14e000 	C:\WINDOWS\System32\ADVAPI32.dll
0x00007ffa6fd40000 - 0x00007ffa6fde3000 	C:\WINDOWS\System32\msvcrt.dll
0x00007ffa6f110000 - 0x00007ffa6f1ae000 	C:\WINDOWS\System32\sechost.dll
0x00007ffa6ee80000 - 0x00007ffa6efa0000 	C:\WINDOWS\System32\RPCRT4.dll
0x00007ffa6deb0000 - 0x00007ffa6e05d000 	C:\WINDOWS\System32\USER32.dll
0x00007ffa6dce0000 - 0x00007ffa6dd06000 	C:\WINDOWS\System32\win32u.dll
0x00007ffa6e070000 - 0x00007ffa6e099000 	C:\WINDOWS\System32\GDI32.dll
0x00007ffa6dd10000 - 0x00007ffa6de28000 	C:\WINDOWS\System32\gdi32full.dll
0x00007ffa43220000 - 0x00007ffa434c5000 	C:\WINDOWS\WinSxS\amd64_microsoft.windows.common-controls_6595b64144ccf1df_6.0.22000.120_none_9d947278b86cc467\COMCTL32.dll
0x00007ffa6db80000 - 0x00007ffa6dc1d000 	C:\WINDOWS\System32\msvcp_win.dll
0x00007ffa64c90000 - 0x00007ffa64c9a000 	C:\WINDOWS\SYSTEM32\VERSION.dll
0x00007ffa6ed20000 - 0x00007ffa6ed51000 	C:\WINDOWS\System32\IMM32.DLL
0x00007ffa69850000 - 0x00007ffa6985c000 	C:\Program Files\Java\jdk-18.0.2.1\bin\vcruntime140_1.dll
0x00007ffa57b80000 - 0x00007ffa57c0d000 	C:\Program Files\Java\jdk-18.0.2.1\bin\msvcp140.dll
0x00007ffa16300000 - 0x00007ffa16f11000 	C:\Program Files\Java\jdk-18.0.2.1\bin\server\jvm.dll
0x00007ffa6e060000 - 0x00007ffa6e068000 	C:\WINDOWS\System32\PSAPI.DLL
0x00007ffa42f10000 - 0x00007ffa42f19000 	C:\WINDOWS\SYSTEM32\WSOCK32.dll
0x00007ffa6e930000 - 0x00007ffa6e99f000 	C:\WINDOWS\System32\WS2_32.dll
0x00007ffa67370000 - 0x00007ffa673a3000 	C:\WINDOWS\SYSTEM32\WINMM.dll
0x00007ffa6c620000 - 0x00007ffa6c638000 	C:\WINDOWS\SYSTEM32\kernel.appcore.dll
0x00007ffa69790000 - 0x00007ffa6979a000 	C:\Program Files\Java\jdk-18.0.2.1\bin\jimage.dll
0x00007ffa6a8b0000 - 0x00007ffa6aad1000 	C:\WINDOWS\SYSTEM32\DBGHELP.DLL
0x00007ffa47790000 - 0x00007ffa477c1000 	C:\WINDOWS\SYSTEM32\dbgcore.DLL
0x00007ffa6de30000 - 0x00007ffa6deaf000 	C:\WINDOWS\System32\bcryptPrimitives.dll
0x00007ffa68850000 - 0x00007ffa68875000 	C:\Program Files\Java\jdk-18.0.2.1\bin\java.dll
0x00007ffa5b870000 - 0x00007ffa5b946000 	C:\Program Files\Java\jdk-18.0.2.1\bin\jsvml.dll
0x00007ffa6f2b0000 - 0x00007ffa6fa68000 	C:\WINDOWS\System32\SHELL32.dll
0x00007ffa6bbb0000 - 0x00007ffa6c418000 	C:\WINDOWS\SYSTEM32\windows.storage.dll
0x00007ffa6e9a0000 - 0x00007ffa6ed19000 	C:\WINDOWS\System32\combase.dll
0x00007ffa6ba40000 - 0x00007ffa6bba6000 	C:\WINDOWS\SYSTEM32\wintypes.dll
0x00007ffa6e3b0000 - 0x00007ffa6e49a000 	C:\WINDOWS\System32\SHCORE.dll
0x00007ffa6ee00000 - 0x00007ffa6ee5d000 	C:\WINDOWS\System32\shlwapi.dll
0x00007ffa6d430000 - 0x00007ffa6d451000 	C:\WINDOWS\SYSTEM32\profapi.dll
0x00007ffa67700000 - 0x00007ffa67713000 	C:\Program Files\Java\jdk-18.0.2.1\bin\net.dll
0x00007ffa66ce0000 - 0x00007ffa66dec000 	C:\WINDOWS\SYSTEM32\WINHTTP.dll
0x00007ffa6ca40000 - 0x00007ffa6caa7000 	C:\WINDOWS\system32\mswsock.dll
0x00007ffa5d090000 - 0x00007ffa5d0a6000 	C:\Program Files\Java\jdk-18.0.2.1\bin\nio.dll
0x00007ffa5bde0000 - 0x00007ffa5bdf8000 	C:\Program Files\Java\jdk-18.0.2.1\bin\zip.dll
0x00007ffa04550000 - 0x00007ffa046df000 	C:\Program Files\Java\jdk-18.0.2.1\bin\awt.dll
0x00007ffa6efa0000 - 0x00007ffa6f076000 	C:\WINDOWS\System32\OLEAUT32.dll
0x00007ffa6a570000 - 0x00007ffa6a601000 	C:\WINDOWS\SYSTEM32\apphelp.dll
0x00007ffa6a660000 - 0x00007ffa6a70c000 	C:\WINDOWS\system32\uxtheme.dll
0x00007ffa6fdf0000 - 0x00007ffa6ff0e000 	C:\WINDOWS\System32\MSCTF.dll
0x00007ffa6e150000 - 0x00007ffa6e2ea000 	C:\WINDOWS\System32\ole32.dll
0x00007ffa6af40000 - 0x00007ffa6af6f000 	C:\WINDOWS\system32\DWMAPI.DLL
0x00007ffa1a000000 - 0x00007ffa1a101000 	C:\WINDOWS\system32\opengl32.dll
0x00007ffa21c10000 - 0x00007ffa21c3d000 	C:\WINDOWS\SYSTEM32\GLU32.dll
0x00007ffa6ab00000 - 0x00007ffa6ab38000 	C:\WINDOWS\SYSTEM32\dxcore.dll
0x00007ffa46aa0000 - 0x00007ffa46b26000 	C:\Program Files\Java\jdk-18.0.2.1\bin\freetype.dll
0x00007ffa469f0000 - 0x00007ffa46a98000 	C:\Program Files\Java\jdk-18.0.2.1\bin\fontmanager.dll
0x00007ffa6fc30000 - 0x00007ffa6fcdf000 	C:\WINDOWS\System32\clbcatq.dll
0x00007ffa63170000 - 0x00007ffa6331e000 	C:\WINDOWS\SYSTEM32\WindowsCodecs.dll
0x00007ffa187c0000 - 0x00007ffa1881d000 	C:\WINDOWS\system32\dataexchange.dll
0x00007ffa628d0000 - 0x00007ffa62b36000 	C:\WINDOWS\system32\twinapi.appcore.dll
0x00007ffa39290000 - 0x00007ffa393bd000 	C:\WINDOWS\SYSTEM32\textinputframework.dll
0x00007ffa6a280000 - 0x00007ffa6a3b2000 	C:\WINDOWS\SYSTEM32\CoreMessaging.dll
0x00007ffa63fc0000 - 0x00007ffa6432d000 	C:\WINDOWS\SYSTEM32\CoreUIComponents.dll
0x00007ffa6cc30000 - 0x00007ffa6cc3c000 	C:\WINDOWS\SYSTEM32\CRYPTBASE.DLL
0x00007ffa46450000 - 0x00007ffa46467000 	C:\WINDOWS\system32\napinsp.dll
0x00007ffa46430000 - 0x00007ffa4644b000 	C:\WINDOWS\system32\pnrpnsp.dll
0x00007ffa6b780000 - 0x00007ffa6b868000 	C:\WINDOWS\SYSTEM32\DNSAPI.dll
0x00007ffa6b710000 - 0x00007ffa6b73d000 	C:\WINDOWS\SYSTEM32\IPHLPAPI.DLL
0x00007ffa6f1b0000 - 0x00007ffa6f1b9000 	C:\WINDOWS\System32\NSI.dll
0x00007ffa463b0000 - 0x00007ffa463c2000 	C:\WINDOWS\System32\winrnr.dll
0x00007ffa66060000 - 0x00007ffa66075000 	C:\WINDOWS\system32\wshbth.dll
0x00007ffa46410000 - 0x00007ffa4642f000 	C:\WINDOWS\system32\nlansp_c.dll
0x00007ffa63160000 - 0x00007ffa6316a000 	C:\Windows\System32\rasadhlp.dll
0x00007ffa65440000 - 0x00007ffa654c1000 	C:\WINDOWS\System32\fwpuclnt.dll
0x00007ffa6cd20000 - 0x00007ffa6cd38000 	C:\WINDOWS\SYSTEM32\CRYPTSP.dll
0x00007ffa6c580000 - 0x00007ffa6c5b5000 	C:\WINDOWS\system32\rsaenh.dll
0x00007ffa6cae0000 - 0x00007ffa6cb09000 	C:\WINDOWS\SYSTEM32\USERENV.dll
0x00007ffa6ce60000 - 0x00007ffa6ce87000 	C:\WINDOWS\SYSTEM32\bcrypt.dll
0x00007ffa66c00000 - 0x00007ffa66c19000 	C:\WINDOWS\SYSTEM32\dhcpcsvc6.DLL
0x00007ffa67350000 - 0x00007ffa6736e000 	C:\WINDOWS\SYSTEM32\dhcpcsvc.DLL
0x00007ffa680c0000 - 0x00007ffa680ce000 	C:\Program Files\Java\jdk-18.0.2.1\bin\sunmscapi.dll
0x00007ffa6d690000 - 0x00007ffa6d7f2000 	C:\WINDOWS\System32\CRYPT32.dll
0x00007ffa6ce30000 - 0x00007ffa6ce58000 	C:\WINDOWS\SYSTEM32\ncrypt.dll
0x00007ffa6cdf0000 - 0x00007ffa6ce27000 	C:\WINDOWS\SYSTEM32\NTASN1.dll
0x00007ffa57b50000 - 0x00007ffa57b7d000 	C:\Program Files\Java\jdk-18.0.2.1\bin\javajpeg.dll
0x00007ffa67fb0000 - 0x00007ffa67fc0000 	C:\Program Files\Java\jdk-18.0.2.1\bin\verify.dll

dbghelp: loaded successfully - version: 4.0.5 - missing functions: none
symbol engine: initialized successfully - sym options: 0x614 - pdb path: .;C:\Program Files\Java\jdk-18.0.2.1\bin;C:\WINDOWS\SYSTEM32;C:\WINDOWS\WinSxS\amd64_microsoft.windows.common-controls_6595b64144ccf1df_6.0.22000.120_none_9d947278b86cc467;C:\Program Files\Java\jdk-18.0.2.1\bin\server

VM Arguments:
jvm_args: -Dfile.encoding=UTF-8 --module-path=C:\Users\FPTSHOP\OneDrive\Desktop\PawnStore\PawnStore\build\classes 
java_command: pawnstore.Main
java_class_path (initial): C:\Users\FPTSHOP\OneDrive\Desktop\PawnStore\PawnStore\lib\eclipselink\org.eclipse.persistence.core-2.7.9.jar;C:\Users\FPTSHOP\OneDrive\Desktop\PawnStore\PawnStore\lib\eclipselink\org.eclipse.persistence.asm-9.1.0.jar;C:\Users\FPTSHOP\OneDrive\Desktop\PawnStore\PawnStore\lib\eclipselink\org.eclipse.persistence.antlr-2.7.9.jar;C:\Users\FPTSHOP\OneDrive\Desktop\PawnStore\PawnStore\lib\eclipselink\org.eclipse.persistence.jpa-2.7.9.jar;C:\Users\FPTSHOP\OneDrive\Desktop\PawnStore\PawnStore\lib\eclipselink\org.eclipse.persistence.jpa.jpql-2.7.9.jar;C:\Users\FPTSHOP\OneDrive\Desktop\PawnStore\PawnStore\lib\eclipselink\org.eclipse.persistence.moxy-2.7.9.jar;C:\Users\FPTSHOP\OneDrive\Desktop\PawnStore\PawnStore\lib\eclipselink\javax.persistence-2.2.1.jar;C:\Users\FPTSHOP\OneDrive\Desktop\PawnStore\PawnStore\lib\absolutelayout\AbsoluteLayout.jar;C:\Users\FPTSHOP\OneDrive\Desktop\PawnStore\jcalendar-1.4\lib\jcalendar-1.4.jar;C:\Users\FPTSHOP\OneDrive\Desktop\PawnStore\PLUGIN & LIBRARY IREPORT\PLUGIN & LIBRARY IREPORT\LIBRARY IREPORT.zip;C:\Users\FPTSHOP\OneDrive\Desktop\PawnStore\sqljdbc_11.2.0.0_enu\sqljdbc_11.2\enu\mssql-jdbc-11.2.0.jre18.jar;C:\Users\FPTSHOP\OneDrive\Desktop\PawnStore\jar_files\pdf-7.1.jar;C:\Users\FPTSHOP\OneDrive\Desktop\PawnStore\PawnStore\build\classes
Launcher Type: SUN_STANDARD

[Global flags]
     intx CICompilerCount                          = 4                                         {product} {ergonomic}
     uint ConcGCThreads                            = 2                                         {product} {ergonomic}
     uint G1ConcRefinementThreads                  = 8                                         {product} {ergonomic}
   size_t G1HeapRegionSize                         = 1048576                                   {product} {ergonomic}
    uintx GCDrainStackTargetSize                   = 64                                        {product} {ergonomic}
   size_t InitialHeapSize                          = 132120576                                 {product} {ergonomic}
   size_t MarkStackSize                            = 4194304                                   {product} {ergonomic}
   size_t MaxHeapSize                              = 2099249152                                {product} {ergonomic}
   size_t MaxNewSize                               = 1259339776                                {product} {ergonomic}
   size_t MinHeapDeltaBytes                        = 1048576                                   {product} {ergonomic}
   size_t MinHeapSize                              = 8388608                                   {product} {ergonomic}
    uintx NonNMethodCodeHeapSize                   = 5839372                                {pd product} {ergonomic}
    uintx NonProfiledCodeHeapSize                  = 122909434                              {pd product} {ergonomic}
    uintx ProfiledCodeHeapSize                     = 122909434                              {pd product} {ergonomic}
    uintx ReservedCodeCacheSize                    = 251658240                              {pd product} {ergonomic}
     bool SegmentedCodeCache                       = true                                      {product} {ergonomic}
   size_t SoftMaxHeapSize                          = 2099249152                             {manageable} {ergonomic}
     bool UseCompressedClassPointers               = true                           {product lp64_product} {ergonomic}
     bool UseCompressedOops                        = true                           {product lp64_product} {ergonomic}
     bool UseG1GC                                  = true                                      {product} {ergonomic}
     bool UseLargePagesIndividualAllocation        = false                                  {pd product} {ergonomic}

Logging:
Log output configuration:
 #0: stdout all=warning uptime,level,tags foldmultilines=false
 #1: stderr all=off uptime,level,tags foldmultilines=false

Environment Variables:
JAVA_HOME=C:\Program Files\Java\jdk-18.0.2.1
PATH=C:\Program Files\Common Files\Oracle\Java\javapath;C:\Program Files\Common Files\Microsoft Shared\Microsoft Online Services;C:\Program Files (x86)\Common Files\Microsoft Shared\Microsoft Online Services;C:\Program Files (x86)\Python38-32\Scripts\;C:\Program Files (x86)\Python38-32\;C:\Windows\system32;C:\Windows;C:\Windows\System32\Wbem;C:\Windows\System32\WindowsPowerShell\v1.0\;C:\Windows\System32\OpenSSH\;C:\Program Files\Microsoft SQL Server\130\Tools\Binn\;C:\MinGW\bin;%QUARTUS_ROOTDIR%\bin;C:\Program Files\Microsoft SQL Server\Client SDK\ODBC\170\Tools\Binn\;C:\Program Files\Microsoft SQL Server\Client SDK\ODBC\130\Tools\Binn\;C:\Program Files (x86)\Microsoft SQL Server\130\Tools\Binn\;C:\Program Files\Microsoft SQL Server\130\DTS\Binn\;C:\Program Files (x86)\Microsoft SQL Server\150\Tools\Binn\;C:\Program Files\Microsoft SQL Server\150\Tools\Binn\;C:\Program Files\Microsoft SQL Server\150\DTS\Binn\;C:\Program Files (x86)\Microsoft SQL Server\150\DTS\Binn\;C:\Program Files\Microsoft SQL Server\110\Tools\Binn\;C:\Program Files\dotnet\;C:\Program Files\Azure Data Studio\bin;C:\Program Files\Microsoft SQL Server\120\Tools\Binn\;C:\WINDOWS\system32;C:\WINDOWS;C:\WINDOWS\System32\Wbem;C:\WINDOWS\System32\WindowsPowerShell\v1.0\;C:\WINDOWS\System32\OpenSSH\;C:\Program Files\Docker\Docker\resources\bin;C:\ProgramData\DockerDesktop\version-bin;C:\Program Files (x86)\dotnet\;E:\Download\spring-boot-cli-2.3.9.RELEASE-bin\spring-2.3.9.RELEASE\bin;C:\Program Files\MySQL\MySQL Server 8.0\bin;C:\Program Files\Git\cmd;C:\Program Files\Java\apache-maven-3.8.6-bin\apache-maven-3.8.6\bin;C:\Program Files\PowerShell\7\;C:\Program Files\Java\jdk-18.0.2.1\bin;C:\Program Files\MySQL\MySQL Shell 8.0\bin\;C:\Users\FPTSHOP\AppData\Local\Microsoft\WindowsApps;C:\MinGW\bin;C:\Users\FPTSHOP\.dotnet\tools;C:\Program Files\Azure Data Studio\bin;C:\Users\FPTSHOP\AppData\Local\Programs\Microsoft VS Code\bin;C:\Program Files\Java\jdk-18.0.2.1\bin;
USERNAME=NVS
OS=Windows_NT
PROCESSOR_IDENTIFIER=Intel64 Family 6 Model 142 Stepping 12, GenuineIntel



---------------  S Y S T E M  ---------------

OS:
 Windows 11 , 64 bit Build 22000 (10.0.22000.708)
OS uptime: 0 days 2:33 hours
Hyper-V role detected

CPU: total 8 (initial active 8) (4 cores per cpu, 2 threads per core) family 6 model 142 stepping 12 microcode 0xec, cx8, cmov, fxsr, ht, mmx, 3dnowpref, sse, sse2, sse3, ssse3, sse4.1, sse4.2, popcnt, lzcnt, tsc, tscinvbit, avx, avx2, aes, erms, clmul, bmi1, bmi2, adx, fma, vzeroupper, clflush, clflushopt, hv

Memory: 4k page, system-wide physical 8006M (595M free)
TotalPageFile size 12102M (AvailPageFile size 205M)
current process WorkingSet (physical memory assigned to process): 373M, peak: 416M
current process commit charge ("private bytes"): 419M, peak: 933M

vm_info: Java HotSpot(TM) 64-Bit Server VM (18.0.2.1+1-1) for windows-amd64 JRE (18.0.2.1+1-1), built on Aug 16 2022 01:46:33 by "mach5one" with MS VC++ 16.8 / 16.9 (VS2019)

END.
