#
# There is insufficient memory for the Java Runtime Environment to continue.
# Native memory allocation (mmap) failed to map 119537664 bytes for G1 virtual space
# Possible reasons:
#   The system is out of physical RAM or swap space
#   The process is running with CompressedOops enabled, and the Java Heap may be blocking the growth of the native heap
# Possible solutions:
#   Reduce memory load on the system
#   Increase physical memory or swap space
#   Check if swap backing store is full
#   Decrease Java heap size (-Xmx/-Xms)
#   Decrease number of Java threads
#   Decrease Java thread stack sizes (-Xss)
#   Set larger code cache with -XX:ReservedCodeCacheSize=
#   JVM is running with Unscaled Compressed Oops mode in which the Java heap is
#     placed in the first 4GB address space. The Java Heap base address is the
#     maximum limit for the native heap growth. Please use -XX:HeapBaseMinAddress
#     to set the Java Heap base and to place the Java Heap above 4GB virtual address.
# This output file may be truncated or incomplete.
#
#  Out of Memory Error (os_windows.cpp:3530), pid=22924, tid=18288
#
# JRE version: Java(TM) SE Runtime Environment (18.0.2.1+1) (build 18.0.2.1+1-1)
# Java VM: Java HotSpot(TM) 64-Bit Server VM (18.0.2.1+1-1, mixed mode, sharing, tiered, compressed oops, compressed class ptrs, g1 gc, windows-amd64)
# No core dump will be written. Minidumps are not enabled by default on client versions of Windows
#

---------------  S U M M A R Y ------------

Command Line: -Dfile.encoding=UTF-8 --module-path=C:\Users\FPTSHOP\OneDrive\Desktop\PawnStore\PawnStore\build\classes pawnstore.Main

Host: Intel(R) Core(TM) i5-8265U CPU @ 1.60GHz, 8 cores, 7G,  Windows 11 , 64 bit Build 22000 (10.0.22000.708)
Time: Thu Sep  8 07:15:06 2022 SE Asia Standard Time elapsed time: 31.453995 seconds (0d 0h 0m 31s)

---------------  T H R E A D  ---------------

Current thread (0x000001782da8e240):  VMThread "VM Thread" [stack: 0x0000004b2d000000,0x0000004b2d100000] [id=18288]

Stack: [0x0000004b2d000000,0x0000004b2d100000]
Native frames: (J=compiled Java code, j=interpreted, Vv=VM code, C=native code)
V  [jvm.dll+0x6993aa]
V  [jvm.dll+0x7f46dd]
V  [jvm.dll+0x7f5fee]
V  [jvm.dll+0x7f66a3]
V  [jvm.dll+0x25cf1f]
V  [jvm.dll+0x6962f9]
V  [jvm.dll+0x68ae2a]
V  [jvm.dll+0x32255b]
V  [jvm.dll+0x329f36]
V  [jvm.dll+0x37eade]
V  [jvm.dll+0x37ed0f]
V  [jvm.dll+0x2fa2da]
V  [jvm.dll+0x2fa387]
V  [jvm.dll+0x33e8c2]
V  [jvm.dll+0x33ce64]
V  [jvm.dll+0x2f9ab0]
V  [jvm.dll+0x33c75d]
V  [jvm.dll+0x7fb48b]
V  [jvm.dll+0x7fc224]
V  [jvm.dll+0x7fc75c]
V  [jvm.dll+0x7fcbb4]
V  [jvm.dll+0x7fcc77]
V  [jvm.dll+0x7a120a]
V  [jvm.dll+0x698255]
C  [ucrtbase.dll+0x26c0c]
C  [KERNEL32.DLL+0x154e0]
C  [ntdll.dll+0x485b]

VM_Operation (0x0000004b2f3fddc0): G1TryInitiateConcMark, mode: safepoint, requested by thread 0x00000178512bde00


---------------  P R O C E S S  ---------------

Threads class SMR info:
_java_thread_list=0x0000017851ec2dd0, length=21, elements={
0x000001784bab45f0, 0x000001784bab4f90, 0x000001784bace300, 0x000001784bad0cb0,
0x000001784bad1650, 0x000001784bad4000, 0x000001784bad81d0, 0x000001784bae1bd0,
0x000001784bae34d0, 0x000001784baa0940, 0x000001784fe05b30, 0x000001784ffa12f0,
0x000001784ff8ca40, 0x000001784ff8cf00, 0x000001784fffd2c0, 0x000001782da141e0,
0x0000017850fd2400, 0x0000017851163d30, 0x0000017850ca4bf0, 0x0000017852073800,
0x00000178512bde00
}

Java Threads: ( => current thread )
  0x000001784bab45f0 JavaThread "Reference Handler" daemon [_thread_blocked, id=5896, stack(0x0000004b2d100000,0x0000004b2d200000)]
  0x000001784bab4f90 JavaThread "Finalizer" daemon [_thread_blocked, id=13972, stack(0x0000004b2d200000,0x0000004b2d300000)]
  0x000001784bace300 JavaThread "Signal Dispatcher" daemon [_thread_blocked, id=2280, stack(0x0000004b2d300000,0x0000004b2d400000)]
  0x000001784bad0cb0 JavaThread "Attach Listener" daemon [_thread_blocked, id=16128, stack(0x0000004b2d400000,0x0000004b2d500000)]
  0x000001784bad1650 JavaThread "Service Thread" daemon [_thread_blocked, id=11148, stack(0x0000004b2d500000,0x0000004b2d600000)]
  0x000001784bad4000 JavaThread "Monitor Deflation Thread" daemon [_thread_blocked, id=21348, stack(0x0000004b2d600000,0x0000004b2d700000)]
  0x000001784bad81d0 JavaThread "C2 CompilerThread0" daemon [_thread_blocked, id=2540, stack(0x0000004b2d700000,0x0000004b2d800000)]
  0x000001784bae1bd0 JavaThread "C1 CompilerThread0" daemon [_thread_blocked, id=3408, stack(0x0000004b2d800000,0x0000004b2d900000)]
  0x000001784bae34d0 JavaThread "Sweeper thread" daemon [_thread_blocked, id=15904, stack(0x0000004b2d900000,0x0000004b2da00000)]
  0x000001784baa0940 JavaThread "Common-Cleaner" daemon [_thread_blocked, id=7864, stack(0x0000004b2da00000,0x0000004b2db00000)]
  0x000001784fe05b30 JavaThread "Notification Thread" daemon [_thread_blocked, id=21896, stack(0x0000004b2db00000,0x0000004b2dc00000)]
  0x000001784ffa12f0 JavaThread "Java2D Disposer" daemon [_thread_blocked, id=22672, stack(0x0000004b2dd00000,0x0000004b2de00000)]
  0x000001784ff8ca40 JavaThread "AWT-Shutdown" [_thread_blocked, id=22704, stack(0x0000004b2de00000,0x0000004b2df00000)]
  0x000001784ff8cf00 JavaThread "AWT-Windows" daemon [_thread_in_native, id=17852, stack(0x0000004b2df00000,0x0000004b2e000000)]
  0x000001784fffd2c0 JavaThread "AWT-EventQueue-0" [_thread_blocked, id=10916, stack(0x0000004b2e000000,0x0000004b2e100000)]
  0x000001782da141e0 JavaThread "DestroyJavaVM" [_thread_blocked, id=2972, stack(0x0000004b2ca00000,0x0000004b2cb00000)]
  0x0000017850fd2400 JavaThread "TimerQueue" daemon [_thread_blocked, id=3556, stack(0x0000004b2e700000,0x0000004b2e800000)]
  0x0000017851163d30 JavaThread "Thread-0" [_thread_blocked, id=188, stack(0x0000004b2e500000,0x0000004b2e600000)]
  0x0000017850ca4bf0 JavaThread "Thread-1" [_thread_blocked, id=21972, stack(0x0000004b2f000000,0x0000004b2f100000)]
  0x0000017852073800 JavaThread "Image Fetcher 0" daemon [_thread_blocked, id=10832, stack(0x0000004b2e400000,0x0000004b2e500000)]
  0x00000178512bde00 JavaThread "Image Fetcher 1" daemon [_thread_blocked, id=11552, stack(0x0000004b2f300000,0x0000004b2f400000)]

Other Threads:
=>0x000001782da8e240 VMThread "VM Thread" [stack: 0x0000004b2d000000,0x0000004b2d100000] [id=18288]
  0x000001784fe05ff0 WatcherThread "VM Periodic Task Thread" [stack: 0x0000004b2dc00000,0x0000004b2dd00000] [id=23336]
  0x000001782da74040 WorkerThread "GC Thread#0" [stack: 0x0000004b2cb00000,0x0000004b2cc00000] [id=13872]
  0x000001785126a860 WorkerThread "GC Thread#1" [stack: 0x0000004b2e800000,0x0000004b2e900000] [id=5828]
  0x0000017851cf2f70 WorkerThread "GC Thread#2" [stack: 0x0000004b2e900000,0x0000004b2ea00000] [id=14400]
  0x0000017852346a50 WorkerThread "GC Thread#3" [stack: 0x0000004b2ea00000,0x0000004b2eb00000] [id=22272]
  0x0000017852346cf0 WorkerThread "GC Thread#4" [stack: 0x0000004b2eb00000,0x0000004b2ec00000] [id=22220]
  0x0000017850cad040 WorkerThread "GC Thread#5" [stack: 0x0000004b2ec00000,0x0000004b2ed00000] [id=8556]
  0x0000017851cb9dc0 WorkerThread "GC Thread#6" [stack: 0x0000004b2ed00000,0x0000004b2ee00000] [id=1680]
  0x0000017851aa7d70 WorkerThread "GC Thread#7" [stack: 0x0000004b2ee00000,0x0000004b2ef00000] [id=19088]
  0x000001782da86b20 ConcurrentGCThread "G1 Main Marker" [stack: 0x0000004b2cc00000,0x0000004b2cd00000] [id=3976]
  0x000001782da87cb0 WorkerThread "G1 Conc#0" [stack: 0x0000004b2cd00000,0x0000004b2ce00000] [id=6784]
  0x000001784ff08c50 WorkerThread "G1 Conc#1" [stack: 0x0000004b2f200000,0x0000004b2f300000] [id=7564]
  0x000001782dad6bd0 ConcurrentGCThread "G1 Refine#0" [stack: 0x0000004b2ce00000,0x0000004b2cf00000] [id=13548]
  0x0000017851df48b0 ConcurrentGCThread "G1 Refine#1" [stack: 0x0000004b2ef00000,0x0000004b2f000000] [id=14572]
  0x0000017851e58010 ConcurrentGCThread "G1 Refine#2" [stack: 0x0000004b2f100000,0x0000004b2f200000] [id=21712]
  0x000001782dad74e0 ConcurrentGCThread "G1 Service" [stack: 0x0000004b2cf00000,0x0000004b2d000000] [id=7492]

Threads with active compile tasks:
C2 CompilerThread0    31513 5365       4       javax.swing.JComponent::revalidate (53 bytes)

VM state: at safepoint (normal execution)

VM Mutex/Monitor currently owned by a thread:  ([mutex/lock_event])
[0x000001782da10480] Threads_lock - owner thread: 0x000001782da8e240
[0x000001782da106c0] Heap_lock - owner thread: 0x00000178512bde00

Heap address: 0x0000000082e00000, size: 2002 MB, Compressed Oops mode: 32-bit

CDS archive(s) mapped at: [0x0000000800000000-0x0000000800ba0000-0x0000000800ba0000), size 12189696, SharedBaseAddress: 0x0000000800000000, ArchiveRelocationMode: 0.
Compressed class space mapped at: 0x0000000800c00000-0x0000000840c00000, reserved size: 1073741824
Narrow klass base: 0x0000000800000000, Narrow klass shift: 0, Narrow klass range: 0x100000000

GC Precious Log:
 CardTable entry size: 512
 Card Set container configuration: InlinePtr #cards 5 size 8 Array Of Cards #cards 12 size 40 Howl #buckets 4 coarsen threshold 1843 Howl Bitmap #cards 512 size 80 coarsen threshold 460 Card regions per heap region 1 cards per card region 2048
 CPUs: 8 total, 8 available
 Memory: 8006M
 Large Page Support: Disabled
 NUMA Support: Disabled
 Compressed Oops: Enabled (32-bit)
 Heap Region Size: 1M
 Heap Min Capacity: 8M
 Heap Initial Capacity: 126M
 Heap Max Capacity: 2002M
 Pre-touch: Disabled
 Parallel Workers: 8
 Concurrent Workers: 2
 Concurrent Refinement Workers: 8
 Periodic GC: Disabled

Heap:
 garbage-first heap   total 135168K, used 84682K [0x0000000082e00000, 0x0000000100000000)
  region size 1024K, 1 young (1024K), 1 survivors (1024K)
 Metaspace       used 24005K, committed 24320K, reserved 1114112K
  class space    used 2518K, committed 2688K, reserved 1048576K

Heap Regions: E=young(eden), S=young(survivor), O=old, HS=humongous(starts), HC=humongous(continues), CS=collection set, F=free, OA=open archive, CA=closed archive, TAMS=top-at-mark-start (previous, next)
|   0|0x0000000082e00000, 0x0000000082f00000, 0x0000000082f00000|100%|HS|  |TAMS 0x0000000082f00000, 0x0000000082f00000| Complete 
|   1|0x0000000082f00000, 0x0000000083000000, 0x0000000083000000|100%|HC|  |TAMS 0x0000000083000000, 0x0000000083000000| Complete 
|   2|0x0000000083000000, 0x0000000083100000, 0x0000000083100000|100%| O|  |TAMS 0x000000008301de00, 0x0000000083100000| Untracked 
|   3|0x0000000083100000, 0x0000000083200000, 0x0000000083200000|100%| O|  |TAMS 0x0000000083100000, 0x0000000083200000| Untracked 
|   4|0x0000000083200000, 0x0000000083300000, 0x0000000083300000|100%| O|  |TAMS 0x0000000083300000, 0x0000000083300000| Untracked 
|   5|0x0000000083300000, 0x0000000083400000, 0x0000000083400000|100%| O|  |TAMS 0x0000000083400000, 0x0000000083400000| Untracked 
|   6|0x0000000083400000, 0x0000000083500000, 0x0000000083500000|100%| O|  |TAMS 0x0000000083500000, 0x0000000083500000| Untracked 
|   7|0x0000000083500000, 0x0000000083600000, 0x0000000083600000|100%|HS|  |TAMS 0x0000000083600000, 0x0000000083600000| Complete 
|   8|0x0000000083600000, 0x0000000083700000, 0x0000000083700000|100%|HC|  |TAMS 0x0000000083700000, 0x0000000083700000| Complete 
|   9|0x0000000083700000, 0x0000000083800000, 0x0000000083800000|100%|HC|  |TAMS 0x0000000083800000, 0x0000000083800000| Complete 
|  10|0x0000000083800000, 0x0000000083900000, 0x0000000083900000|100%|HC|  |TAMS 0x0000000083900000, 0x0000000083900000| Complete 
|  11|0x0000000083900000, 0x0000000083a00000, 0x0000000083a00000|100%|HC|  |TAMS 0x0000000083a00000, 0x0000000083a00000| Complete 
|  12|0x0000000083a00000, 0x0000000083b00000, 0x0000000083b00000|100%|HC|  |TAMS 0x0000000083b00000, 0x0000000083b00000| Complete 
|  13|0x0000000083b00000, 0x0000000083c00000, 0x0000000083c00000|100%|HC|  |TAMS 0x0000000083c00000, 0x0000000083c00000| Complete 
|  14|0x0000000083c00000, 0x0000000083d00000, 0x0000000083d00000|100%|HC|  |TAMS 0x0000000083d00000, 0x0000000083d00000| Complete 
|  15|0x0000000083d00000, 0x0000000083e00000, 0x0000000083e00000|100%|HC|  |TAMS 0x0000000083e00000, 0x0000000083e00000| Complete 
|  16|0x0000000083e00000, 0x0000000083f00000, 0x0000000083f00000|100%|HC|  |TAMS 0x0000000083f00000, 0x0000000083f00000| Complete 
|  17|0x0000000083f00000, 0x0000000084000000, 0x0000000084000000|100%|HC|  |TAMS 0x0000000084000000, 0x0000000084000000| Complete 
|  18|0x0000000084000000, 0x0000000084100000, 0x0000000084100000|100%|HC|  |TAMS 0x0000000084100000, 0x0000000084100000| Complete 
|  19|0x0000000084100000, 0x0000000084200000, 0x0000000084200000|100%|HC|  |TAMS 0x0000000084200000, 0x0000000084200000| Complete 
|  20|0x0000000084200000, 0x0000000084300000, 0x0000000084300000|100%|HC|  |TAMS 0x0000000084300000, 0x0000000084300000| Complete 
|  21|0x0000000084300000, 0x0000000084400000, 0x0000000084400000|100%|HC|  |TAMS 0x0000000084400000, 0x0000000084400000| Complete 
|  22|0x0000000084400000, 0x0000000084500000, 0x0000000084500000|100%|HC|  |TAMS 0x0000000084500000, 0x0000000084500000| Complete 
|  23|0x0000000084500000, 0x0000000084600000, 0x0000000084600000|100%|HC|  |TAMS 0x0000000084600000, 0x0000000084600000| Complete 
|  24|0x0000000084600000, 0x0000000084700000, 0x0000000084700000|100%|HC|  |TAMS 0x0000000084700000, 0x0000000084700000| Complete 
|  25|0x0000000084700000, 0x0000000084800000, 0x0000000084800000|100%|HC|  |TAMS 0x0000000084800000, 0x0000000084800000| Complete 
|  26|0x0000000084800000, 0x0000000084900000, 0x0000000084900000|100%| O|  |TAMS 0x0000000084900000, 0x0000000084900000| Untracked 
|  27|0x0000000084900000, 0x0000000084a00000, 0x0000000084a00000|100%| O|  |TAMS 0x0000000084a00000, 0x0000000084a00000| Untracked 
|  28|0x0000000084a00000, 0x0000000084a00000, 0x0000000084b00000|  0%| F|  |TAMS 0x0000000084a00000, 0x0000000084a00000| Untracked 
|  29|0x0000000084b00000, 0x0000000084c00000, 0x0000000084c00000|100%| O|  |TAMS 0x0000000084b00000, 0x0000000084c00000| Untracked 
|  30|0x0000000084c00000, 0x0000000084d00000, 0x0000000084d00000|100%| O|  |TAMS 0x0000000084c00000, 0x0000000084d00000| Untracked 
|  31|0x0000000084d00000, 0x0000000084e00000, 0x0000000084e00000|100%| O|  |TAMS 0x0000000084d00000, 0x0000000084e00000| Untracked 
|  32|0x0000000084e00000, 0x0000000084f00000, 0x0000000084f00000|100%|HS|  |TAMS 0x0000000084f00000, 0x0000000084f00000| Complete 
|  33|0x0000000084f00000, 0x0000000085000000, 0x0000000085000000|100%|HC|  |TAMS 0x0000000085000000, 0x0000000085000000| Complete 
|  34|0x0000000085000000, 0x0000000085100000, 0x0000000085100000|100%|HC|  |TAMS 0x0000000085100000, 0x0000000085100000| Complete 
|  35|0x0000000085100000, 0x0000000085200000, 0x0000000085200000|100%|HS|  |TAMS 0x0000000085100000, 0x0000000085200000| Complete 
|  36|0x0000000085200000, 0x0000000085300000, 0x0000000085300000|100%|HC|  |TAMS 0x0000000085200000, 0x0000000085300000| Complete 
|  37|0x0000000085300000, 0x0000000085400000, 0x0000000085400000|100%|HC|  |TAMS 0x0000000085300000, 0x0000000085400000| Complete 
|  38|0x0000000085400000, 0x0000000085500000, 0x0000000085500000|100%|HC|  |TAMS 0x0000000085400000, 0x0000000085500000| Complete 
|  39|0x0000000085500000, 0x0000000085600000, 0x0000000085600000|100%|HC|  |TAMS 0x0000000085500000, 0x0000000085600000| Complete 
|  40|0x0000000085600000, 0x0000000085700000, 0x0000000085700000|100%|HC|  |TAMS 0x0000000085600000, 0x0000000085700000| Complete 
|  41|0x0000000085700000, 0x0000000085800000, 0x0000000085800000|100%|HC|  |TAMS 0x0000000085700000, 0x0000000085800000| Complete 
|  42|0x0000000085800000, 0x0000000085900000, 0x0000000085900000|100%|HC|  |TAMS 0x0000000085800000, 0x0000000085900000| Complete 
|  43|0x0000000085900000, 0x0000000085a00000, 0x0000000085a00000|100%|HC|  |TAMS 0x0000000085900000, 0x0000000085a00000| Complete 
|  44|0x0000000085a00000, 0x0000000085a63e00, 0x0000000085b00000| 39%| O|  |TAMS 0x0000000085a00000, 0x0000000085a63e00| Untracked 
|  45|0x0000000085b00000, 0x0000000085b00000, 0x0000000085c00000|  0%| F|  |TAMS 0x0000000085b00000, 0x0000000085b00000| Untracked 
|  46|0x0000000085c00000, 0x0000000085c00000, 0x0000000085d00000|  0%| F|  |TAMS 0x0000000085c00000, 0x0000000085c00000| Untracked 
|  47|0x0000000085d00000, 0x0000000085d00000, 0x0000000085e00000|  0%| F|  |TAMS 0x0000000085d00000, 0x0000000085d00000| Untracked 
|  48|0x0000000085e00000, 0x0000000085e00000, 0x0000000085f00000|  0%| F|  |TAMS 0x0000000085e00000, 0x0000000085e00000| Untracked 
|  49|0x0000000085f00000, 0x0000000086000000, 0x0000000086000000|100%|HS|  |TAMS 0x0000000086000000, 0x0000000086000000| Complete 
|  50|0x0000000086000000, 0x0000000086100000, 0x0000000086100000|100%|HC|  |TAMS 0x0000000086100000, 0x0000000086100000| Complete 
|  51|0x0000000086100000, 0x0000000086200000, 0x0000000086200000|100%|HC|  |TAMS 0x0000000086200000, 0x0000000086200000| Complete 
|  52|0x0000000086200000, 0x0000000086300000, 0x0000000086300000|100%|HC|  |TAMS 0x0000000086300000, 0x0000000086300000| Complete 
|  53|0x0000000086300000, 0x0000000086400000, 0x0000000086400000|100%|HC|  |TAMS 0x0000000086400000, 0x0000000086400000| Complete 
|  54|0x0000000086400000, 0x0000000086500000, 0x0000000086500000|100%|HC|  |TAMS 0x0000000086500000, 0x0000000086500000| Complete 
|  55|0x0000000086500000, 0x0000000086600000, 0x0000000086600000|100%|HC|  |TAMS 0x0000000086600000, 0x0000000086600000| Complete 
|  56|0x0000000086600000, 0x0000000086700000, 0x0000000086700000|100%|HC|  |TAMS 0x0000000086700000, 0x0000000086700000| Complete 
|  57|0x0000000086700000, 0x0000000086800000, 0x0000000086800000|100%|HS|  |TAMS 0x0000000086800000, 0x0000000086800000| Complete 
|  58|0x0000000086800000, 0x0000000086900000, 0x0000000086900000|100%|HC|  |TAMS 0x0000000086900000, 0x0000000086900000| Complete 
|  59|0x0000000086900000, 0x0000000086a00000, 0x0000000086a00000|100%|HC|  |TAMS 0x0000000086a00000, 0x0000000086a00000| Complete 
|  60|0x0000000086a00000, 0x0000000086b00000, 0x0000000086b00000|100%|HC|  |TAMS 0x0000000086b00000, 0x0000000086b00000| Complete 
|  61|0x0000000086b00000, 0x0000000086c00000, 0x0000000086c00000|100%|HC|  |TAMS 0x0000000086c00000, 0x0000000086c00000| Complete 
|  62|0x0000000086c00000, 0x0000000086d00000, 0x0000000086d00000|100%|HC|  |TAMS 0x0000000086d00000, 0x0000000086d00000| Complete 
|  63|0x0000000086d00000, 0x0000000086e00000, 0x0000000086e00000|100%|HC|  |TAMS 0x0000000086e00000, 0x0000000086e00000| Complete 
|  64|0x0000000086e00000, 0x0000000086f00000, 0x0000000086f00000|100%|HC|  |TAMS 0x0000000086f00000, 0x0000000086f00000| Complete 
|  65|0x0000000086f00000, 0x0000000087000000, 0x0000000087000000|100%|HC|  |TAMS 0x0000000087000000, 0x0000000087000000| Complete 
|  66|0x0000000087000000, 0x0000000087100000, 0x0000000087100000|100%|HC|  |TAMS 0x0000000087100000, 0x0000000087100000| Complete 
|  67|0x0000000087100000, 0x0000000087200000, 0x0000000087200000|100%|HC|  |TAMS 0x0000000087200000, 0x0000000087200000| Complete 
|  68|0x0000000087200000, 0x0000000087300000, 0x0000000087300000|100%|HC|  |TAMS 0x0000000087300000, 0x0000000087300000| Complete 
|  69|0x0000000087300000, 0x0000000087400000, 0x0000000087400000|100%|HC|  |TAMS 0x0000000087400000, 0x0000000087400000| Complete 
|  70|0x0000000087400000, 0x0000000087500000, 0x0000000087500000|100%|HC|  |TAMS 0x0000000087500000, 0x0000000087500000| Complete 
|  71|0x0000000087500000, 0x0000000087600000, 0x0000000087600000|100%|HC|  |TAMS 0x0000000087600000, 0x0000000087600000| Complete 
|  72|0x0000000087600000, 0x0000000087700000, 0x0000000087700000|100%|HC|  |TAMS 0x0000000087700000, 0x0000000087700000| Complete 
|  73|0x0000000087700000, 0x0000000087800000, 0x0000000087800000|100%|HC|  |TAMS 0x0000000087800000, 0x0000000087800000| Complete 
|  74|0x0000000087800000, 0x0000000087900000, 0x0000000087900000|100%|HC|  |TAMS 0x0000000087900000, 0x0000000087900000| Complete 
|  75|0x0000000087900000, 0x0000000087a00000, 0x0000000087a00000|100%|HC|  |TAMS 0x0000000087a00000, 0x0000000087a00000| Complete 
|  76|0x0000000087a00000, 0x0000000087b00000, 0x0000000087b00000|100%|HC|  |TAMS 0x0000000087b00000, 0x0000000087b00000| Complete 
|  77|0x0000000087b00000, 0x0000000087c00000, 0x0000000087c00000|100%|HC|  |TAMS 0x0000000087c00000, 0x0000000087c00000| Complete 
|  78|0x0000000087c00000, 0x0000000087d00000, 0x0000000087d00000|100%|HC|  |TAMS 0x0000000087d00000, 0x0000000087d00000| Complete 
|  79|0x0000000087d00000, 0x0000000087e00000, 0x0000000087e00000|100%|HC|  |TAMS 0x0000000087e00000, 0x0000000087e00000| Complete 
|  80|0x0000000087e00000, 0x0000000087f00000, 0x0000000087f00000|100%|HC|  |TAMS 0x0000000087f00000, 0x0000000087f00000| Complete 
|  81|0x0000000087f00000, 0x0000000088000000, 0x0000000088000000|100%|HC|  |TAMS 0x0000000088000000, 0x0000000088000000| Complete 
|  82|0x0000000088000000, 0x0000000088100000, 0x0000000088100000|100%|HC|  |TAMS 0x0000000088100000, 0x0000000088100000| Complete 
|  83|0x0000000088100000, 0x0000000088200000, 0x0000000088200000|100%|HC|  |TAMS 0x0000000088200000, 0x0000000088200000| Complete 
|  84|0x0000000088200000, 0x0000000088300000, 0x0000000088300000|100%|HC|  |TAMS 0x0000000088300000, 0x0000000088300000| Complete 
|  85|0x0000000088300000, 0x0000000088400000, 0x0000000088400000|100%|HC|  |TAMS 0x0000000088400000, 0x0000000088400000| Complete 
|  86|0x0000000088400000, 0x0000000088500000, 0x0000000088500000|100%|HC|  |TAMS 0x0000000088500000, 0x0000000088500000| Complete 
|  87|0x0000000088500000, 0x0000000088600000, 0x0000000088600000|100%|HC|  |TAMS 0x0000000088600000, 0x0000000088600000| Complete 
|  88|0x0000000088600000, 0x0000000088600000, 0x0000000088700000|  0%| F|  |TAMS 0x0000000088600000, 0x0000000088600000| Untracked 
|  89|0x0000000088700000, 0x0000000088700000, 0x0000000088800000|  0%| F|  |TAMS 0x0000000088700000, 0x0000000088700000| Untracked 
|  90|0x0000000088800000, 0x0000000088800000, 0x0000000088900000|  0%| F|  |TAMS 0x0000000088800000, 0x0000000088800000| Untracked 
|  91|0x0000000088900000, 0x0000000088900000, 0x0000000088a00000|  0%| F|  |TAMS 0x0000000088900000, 0x0000000088900000| Untracked 
|  92|0x0000000088a00000, 0x0000000088a00000, 0x0000000088b00000|  0%| F|  |TAMS 0x0000000088a00000, 0x0000000088a00000| Untracked 
|  93|0x0000000088b00000, 0x0000000088b00000, 0x0000000088c00000|  0%| F|  |TAMS 0x0000000088b00000, 0x0000000088b00000| Untracked 
|  94|0x0000000088c00000, 0x0000000088c00000, 0x0000000088d00000|  0%| F|  |TAMS 0x0000000088c00000, 0x0000000088c00000| Untracked 
|  95|0x0000000088d00000, 0x0000000088d00000, 0x0000000088e00000|  0%| F|  |TAMS 0x0000000088d00000, 0x0000000088d00000| Untracked 
|  96|0x0000000088e00000, 0x0000000088e00000, 0x0000000088f00000|  0%| F|  |TAMS 0x0000000088e00000, 0x0000000088e00000| Untracked 
|  97|0x0000000088f00000, 0x0000000088f00000, 0x0000000089000000|  0%| F|  |TAMS 0x0000000088f00000, 0x0000000088f00000| Untracked 
|  98|0x0000000089000000, 0x0000000089000000, 0x0000000089100000|  0%| F|  |TAMS 0x0000000089000000, 0x0000000089000000| Untracked 
|  99|0x0000000089100000, 0x0000000089100000, 0x0000000089200000|  0%| F|  |TAMS 0x0000000089100000, 0x0000000089100000| Untracked 
| 100|0x0000000089200000, 0x0000000089200000, 0x0000000089300000|  0%| F|  |TAMS 0x0000000089200000, 0x0000000089200000| Untracked 
| 101|0x0000000089300000, 0x0000000089300000, 0x0000000089400000|  0%| F|  |TAMS 0x0000000089300000, 0x0000000089300000| Untracked 
| 102|0x0000000089400000, 0x0000000089400000, 0x0000000089500000|  0%| F|  |TAMS 0x0000000089400000, 0x0000000089400000| Untracked 
| 103|0x0000000089500000, 0x0000000089500000, 0x0000000089600000|  0%| F|  |TAMS 0x0000000089500000, 0x0000000089500000| Untracked 
| 104|0x0000000089600000, 0x0000000089600000, 0x0000000089700000|  0%| F|  |TAMS 0x0000000089600000, 0x0000000089600000| Untracked 
| 105|0x0000000089700000, 0x0000000089700000, 0x0000000089800000|  0%| F|  |TAMS 0x0000000089700000, 0x0000000089700000| Untracked 
| 106|0x0000000089800000, 0x0000000089800000, 0x0000000089900000|  0%| F|  |TAMS 0x0000000089800000, 0x0000000089800000| Untracked 
| 107|0x0000000089900000, 0x0000000089900000, 0x0000000089a00000|  0%| F|  |TAMS 0x0000000089900000, 0x0000000089900000| Untracked 
| 108|0x0000000089a00000, 0x0000000089a00000, 0x0000000089b00000|  0%| F|  |TAMS 0x0000000089a00000, 0x0000000089a00000| Untracked 
| 109|0x0000000089b00000, 0x0000000089b00000, 0x0000000089c00000|  0%| F|  |TAMS 0x0000000089b00000, 0x0000000089b00000| Untracked 
| 110|0x0000000089c00000, 0x0000000089c00000, 0x0000000089d00000|  0%| F|  |TAMS 0x0000000089c00000, 0x0000000089c00000| Untracked 
| 111|0x0000000089d00000, 0x0000000089d00000, 0x0000000089e00000|  0%| F|  |TAMS 0x0000000089d00000, 0x0000000089d00000| Untracked 
| 112|0x0000000089e00000, 0x0000000089e00000, 0x0000000089f00000|  0%| F|  |TAMS 0x0000000089e00000, 0x0000000089e00000| Untracked 
| 113|0x0000000089f00000, 0x0000000089f00000, 0x000000008a000000|  0%| F|  |TAMS 0x0000000089f00000, 0x0000000089f00000| Untracked 
| 114|0x000000008a000000, 0x000000008a000000, 0x000000008a100000|  0%| F|  |TAMS 0x000000008a000000, 0x000000008a000000| Untracked 
| 115|0x000000008a100000, 0x000000008a100000, 0x000000008a200000|  0%| F|  |TAMS 0x000000008a100000, 0x000000008a100000| Untracked 
| 116|0x000000008a200000, 0x000000008a200000, 0x000000008a300000|  0%| F|  |TAMS 0x000000008a200000, 0x000000008a200000| Untracked 
| 117|0x000000008a300000, 0x000000008a300000, 0x000000008a400000|  0%| F|  |TAMS 0x000000008a300000, 0x000000008a300000| Untracked 
| 118|0x000000008a400000, 0x000000008a400000, 0x000000008a500000|  0%| F|  |TAMS 0x000000008a400000, 0x000000008a400000| Untracked 
| 119|0x000000008a500000, 0x000000008a500000, 0x000000008a600000|  0%| F|  |TAMS 0x000000008a500000, 0x000000008a500000| Untracked 
| 120|0x000000008a600000, 0x000000008a600000, 0x000000008a700000|  0%| F|  |TAMS 0x000000008a600000, 0x000000008a600000| Untracked 
| 121|0x000000008a700000, 0x000000008a700000, 0x000000008a800000|  0%| F|  |TAMS 0x000000008a700000, 0x000000008a700000| Untracked 
| 122|0x000000008a800000, 0x000000008a800000, 0x000000008a900000|  0%| F|  |TAMS 0x000000008a800000, 0x000000008a800000| Untracked 
| 123|0x000000008a900000, 0x000000008a900000, 0x000000008aa00000|  0%| F|  |TAMS 0x000000008a900000, 0x000000008a900000| Untracked 
| 124|0x000000008aa00000, 0x000000008aa00000, 0x000000008ab00000|  0%| F|  |TAMS 0x000000008aa00000, 0x000000008aa00000| Untracked 
| 125|0x000000008ab00000, 0x000000008ab00000, 0x000000008ac00000|  0%| F|  |TAMS 0x000000008ab00000, 0x000000008ab00000| Untracked 
| 126|0x000000008ac00000, 0x000000008ac00000, 0x000000008ad00000|  0%| F|  |TAMS 0x000000008ac00000, 0x000000008ac00000| Untracked 
| 127|0x000000008ad00000, 0x000000008ad4ed10, 0x000000008ae00000| 30%| S|CS|TAMS 0x000000008ad00000, 0x000000008ad00000| Complete 
| 128|0x000000008ae00000, 0x000000008ae00000, 0x000000008af00000|  0%| F|  |TAMS 0x000000008ae00000, 0x000000008ae00000| Untracked 
| 129|0x000000008af00000, 0x000000008af00000, 0x000000008b000000|  0%| F|  |TAMS 0x000000008af00000, 0x000000008af00000| Untracked 
| 130|0x000000008b000000, 0x000000008b000000, 0x000000008b100000|  0%| F|  |TAMS 0x000000008b000000, 0x000000008b000000| Untracked 
| 131|0x000000008b100000, 0x000000008b100000, 0x000000008b200000|  0%| F|  |TAMS 0x000000008b100000, 0x000000008b100000| Untracked 

Card table byte_map: [0x0000017844a70000,0x0000017844e60000] _byte_map_base: 0x0000017844659000

Marking Bits (Prev, Next): (CMBitMap*) 0x000001782da76690, (CMBitMap*) 0x000001782da76650
 Prev Bits: [0x00000178471a0000, 0x00000178490e8000)
 Next Bits: [0x0000017845250000, 0x0000017847198000)

Polling page: 0x000001782b970000

Metaspace:

Usage:
  Non-class:     20.98 MB used.
      Class:      2.46 MB used.
       Both:     23.44 MB used.

Virtual space:
  Non-class space:       64.00 MB reserved,      21.12 MB ( 33%) committed,  1 nodes.
      Class space:        1.00 GB reserved,       2.62 MB ( <1%) committed,  1 nodes.
             Both:        1.06 GB reserved,      23.75 MB (  2%) committed. 

Chunk freelists:
   Non-Class:  2.73 MB
       Class:  1.41 MB
        Both:  4.14 MB

MaxMetaspaceSize: unlimited
CompressedClassSpaceSize: 1.00 GB
Initial GC threshold: 21.00 MB
Current GC threshold: 39.06 MB
CDS: on
MetaspaceReclaimPolicy: balanced
 - commit_granule_bytes: 65536.
 - commit_granule_words: 8192.
 - virtual_space_node_default_size: 8388608.
 - enlarge_chunks_in_place: 1.
 - new_chunks_are_fully_committed: 0.
 - uncommit_free_chunks: 1.
 - use_allocation_guard: 0.


Internal statistics:

num_allocs_failed_limit: 3.
num_arena_births: 266.
num_arena_deaths: 0.
num_vsnodes_births: 2.
num_vsnodes_deaths: 0.
num_space_committed: 380.
num_space_uncommitted: 0.
num_chunks_returned_to_freelist: 3.
num_chunks_taken_from_freelist: 556.
num_chunk_merges: 0.
num_chunk_splits: 327.
num_chunks_enlarged: 165.
num_inconsistent_stats: 0.

CodeHeap 'non-profiled nmethods': size=120000Kb used=2778Kb max_used=2778Kb free=117221Kb
 bounds [0x000001783ce20000, 0x000001783d0e0000, 0x0000017844350000]
CodeHeap 'profiled nmethods': size=120000Kb used=10834Kb max_used=10834Kb free=109165Kb
 bounds [0x00000178358f0000, 0x0000017836390000, 0x000001783ce20000]
CodeHeap 'non-nmethods': size=5760Kb used=1418Kb max_used=1502Kb free=4341Kb
 bounds [0x0000017835350000, 0x00000178355c0000, 0x00000178358f0000]
 total_blobs=6089 nmethods=5327 adapters=674
 compilation: enabled
              stopped_count=0, restarted_count=0
 full_count=0

Compilation events (20 events):
Event: 31.368 Thread 0x000001784bae1bd0 nmethod 5356 0x000001783637e710 code [0x000001783637e8c0, 0x000001783637ea08]
Event: 31.368 Thread 0x000001784bae1bd0 5357       3       javax.swing.JLabel::<init> (92 bytes)
Event: 31.369 Thread 0x000001784bae1bd0 nmethod 5357 0x000001783637ea90 code [0x000001783637ec80, 0x000001783637f3c8]
Event: 31.372 Thread 0x000001784bad81d0 5358       4       javax.swing.plaf.basic.BasicHTML::isHTMLString (49 bytes)
Event: 31.372 Thread 0x000001784bae1bd0 5360       3       java.beans.PropertyChangeSupport::firePropertyChange (19 bytes)
Event: 31.374 Thread 0x000001784bae1bd0 nmethod 5360 0x000001783637f590 code [0x000001783637f780, 0x000001783637fe68]
Event: 31.374 Thread 0x000001784bae1bd0 5361       3       javax.swing.plaf.basic.BasicLabelUI::propertyChange (82 bytes)
Event: 31.375 Thread 0x000001784bae1bd0 nmethod 5361 0x0000017836380110 code [0x0000017836380320, 0x0000017836380bc8]
Event: 31.375 Thread 0x000001784bae1bd0 5362       3       javax.swing.GroupLayout$SequentialGroup::addGroup (9 bytes)
Event: 31.375 Thread 0x000001784bae1bd0 nmethod 5362 0x0000017836380d90 code [0x0000017836380f40, 0x0000017836381248]
Event: 31.375 Thread 0x000001784bae1bd0 5363       3       javax.swing.GroupLayout::createSequentialGroup (9 bytes)
Event: 31.383 Thread 0x000001784bad81d0 nmethod 5358 0x000001783d0d6610 code [0x000001783d0d6780, 0x000001783d0d6878]
Event: 31.383 Thread 0x000001784bad81d0 5365       4       javax.swing.JComponent::revalidate (53 bytes)
Event: 31.383 Thread 0x000001784bae1bd0 nmethod 5363 0x0000017836381310 code [0x0000017836381500, 0x0000017836381ae8]
Event: 31.383 Thread 0x000001784bae1bd0 5364       3       javax.swing.GroupLayout$SequentialGroup::<init> (11 bytes)
Event: 31.384 Thread 0x000001784bae1bd0 nmethod 5364 0x0000017836381c90 code [0x0000017836381e60, 0x0000017836382368]
Event: 31.384 Thread 0x000001784bae1bd0 5367       3       javax.swing.GroupLayout::createTopLevelGroup (55 bytes)
Event: 31.387 Thread 0x000001784bae1bd0 nmethod 5367 0x0000017836382510 code [0x00000178363827e0, 0x0000017836383c48]
Event: 31.387 Thread 0x000001784bae1bd0 5368       3       javax.swing.GroupLayout::invalidateHost (38 bytes)
Event: 31.387 Thread 0x000001784bae1bd0 nmethod 5368 0x0000017836384110 code [0x00000178363842e0, 0x0000017836384888]

GC Heap History (19 events):
Event: 5.720 GC heap before
{Heap before GC invocations=0 (full 0):
 garbage-first heap   total 129024K, used 26624K [0x0000000082e00000, 0x0000000100000000)
  region size 1024K, 23 young (23552K), 0 survivors (0K)
 Metaspace       used 14106K, committed 14400K, reserved 1114112K
  class space    used 1536K, committed 1664K, reserved 1048576K
}
Event: 5.733 GC heap after
{Heap after GC invocations=1 (full 0):
 garbage-first heap   total 129024K, used 9882K [0x0000000082e00000, 0x0000000100000000)
  region size 1024K, 3 young (3072K), 3 survivors (3072K)
 Metaspace       used 14106K, committed 14400K, reserved 1114112K
  class space    used 1536K, committed 1664K, reserved 1048576K
}
Event: 6.982 GC heap before
{Heap before GC invocations=1 (full 0):
 garbage-first heap   total 129024K, used 49818K [0x0000000082e00000, 0x0000000100000000)
  region size 1024K, 23 young (23552K), 3 survivors (3072K)
 Metaspace       used 19136K, committed 19392K, reserved 1114112K
  class space    used 2053K, committed 2176K, reserved 1048576K
}
Event: 6.993 GC heap after
{Heap after GC invocations=2 (full 0):
 garbage-first heap   total 129024K, used 30521K [0x0000000082e00000, 0x0000000100000000)
  region size 1024K, 2 young (2048K), 2 survivors (2048K)
 Metaspace       used 19136K, committed 19392K, reserved 1114112K
  class space    used 2053K, committed 2176K, reserved 1048576K
}
Event: 11.732 GC heap before
{Heap before GC invocations=2 (full 0):
 garbage-first heap   total 129024K, used 77625K [0x0000000082e00000, 0x0000000100000000)
  region size 1024K, 21 young (21504K), 2 survivors (2048K)
 Metaspace       used 21250K, committed 21504K, reserved 1114112K
  class space    used 2343K, committed 2432K, reserved 1048576K
}
Event: 11.737 GC heap after
{Heap after GC invocations=3 (full 0):
 garbage-first heap   total 129024K, used 53338K [0x0000000082e00000, 0x0000000100000000)
  region size 1024K, 2 young (2048K), 2 survivors (2048K)
 Metaspace       used 21250K, committed 21504K, reserved 1114112K
  class space    used 2343K, committed 2432K, reserved 1048576K
}
Event: 19.242 GC heap before
{Heap before GC invocations=4 (full 0):
 garbage-first heap   total 129024K, used 82010K [0x0000000082e00000, 0x0000000100000000)
  region size 1024K, 33 young (33792K), 2 survivors (2048K)
 Metaspace       used 22975K, committed 23232K, reserved 1114112K
  class space    used 2474K, committed 2624K, reserved 1048576K
}
Event: 19.251 GC heap after
{Heap after GC invocations=5 (full 0):
 garbage-first heap   total 129024K, used 42306K [0x0000000082e00000, 0x0000000100000000)
  region size 1024K, 4 young (4096K), 4 survivors (4096K)
 Metaspace       used 22975K, committed 23232K, reserved 1114112K
  class space    used 2474K, committed 2624K, reserved 1048576K
}
Event: 19.502 GC heap before
{Heap before GC invocations=5 (full 0):
 garbage-first heap   total 129024K, used 105794K [0x0000000082e00000, 0x0000000100000000)
  region size 1024K, 37 young (37888K), 4 survivors (4096K)
 Metaspace       used 22975K, committed 23232K, reserved 1114112K
  class space    used 2474K, committed 2624K, reserved 1048576K
}
Event: 19.507 GC heap after
{Heap after GC invocations=6 (full 0):
 garbage-first heap   total 129024K, used 73025K [0x0000000082e00000, 0x0000000100000000)
  region size 1024K, 3 young (3072K), 3 survivors (3072K)
 Metaspace       used 22975K, committed 23232K, reserved 1114112K
  class space    used 2474K, committed 2624K, reserved 1048576K
}
Event: 21.983 GC heap before
{Heap before GC invocations=7 (full 0):
 garbage-first heap   total 135168K, used 111937K [0x0000000082e00000, 0x0000000100000000)
  region size 1024K, 35 young (35840K), 3 survivors (3072K)
 Metaspace       used 23429K, committed 23744K, reserved 1114112K
  class space    used 2500K, committed 2688K, reserved 1048576K
}
Event: 21.992 GC heap after
{Heap after GC invocations=8 (full 0):
 garbage-first heap   total 135168K, used 78967K [0x0000000082e00000, 0x0000000100000000)
  region size 1024K, 5 young (5120K), 5 survivors (5120K)
 Metaspace       used 23429K, committed 23744K, reserved 1114112K
  class space    used 2500K, committed 2688K, reserved 1048576K
}
Event: 29.844 GC heap before
{Heap before GC invocations=8 (full 0):
 garbage-first heap   total 135168K, used 110711K [0x0000000082e00000, 0x0000000100000000)
  region size 1024K, 36 young (36864K), 5 survivors (5120K)
 Metaspace       used 23676K, committed 24000K, reserved 1114112K
  class space    used 2507K, committed 2688K, reserved 1048576K
}
Event: 29.850 GC heap after
{Heap after GC invocations=9 (full 0):
 garbage-first heap   total 135168K, used 76588K [0x0000000082e00000, 0x0000000100000000)
  region size 1024K, 3 young (3072K), 3 survivors (3072K)
 Metaspace       used 23676K, committed 24000K, reserved 1114112K
  class space    used 2507K, committed 2688K, reserved 1048576K
}
Event: 31.355 GC heap before
{Heap before GC invocations=10 (full 0):
 garbage-first heap   total 135168K, used 118572K [0x0000000082e00000, 0x0000000100000000)
  region size 1024K, 36 young (36864K), 3 survivors (3072K)
 Metaspace       used 23997K, committed 24320K, reserved 1114112K
  class space    used 2518K, committed 2688K, reserved 1048576K
}
Event: 31.359 GC heap after
{Heap after GC invocations=11 (full 0):
 garbage-first heap   total 135168K, used 86629K [0x0000000082e00000, 0x0000000100000000)
  region size 1024K, 4 young (4096K), 4 survivors (4096K)
 Metaspace       used 23997K, committed 24320K, reserved 1114112K
  class space    used 2518K, committed 2688K, reserved 1048576K
}
Event: 31.376 GC heap before
{Heap before GC invocations=11 (full 0):
 garbage-first heap   total 135168K, used 87653K [0x0000000082e00000, 0x0000000100000000)
  region size 1024K, 6 young (6144K), 4 survivors (4096K)
 Metaspace       used 24003K, committed 24320K, reserved 1114112K
  class space    used 2518K, committed 2688K, reserved 1048576K
}
Event: 31.383 GC heap after
{Heap after GC invocations=12 (full 0):
 garbage-first heap   total 135168K, used 84888K [0x0000000082e00000, 0x0000000100000000)
  region size 1024K, 1 young (1024K), 1 survivors (1024K)
 Metaspace       used 24003K, committed 24320K, reserved 1114112K
  class space    used 2518K, committed 2688K, reserved 1048576K
}
Event: 31.445 GC heap before
{Heap before GC invocations=12 (full 0):
 garbage-first heap   total 135168K, used 85912K [0x0000000082e00000, 0x0000000100000000)
  region size 1024K, 4 young (4096K), 1 survivors (1024K)
 Metaspace       used 24005K, committed 24320K, reserved 1114112K
  class space    used 2518K, committed 2688K, reserved 1048576K
}

Deoptimization events (20 events):
Event: 30.740 Thread 0x000001784fffd2c0 Uncommon trap: trap_request=0xffffff45 fr.pc=0x000001783cfd32d4 relative=0x0000000000000414
Event: 30.741 Thread 0x000001784fffd2c0 Uncommon trap: reason=unstable_if action=reinterpret pc=0x000001783cfd32d4 method=java.util.Calendar.selectFields()I @ 525 c2
Event: 30.741 Thread 0x000001784fffd2c0 DEOPT PACKING pc=0x000001783cfd32d4 sp=0x0000004b2e0fdfc0
Event: 30.741 Thread 0x000001784fffd2c0 DEOPT UNPACKING pc=0x00000178353a23a3 sp=0x0000004b2e0fdf20 mode 2
Event: 30.741 Thread 0x000001784fffd2c0 Uncommon trap: trap_request=0xffffff45 fr.pc=0x000001783cfcdf94 relative=0x0000000000000d34
Event: 30.741 Thread 0x000001784fffd2c0 Uncommon trap: reason=unstable_if action=reinterpret pc=0x000001783cfcdf94 method=java.util.GregorianCalendar.computeTime()V @ 174 c2
Event: 30.741 Thread 0x000001784fffd2c0 DEOPT PACKING pc=0x000001783cfcdf94 sp=0x0000004b2e0fe010
Event: 30.741 Thread 0x000001784fffd2c0 DEOPT UNPACKING pc=0x00000178353a23a3 sp=0x0000004b2e0fdf78 mode 2
Event: 30.741 Thread 0x000001784fffd2c0 Uncommon trap: trap_request=0xffffff45 fr.pc=0x000001783d031b24 relative=0x0000000000001d24
Event: 30.741 Thread 0x000001784fffd2c0 Uncommon trap: reason=unstable_if action=reinterpret pc=0x000001783d031b24 method=java.util.GregorianCalendar.computeFields(II)I @ 726 c2
Event: 30.741 Thread 0x000001784fffd2c0 DEOPT PACKING pc=0x000001783d031b24 sp=0x0000004b2e0fdee0
Event: 30.741 Thread 0x000001784fffd2c0 DEOPT UNPACKING pc=0x00000178353a23a3 sp=0x0000004b2e0fde28 mode 2
Event: 30.815 Thread 0x000001784fffd2c0 Uncommon trap: trap_request=0xffffff45 fr.pc=0x000001783ce2b4bc relative=0x000000000000009c
Event: 30.815 Thread 0x000001784fffd2c0 Uncommon trap: reason=unstable_if action=reinterpret pc=0x000001783ce2b4bc method=java.lang.String.isLatin1()Z @ 10 c2
Event: 30.815 Thread 0x000001784fffd2c0 DEOPT PACKING pc=0x000001783ce2b4bc sp=0x0000004b2e0fe1e0
Event: 30.815 Thread 0x000001784fffd2c0 DEOPT UNPACKING pc=0x00000178353a23a3 sp=0x0000004b2e0fe118 mode 2
Event: 31.392 Thread 0x000001784ff8cf00 Uncommon trap: trap_request=0xffffff45 fr.pc=0x000001783d09cc68 relative=0x0000000000004c68
Event: 31.392 Thread 0x000001784ff8cf00 Uncommon trap: reason=unstable_if action=reinterpret pc=0x000001783d09cc68 method=java.awt.EventQueue.cacheEQItem(Lsun/awt/EventQueueItem;)V @ 41 c2
Event: 31.392 Thread 0x000001784ff8cf00 DEOPT PACKING pc=0x000001783d09cc68 sp=0x0000004b2dffdd20
Event: 31.393 Thread 0x000001784ff8cf00 DEOPT UNPACKING pc=0x00000178353a23a3 sp=0x0000004b2dffdb50 mode 2

Classes loaded (20 events):
Event: 22.349 Loading class java/awt/image/RGBImageFilter done
Event: 22.349 Loading class javax/swing/plaf/metal/MetalUtils$OceanDisabledButtonImageFilter done
Event: 22.349 Loading class sun/swing/ImageIconUIResource
Event: 22.350 Loading class sun/swing/ImageIconUIResource done
Event: 25.909 Loading class javax/swing/plaf/BorderUIResource$LineBorderUIResource
Event: 25.909 Loading class javax/swing/plaf/BorderUIResource$LineBorderUIResource done
Event: 25.910 Loading class java/awt/geom/RectIterator
Event: 25.910 Loading class java/awt/geom/RectIterator done
Event: 26.516 Loading class jdk/internal/math/FDBigInteger
Event: 26.516 Loading class jdk/internal/math/FDBigInteger done
Event: 29.816 Loading class jdk/internal/access/foreign/MemorySegmentProxy
Event: 29.816 Loading class jdk/internal/access/foreign/MemorySegmentProxy done
Event: 30.345 Loading class javax/swing/JPanel$AccessibleJPanel
Event: 30.346 Loading class javax/swing/JPanel$AccessibleJPanel done
Event: 31.063 Loading class java/awt/KeyboardFocusManager$4
Event: 31.064 Loading class java/awt/KeyboardFocusManager$4 done
Event: 31.340 Loading class java/awt/print/PrinterException
Event: 31.340 Loading class java/awt/print/PrinterException done
Event: 31.342 Loading class java/awt/print/PageFormat
Event: 31.354 Loading class java/awt/print/PageFormat done

Classes unloaded (0 events):
No events

Classes redefined (0 events):
No events

Internal exceptions (20 events):
Event: 1.479 Thread 0x000001784fffd2c0 Exception <a 'java/lang/NoSuchMethodError'{0x000000008a396250}: 'void java.lang.invoke.DirectMethodHandle$Holder.invokeStaticInit(java.lang.Object)'> (0x000000008a396250) 
thrown [s\open\src\hotspot\share\interpreter\linkResolver.cpp, line 759]
Event: 2.366 Thread 0x0000017850da9a50 Exception <a 'java/lang/NoSuchMethodError'{0x0000000089e7e958}: 'java.lang.Object java.lang.invoke.DirectMethodHandle$Holder.newInvokeSpecial(java.lang.Object, java.lang.Object, java.lang.Object, int, int, int, int, int)'> (0x0000000089e7e958) 
thrown [s\open\src\hotspot\share\interpreter\linkResolver.cpp, line 759]
Event: 5.048 Thread 0x000001784fffd2c0 Exception <a 'java/lang/NoSuchMethodError'{0x0000000089a1bb90}: 'java.lang.Object java.lang.invoke.DirectMethodHandle$Holder.invokeInterface(java.lang.Object, java.lang.Object)'> (0x0000000089a1bb90) 
thrown [s\open\src\hotspot\share\interpreter\linkResolver.cpp, line 759]
Event: 5.202 Thread 0x000001784fffd2c0 Exception <a 'java/lang/NoSuchMethodError'{0x000000008986ef18}: 'java.lang.Object java.lang.invoke.DirectMethodHandle$Holder.invokeStatic(java.lang.Object, java.lang.Object, long, java.lang.Object)'> (0x000000008986ef18) 
thrown [s\open\src\hotspot\share\interpreter\linkResolver.cpp, line 759]
Event: 5.204 Thread 0x000001784fffd2c0 Exception <a 'java/lang/NoSuchMethodError'{0x0000000089872c50}: 'java.lang.Object java.lang.invoke.DirectMethodHandle$Holder.invokeStaticInit(java.lang.Object, java.lang.Object, long, java.lang.Object)'> (0x0000000089872c50) 
thrown [s\open\src\hotspot\share\interpreter\linkResolver.cpp, line 759]
Event: 5.205 Thread 0x000001784fffd2c0 Exception <a 'java/lang/NoSuchMethodError'{0x00000000898794c8}: 'java.lang.Object java.lang.invoke.DirectMethodHandle$Holder.newInvokeSpecial(java.lang.Object, java.lang.Object, long)'> (0x00000000898794c8) 
thrown [s\open\src\hotspot\share\interpreter\linkResolver.cpp, line 759]
Event: 5.207 Thread 0x000001784fffd2c0 Exception <a 'java/lang/NoSuchMethodError'{0x000000008987d528}: 'java.lang.Object java.lang.invoke.Invokers$Holder.linkToTargetMethod(java.lang.Object, long, java.lang.Object)'> (0x000000008987d528) 
thrown [s\open\src\hotspot\share\interpreter\linkResolver.cpp, line 759]
Event: 5.375 Thread 0x000001784fffd2c0 Exception <a 'java/lang/NoSuchMethodError'{0x00000000897bbf48}: 'void java.lang.invoke.DirectMethodHandle$Holder.invokeStatic(java.lang.Object, java.lang.Object)'> (0x00000000897bbf48) 
thrown [s\open\src\hotspot\share\interpreter\linkResolver.cpp, line 759]
Event: 5.398 Thread 0x000001784fffd2c0 Exception <a 'java/lang/NoSuchMethodError'{0x00000000897d5420}: 'java.lang.Object java.lang.invoke.DirectMethodHandle$Holder.invokeStaticInit(java.lang.Object, int, int, int, int)'> (0x00000000897d5420) 
thrown [s\open\src\hotspot\share\interpreter\linkResolver.cpp, line 759]
Event: 5.565 Thread 0x000001784fffd2c0 Exception <a 'java/lang/NoSuchMethodError'{0x000000008968bf40}: 'java.lang.Object java.lang.invoke.DirectMethodHandle$Holder.invokeStaticInit(java.lang.Object, java.lang.Object, int, int, int, int)'> (0x000000008968bf40) 
thrown [s\open\src\hotspot\share\interpreter\linkResolver.cpp, line 759]
Event: 5.632 Thread 0x000001784fffd2c0 Exception <a 'sun/nio/fs/WindowsException'{0x000000008950a740}> (0x000000008950a740) 
thrown [s\open\src\hotspot\share\prims\jni.cpp, line 516]
Event: 8.123 Thread 0x0000017850da9a50 Implicit null exception at 0x000001783cef7486 to 0x000001783cef75ec
Event: 11.909 Thread 0x000001784fffd2c0 Implicit null exception at 0x0000017835e38c3f to 0x0000017835e3b7fa
Event: 11.909 Thread 0x000001784fffd2c0 Exception <a 'java/lang/NullPointerException'{0x000000008aa7c670}> (0x000000008aa7c670) 
thrown [s\open\src\hotspot\share\runtime\sharedRuntime.cpp, line 625]
Event: 11.928 Thread 0x000001784fffd2c0 Implicit null exception at 0x0000017835e38c3f to 0x0000017835e3b7fa
Event: 11.929 Thread 0x000001784fffd2c0 Exception <a 'java/lang/NullPointerException'{0x000000008a904c78}> (0x000000008a904c78) 
thrown [s\open\src\hotspot\share\runtime\sharedRuntime.cpp, line 625]
Event: 12.022 Thread 0x000001784fffd2c0 Implicit null exception at 0x0000017835e38c3f to 0x0000017835e3b7fa
Event: 12.022 Thread 0x000001784fffd2c0 Exception <a 'java/lang/NullPointerException'{0x000000008a839228}> (0x000000008a839228) 
thrown [s\open\src\hotspot\share\runtime\sharedRuntime.cpp, line 625]
Event: 29.900 Thread 0x000001784fffd2c0 Implicit null exception at 0x000001783cf8c7ac to 0x000001783cf8d464
Event: 31.392 Thread 0x000001784ff8cf00 Implicit null exception at 0x000001783d098660 to 0x000001783d09cc2c

VM Operations (20 events):
Event: 23.989 Executing VM operation: Cleanup done
Event: 25.004 Executing VM operation: Cleanup
Event: 25.004 Executing VM operation: Cleanup done
Event: 26.019 Executing VM operation: Cleanup
Event: 26.019 Executing VM operation: Cleanup done
Event: 27.025 Executing VM operation: Cleanup
Event: 27.025 Executing VM operation: Cleanup done
Event: 28.033 Executing VM operation: Cleanup
Event: 28.033 Executing VM operation: Cleanup done
Event: 29.844 Executing VM operation: G1CollectForAllocation
Event: 29.851 Executing VM operation: G1CollectForAllocation done
Event: 29.873 Executing VM operation: G1Concurrent
Event: 29.878 Executing VM operation: G1Concurrent done
Event: 29.891 Executing VM operation: G1Concurrent
Event: 29.891 Executing VM operation: G1Concurrent done
Event: 31.354 Executing VM operation: G1CollectForAllocation
Event: 31.359 Executing VM operation: G1CollectForAllocation done
Event: 31.376 Executing VM operation: G1CollectForAllocation
Event: 31.383 Executing VM operation: G1CollectForAllocation done
Event: 31.445 Executing VM operation: G1TryInitiateConcMark

Events (20 events):
Event: 8.155 Thread 0x0000017851195600 Thread added: 0x0000017851195600
Event: 8.439 Thread 0x0000017851195600 Thread exited: 0x0000017851195600
Event: 11.609 Loaded shared library C:\Program Files\Java\jdk-18.0.2.1\bin\verify.dll
Event: 11.882 Thread 0x0000017851023950 Thread added: 0x0000017851023950
Event: 14.619 Thread 0x0000017851023950 Thread exited: 0x0000017851023950
Event: 15.051 Thread 0x0000017854393ec0 Thread added: 0x0000017854393ec0
Event: 15.565 Thread 0x0000017854393ec0 Thread exited: 0x0000017854393ec0
Event: 17.430 Thread 0x0000017854393ec0 Thread added: 0x0000017854393ec0
Event: 17.509 Thread 0x00000178524b9010 Thread added: 0x00000178524b9010
Event: 18.691 Thread 0x00000178524b9010 Thread exited: 0x00000178524b9010
Event: 18.692 Thread 0x0000017854393ec0 Thread exited: 0x0000017854393ec0
Event: 19.499 Thread 0x0000017852073800 Thread added: 0x0000017852073800
Event: 20.085 Thread 0x00000178524b9010 Thread added: 0x00000178524b9010
Event: 22.693 Thread 0x00000178524b9010 Thread exited: 0x00000178524b9010
Event: 25.936 Thread 0x0000017850da9a50 Thread exited: 0x0000017850da9a50
Event: 27.365 Thread 0x0000017852073800 Thread exited: 0x0000017852073800
Event: 30.550 Thread 0x0000017854535c90 Thread added: 0x0000017854535c90
Event: 30.898 Thread 0x0000017854535c90 Thread exited: 0x0000017854535c90
Event: 30.937 Thread 0x0000017852073800 Thread added: 0x0000017852073800
Event: 30.997 Thread 0x00000178512bde00 Thread added: 0x00000178512bde00


Dynamic libraries:
0x00007ff66fc00000 - 0x00007ff66fc10000 	C:\Program Files\Java\jdk-18.0.2.1\bin\java.exe
0x00007ff8a86e0000 - 0x00007ff8a88e9000 	C:\WINDOWS\SYSTEM32\ntdll.dll
0x00007ff8a7610000 - 0x00007ff8a76cd000 	C:\WINDOWS\System32\KERNEL32.DLL
0x00007ff8a5ef0000 - 0x00007ff8a626c000 	C:\WINDOWS\System32\KERNELBASE.dll
0x00007ff8a5c40000 - 0x00007ff8a5d51000 	C:\WINDOWS\System32\ucrtbase.dll
0x00007ff898200000 - 0x00007ff89821a000 	C:\Program Files\Java\jdk-18.0.2.1\bin\VCRUNTIME140.dll
0x00007ff88cf00000 - 0x00007ff88cf18000 	C:\Program Files\Java\jdk-18.0.2.1\bin\jli.dll
0x00007ff8a6780000 - 0x00007ff8a682e000 	C:\WINDOWS\System32\ADVAPI32.dll
0x00007ff8a6830000 - 0x00007ff8a68d3000 	C:\WINDOWS\System32\msvcrt.dll
0x00007ff8a73c0000 - 0x00007ff8a745e000 	C:\WINDOWS\System32\sechost.dll
0x00007ff8a8500000 - 0x00007ff8a8620000 	C:\WINDOWS\System32\RPCRT4.dll
0x00007ff8a7460000 - 0x00007ff8a760d000 	C:\WINDOWS\System32\USER32.dll
0x00007ff88ab80000 - 0x00007ff88ae25000 	C:\WINDOWS\WinSxS\amd64_microsoft.windows.common-controls_6595b64144ccf1df_6.0.22000.120_none_9d947278b86cc467\COMCTL32.dll
0x00007ff8a63d0000 - 0x00007ff8a63f6000 	C:\WINDOWS\System32\win32u.dll
0x00007ff8a7390000 - 0x00007ff8a73b9000 	C:\WINDOWS\System32\GDI32.dll
0x00007ff8a5d60000 - 0x00007ff8a5e78000 	C:\WINDOWS\System32\gdi32full.dll
0x00007ff8a6330000 - 0x00007ff8a63cd000 	C:\WINDOWS\System32\msvcp_win.dll
0x00007ff8922b0000 - 0x00007ff8922ba000 	C:\WINDOWS\SYSTEM32\VERSION.dll
0x00007ff8a84c0000 - 0x00007ff8a84f1000 	C:\WINDOWS\System32\IMM32.DLL
0x00007ff891200000 - 0x00007ff89120c000 	C:\Program Files\Java\jdk-18.0.2.1\bin\vcruntime140_1.dll
0x00007ff85e020000 - 0x00007ff85e0ad000 	C:\Program Files\Java\jdk-18.0.2.1\bin\msvcp140.dll
0x00007ff83af80000 - 0x00007ff83bb91000 	C:\Program Files\Java\jdk-18.0.2.1\bin\server\jvm.dll
0x00007ff8a81a0000 - 0x00007ff8a81a8000 	C:\WINDOWS\System32\PSAPI.DLL
0x00007ff873c00000 - 0x00007ff873c09000 	C:\WINDOWS\SYSTEM32\WSOCK32.dll
0x00007ff89bf20000 - 0x00007ff89bf53000 	C:\WINDOWS\SYSTEM32\WINMM.dll
0x00007ff8a6e10000 - 0x00007ff8a6e7f000 	C:\WINDOWS\System32\WS2_32.dll
0x00007ff8a4ce0000 - 0x00007ff8a4cf8000 	C:\WINDOWS\SYSTEM32\kernel.appcore.dll
0x00007ff8911f0000 - 0x00007ff8911fa000 	C:\Program Files\Java\jdk-18.0.2.1\bin\jimage.dll
0x00007ff8a35a0000 - 0x00007ff8a37c1000 	C:\WINDOWS\SYSTEM32\DBGHELP.DLL
0x00007ff87a990000 - 0x00007ff87a9c1000 	C:\WINDOWS\SYSTEM32\dbgcore.DLL
0x00007ff8a5bc0000 - 0x00007ff8a5c3f000 	C:\WINDOWS\System32\bcryptPrimitives.dll
0x00007ff890d00000 - 0x00007ff890d25000 	C:\Program Files\Java\jdk-18.0.2.1\bin\java.dll
0x00007ff8532f0000 - 0x00007ff8533c6000 	C:\Program Files\Java\jdk-18.0.2.1\bin\jsvml.dll
0x00007ff8a7910000 - 0x00007ff8a80c8000 	C:\WINDOWS\System32\SHELL32.dll
0x00007ff8a4270000 - 0x00007ff8a4ad8000 	C:\WINDOWS\SYSTEM32\windows.storage.dll
0x00007ff8a6950000 - 0x00007ff8a6cc9000 	C:\WINDOWS\System32\combase.dll
0x00007ff8a4100000 - 0x00007ff8a4266000 	C:\WINDOWS\SYSTEM32\wintypes.dll
0x00007ff8a6690000 - 0x00007ff8a677a000 	C:\WINDOWS\System32\SHCORE.dll
0x00007ff8a6db0000 - 0x00007ff8a6e0d000 	C:\WINDOWS\System32\shlwapi.dll
0x00007ff8a5af0000 - 0x00007ff8a5b11000 	C:\WINDOWS\SYSTEM32\profapi.dll
0x00007ff88d4e0000 - 0x00007ff88d4f3000 	C:\Program Files\Java\jdk-18.0.2.1\bin\net.dll
0x00007ff89f190000 - 0x00007ff89f29c000 	C:\WINDOWS\SYSTEM32\WINHTTP.dll
0x00007ff8a5100000 - 0x00007ff8a5167000 	C:\WINDOWS\system32\mswsock.dll
0x00007ff88d4c0000 - 0x00007ff88d4d6000 	C:\Program Files\Java\jdk-18.0.2.1\bin\nio.dll
0x00007ff88d4a0000 - 0x00007ff88d4b8000 	C:\Program Files\Java\jdk-18.0.2.1\bin\zip.dll
0x00007ff84e6f0000 - 0x00007ff84e87f000 	C:\Program Files\Java\jdk-18.0.2.1\bin\awt.dll
0x00007ff8a6cd0000 - 0x00007ff8a6da6000 	C:\WINDOWS\System32\OLEAUT32.dll
0x00007ff89ece0000 - 0x00007ff89ed71000 	C:\WINDOWS\SYSTEM32\apphelp.dll
0x00007ff89edf0000 - 0x00007ff89ee9c000 	C:\WINDOWS\system32\uxtheme.dll
0x00007ff8a6570000 - 0x00007ff8a668e000 	C:\WINDOWS\System32\MSCTF.dll
0x00007ff8a81b0000 - 0x00007ff8a834a000 	C:\WINDOWS\System32\ole32.dll
0x00007ff8a2df0000 - 0x00007ff8a2e1f000 	C:\WINDOWS\system32\DWMAPI.DLL
0x00007ff854680000 - 0x00007ff854781000 	C:\WINDOWS\system32\opengl32.dll
0x00007ff858310000 - 0x00007ff85833d000 	C:\WINDOWS\SYSTEM32\GLU32.dll
0x00007ff8a2b50000 - 0x00007ff8a2b88000 	C:\WINDOWS\SYSTEM32\dxcore.dll
0x00007ff853260000 - 0x00007ff8532e6000 	C:\Program Files\Java\jdk-18.0.2.1\bin\freetype.dll
0x00007ff852100000 - 0x00007ff8521a8000 	C:\Program Files\Java\jdk-18.0.2.1\bin\fontmanager.dll
0x00007ff8a80e0000 - 0x00007ff8a818f000 	C:\WINDOWS\System32\clbcatq.dll
0x00007ff898370000 - 0x00007ff89851e000 	C:\WINDOWS\SYSTEM32\WindowsCodecs.dll
0x00007ff85eba0000 - 0x00007ff85ebfd000 	C:\WINDOWS\system32\dataexchange.dll
0x00007ff897c80000 - 0x00007ff897ee6000 	C:\WINDOWS\system32\twinapi.appcore.dll
0x00007ff88d0d0000 - 0x00007ff88d1fd000 	C:\WINDOWS\SYSTEM32\textinputframework.dll
0x00007ff89e9f0000 - 0x00007ff89eb22000 	C:\WINDOWS\SYSTEM32\CoreMessaging.dll
0x00007ff8995f0000 - 0x00007ff89995d000 	C:\WINDOWS\SYSTEM32\CoreUIComponents.dll
0x00007ff8a52f0000 - 0x00007ff8a52fc000 	C:\WINDOWS\SYSTEM32\CRYPTBASE.DLL
0x00007ff87b160000 - 0x00007ff87b177000 	C:\WINDOWS\system32\napinsp.dll
0x00007ff87b130000 - 0x00007ff87b14b000 	C:\WINDOWS\system32\pnrpnsp.dll
0x00007ff8a3e40000 - 0x00007ff8a3f28000 	C:\WINDOWS\SYSTEM32\DNSAPI.dll
0x00007ff8a3e10000 - 0x00007ff8a3e3d000 	C:\WINDOWS\SYSTEM32\IPHLPAPI.DLL
0x00007ff8a7380000 - 0x00007ff8a7389000 	C:\WINDOWS\System32\NSI.dll
0x00007ff87af50000 - 0x00007ff87af62000 	C:\WINDOWS\System32\winrnr.dll
0x00007ff89ad00000 - 0x00007ff89ad15000 	C:\WINDOWS\system32\wshbth.dll
0x00007ff87aef0000 - 0x00007ff87af0f000 	C:\WINDOWS\system32\nlansp_c.dll
0x00007ff898520000 - 0x00007ff89852a000 	C:\Windows\System32\rasadhlp.dll
0x00007ff899f60000 - 0x00007ff899fe1000 	C:\WINDOWS\System32\fwpuclnt.dll
0x00007ff8a53e0000 - 0x00007ff8a53f8000 	C:\WINDOWS\SYSTEM32\CRYPTSP.dll
0x00007ff8a4c40000 - 0x00007ff8a4c75000 	C:\WINDOWS\system32\rsaenh.dll
0x00007ff8a51a0000 - 0x00007ff8a51c9000 	C:\WINDOWS\SYSTEM32\USERENV.dll
0x00007ff8a5520000 - 0x00007ff8a5547000 	C:\WINDOWS\SYSTEM32\bcrypt.dll
0x00007ff89ba10000 - 0x00007ff89ba29000 	C:\WINDOWS\SYSTEM32\dhcpcsvc6.DLL
0x00007ff89bb70000 - 0x00007ff89bb8e000 	C:\WINDOWS\SYSTEM32\dhcpcsvc.DLL
0x00007ff88d480000 - 0x00007ff88d48e000 	C:\Program Files\Java\jdk-18.0.2.1\bin\sunmscapi.dll
0x00007ff8a6400000 - 0x00007ff8a6562000 	C:\WINDOWS\System32\CRYPT32.dll
0x00007ff8a54f0000 - 0x00007ff8a5518000 	C:\WINDOWS\SYSTEM32\ncrypt.dll
0x00007ff8a54b0000 - 0x00007ff8a54e7000 	C:\WINDOWS\SYSTEM32\NTASN1.dll
0x00007ff88ce60000 - 0x00007ff88ce8d000 	C:\Program Files\Java\jdk-18.0.2.1\bin\javajpeg.dll
0x00007ff8911e0000 - 0x00007ff8911f0000 	C:\Program Files\Java\jdk-18.0.2.1\bin\verify.dll

dbghelp: loaded successfully - version: 4.0.5 - missing functions: none
symbol engine: initialized successfully - sym options: 0x614 - pdb path: .;C:\Program Files\Java\jdk-18.0.2.1\bin;C:\WINDOWS\SYSTEM32;C:\WINDOWS\WinSxS\amd64_microsoft.windows.common-controls_6595b64144ccf1df_6.0.22000.120_none_9d947278b86cc467;C:\Program Files\Java\jdk-18.0.2.1\bin\server

VM Arguments:
jvm_args: -Dfile.encoding=UTF-8 --module-path=C:\Users\FPTSHOP\OneDrive\Desktop\PawnStore\PawnStore\build\classes 
java_command: pawnstore.Main
java_class_path (initial): C:\Users\FPTSHOP\OneDrive\Desktop\PawnStore\PawnStore\lib\eclipselink\org.eclipse.persistence.core-2.7.9.jar;C:\Users\FPTSHOP\OneDrive\Desktop\PawnStore\PawnStore\lib\eclipselink\org.eclipse.persistence.asm-9.1.0.jar;C:\Users\FPTSHOP\OneDrive\Desktop\PawnStore\PawnStore\lib\eclipselink\org.eclipse.persistence.antlr-2.7.9.jar;C:\Users\FPTSHOP\OneDrive\Desktop\PawnStore\PawnStore\lib\eclipselink\org.eclipse.persistence.jpa-2.7.9.jar;C:\Users\FPTSHOP\OneDrive\Desktop\PawnStore\PawnStore\lib\eclipselink\org.eclipse.persistence.jpa.jpql-2.7.9.jar;C:\Users\FPTSHOP\OneDrive\Desktop\PawnStore\PawnStore\lib\eclipselink\org.eclipse.persistence.moxy-2.7.9.jar;C:\Users\FPTSHOP\OneDrive\Desktop\PawnStore\PawnStore\lib\eclipselink\javax.persistence-2.2.1.jar;C:\Users\FPTSHOP\OneDrive\Desktop\PawnStore\PawnStore\lib\absolutelayout\AbsoluteLayout.jar;C:\Users\FPTSHOP\OneDrive\Desktop\PawnStore\jcalendar-1.4\lib\jcalendar-1.4.jar;C:\Users\FPTSHOP\OneDrive\Desktop\PawnStore\PLUGIN & LIBRARY IREPORT\PLUGIN & LIBRARY IREPORT\LIBRARY IREPORT.zip;C:\Users\FPTSHOP\OneDrive\Desktop\PawnStore\sqljdbc_11.2.0.0_enu\sqljdbc_11.2\enu\mssql-jdbc-11.2.0.jre18.jar;C:\Users\FPTSHOP\OneDrive\Desktop\PawnStore\jar_files\pdf-7.1.jar;C:\Users\FPTSHOP\OneDrive\Desktop\PawnStore\PawnStore\build\classes
Launcher Type: SUN_STANDARD

[Global flags]
     intx CICompilerCount                          = 4                                         {product} {ergonomic}
     uint ConcGCThreads                            = 2                                         {product} {ergonomic}
     uint G1ConcRefinementThreads                  = 8                                         {product} {ergonomic}
   size_t G1HeapRegionSize                         = 1048576                                   {product} {ergonomic}
    uintx GCDrainStackTargetSize                   = 64                                        {product} {ergonomic}
   size_t InitialHeapSize                          = 132120576                                 {product} {ergonomic}
   size_t MarkStackSize                            = 4194304                                   {product} {ergonomic}
   size_t MaxHeapSize                              = 2099249152                                {product} {ergonomic}
   size_t MaxNewSize                               = 1259339776                                {product} {ergonomic}
   size_t MinHeapDeltaBytes                        = 1048576                                   {product} {ergonomic}
   size_t MinHeapSize                              = 8388608                                   {product} {ergonomic}
    uintx NonNMethodCodeHeapSize                   = 5839372                                {pd product} {ergonomic}
    uintx NonProfiledCodeHeapSize                  = 122909434                              {pd product} {ergonomic}
    uintx ProfiledCodeHeapSize                     = 122909434                              {pd product} {ergonomic}
    uintx ReservedCodeCacheSize                    = 251658240                              {pd product} {ergonomic}
     bool SegmentedCodeCache                       = true                                      {product} {ergonomic}
   size_t SoftMaxHeapSize                          = 2099249152                             {manageable} {ergonomic}
     bool UseCompressedClassPointers               = true                           {product lp64_product} {ergonomic}
     bool UseCompressedOops                        = true                           {product lp64_product} {ergonomic}
     bool UseG1GC                                  = true                                      {product} {ergonomic}
     bool UseLargePagesIndividualAllocation        = false                                  {pd product} {ergonomic}

Logging:
Log output configuration:
 #0: stdout all=warning uptime,level,tags foldmultilines=false
 #1: stderr all=off uptime,level,tags foldmultilines=false

Environment Variables:
JAVA_HOME=C:\Program Files\Java\jdk-18.0.2.1
PATH=C:\Program Files\Common Files\Oracle\Java\javapath;C:\Program Files\Common Files\Microsoft Shared\Microsoft Online Services;C:\Program Files (x86)\Common Files\Microsoft Shared\Microsoft Online Services;C:\Program Files (x86)\Python38-32\Scripts\;C:\Program Files (x86)\Python38-32\;C:\Windows\system32;C:\Windows;C:\Windows\System32\Wbem;C:\Windows\System32\WindowsPowerShell\v1.0\;C:\Windows\System32\OpenSSH\;C:\Program Files\Microsoft SQL Server\130\Tools\Binn\;C:\MinGW\bin;%QUARTUS_ROOTDIR%\bin;C:\Program Files\Microsoft SQL Server\Client SDK\ODBC\170\Tools\Binn\;C:\Program Files\Microsoft SQL Server\Client SDK\ODBC\130\Tools\Binn\;C:\Program Files (x86)\Microsoft SQL Server\130\Tools\Binn\;C:\Program Files\Microsoft SQL Server\130\DTS\Binn\;C:\Program Files (x86)\Microsoft SQL Server\150\Tools\Binn\;C:\Program Files\Microsoft SQL Server\150\Tools\Binn\;C:\Program Files\Microsoft SQL Server\150\DTS\Binn\;C:\Program Files (x86)\Microsoft SQL Server\150\DTS\Binn\;C:\Program Files\Microsoft SQL Server\110\Tools\Binn\;C:\Program Files\dotnet\;C:\Program Files\Azure Data Studio\bin;C:\Program Files\Microsoft SQL Server\120\Tools\Binn\;C:\WINDOWS\system32;C:\WINDOWS;C:\WINDOWS\System32\Wbem;C:\WINDOWS\System32\WindowsPowerShell\v1.0\;C:\WINDOWS\System32\OpenSSH\;C:\Program Files\Docker\Docker\resources\bin;C:\ProgramData\DockerDesktop\version-bin;C:\Program Files (x86)\dotnet\;E:\Download\spring-boot-cli-2.3.9.RELEASE-bin\spring-2.3.9.RELEASE\bin;C:\Program Files\MySQL\MySQL Server 8.0\bin;C:\Program Files\Git\cmd;C:\Program Files\Java\apache-maven-3.8.6-bin\apache-maven-3.8.6\bin;C:\Program Files\PowerShell\7\;C:\Program Files\Java\jdk-18.0.2.1\bin;C:\Program Files\MySQL\MySQL Shell 8.0\bin\;C:\Users\FPTSHOP\AppData\Local\Microsoft\WindowsApps;C:\MinGW\bin;C:\Users\FPTSHOP\.dotnet\tools;C:\Program Files\Azure Data Studio\bin;C:\Users\FPTSHOP\AppData\Local\Programs\Microsoft VS Code\bin;C:\Program Files\Java\jdk-18.0.2.1\bin;
USERNAME=NVS
OS=Windows_NT
PROCESSOR_IDENTIFIER=Intel64 Family 6 Model 142 Stepping 12, GenuineIntel



---------------  S Y S T E M  ---------------

OS:
 Windows 11 , 64 bit Build 22000 (10.0.22000.708)
OS uptime: 1 days 3:06 hours
Hyper-V role detected

CPU: total 8 (initial active 8) (4 cores per cpu, 2 threads per core) family 6 model 142 stepping 12 microcode 0xec, cx8, cmov, fxsr, ht, mmx, 3dnowpref, sse, sse2, sse3, ssse3, sse4.1, sse4.2, popcnt, lzcnt, tsc, tscinvbit, avx, avx2, aes, erms, clmul, bmi1, bmi2, adx, fma, vzeroupper, clflush, clflushopt, hv

Memory: 4k page, system-wide physical 8006M (528M free)
TotalPageFile size 12102M (AvailPageFile size 109M)
current process WorkingSet (physical memory assigned to process): 257M, peak: 266M
current process commit charge ("private bytes"): 290M, peak: 404M

vm_info: Java HotSpot(TM) 64-Bit Server VM (18.0.2.1+1-1) for windows-amd64 JRE (18.0.2.1+1-1), built on Aug 16 2022 01:46:33 by "mach5one" with MS VC++ 16.8 / 16.9 (VS2019)

END.
