#
# There is insufficient memory for the Java Runtime Environment to continue.
# Native memory allocation (malloc) failed to allocate 87696 bytes for Chunk::new
# Possible reasons:
#   The system is out of physical RAM or swap space
#   The process is running with CompressedOops enabled, and the Java Heap may be blocking the growth of the native heap
# Possible solutions:
#   Reduce memory load on the system
#   Increase physical memory or swap space
#   Check if swap backing store is full
#   Decrease Java heap size (-Xmx/-Xms)
#   Decrease number of Java threads
#   Decrease Java thread stack sizes (-Xss)
#   Set larger code cache with -XX:ReservedCodeCacheSize=
#   JVM is running with Unscaled Compressed Oops mode in which the Java heap is
#     placed in the first 4GB address space. The Java Heap base address is the
#     maximum limit for the native heap growth. Please use -XX:HeapBaseMinAddress
#     to set the Java Heap base and to place the Java Heap above 4GB virtual address.
# This output file may be truncated or incomplete.
#
#  Out of Memory Error (arena.cpp:184), pid=16312, tid=17952
#
# JRE version: Java(TM) SE Runtime Environment (18.0.2+9) (build 18.0.2+9-61)
# Java VM: Java HotSpot(TM) 64-Bit Server VM (18.0.2+9-61, mixed mode, sharing, tiered, compressed oops, compressed class ptrs, g1 gc, windows-amd64)
# No core dump will be written. Minidumps are not enabled by default on client versions of Windows
#

---------------  S U M M A R Y ------------

Command Line: -Dfile.encoding=UTF-8 --module-path=C:\Users\FPTSHOP\OneDrive\Desktop\PawnStore\PawnStore\build\classes pawnstore.Main

Host: Intel(R) Core(TM) i5-8265U CPU @ 1.60GHz, 8 cores, 7G,  Windows 11 , 64 bit Build 22000 (10.0.22000.708)
Time: Mon Aug 22 07:29:20 2022 SE Asia Standard Time elapsed time: 112.459996 seconds (0d 0h 1m 52s)

---------------  T H R E A D  ---------------

Current thread (0x000001ceed2b99b0):  JavaThread "C2 CompilerThread0" daemon [_thread_in_native, id=17952, stack(0x000000a214300000,0x000000a214400000)]


Current CompileTask:
C2: 112460 4797       4       sun.font.FontDesignMetrics::stringWidth (155 bytes)

Stack: [0x000000a214300000,0x000000a214400000]
Native frames: (J=compiled Java code, j=interpreted, Vv=VM code, C=native code)
V  [jvm.dll+0x6993ca]
V  [jvm.dll+0x7f481d]
V  [jvm.dll+0x7f612e]
V  [jvm.dll+0x7f67e3]
V  [jvm.dll+0x25cdaf]
V  [jvm.dll+0xb8c2f]
V  [jvm.dll+0xb8fa5]
V  [jvm.dll+0x386091]
V  [jvm.dll+0x1d2655]
V  [jvm.dll+0x2300a9]
V  [jvm.dll+0x22f321]
V  [jvm.dll+0x1ba01c]
V  [jvm.dll+0x23ec9a]
V  [jvm.dll+0x23cf85]
V  [jvm.dll+0x7a6e21]
V  [jvm.dll+0x7a125a]
V  [jvm.dll+0x698275]
C  [ucrtbase.dll+0x26c0c]
C  [KERNEL32.DLL+0x154e0]
C  [ntdll.dll+0x485b]


---------------  P R O C E S S  ---------------

Threads class SMR info:
_java_thread_list=0x000001cef33ea350, length=21, elements={
0x000001ceed2916d0, 0x000001ceed292070, 0x000001ceed2ae4c0, 0x000001ceed2aee60,
0x000001ceed2af800, 0x000001ceed2b27c0, 0x000001ceed2b99b0, 0x000001ceed2c2bc0,
0x000001ceed2c35a0, 0x000001cef156a900, 0x000001cef15cbf70, 0x000001cef17f4a50,
0x000001cef17db020, 0x000001cef17db4e0, 0x000001cef1803a20, 0x000001cecf1e3200,
0x000001cef3770ed0, 0x000001cef276b580, 0x000001cef38171c0, 0x000001cef36617a0,
0x000001cef365f5f0
}

Java Threads: ( => current thread )
  0x000001ceed2916d0 JavaThread "Reference Handler" daemon [_thread_blocked, id=19480, stack(0x000000a213d00000,0x000000a213e00000)]
  0x000001ceed292070 JavaThread "Finalizer" daemon [_thread_blocked, id=18528, stack(0x000000a213e00000,0x000000a213f00000)]
  0x000001ceed2ae4c0 JavaThread "Signal Dispatcher" daemon [_thread_blocked, id=4252, stack(0x000000a213f00000,0x000000a214000000)]
  0x000001ceed2aee60 JavaThread "Attach Listener" daemon [_thread_blocked, id=1584, stack(0x000000a214000000,0x000000a214100000)]
  0x000001ceed2af800 JavaThread "Service Thread" daemon [_thread_blocked, id=21172, stack(0x000000a214100000,0x000000a214200000)]
  0x000001ceed2b27c0 JavaThread "Monitor Deflation Thread" daemon [_thread_blocked, id=19068, stack(0x000000a214200000,0x000000a214300000)]
=>0x000001ceed2b99b0 JavaThread "C2 CompilerThread0" daemon [_thread_in_native, id=17952, stack(0x000000a214300000,0x000000a214400000)]
  0x000001ceed2c2bc0 JavaThread "C1 CompilerThread0" daemon [_thread_blocked, id=14080, stack(0x000000a214400000,0x000000a214500000)]
  0x000001ceed2c35a0 JavaThread "Sweeper thread" daemon [_thread_blocked, id=10052, stack(0x000000a214500000,0x000000a214600000)]
  0x000001cef156a900 JavaThread "Common-Cleaner" daemon [_thread_blocked, id=20380, stack(0x000000a214600000,0x000000a214700000)]
  0x000001cef15cbf70 JavaThread "Notification Thread" daemon [_thread_blocked, id=21160, stack(0x000000a214700000,0x000000a214800000)]
  0x000001cef17f4a50 JavaThread "Java2D Disposer" daemon [_thread_blocked, id=11656, stack(0x000000a214a00000,0x000000a214b00000)]
  0x000001cef17db020 JavaThread "AWT-Shutdown" [_thread_blocked, id=10036, stack(0x000000a214b00000,0x000000a214c00000)]
  0x000001cef17db4e0 JavaThread "AWT-Windows" daemon [_thread_in_native, id=20664, stack(0x000000a214c00000,0x000000a214d00000)]
  0x000001cef1803a20 JavaThread "AWT-EventQueue-0" [_thread_blocked, id=11208, stack(0x000000a214d00000,0x000000a214e00000)]
  0x000001cecf1e3200 JavaThread "DestroyJavaVM" [_thread_blocked, id=10796, stack(0x000000a213600000,0x000000a213700000)]
  0x000001cef3770ed0 JavaThread "TimerQueue" daemon [_thread_blocked, id=12932, stack(0x000000a215200000,0x000000a215300000)]
  0x000001cef276b580 JavaThread "Thread-0" [_thread_blocked, id=19808, stack(0x000000a214900000,0x000000a214a00000)]
  0x000001cef38171c0 JavaThread "Thread-1" [_thread_blocked, id=2748, stack(0x000000a215d00000,0x000000a215e00000)]
  0x000001cef36617a0 JavaThread "PrinterListener" daemon [_thread_in_native, id=16508, stack(0x000000a216200000,0x000000a216300000)]
  0x000001cef365f5f0 JavaThread "RemotePrinterListener" daemon [_thread_in_native, id=13968, stack(0x000000a216300000,0x000000a216400000)]

Other Threads:
  0x000001ceed28ee70 VMThread "VM Thread" [stack: 0x000000a213c00000,0x000000a213d00000] [id=3104]
  0x000001cef1606690 WatcherThread "VM Periodic Task Thread" [stack: 0x000000a214800000,0x000000a214900000] [id=7404]
  0x000001cecf244f50 WorkerThread "GC Thread#0" [stack: 0x000000a213700000,0x000000a213800000] [id=11380]
  0x000001cef37b10c0 WorkerThread "GC Thread#1" [stack: 0x000000a215400000,0x000000a215500000] [id=20628]
  0x000001cef34db9a0 WorkerThread "GC Thread#2" [stack: 0x000000a215500000,0x000000a215600000] [id=15736]
  0x000001cef34dbc40 WorkerThread "GC Thread#3" [stack: 0x000000a215600000,0x000000a215700000] [id=6552]
  0x000001cef285e9a0 WorkerThread "GC Thread#4" [stack: 0x000000a215700000,0x000000a215800000] [id=21024]
  0x000001cef3521450 WorkerThread "GC Thread#5" [stack: 0x000000a215800000,0x000000a215900000] [id=18464]
  0x000001cef36583c0 WorkerThread "GC Thread#6" [stack: 0x000000a215900000,0x000000a215a00000] [id=11476]
  0x000001cef3657e80 WorkerThread "GC Thread#7" [stack: 0x000000a215a00000,0x000000a215b00000] [id=1404]
  0x000001cecf255a20 ConcurrentGCThread "G1 Main Marker" [stack: 0x000000a213800000,0x000000a213900000] [id=1560]
  0x000001cecf256bb0 WorkerThread "G1 Conc#0" [stack: 0x000000a213900000,0x000000a213a00000] [id=1352]
  0x000001cef3656980 WorkerThread "G1 Conc#1" [stack: 0x000000a216000000,0x000000a216100000] [id=13768]
  0x000001cecf2a7b40 ConcurrentGCThread "G1 Refine#0" [stack: 0x000000a213a00000,0x000000a213b00000] [id=16432]
  0x000001cef38191f0 ConcurrentGCThread "G1 Refine#1" [stack: 0x000000a215b00000,0x000000a215c00000] [id=15104]
  0x000001cef38391b0 ConcurrentGCThread "G1 Refine#2" [stack: 0x000000a215c00000,0x000000a215d00000] [id=1344]
  0x000001cef16f5e80 ConcurrentGCThread "G1 Refine#3" [stack: 0x000000a215e00000,0x000000a215f00000] [id=10616]
  0x000001cecf2a9300 ConcurrentGCThread "G1 Service" [stack: 0x000000a213b00000,0x000000a213c00000] [id=11480]

Threads with active compile tasks:
C2 CompilerThread0   112554 4797       4       sun.font.FontDesignMetrics::stringWidth (155 bytes)

VM state: not at safepoint (normal execution)

VM Mutex/Monitor currently owned by a thread: None

Heap address: 0x0000000082e00000, size: 2002 MB, Compressed Oops mode: 32-bit

CDS archive(s) mapped at: [0x0000000800000000-0x0000000800ba0000-0x0000000800ba0000), size 12189696, SharedBaseAddress: 0x0000000800000000, ArchiveRelocationMode: 0.
Compressed class space mapped at: 0x0000000800c00000-0x0000000840c00000, reserved size: 1073741824
Narrow klass base: 0x0000000800000000, Narrow klass shift: 0, Narrow klass range: 0x100000000

GC Precious Log:
 CardTable entry size: 512
 Card Set container configuration: InlinePtr #cards 5 size 8 Array Of Cards #cards 12 size 40 Howl #buckets 4 coarsen threshold 1843 Howl Bitmap #cards 512 size 80 coarsen threshold 460 Card regions per heap region 1 cards per card region 2048
 CPUs: 8 total, 8 available
 Memory: 8006M
 Large Page Support: Disabled
 NUMA Support: Disabled
 Compressed Oops: Enabled (32-bit)
 Heap Region Size: 1M
 Heap Min Capacity: 8M
 Heap Initial Capacity: 126M
 Heap Max Capacity: 2002M
 Pre-touch: Disabled
 Parallel Workers: 8
 Concurrent Workers: 2
 Concurrent Refinement Workers: 8
 Periodic GC: Disabled

Heap:
 garbage-first heap   total 258048K, used 157762K [0x0000000082e00000, 0x0000000100000000)
  region size 1024K, 7 young (7168K), 1 survivors (1024K)
 Metaspace       used 24355K, committed 24640K, reserved 1114112K
  class space    used 2578K, committed 2752K, reserved 1048576K

Heap Regions: E=young(eden), S=young(survivor), O=old, HS=humongous(starts), HC=humongous(continues), CS=collection set, F=free, OA=open archive, CA=closed archive, TAMS=top-at-mark-start (previous, next)
|   0|0x0000000082e00000, 0x0000000082f00000, 0x0000000082f00000|100%|HS|  |TAMS 0x0000000082f00000, 0x0000000082e00000| Complete 
|   1|0x0000000082f00000, 0x0000000083000000, 0x0000000083000000|100%|HC|  |TAMS 0x0000000083000000, 0x0000000082f00000| Complete 
|   2|0x0000000083000000, 0x0000000083100000, 0x0000000083100000|100%| O|  |TAMS 0x0000000083100000, 0x0000000083000000| Untracked 
|   3|0x0000000083100000, 0x0000000083200000, 0x0000000083200000|100%| O|  |TAMS 0x0000000083200000, 0x0000000083100000| Untracked 
|   4|0x0000000083200000, 0x0000000083300000, 0x0000000083300000|100%| O|  |TAMS 0x0000000083300000, 0x0000000083200000| Untracked 
|   5|0x0000000083300000, 0x0000000083400000, 0x0000000083400000|100%| O|  |TAMS 0x0000000083400000, 0x0000000083300000| Untracked 
|   6|0x0000000083400000, 0x0000000083500000, 0x0000000083500000|100%| O|  |TAMS 0x0000000083500000, 0x0000000083400000| Untracked 
|   7|0x0000000083500000, 0x0000000083600000, 0x0000000083600000|100%|HS|  |TAMS 0x0000000083600000, 0x0000000083500000| Complete 
|   8|0x0000000083600000, 0x0000000083700000, 0x0000000083700000|100%|HC|  |TAMS 0x0000000083700000, 0x0000000083600000| Complete 
|   9|0x0000000083700000, 0x0000000083800000, 0x0000000083800000|100%|HC|  |TAMS 0x0000000083800000, 0x0000000083700000| Complete 
|  10|0x0000000083800000, 0x0000000083900000, 0x0000000083900000|100%|HC|  |TAMS 0x0000000083900000, 0x0000000083800000| Complete 
|  11|0x0000000083900000, 0x0000000083a00000, 0x0000000083a00000|100%|HC|  |TAMS 0x0000000083a00000, 0x0000000083900000| Complete 
|  12|0x0000000083a00000, 0x0000000083b00000, 0x0000000083b00000|100%|HC|  |TAMS 0x0000000083b00000, 0x0000000083a00000| Complete 
|  13|0x0000000083b00000, 0x0000000083c00000, 0x0000000083c00000|100%|HC|  |TAMS 0x0000000083c00000, 0x0000000083b00000| Complete 
|  14|0x0000000083c00000, 0x0000000083d00000, 0x0000000083d00000|100%|HC|  |TAMS 0x0000000083d00000, 0x0000000083c00000| Complete 
|  15|0x0000000083d00000, 0x0000000083e00000, 0x0000000083e00000|100%|HC|  |TAMS 0x0000000083e00000, 0x0000000083d00000| Complete 
|  16|0x0000000083e00000, 0x0000000083f00000, 0x0000000083f00000|100%|HC|  |TAMS 0x0000000083f00000, 0x0000000083e00000| Complete 
|  17|0x0000000083f00000, 0x0000000084000000, 0x0000000084000000|100%|HC|  |TAMS 0x0000000084000000, 0x0000000083f00000| Complete 
|  18|0x0000000084000000, 0x0000000084100000, 0x0000000084100000|100%|HC|  |TAMS 0x0000000084100000, 0x0000000084000000| Complete 
|  19|0x0000000084100000, 0x0000000084200000, 0x0000000084200000|100%|HC|  |TAMS 0x0000000084200000, 0x0000000084100000| Complete 
|  20|0x0000000084200000, 0x0000000084300000, 0x0000000084300000|100%|HC|  |TAMS 0x0000000084300000, 0x0000000084200000| Complete 
|  21|0x0000000084300000, 0x0000000084400000, 0x0000000084400000|100%|HC|  |TAMS 0x0000000084400000, 0x0000000084300000| Complete 
|  22|0x0000000084400000, 0x0000000084500000, 0x0000000084500000|100%|HC|  |TAMS 0x0000000084500000, 0x0000000084400000| Complete 
|  23|0x0000000084500000, 0x0000000084600000, 0x0000000084600000|100%|HC|  |TAMS 0x0000000084600000, 0x0000000084500000| Complete 
|  24|0x0000000084600000, 0x0000000084700000, 0x0000000084700000|100%|HC|  |TAMS 0x0000000084700000, 0x0000000084600000| Complete 
|  25|0x0000000084700000, 0x0000000084800000, 0x0000000084800000|100%|HC|  |TAMS 0x0000000084800000, 0x0000000084700000| Complete 
|  26|0x0000000084800000, 0x0000000084900000, 0x0000000084900000|100%| O|  |TAMS 0x0000000084900000, 0x0000000084800000| Untracked 
|  27|0x0000000084900000, 0x0000000084a00000, 0x0000000084a00000|100%| O|  |TAMS 0x0000000084a00000, 0x0000000084900000| Untracked 
|  28|0x0000000084a00000, 0x0000000084a00000, 0x0000000084b00000|  0%| F|  |TAMS 0x0000000084a00000, 0x0000000084a00000| Untracked 
|  29|0x0000000084b00000, 0x0000000084c00000, 0x0000000084c00000|100%| O|  |TAMS 0x0000000084c00000, 0x0000000084b00000| Untracked 
|  30|0x0000000084c00000, 0x0000000084ccca00, 0x0000000084d00000| 79%| O|  |TAMS 0x0000000084ccca00, 0x0000000084c00000| Untracked 
|  31|0x0000000084d00000, 0x0000000084e00000, 0x0000000084e00000|100%|HS|  |TAMS 0x0000000084d00000, 0x0000000084d00000| Complete 
|  32|0x0000000084e00000, 0x0000000084f00000, 0x0000000084f00000|100%|HC|  |TAMS 0x0000000084e00000, 0x0000000084e00000| Complete 
|  33|0x0000000084f00000, 0x0000000085000000, 0x0000000085000000|100%|HC|  |TAMS 0x0000000084f00000, 0x0000000084f00000| Complete 
|  34|0x0000000085000000, 0x0000000085100000, 0x0000000085100000|100%|HS|  |TAMS 0x0000000085100000, 0x0000000085000000| Complete 
|  35|0x0000000085100000, 0x0000000085200000, 0x0000000085200000|100%|HC|  |TAMS 0x0000000085200000, 0x0000000085100000| Complete 
|  36|0x0000000085200000, 0x0000000085300000, 0x0000000085300000|100%|HC|  |TAMS 0x0000000085300000, 0x0000000085200000| Complete 
|  37|0x0000000085300000, 0x0000000085400000, 0x0000000085400000|100%|HS|  |TAMS 0x0000000085400000, 0x0000000085300000| Complete 
|  38|0x0000000085400000, 0x0000000085500000, 0x0000000085500000|100%|HC|  |TAMS 0x0000000085500000, 0x0000000085400000| Complete 
|  39|0x0000000085500000, 0x0000000085600000, 0x0000000085600000|100%|HC|  |TAMS 0x0000000085600000, 0x0000000085500000| Complete 
|  40|0x0000000085600000, 0x0000000085600000, 0x0000000085700000|  0%| F|  |TAMS 0x0000000085600000, 0x0000000085600000| Untracked 
|  41|0x0000000085700000, 0x0000000085800000, 0x0000000085800000|100%|HS|  |TAMS 0x0000000085800000, 0x0000000085700000| Complete 
|  42|0x0000000085800000, 0x0000000085900000, 0x0000000085900000|100%|HC|  |TAMS 0x0000000085900000, 0x0000000085800000| Complete 
|  43|0x0000000085900000, 0x0000000085a00000, 0x0000000085a00000|100%|HC|  |TAMS 0x0000000085a00000, 0x0000000085900000| Complete 
|  44|0x0000000085a00000, 0x0000000085b00000, 0x0000000085b00000|100%|HC|  |TAMS 0x0000000085b00000, 0x0000000085a00000| Complete 
|  45|0x0000000085b00000, 0x0000000085c00000, 0x0000000085c00000|100%|HC|  |TAMS 0x0000000085c00000, 0x0000000085b00000| Complete 
|  46|0x0000000085c00000, 0x0000000085d00000, 0x0000000085d00000|100%|HC|  |TAMS 0x0000000085d00000, 0x0000000085c00000| Complete 
|  47|0x0000000085d00000, 0x0000000085e00000, 0x0000000085e00000|100%|HC|  |TAMS 0x0000000085e00000, 0x0000000085d00000| Complete 
|  48|0x0000000085e00000, 0x0000000085f00000, 0x0000000085f00000|100%|HS|  |TAMS 0x0000000085e00000, 0x0000000085e00000| Complete 
|  49|0x0000000085f00000, 0x0000000086000000, 0x0000000086000000|100%|HC|  |TAMS 0x0000000085f00000, 0x0000000085f00000| Complete 
|  50|0x0000000086000000, 0x0000000086100000, 0x0000000086100000|100%|HC|  |TAMS 0x0000000086000000, 0x0000000086000000| Complete 
|  51|0x0000000086100000, 0x0000000086100000, 0x0000000086200000|  0%| F|  |TAMS 0x0000000086100000, 0x0000000086100000| Untracked 
|  52|0x0000000086200000, 0x0000000086200000, 0x0000000086300000|  0%| F|  |TAMS 0x0000000086200000, 0x0000000086200000| Untracked 
|  53|0x0000000086300000, 0x0000000086300000, 0x0000000086400000|  0%| F|  |TAMS 0x0000000086300000, 0x0000000086300000| Untracked 
|  54|0x0000000086400000, 0x0000000086400000, 0x0000000086500000|  0%| F|  |TAMS 0x0000000086400000, 0x0000000086400000| Untracked 
|  55|0x0000000086500000, 0x0000000086500000, 0x0000000086600000|  0%| F|  |TAMS 0x0000000086500000, 0x0000000086500000| Untracked 
|  56|0x0000000086600000, 0x0000000086600000, 0x0000000086700000|  0%| F|  |TAMS 0x0000000086600000, 0x0000000086600000| Untracked 
|  57|0x0000000086700000, 0x0000000086800000, 0x0000000086800000|100%|HS|  |TAMS 0x0000000086800000, 0x0000000086700000| Complete 
|  58|0x0000000086800000, 0x0000000086900000, 0x0000000086900000|100%|HC|  |TAMS 0x0000000086900000, 0x0000000086800000| Complete 
|  59|0x0000000086900000, 0x0000000086a00000, 0x0000000086a00000|100%|HC|  |TAMS 0x0000000086a00000, 0x0000000086900000| Complete 
|  60|0x0000000086a00000, 0x0000000086b00000, 0x0000000086b00000|100%|HC|  |TAMS 0x0000000086b00000, 0x0000000086a00000| Complete 
|  61|0x0000000086b00000, 0x0000000086c00000, 0x0000000086c00000|100%|HC|  |TAMS 0x0000000086c00000, 0x0000000086b00000| Complete 
|  62|0x0000000086c00000, 0x0000000086d00000, 0x0000000086d00000|100%|HC|  |TAMS 0x0000000086d00000, 0x0000000086c00000| Complete 
|  63|0x0000000086d00000, 0x0000000086e00000, 0x0000000086e00000|100%|HC|  |TAMS 0x0000000086e00000, 0x0000000086d00000| Complete 
|  64|0x0000000086e00000, 0x0000000086f00000, 0x0000000086f00000|100%|HC|  |TAMS 0x0000000086f00000, 0x0000000086e00000| Complete 
|  65|0x0000000086f00000, 0x0000000087000000, 0x0000000087000000|100%|HC|  |TAMS 0x0000000087000000, 0x0000000086f00000| Complete 
|  66|0x0000000087000000, 0x0000000087100000, 0x0000000087100000|100%|HC|  |TAMS 0x0000000087100000, 0x0000000087000000| Complete 
|  67|0x0000000087100000, 0x0000000087200000, 0x0000000087200000|100%|HC|  |TAMS 0x0000000087200000, 0x0000000087100000| Complete 
|  68|0x0000000087200000, 0x0000000087300000, 0x0000000087300000|100%|HC|  |TAMS 0x0000000087300000, 0x0000000087200000| Complete 
|  69|0x0000000087300000, 0x0000000087400000, 0x0000000087400000|100%|HC|  |TAMS 0x0000000087400000, 0x0000000087300000| Complete 
|  70|0x0000000087400000, 0x0000000087500000, 0x0000000087500000|100%|HC|  |TAMS 0x0000000087500000, 0x0000000087400000| Complete 
|  71|0x0000000087500000, 0x0000000087600000, 0x0000000087600000|100%|HC|  |TAMS 0x0000000087600000, 0x0000000087500000| Complete 
|  72|0x0000000087600000, 0x0000000087700000, 0x0000000087700000|100%|HC|  |TAMS 0x0000000087700000, 0x0000000087600000| Complete 
|  73|0x0000000087700000, 0x0000000087800000, 0x0000000087800000|100%|HC|  |TAMS 0x0000000087800000, 0x0000000087700000| Complete 
|  74|0x0000000087800000, 0x0000000087900000, 0x0000000087900000|100%|HC|  |TAMS 0x0000000087900000, 0x0000000087800000| Complete 
|  75|0x0000000087900000, 0x0000000087a00000, 0x0000000087a00000|100%|HC|  |TAMS 0x0000000087a00000, 0x0000000087900000| Complete 
|  76|0x0000000087a00000, 0x0000000087b00000, 0x0000000087b00000|100%|HC|  |TAMS 0x0000000087b00000, 0x0000000087a00000| Complete 
|  77|0x0000000087b00000, 0x0000000087c00000, 0x0000000087c00000|100%|HC|  |TAMS 0x0000000087c00000, 0x0000000087b00000| Complete 
|  78|0x0000000087c00000, 0x0000000087d00000, 0x0000000087d00000|100%|HC|  |TAMS 0x0000000087d00000, 0x0000000087c00000| Complete 
|  79|0x0000000087d00000, 0x0000000087e00000, 0x0000000087e00000|100%|HC|  |TAMS 0x0000000087e00000, 0x0000000087d00000| Complete 
|  80|0x0000000087e00000, 0x0000000087f00000, 0x0000000087f00000|100%|HC|  |TAMS 0x0000000087f00000, 0x0000000087e00000| Complete 
|  81|0x0000000087f00000, 0x0000000088000000, 0x0000000088000000|100%|HC|  |TAMS 0x0000000088000000, 0x0000000087f00000| Complete 
|  82|0x0000000088000000, 0x0000000088100000, 0x0000000088100000|100%|HC|  |TAMS 0x0000000088100000, 0x0000000088000000| Complete 
|  83|0x0000000088100000, 0x0000000088200000, 0x0000000088200000|100%|HC|  |TAMS 0x0000000088200000, 0x0000000088100000| Complete 
|  84|0x0000000088200000, 0x0000000088300000, 0x0000000088300000|100%|HC|  |TAMS 0x0000000088300000, 0x0000000088200000| Complete 
|  85|0x0000000088300000, 0x0000000088400000, 0x0000000088400000|100%|HC|  |TAMS 0x0000000088400000, 0x0000000088300000| Complete 
|  86|0x0000000088400000, 0x0000000088500000, 0x0000000088500000|100%|HC|  |TAMS 0x0000000088500000, 0x0000000088400000| Complete 
|  87|0x0000000088500000, 0x0000000088600000, 0x0000000088600000|100%|HC|  |TAMS 0x0000000088600000, 0x0000000088500000| Complete 
|  88|0x0000000088600000, 0x0000000088600000, 0x0000000088700000|  0%| F|  |TAMS 0x0000000088600000, 0x0000000088600000| Untracked 
|  89|0x0000000088700000, 0x0000000088800000, 0x0000000088800000|100%|HS|  |TAMS 0x0000000088800000, 0x0000000088700000| Complete 
|  90|0x0000000088800000, 0x0000000088900000, 0x0000000088900000|100%|HC|  |TAMS 0x0000000088900000, 0x0000000088800000| Complete 
|  91|0x0000000088900000, 0x0000000088a00000, 0x0000000088a00000|100%|HC|  |TAMS 0x0000000088a00000, 0x0000000088900000| Complete 
|  92|0x0000000088a00000, 0x0000000088b00000, 0x0000000088b00000|100%|HC|  |TAMS 0x0000000088b00000, 0x0000000088a00000| Complete 
|  93|0x0000000088b00000, 0x0000000088c00000, 0x0000000088c00000|100%|HC|  |TAMS 0x0000000088c00000, 0x0000000088b00000| Complete 
|  94|0x0000000088c00000, 0x0000000088d00000, 0x0000000088d00000|100%|HC|  |TAMS 0x0000000088d00000, 0x0000000088c00000| Complete 
|  95|0x0000000088d00000, 0x0000000088e00000, 0x0000000088e00000|100%|HC|  |TAMS 0x0000000088e00000, 0x0000000088d00000| Complete 
|  96|0x0000000088e00000, 0x0000000088f00000, 0x0000000088f00000|100%|HC|  |TAMS 0x0000000088f00000, 0x0000000088e00000| Complete 
|  97|0x0000000088f00000, 0x0000000089000000, 0x0000000089000000|100%|HC|  |TAMS 0x0000000089000000, 0x0000000088f00000| Complete 
|  98|0x0000000089000000, 0x0000000089100000, 0x0000000089100000|100%|HS|  |TAMS 0x0000000089100000, 0x0000000089000000| Complete 
|  99|0x0000000089100000, 0x0000000089200000, 0x0000000089200000|100%|HC|  |TAMS 0x0000000089200000, 0x0000000089100000| Complete 
| 100|0x0000000089200000, 0x0000000089300000, 0x0000000089300000|100%|HC|  |TAMS 0x0000000089300000, 0x0000000089200000| Complete 
| 101|0x0000000089300000, 0x0000000089400000, 0x0000000089400000|100%|HC|  |TAMS 0x0000000089400000, 0x0000000089300000| Complete 
| 102|0x0000000089400000, 0x0000000089500000, 0x0000000089500000|100%|HC|  |TAMS 0x0000000089500000, 0x0000000089400000| Complete 
| 103|0x0000000089500000, 0x0000000089600000, 0x0000000089600000|100%|HC|  |TAMS 0x0000000089600000, 0x0000000089500000| Complete 
| 104|0x0000000089600000, 0x0000000089700000, 0x0000000089700000|100%|HC|  |TAMS 0x0000000089700000, 0x0000000089600000| Complete 
| 105|0x0000000089700000, 0x0000000089800000, 0x0000000089800000|100%|HC|  |TAMS 0x0000000089800000, 0x0000000089700000| Complete 
| 106|0x0000000089800000, 0x0000000089900000, 0x0000000089900000|100%|HC|  |TAMS 0x0000000089900000, 0x0000000089800000| Complete 
| 107|0x0000000089900000, 0x0000000089a00000, 0x0000000089a00000|100%|HC|  |TAMS 0x0000000089a00000, 0x0000000089900000| Complete 
| 108|0x0000000089a00000, 0x0000000089b00000, 0x0000000089b00000|100%|HC|  |TAMS 0x0000000089b00000, 0x0000000089a00000| Complete 
| 109|0x0000000089b00000, 0x0000000089c00000, 0x0000000089c00000|100%|HC|  |TAMS 0x0000000089c00000, 0x0000000089b00000| Complete 
| 110|0x0000000089c00000, 0x0000000089c00000, 0x0000000089d00000|  0%| F|  |TAMS 0x0000000089c00000, 0x0000000089c00000| Untracked 
| 111|0x0000000089d00000, 0x0000000089d00000, 0x0000000089e00000|  0%| F|  |TAMS 0x0000000089d00000, 0x0000000089d00000| Untracked 
| 112|0x0000000089e00000, 0x0000000089e00000, 0x0000000089f00000|  0%| F|  |TAMS 0x0000000089e00000, 0x0000000089e00000| Untracked 
| 113|0x0000000089f00000, 0x0000000089f00000, 0x000000008a000000|  0%| F|  |TAMS 0x0000000089f00000, 0x0000000089f00000| Untracked 
| 114|0x000000008a000000, 0x000000008a000000, 0x000000008a100000|  0%| F|  |TAMS 0x000000008a000000, 0x000000008a000000| Untracked 
| 115|0x000000008a100000, 0x000000008a100000, 0x000000008a200000|  0%| F|  |TAMS 0x000000008a100000, 0x000000008a100000| Untracked 
| 116|0x000000008a200000, 0x000000008a200000, 0x000000008a300000|  0%| F|  |TAMS 0x000000008a200000, 0x000000008a200000| Untracked 
| 117|0x000000008a300000, 0x000000008a300000, 0x000000008a400000|  0%| F|  |TAMS 0x000000008a300000, 0x000000008a300000| Untracked 
| 118|0x000000008a400000, 0x000000008a400000, 0x000000008a500000|  0%| F|  |TAMS 0x000000008a400000, 0x000000008a400000| Untracked 
| 119|0x000000008a500000, 0x000000008a600000, 0x000000008a600000|100%|HS|  |TAMS 0x000000008a600000, 0x000000008a500000| Complete 
| 120|0x000000008a600000, 0x000000008a700000, 0x000000008a700000|100%|HC|  |TAMS 0x000000008a700000, 0x000000008a600000| Complete 
| 121|0x000000008a700000, 0x000000008a800000, 0x000000008a800000|100%|HC|  |TAMS 0x000000008a800000, 0x000000008a700000| Complete 
| 122|0x000000008a800000, 0x000000008a900000, 0x000000008a900000|100%|HC|  |TAMS 0x000000008a900000, 0x000000008a800000| Complete 
| 123|0x000000008a900000, 0x000000008aa00000, 0x000000008aa00000|100%|HC|  |TAMS 0x000000008aa00000, 0x000000008a900000| Complete 
| 124|0x000000008aa00000, 0x000000008ab00000, 0x000000008ab00000|100%|HC|  |TAMS 0x000000008ab00000, 0x000000008aa00000| Complete 
| 125|0x000000008ab00000, 0x000000008ac00000, 0x000000008ac00000|100%|HC|  |TAMS 0x000000008ac00000, 0x000000008ab00000| Complete 
| 126|0x000000008ac00000, 0x000000008ad00000, 0x000000008ad00000|100%|HC|  |TAMS 0x000000008ad00000, 0x000000008ac00000| Complete 
| 127|0x000000008ad00000, 0x000000008ae00000, 0x000000008ae00000|100%|HC|  |TAMS 0x000000008ae00000, 0x000000008ad00000| Complete 
| 128|0x000000008ae00000, 0x000000008af00000, 0x000000008af00000|100%|HC|  |TAMS 0x000000008af00000, 0x000000008ae00000| Complete 
| 129|0x000000008af00000, 0x000000008b000000, 0x000000008b000000|100%|HC|  |TAMS 0x000000008b000000, 0x000000008af00000| Complete 
| 130|0x000000008b000000, 0x000000008b100000, 0x000000008b100000|100%|HC|  |TAMS 0x000000008b100000, 0x000000008b000000| Complete 
| 131|0x000000008b100000, 0x000000008b200000, 0x000000008b200000|100%|HC|  |TAMS 0x000000008b200000, 0x000000008b100000| Complete 
| 132|0x000000008b200000, 0x000000008b300000, 0x000000008b300000|100%|HC|  |TAMS 0x000000008b300000, 0x000000008b200000| Complete 
| 133|0x000000008b300000, 0x000000008b400000, 0x000000008b400000|100%|HC|  |TAMS 0x000000008b400000, 0x000000008b300000| Complete 
| 134|0x000000008b400000, 0x000000008b500000, 0x000000008b500000|100%|HC|  |TAMS 0x000000008b500000, 0x000000008b400000| Complete 
| 135|0x000000008b500000, 0x000000008b600000, 0x000000008b600000|100%|HC|  |TAMS 0x000000008b600000, 0x000000008b500000| Complete 
| 136|0x000000008b600000, 0x000000008b700000, 0x000000008b700000|100%|HC|  |TAMS 0x000000008b700000, 0x000000008b600000| Complete 
| 137|0x000000008b700000, 0x000000008b800000, 0x000000008b800000|100%|HC|  |TAMS 0x000000008b800000, 0x000000008b700000| Complete 
| 138|0x000000008b800000, 0x000000008b900000, 0x000000008b900000|100%|HC|  |TAMS 0x000000008b900000, 0x000000008b800000| Complete 
| 139|0x000000008b900000, 0x000000008ba00000, 0x000000008ba00000|100%|HC|  |TAMS 0x000000008ba00000, 0x000000008b900000| Complete 
| 140|0x000000008ba00000, 0x000000008bb00000, 0x000000008bb00000|100%|HC|  |TAMS 0x000000008bb00000, 0x000000008ba00000| Complete 
| 141|0x000000008bb00000, 0x000000008bb00000, 0x000000008bc00000|  0%| F|  |TAMS 0x000000008bb00000, 0x000000008bb00000| Untracked 
| 142|0x000000008bc00000, 0x000000008bc00000, 0x000000008bd00000|  0%| F|  |TAMS 0x000000008bc00000, 0x000000008bc00000| Untracked 
| 143|0x000000008bd00000, 0x000000008bd00000, 0x000000008be00000|  0%| F|  |TAMS 0x000000008bd00000, 0x000000008bd00000| Untracked 
| 144|0x000000008be00000, 0x000000008be00000, 0x000000008bf00000|  0%| F|  |TAMS 0x000000008be00000, 0x000000008be00000| Untracked 
| 145|0x000000008bf00000, 0x000000008bf00000, 0x000000008c000000|  0%| F|  |TAMS 0x000000008bf00000, 0x000000008bf00000| Untracked 
| 146|0x000000008c000000, 0x000000008c000000, 0x000000008c100000|  0%| F|  |TAMS 0x000000008c000000, 0x000000008c000000| Untracked 
| 147|0x000000008c100000, 0x000000008c100000, 0x000000008c200000|  0%| F|  |TAMS 0x000000008c100000, 0x000000008c100000| Untracked 
| 148|0x000000008c200000, 0x000000008c200000, 0x000000008c300000|  0%| F|  |TAMS 0x000000008c200000, 0x000000008c200000| Untracked 
| 149|0x000000008c300000, 0x000000008c300000, 0x000000008c400000|  0%| F|  |TAMS 0x000000008c300000, 0x000000008c300000| Untracked 
| 150|0x000000008c400000, 0x000000008c400000, 0x000000008c500000|  0%| F|  |TAMS 0x000000008c400000, 0x000000008c400000| Untracked 
| 151|0x000000008c500000, 0x000000008c500000, 0x000000008c600000|  0%| F|  |TAMS 0x000000008c500000, 0x000000008c500000| Untracked 
| 152|0x000000008c600000, 0x000000008c600000, 0x000000008c700000|  0%| F|  |TAMS 0x000000008c600000, 0x000000008c600000| Untracked 
| 153|0x000000008c700000, 0x000000008c700000, 0x000000008c800000|  0%| F|  |TAMS 0x000000008c700000, 0x000000008c700000| Untracked 
| 154|0x000000008c800000, 0x000000008c800000, 0x000000008c900000|  0%| F|  |TAMS 0x000000008c800000, 0x000000008c800000| Untracked 
| 155|0x000000008c900000, 0x000000008c900000, 0x000000008ca00000|  0%| F|  |TAMS 0x000000008c900000, 0x000000008c900000| Untracked 
| 156|0x000000008ca00000, 0x000000008ca00000, 0x000000008cb00000|  0%| F|  |TAMS 0x000000008ca00000, 0x000000008ca00000| Untracked 
| 157|0x000000008cb00000, 0x000000008cb00000, 0x000000008cc00000|  0%| F|  |TAMS 0x000000008cb00000, 0x000000008cb00000| Untracked 
| 158|0x000000008cc00000, 0x000000008cc00000, 0x000000008cd00000|  0%| F|  |TAMS 0x000000008cc00000, 0x000000008cc00000| Untracked 
| 159|0x000000008cd00000, 0x000000008cd00000, 0x000000008ce00000|  0%| F|  |TAMS 0x000000008cd00000, 0x000000008cd00000| Untracked 
| 160|0x000000008ce00000, 0x000000008ce00000, 0x000000008cf00000|  0%| F|  |TAMS 0x000000008ce00000, 0x000000008ce00000| Untracked 
| 161|0x000000008cf00000, 0x000000008cf00000, 0x000000008d000000|  0%| F|  |TAMS 0x000000008cf00000, 0x000000008cf00000| Untracked 
| 162|0x000000008d000000, 0x000000008d000000, 0x000000008d100000|  0%| F|  |TAMS 0x000000008d000000, 0x000000008d000000| Untracked 
| 163|0x000000008d100000, 0x000000008d200000, 0x000000008d200000|100%|HS|  |TAMS 0x000000008d200000, 0x000000008d100000| Complete 
| 164|0x000000008d200000, 0x000000008d300000, 0x000000008d300000|100%|HC|  |TAMS 0x000000008d300000, 0x000000008d200000| Complete 
| 165|0x000000008d300000, 0x000000008d400000, 0x000000008d400000|100%|HC|  |TAMS 0x000000008d400000, 0x000000008d300000| Complete 
| 166|0x000000008d400000, 0x000000008d500000, 0x000000008d500000|100%|HC|  |TAMS 0x000000008d500000, 0x000000008d400000| Complete 
| 167|0x000000008d500000, 0x000000008d600000, 0x000000008d600000|100%|HC|  |TAMS 0x000000008d600000, 0x000000008d500000| Complete 
| 168|0x000000008d600000, 0x000000008d700000, 0x000000008d700000|100%|HC|  |TAMS 0x000000008d700000, 0x000000008d600000| Complete 
| 169|0x000000008d700000, 0x000000008d800000, 0x000000008d800000|100%|HC|  |TAMS 0x000000008d800000, 0x000000008d700000| Complete 
| 170|0x000000008d800000, 0x000000008d900000, 0x000000008d900000|100%|HC|  |TAMS 0x000000008d900000, 0x000000008d800000| Complete 
| 171|0x000000008d900000, 0x000000008da00000, 0x000000008da00000|100%|HC|  |TAMS 0x000000008da00000, 0x000000008d900000| Complete 
| 172|0x000000008da00000, 0x000000008db00000, 0x000000008db00000|100%|HC|  |TAMS 0x000000008db00000, 0x000000008da00000| Complete 
| 173|0x000000008db00000, 0x000000008dc00000, 0x000000008dc00000|100%|HC|  |TAMS 0x000000008dc00000, 0x000000008db00000| Complete 
| 174|0x000000008dc00000, 0x000000008dd00000, 0x000000008dd00000|100%|HC|  |TAMS 0x000000008dd00000, 0x000000008dc00000| Complete 
| 175|0x000000008dd00000, 0x000000008de00000, 0x000000008de00000|100%|HC|  |TAMS 0x000000008de00000, 0x000000008dd00000| Complete 
| 176|0x000000008de00000, 0x000000008df00000, 0x000000008df00000|100%|HC|  |TAMS 0x000000008df00000, 0x000000008de00000| Complete 
| 177|0x000000008df00000, 0x000000008e000000, 0x000000008e000000|100%|HC|  |TAMS 0x000000008e000000, 0x000000008df00000| Complete 
| 178|0x000000008e000000, 0x000000008e100000, 0x000000008e100000|100%|HC|  |TAMS 0x000000008e100000, 0x000000008e000000| Complete 
| 179|0x000000008e100000, 0x000000008e200000, 0x000000008e200000|100%|HC|  |TAMS 0x000000008e200000, 0x000000008e100000| Complete 
| 180|0x000000008e200000, 0x000000008e300000, 0x000000008e300000|100%|HC|  |TAMS 0x000000008e300000, 0x000000008e200000| Complete 
| 181|0x000000008e300000, 0x000000008e400000, 0x000000008e400000|100%|HC|  |TAMS 0x000000008e400000, 0x000000008e300000| Complete 
| 182|0x000000008e400000, 0x000000008e500000, 0x000000008e500000|100%|HC|  |TAMS 0x000000008e500000, 0x000000008e400000| Complete 
| 183|0x000000008e500000, 0x000000008e600000, 0x000000008e600000|100%|HC|  |TAMS 0x000000008e600000, 0x000000008e500000| Complete 
| 184|0x000000008e600000, 0x000000008e700000, 0x000000008e700000|100%|HC|  |TAMS 0x000000008e700000, 0x000000008e600000| Complete 
| 185|0x000000008e700000, 0x000000008e800000, 0x000000008e800000|100%|HC|  |TAMS 0x000000008e800000, 0x000000008e700000| Complete 
| 186|0x000000008e800000, 0x000000008e900000, 0x000000008e900000|100%|HC|  |TAMS 0x000000008e900000, 0x000000008e800000| Complete 
| 187|0x000000008e900000, 0x000000008ea00000, 0x000000008ea00000|100%|HC|  |TAMS 0x000000008ea00000, 0x000000008e900000| Complete 
| 188|0x000000008ea00000, 0x000000008eb00000, 0x000000008eb00000|100%|HC|  |TAMS 0x000000008eb00000, 0x000000008ea00000| Complete 
| 189|0x000000008eb00000, 0x000000008eb00000, 0x000000008ec00000|  0%| F|  |TAMS 0x000000008eb00000, 0x000000008eb00000| Untracked 
| 190|0x000000008ec00000, 0x000000008ec00000, 0x000000008ed00000|  0%| F|  |TAMS 0x000000008ec00000, 0x000000008ec00000| Untracked 
| 191|0x000000008ed00000, 0x000000008ed00000, 0x000000008ee00000|  0%| F|  |TAMS 0x000000008ed00000, 0x000000008ed00000| Untracked 
| 192|0x000000008ee00000, 0x000000008ee00000, 0x000000008ef00000|  0%| F|  |TAMS 0x000000008ee00000, 0x000000008ee00000| Untracked 
| 193|0x000000008ef00000, 0x000000008ef00000, 0x000000008f000000|  0%| F|  |TAMS 0x000000008ef00000, 0x000000008ef00000| Untracked 
| 194|0x000000008f000000, 0x000000008f000000, 0x000000008f100000|  0%| F|  |TAMS 0x000000008f000000, 0x000000008f000000| Untracked 
| 195|0x000000008f100000, 0x000000008f100000, 0x000000008f200000|  0%| F|  |TAMS 0x000000008f100000, 0x000000008f100000| Untracked 
| 196|0x000000008f200000, 0x000000008f200000, 0x000000008f300000|  0%| F|  |TAMS 0x000000008f200000, 0x000000008f200000| Untracked 
| 197|0x000000008f300000, 0x000000008f300000, 0x000000008f400000|  0%| F|  |TAMS 0x000000008f300000, 0x000000008f300000| Untracked 
| 198|0x000000008f400000, 0x000000008f400000, 0x000000008f500000|  0%| F|  |TAMS 0x000000008f400000, 0x000000008f400000| Untracked 
| 199|0x000000008f500000, 0x000000008f500000, 0x000000008f600000|  0%| F|  |TAMS 0x000000008f500000, 0x000000008f500000| Untracked 
| 200|0x000000008f600000, 0x000000008f600000, 0x000000008f700000|  0%| F|  |TAMS 0x000000008f600000, 0x000000008f600000| Untracked 
| 201|0x000000008f700000, 0x000000008f700000, 0x000000008f800000|  0%| F|  |TAMS 0x000000008f700000, 0x000000008f700000| Untracked 
| 202|0x000000008f800000, 0x000000008f800000, 0x000000008f900000|  0%| F|  |TAMS 0x000000008f800000, 0x000000008f800000| Untracked 
| 203|0x000000008f900000, 0x000000008f900000, 0x000000008fa00000|  0%| F|  |TAMS 0x000000008f900000, 0x000000008f900000| Untracked 
| 204|0x000000008fa00000, 0x000000008fa00000, 0x000000008fb00000|  0%| F|  |TAMS 0x000000008fa00000, 0x000000008fa00000| Untracked 
| 205|0x000000008fb00000, 0x000000008fb00000, 0x000000008fc00000|  0%| F|  |TAMS 0x000000008fb00000, 0x000000008fb00000| Untracked 
| 206|0x000000008fc00000, 0x000000008fc00000, 0x000000008fd00000|  0%| F|  |TAMS 0x000000008fc00000, 0x000000008fc00000| Untracked 
| 207|0x000000008fd00000, 0x000000008fd00000, 0x000000008fe00000|  0%| F|  |TAMS 0x000000008fd00000, 0x000000008fd00000| Untracked 
| 208|0x000000008fe00000, 0x000000008fe00000, 0x000000008ff00000|  0%| F|  |TAMS 0x000000008fe00000, 0x000000008fe00000| Untracked 
| 209|0x000000008ff00000, 0x000000008ff00000, 0x0000000090000000|  0%| F|  |TAMS 0x000000008ff00000, 0x000000008ff00000| Untracked 
| 210|0x0000000090000000, 0x0000000090000000, 0x0000000090100000|  0%| F|  |TAMS 0x0000000090000000, 0x0000000090000000| Untracked 
| 211|0x0000000090100000, 0x0000000090100000, 0x0000000090200000|  0%| F|  |TAMS 0x0000000090100000, 0x0000000090100000| Untracked 
| 212|0x0000000090200000, 0x0000000090200000, 0x0000000090300000|  0%| F|  |TAMS 0x0000000090200000, 0x0000000090200000| Untracked 
| 213|0x0000000090300000, 0x0000000090300000, 0x0000000090400000|  0%| F|  |TAMS 0x0000000090300000, 0x0000000090300000| Untracked 
| 214|0x0000000090400000, 0x0000000090400000, 0x0000000090500000|  0%| F|  |TAMS 0x0000000090400000, 0x0000000090400000| Untracked 
| 215|0x0000000090500000, 0x0000000090500000, 0x0000000090600000|  0%| F|  |TAMS 0x0000000090500000, 0x0000000090500000| Untracked 
| 216|0x0000000090600000, 0x0000000090600000, 0x0000000090700000|  0%| F|  |TAMS 0x0000000090600000, 0x0000000090600000| Untracked 
| 217|0x0000000090700000, 0x0000000090700000, 0x0000000090800000|  0%| F|  |TAMS 0x0000000090700000, 0x0000000090700000| Untracked 
| 218|0x0000000090800000, 0x0000000090800000, 0x0000000090900000|  0%| F|  |TAMS 0x0000000090800000, 0x0000000090800000| Untracked 
| 219|0x0000000090900000, 0x0000000090900000, 0x0000000090a00000|  0%| F|  |TAMS 0x0000000090900000, 0x0000000090900000| Untracked 
| 220|0x0000000090a00000, 0x0000000090a00000, 0x0000000090b00000|  0%| F|  |TAMS 0x0000000090a00000, 0x0000000090a00000| Untracked 
| 221|0x0000000090b00000, 0x0000000090b00000, 0x0000000090c00000|  0%| F|  |TAMS 0x0000000090b00000, 0x0000000090b00000| Untracked 
| 222|0x0000000090c00000, 0x0000000090c00000, 0x0000000090d00000|  0%| F|  |TAMS 0x0000000090c00000, 0x0000000090c00000| Untracked 
| 223|0x0000000090d00000, 0x0000000090d00000, 0x0000000090e00000|  0%| F|  |TAMS 0x0000000090d00000, 0x0000000090d00000| Untracked 
| 224|0x0000000090e00000, 0x0000000090e00000, 0x0000000090f00000|  0%| F|  |TAMS 0x0000000090e00000, 0x0000000090e00000| Untracked 
| 225|0x0000000090f00000, 0x0000000090f00000, 0x0000000091000000|  0%| F|  |TAMS 0x0000000090f00000, 0x0000000090f00000| Untracked 
| 226|0x0000000091000000, 0x0000000091000000, 0x0000000091100000|  0%| F|  |TAMS 0x0000000091000000, 0x0000000091000000| Untracked 
| 227|0x0000000091100000, 0x0000000091100000, 0x0000000091200000|  0%| F|  |TAMS 0x0000000091100000, 0x0000000091100000| Untracked 
| 228|0x0000000091200000, 0x0000000091200000, 0x0000000091300000|  0%| F|  |TAMS 0x0000000091200000, 0x0000000091200000| Untracked 
| 229|0x0000000091300000, 0x0000000091300000, 0x0000000091400000|  0%| F|  |TAMS 0x0000000091300000, 0x0000000091300000| Untracked 
| 230|0x0000000091400000, 0x0000000091400000, 0x0000000091500000|  0%| F|  |TAMS 0x0000000091400000, 0x0000000091400000| Untracked 
| 231|0x0000000091500000, 0x0000000091500000, 0x0000000091600000|  0%| F|  |TAMS 0x0000000091500000, 0x0000000091500000| Untracked 
| 232|0x0000000091600000, 0x0000000091600000, 0x0000000091700000|  0%| F|  |TAMS 0x0000000091600000, 0x0000000091600000| Untracked 
| 233|0x0000000091700000, 0x0000000091700000, 0x0000000091800000|  0%| F|  |TAMS 0x0000000091700000, 0x0000000091700000| Untracked 
| 234|0x0000000091800000, 0x0000000091800000, 0x0000000091900000|  0%| F|  |TAMS 0x0000000091800000, 0x0000000091800000| Untracked 
| 235|0x0000000091900000, 0x0000000091900000, 0x0000000091a00000|  0%| F|  |TAMS 0x0000000091900000, 0x0000000091900000| Untracked 
| 236|0x0000000091a00000, 0x0000000091a00000, 0x0000000091b00000|  0%| F|  |TAMS 0x0000000091a00000, 0x0000000091a00000| Untracked 
| 237|0x0000000091b00000, 0x0000000091b00000, 0x0000000091c00000|  0%| F|  |TAMS 0x0000000091b00000, 0x0000000091b00000| Untracked 
| 238|0x0000000091c00000, 0x0000000091c43e38, 0x0000000091d00000| 26%| S|CS|TAMS 0x0000000091c00000, 0x0000000091c00000| Complete 
| 239|0x0000000091d00000, 0x0000000091d00000, 0x0000000091e00000|  0%| F|  |TAMS 0x0000000091d00000, 0x0000000091d00000| Untracked 
| 240|0x0000000091e00000, 0x0000000091e00000, 0x0000000091f00000|  0%| F|  |TAMS 0x0000000091e00000, 0x0000000091e00000| Untracked 
| 241|0x0000000091f00000, 0x0000000091f00000, 0x0000000092000000|  0%| F|  |TAMS 0x0000000091f00000, 0x0000000091f00000| Untracked 
| 242|0x0000000092000000, 0x0000000092000000, 0x0000000092100000|  0%| F|  |TAMS 0x0000000092000000, 0x0000000092000000| Untracked 
| 243|0x0000000092100000, 0x0000000092100000, 0x0000000092200000|  0%| F|  |TAMS 0x0000000092100000, 0x0000000092100000| Untracked 
| 244|0x0000000092200000, 0x0000000092200000, 0x0000000092300000|  0%| F|  |TAMS 0x0000000092200000, 0x0000000092200000| Untracked 
| 245|0x0000000092300000, 0x0000000092300000, 0x0000000092400000|  0%| F|  |TAMS 0x0000000092300000, 0x0000000092300000| Untracked 
| 246|0x0000000092400000, 0x0000000092500000, 0x0000000092500000|100%| E|  |TAMS 0x0000000092400000, 0x0000000092400000| Complete 
| 247|0x0000000092500000, 0x0000000092600000, 0x0000000092600000|100%| E|CS|TAMS 0x0000000092500000, 0x0000000092500000| Complete 
| 248|0x0000000092600000, 0x0000000092700000, 0x0000000092700000|100%| E|CS|TAMS 0x0000000092600000, 0x0000000092600000| Complete 
| 249|0x0000000092700000, 0x0000000092800000, 0x0000000092800000|100%| E|CS|TAMS 0x0000000092700000, 0x0000000092700000| Complete 
| 250|0x0000000092800000, 0x0000000092900000, 0x0000000092900000|100%| E|CS|TAMS 0x0000000092800000, 0x0000000092800000| Complete 
| 251|0x0000000092900000, 0x0000000092a00000, 0x0000000092a00000|100%| E|CS|TAMS 0x0000000092900000, 0x0000000092900000| Complete 

Card table byte_map: [0x000001cee6240000,0x000001cee6630000] _byte_map_base: 0x000001cee5e29000

Marking Bits (Prev, Next): (CMBitMap*) 0x000001cecf245550, (CMBitMap*) 0x000001cecf245590
 Prev Bits: [0x000001cee6a20000, 0x000001cee8968000)
 Next Bits: [0x000001cee8970000, 0x000001ceea8b8000)

Polling page: 0x000001cece9b0000

Metaspace:

Usage:
  Non-class:     21.27 MB used.
      Class:      2.52 MB used.
       Both:     23.78 MB used.

Virtual space:
  Non-class space:       64.00 MB reserved,      21.38 MB ( 33%) committed,  1 nodes.
      Class space:        1.00 GB reserved,       2.69 MB ( <1%) committed,  1 nodes.
             Both:        1.06 GB reserved,      24.06 MB (  2%) committed. 

Chunk freelists:
   Non-Class:  2.45 MB
       Class:  1.25 MB
        Both:  3.69 MB

MaxMetaspaceSize: unlimited
CompressedClassSpaceSize: 1.00 GB
Initial GC threshold: 21.00 MB
Current GC threshold: 40.00 MB
CDS: on
MetaspaceReclaimPolicy: balanced
 - commit_granule_bytes: 65536.
 - commit_granule_words: 8192.
 - virtual_space_node_default_size: 8388608.
 - enlarge_chunks_in_place: 1.
 - new_chunks_are_fully_committed: 0.
 - uncommit_free_chunks: 1.
 - use_allocation_guard: 0.


Internal statistics:

num_allocs_failed_limit: 3.
num_arena_births: 264.
num_arena_deaths: 0.
num_vsnodes_births: 2.
num_vsnodes_deaths: 0.
num_space_committed: 385.
num_space_uncommitted: 0.
num_chunks_returned_to_freelist: 3.
num_chunks_taken_from_freelist: 544.
num_chunk_merges: 3.
num_chunk_splits: 317.
num_chunks_enlarged: 151.
num_inconsistent_stats: 0.

CodeHeap 'non-profiled nmethods': size=120000Kb used=2195Kb max_used=2752Kb free=117804Kb
 bounds [0x000001cede5f0000, 0x000001cede8b0000, 0x000001cee5b20000]
CodeHeap 'profiled nmethods': size=120000Kb used=7358Kb max_used=9625Kb free=112641Kb
 bounds [0x000001ced70c0000, 0x000001ced7a30000, 0x000001cede5f0000]
CodeHeap 'non-nmethods': size=5760Kb used=1444Kb max_used=1503Kb free=4315Kb
 bounds [0x000001ced6b20000, 0x000001ced6d90000, 0x000001ced70c0000]
 total_blobs=4838 nmethods=4044 adapters=706
 compilation: enabled
              stopped_count=0, restarted_count=0
 full_count=0

Compilation events (20 events):
Event: 104.015 Thread 0x000001ceed2b99b0 nmethod 4773 0x000001cede6f2c90 code [0x000001cede6f2e40, 0x000001cede6f30d8]
Event: 104.391 Thread 0x000001ceed2c2bc0 4786       3       java.util.IdentityHashMap::keySet (25 bytes)
Event: 104.392 Thread 0x000001ceed2c2bc0 nmethod 4786 0x000001ced72bcf10 code [0x000001ced72bd0c0, 0x000001ced72bd498]
Event: 105.390 Thread 0x000001ceed2c2bc0 4787       3       java.util.IdentityHashMap$KeySet::iterator (12 bytes)
Event: 105.390 Thread 0x000001ceed2c2bc0 nmethod 4787 0x000001ced7158690 code [0x000001ced7158840, 0x000001ced7158a48]
Event: 105.390 Thread 0x000001ceed2c2bc0 4788       3       java.util.IdentityHashMap$KeyIterator::<init> (6 bytes)
Event: 105.390 Thread 0x000001ceed2c2bc0 nmethod 4788 0x000001ced71eb910 code [0x000001ced71ebaa0, 0x000001ced71ebbe8]
Event: 107.392 Thread 0x000001ceed2c2bc0 4790       1       sun.awt.windows.WToolkit::needUpdateWindow (2 bytes)
Event: 107.392 Thread 0x000001ceed2c2bc0 nmethod 4790 0x000001cede6ebc90 code [0x000001cede6ebe20, 0x000001cede6ebef8]
Event: 111.422 Thread 0x000001ceed2c2bc0 4791       3       sun.java2d.SunGraphics2D::drawImage (11 bytes)
Event: 111.423 Thread 0x000001ceed2c2bc0 nmethod 4791 0x000001ced71f1090 code [0x000001ced71f1240, 0x000001ced71f1388]
Event: 112.313 Thread 0x000001ceed2c2bc0 4793       3       javax.swing.Timer::cancelEvent (9 bytes)
Event: 112.313 Thread 0x000001ceed2c2bc0 nmethod 4793 0x000001ced718db90 code [0x000001ced718dd20, 0x000001ced718deb8]
Event: 112.359 Thread 0x000001ceed2c2bc0 4794   !   3       javax.swing.Timer::stop (46 bytes)
Event: 112.360 Thread 0x000001ceed2c2bc0 nmethod 4794 0x000001ced70f8b90 code [0x000001ced70f8da0, 0x000001ced70f9388]
Event: 112.360 Thread 0x000001ceed2c2bc0 4795   !   3       javax.swing.TimerQueue::removeTimer (58 bytes)
Event: 112.361 Thread 0x000001ceed2c2bc0 nmethod 4795 0x000001ced70f4f10 code [0x000001ced70f5100, 0x000001ced70f55f8]
Event: 112.373 Thread 0x000001ceed2b99b0 4796       4       java.util.concurrent.locks.ReentrantLock$Sync::isHeldExclusively (16 bytes)
Event: 112.375 Thread 0x000001ceed2b99b0 nmethod 4796 0x000001cede6ee290 code [0x000001cede6ee400, 0x000001cede6ee4b8]
Event: 112.399 Thread 0x000001ceed2b99b0 4797       4       sun.font.FontDesignMetrics::stringWidth (155 bytes)

GC Heap History (20 events):
Event: 37.628 GC heap before
{Heap before GC invocations=14 (full 0):
 garbage-first heap   total 140288K, used 98118K [0x0000000082e00000, 0x0000000100000000)
  region size 1024K, 18 young (18432K), 1 survivors (1024K)
 Metaspace       used 23526K, committed 23808K, reserved 1114112K
  class space    used 2528K, committed 2688K, reserved 1048576K
}
Event: 37.629 GC heap after
{Heap after GC invocations=15 (full 0):
 garbage-first heap   total 140288K, used 81823K [0x0000000082e00000, 0x0000000100000000)
  region size 1024K, 1 young (1024K), 1 survivors (1024K)
 Metaspace       used 23526K, committed 23808K, reserved 1114112K
  class space    used 2528K, committed 2688K, reserved 1048576K
}
Event: 37.826 GC heap before
{Heap before GC invocations=16 (full 0):
 garbage-first heap   total 181248K, used 125855K [0x0000000082e00000, 0x0000000100000000)
  region size 1024K, 24 young (24576K), 1 survivors (1024K)
 Metaspace       used 23526K, committed 23808K, reserved 1114112K
  class space    used 2528K, committed 2688K, reserved 1048576K
}
Event: 37.828 GC heap after
{Heap after GC invocations=17 (full 0):
 garbage-first heap   total 181248K, used 104401K [0x0000000082e00000, 0x0000000100000000)
  region size 1024K, 1 young (1024K), 1 survivors (1024K)
 Metaspace       used 23526K, committed 23808K, reserved 1114112K
  class space    used 2528K, committed 2688K, reserved 1048576K
}
Event: 48.343 GC heap before
{Heap before GC invocations=18 (full 0):
 garbage-first heap   total 188416K, used 131025K [0x0000000082e00000, 0x0000000100000000)
  region size 1024K, 22 young (22528K), 1 survivors (1024K)
 Metaspace       used 23540K, committed 23808K, reserved 1114112K
  class space    used 2528K, committed 2688K, reserved 1048576K
}
Event: 48.346 GC heap after
{Heap after GC invocations=19 (full 0):
 garbage-first heap   total 188416K, used 107451K [0x0000000082e00000, 0x0000000100000000)
  region size 1024K, 1 young (1024K), 1 survivors (1024K)
 Metaspace       used 23540K, committed 23808K, reserved 1114112K
  class space    used 2528K, committed 2688K, reserved 1048576K
}
Event: 48.557 GC heap before
{Heap before GC invocations=20 (full 0):
 garbage-first heap   total 229376K, used 158651K [0x0000000082e00000, 0x0000000100000000)
  region size 1024K, 27 young (27648K), 1 survivors (1024K)
 Metaspace       used 23541K, committed 23808K, reserved 1114112K
  class space    used 2528K, committed 2688K, reserved 1048576K
}
Event: 48.559 GC heap after
{Heap after GC invocations=21 (full 0):
 garbage-first heap   total 229376K, used 131030K [0x0000000082e00000, 0x0000000100000000)
  region size 1024K, 1 young (1024K), 1 survivors (1024K)
 Metaspace       used 23541K, committed 23808K, reserved 1114112K
  class space    used 2528K, committed 2688K, reserved 1048576K
}
Event: 59.116 GC heap before
{Heap before GC invocations=22 (full 0):
 garbage-first heap   total 232448K, used 158678K [0x0000000082e00000, 0x0000000100000000)
  region size 1024K, 23 young (23552K), 1 survivors (1024K)
 Metaspace       used 23545K, committed 23808K, reserved 1114112K
  class space    used 2528K, committed 2688K, reserved 1048576K
}
Event: 59.118 GC heap after
{Heap after GC invocations=23 (full 0):
 garbage-first heap   total 232448K, used 134071K [0x0000000082e00000, 0x0000000100000000)
  region size 1024K, 1 young (1024K), 1 survivors (1024K)
 Metaspace       used 23545K, committed 23808K, reserved 1114112K
  class space    used 2528K, committed 2688K, reserved 1048576K
}
Event: 59.259 GC heap before
{Heap before GC invocations=24 (full 0):
 garbage-first heap   total 247808K, used 157623K [0x0000000082e00000, 0x0000000100000000)
  region size 1024K, 14 young (14336K), 1 survivors (1024K)
 Metaspace       used 23545K, committed 23808K, reserved 1114112K
  class space    used 2528K, committed 2688K, reserved 1048576K
}
Event: 59.260 GC heap after
{Heap after GC invocations=25 (full 0):
 garbage-first heap   total 247808K, used 143316K [0x0000000082e00000, 0x0000000100000000)
  region size 1024K, 1 young (1024K), 1 survivors (1024K)
 Metaspace       used 23545K, committed 23808K, reserved 1114112K
  class space    used 2528K, committed 2688K, reserved 1048576K
}
Event: 69.611 GC heap before
{Heap before GC invocations=26 (full 0):
 garbage-first heap   total 252928K, used 170964K [0x0000000082e00000, 0x0000000100000000)
  region size 1024K, 23 young (23552K), 1 survivors (1024K)
 Metaspace       used 23625K, committed 23936K, reserved 1114112K
  class space    used 2538K, committed 2688K, reserved 1048576K
}
Event: 69.613 GC heap after
{Heap after GC invocations=27 (full 0):
 garbage-first heap   total 252928K, used 146345K [0x0000000082e00000, 0x0000000100000000)
  region size 1024K, 1 young (1024K), 1 survivors (1024K)
 Metaspace       used 23625K, committed 23936K, reserved 1114112K
  class space    used 2538K, committed 2688K, reserved 1048576K
}
Event: 80.259 GC heap before
{Heap before GC invocations=28 (full 0):
 garbage-first heap   total 258048K, used 176041K [0x0000000082e00000, 0x0000000100000000)
  region size 1024K, 25 young (25600K), 1 survivors (1024K)
 Metaspace       used 24268K, committed 24576K, reserved 1114112K
  class space    used 2578K, committed 2752K, reserved 1048576K
}
Event: 80.261 GC heap after
{Heap after GC invocations=29 (full 0):
 garbage-first heap   total 258048K, used 146559K [0x0000000082e00000, 0x0000000100000000)
  region size 1024K, 1 young (1024K), 1 survivors (1024K)
 Metaspace       used 24268K, committed 24576K, reserved 1114112K
  class space    used 2578K, committed 2752K, reserved 1048576K
}
Event: 91.010 GC heap before
{Heap before GC invocations=30 (full 0):
 garbage-first heap   total 258048K, used 175231K [0x0000000082e00000, 0x0000000100000000)
  region size 1024K, 24 young (24576K), 1 survivors (1024K)
 Metaspace       used 24304K, committed 24576K, reserved 1114112K
  class space    used 2578K, committed 2752K, reserved 1048576K
}
Event: 91.012 GC heap after
{Heap after GC invocations=31 (full 0):
 garbage-first heap   total 258048K, used 143430K [0x0000000082e00000, 0x0000000100000000)
  region size 1024K, 1 young (1024K), 1 survivors (1024K)
 Metaspace       used 24304K, committed 24576K, reserved 1114112K
  class space    used 2578K, committed 2752K, reserved 1048576K
}
Event: 101.543 GC heap before
{Heap before GC invocations=32 (full 0):
 garbage-first heap   total 258048K, used 161862K [0x0000000082e00000, 0x0000000100000000)
  region size 1024K, 14 young (14336K), 1 survivors (1024K)
 Metaspace       used 24334K, committed 24640K, reserved 1114112K
  class space    used 2578K, committed 2752K, reserved 1048576K
}
Event: 101.545 GC heap after
{Heap after GC invocations=33 (full 0):
 garbage-first heap   total 258048K, used 146498K [0x0000000082e00000, 0x0000000100000000)
  region size 1024K, 1 young (1024K), 1 survivors (1024K)
 Metaspace       used 24334K, committed 24640K, reserved 1114112K
  class space    used 2578K, committed 2752K, reserved 1048576K
}

Deoptimization events (20 events):
Event: 79.313 Thread 0x000001cef1803a20 Uncommon trap: trap_request=0xffffff45 fr.pc=0x000001cede8663cc relative=0x000000000000046c
Event: 79.313 Thread 0x000001cef1803a20 Uncommon trap: reason=unstable_if action=reinterpret pc=0x000001cede8663cc method=sun.font.CMap.getControlCodeGlyph(IZ)I @ 7 c2
Event: 79.313 Thread 0x000001cef1803a20 DEOPT PACKING pc=0x000001cede8663cc sp=0x000000a214dfcc90
Event: 79.313 Thread 0x000001cef1803a20 DEOPT UNPACKING pc=0x000001ced6b723a3 sp=0x000000a214dfcb20 mode 2
Event: 79.313 Thread 0x000001cef1803a20 Uncommon trap: trap_request=0xffffff45 fr.pc=0x000001cede85b67c relative=0x000000000000033c
Event: 79.313 Thread 0x000001cef1803a20 Uncommon trap: reason=unstable_if action=reinterpret pc=0x000001cede85b67c method=sun.font.CMap.getControlCodeGlyph(IZ)I @ 7 c2
Event: 79.313 Thread 0x000001cef1803a20 DEOPT PACKING pc=0x000001cede85b67c sp=0x000000a214dfcc10
Event: 79.313 Thread 0x000001cef1803a20 DEOPT UNPACKING pc=0x000001ced6b723a3 sp=0x000000a214dfcb10 mode 2
Event: 79.418 Thread 0x000001cef1803a20 Uncommon trap: trap_request=0xffffff45 fr.pc=0x000001cede876374 relative=0x0000000000000b14
Event: 79.418 Thread 0x000001cef1803a20 Uncommon trap: reason=unstable_if action=reinterpret pc=0x000001cede876374 method=sun.font.FileFontStrike.getGlyphMetrics(IZ)Ljava/awt/geom/Point2D$Float; @ 12 c2
Event: 79.418 Thread 0x000001cef1803a20 DEOPT PACKING pc=0x000001cede876374 sp=0x000000a214dfccf0
Event: 79.418 Thread 0x000001cef1803a20 DEOPT UNPACKING pc=0x000001ced6b723a3 sp=0x000000a214dfcca0 mode 2
Event: 79.419 Thread 0x000001cef1803a20 DEOPT PACKING pc=0x000001ced79e71fb sp=0x000000a214dfcdc0
Event: 79.419 Thread 0x000001cef1803a20 DEOPT UNPACKING pc=0x000001ced6b72b43 sp=0x000000a214dfc270 mode 0
Event: 79.423 Thread 0x000001cef1803a20 Uncommon trap: trap_request=0xffffff45 fr.pc=0x000001cede87ef30 relative=0x00000000000005b0
Event: 79.423 Thread 0x000001cef1803a20 Uncommon trap: reason=unstable_if action=reinterpret pc=0x000001cede87ef30 method=sun.print.PathGraphics.getGlyphToCharMapForFont(Lsun/font/Font2D;)[C @ 60 c2
Event: 79.423 Thread 0x000001cef1803a20 DEOPT PACKING pc=0x000001cede87ef30 sp=0x000000a214dfcda0
Event: 79.423 Thread 0x000001cef1803a20 DEOPT UNPACKING pc=0x000001ced6b723a3 sp=0x000000a214dfcd70 mode 2
Event: 91.869 Thread 0x000001cef38171c0 DEOPT PACKING pc=0x000001ced788b509 sp=0x000000a215dfeee0
Event: 91.869 Thread 0x000001cef38171c0 DEOPT UNPACKING pc=0x000001ced6b72b43 sp=0x000000a215dfe3f8 mode 0

Classes loaded (20 events):
Event: 79.050 Loading class java/awt/font/TextLine$TextLineMetrics
Event: 79.050 Loading class java/awt/font/TextLine$TextLineMetrics done
Event: 79.051 Loading class sun/font/StandardGlyphVector$GlyphStrike
Event: 79.051 Loading class sun/font/StandardGlyphVector$GlyphStrike done
Event: 79.052 Loading class sun/font/DelegatingShape
Event: 79.052 Loading class sun/font/DelegatingShape done
Event: 79.056 Loading class java/awt/font/GlyphJustificationInfo
Event: 79.056 Loading class java/awt/font/GlyphJustificationInfo done
Event: 79.057 Loading class java/awt/font/TextJustifier
Event: 79.057 Loading class java/awt/font/TextJustifier done
Event: 79.300 Loading class sun/print/PeekGraphics$ImageWaiter
Event: 79.301 Loading class sun/print/PeekGraphics$ImageWaiter done
Event: 79.303 Loading class sun/awt/windows/WPathGraphics
Event: 79.305 Loading class sun/print/PathGraphics
Event: 79.306 Loading class sun/print/ProxyGraphics2D
Event: 79.307 Loading class sun/print/ProxyGraphics2D done
Event: 79.307 Loading class sun/print/PathGraphics done
Event: 79.307 Loading class sun/awt/windows/WPathGraphics done
Event: 79.559 Loading class sun/print/RasterPrinterJob$GraphicsState
Event: 79.559 Loading class sun/print/RasterPrinterJob$GraphicsState done

Classes unloaded (0 events):
No events

Classes redefined (0 events):
No events

Internal exceptions (20 events):
Event: 3.747 Thread 0x000001cef1803a20 Exception <a 'java/lang/NoSuchMethodError'{0x0000000089508170}: 'java.lang.Object java.lang.invoke.DirectMethodHandle$Holder.invokeStaticInit(java.lang.Object, java.lang.Object, int, int, int, int)'> (0x0000000089508170) 
thrown [s\open\src\hotspot\share\interpreter\linkResolver.cpp, line 759]
Event: 3.957 Thread 0x000001cef1803a20 Implicit null exception at 0x000001cede6706f1 to 0x000001cede67088c
Event: 5.146 Thread 0x000001cef25f2880 Implicit null exception at 0x000001cede6bfb06 to 0x000001cede6bfc6c
Event: 8.834 Thread 0x000001cef1803a20 Implicit null exception at 0x000001ced75c603f to 0x000001ced75c8bfa
Event: 8.834 Thread 0x000001cef1803a20 Exception <a 'java/lang/NullPointerException'{0x000000008955f4a0}> (0x000000008955f4a0) 
thrown [s\open\src\hotspot\share\runtime\sharedRuntime.cpp, line 625]
Event: 8.853 Thread 0x000001cef1803a20 Implicit null exception at 0x000001ced75c603f to 0x000001ced75c8bfa
Event: 8.853 Thread 0x000001cef1803a20 Exception <a 'java/lang/NullPointerException'{0x0000000089567e10}> (0x0000000089567e10) 
thrown [s\open\src\hotspot\share\runtime\sharedRuntime.cpp, line 625]
Event: 8.955 Thread 0x000001cef1803a20 Implicit null exception at 0x000001ced75c603f to 0x000001ced75c8bfa
Event: 8.955 Thread 0x000001cef1803a20 Exception <a 'java/lang/NullPointerException'{0x000000008aa35148}> (0x000000008aa35148) 
thrown [s\open\src\hotspot\share\runtime\sharedRuntime.cpp, line 625]
Event: 8.959 Thread 0x000001cef1803a20 Implicit null exception at 0x000001ced75c603f to 0x000001ced75c8bfa
Event: 8.959 Thread 0x000001cef1803a20 Exception <a 'java/lang/NullPointerException'{0x000000008aa3ad28}> (0x000000008aa3ad28) 
thrown [s\open\src\hotspot\share\runtime\sharedRuntime.cpp, line 625]
Event: 8.967 Thread 0x000001cef1803a20 Implicit null exception at 0x000001cede71b462 to 0x000001cede71ccf0
Event: 9.037 Thread 0x000001cef1803a20 Implicit null exception at 0x000001ced75c603f to 0x000001ced75c8bfa
Event: 9.037 Thread 0x000001cef1803a20 Exception <a 'java/lang/NullPointerException'{0x000000008a93c270}> (0x000000008a93c270) 
thrown [s\open\src\hotspot\share\runtime\sharedRuntime.cpp, line 625]
Event: 9.096 Thread 0x000001cef1803a20 Implicit null exception at 0x000001ced75c603f to 0x000001ced75c8bfa
Event: 9.097 Thread 0x000001cef1803a20 Exception <a 'java/lang/NullPointerException'{0x000000008a9bb7c0}> (0x000000008a9bb7c0) 
thrown [s\open\src\hotspot\share\runtime\sharedRuntime.cpp, line 625]
Event: 9.166 Thread 0x000001cef1803a20 Implicit null exception at 0x000001ced75c603f to 0x000001ced75c8bfa
Event: 9.166 Thread 0x000001cef1803a20 Exception <a 'java/lang/NullPointerException'{0x000000008a8bcc90}> (0x000000008a8bcc90) 
thrown [s\open\src\hotspot\share\runtime\sharedRuntime.cpp, line 625]
Event: 15.694 Thread 0x000001cef25f2880 Implicit null exception at 0x000001cede739980 to 0x000001cede739f7c
Event: 21.826 Thread 0x000001cef1803a20 Exception <a 'java/lang/NoSuchMethodError'{0x000000008a1247d0}: 'int java.lang.invoke.DirectMethodHandle$Holder.invokeStatic(java.lang.Object)'> (0x000000008a1247d0) 
thrown [s\open\src\hotspot\share\interpreter\linkResolver.cpp, line 759]

VM Operations (20 events):
Event: 91.578 Executing VM operation: HandshakeAllThreads
Event: 91.578 Executing VM operation: HandshakeAllThreads done
Event: 91.915 Executing VM operation: HandshakeAllThreads
Event: 91.916 Executing VM operation: HandshakeAllThreads done
Event: 92.918 Executing VM operation: Cleanup
Event: 92.919 Executing VM operation: Cleanup done
Event: 93.929 Executing VM operation: Cleanup
Event: 93.929 Executing VM operation: Cleanup done
Event: 98.950 Executing VM operation: Cleanup
Event: 98.951 Executing VM operation: Cleanup done
Event: 99.966 Executing VM operation: Cleanup
Event: 99.967 Executing VM operation: Cleanup done
Event: 101.542 Executing VM operation: G1TryInitiateConcMark
Event: 101.545 Executing VM operation: G1TryInitiateConcMark done
Event: 101.576 Executing VM operation: G1Concurrent
Event: 101.583 Executing VM operation: G1Concurrent done
Event: 101.598 Executing VM operation: G1Concurrent
Event: 101.600 Executing VM operation: G1Concurrent done
Event: 103.622 Executing VM operation: Cleanup
Event: 103.622 Executing VM operation: Cleanup done

Events (20 events):
Event: 91.930 Thread 0x000001ceed2c35a0 flushing nmethod 0x000001ced7968490
Event: 91.930 Thread 0x000001ceed2c35a0 flushing nmethod 0x000001ced79a9b90
Event: 91.930 Thread 0x000001ceed2c35a0 flushing nmethod 0x000001ced79aaa90
Event: 91.930 Thread 0x000001ceed2c35a0 flushing nmethod 0x000001ced79aae90
Event: 91.930 Thread 0x000001ceed2c35a0 flushing nmethod 0x000001ced79ac110
Event: 91.930 Thread 0x000001ceed2c35a0 flushing nmethod 0x000001ced79ae910
Event: 91.930 Thread 0x000001ceed2c35a0 flushing nmethod 0x000001ced79aec90
Event: 91.930 Thread 0x000001ceed2c35a0 flushing nmethod 0x000001ced79b6190
Event: 91.930 Thread 0x000001ceed2c35a0 flushing nmethod 0x000001ced79b7b10
Event: 91.930 Thread 0x000001ceed2c35a0 flushing nmethod 0x000001ced79c1090
Event: 91.931 Thread 0x000001ceed2c35a0 flushing nmethod 0x000001ced79e1a90
Event: 91.931 Thread 0x000001ceed2c35a0 flushing nmethod 0x000001ced79e3a90
Event: 91.931 Thread 0x000001ceed2c35a0 flushing nmethod 0x000001ced79e4610
Event: 91.931 Thread 0x000001ceed2c35a0 flushing nmethod 0x000001ced79e5390
Event: 91.931 Thread 0x000001ceed2c35a0 flushing nmethod 0x000001ced79e5890
Event: 91.931 Thread 0x000001ceed2c35a0 flushing nmethod 0x000001ced79ee110
Event: 92.388 Thread 0x000001cef3e2ffd0 Thread exited: 0x000001cef3e2ffd0
Event: 96.482 Thread 0x000001cef3665160 Thread exited: 0x000001cef3665160
Event: 101.493 Thread 0x000001cef3665160 Thread added: 0x000001cef3665160
Event: 108.594 Thread 0x000001cef3665160 Thread exited: 0x000001cef3665160


Dynamic libraries:
0x00007ff617990000 - 0x00007ff6179a0000 	C:\Program Files\Java\jdk-18.0.2\bin\java.exe
0x00007ffcf0200000 - 0x00007ffcf0409000 	C:\WINDOWS\SYSTEM32\ntdll.dll
0x00007ffcef690000 - 0x00007ffcef74d000 	C:\WINDOWS\System32\KERNEL32.DLL
0x00007ffced750000 - 0x00007ffcedacd000 	C:\WINDOWS\System32\KERNELBASE.dll
0x00007ffcede20000 - 0x00007ffcedf31000 	C:\WINDOWS\System32\ucrtbase.dll
0x00007ffce51b0000 - 0x00007ffce51ca000 	C:\Program Files\Java\jdk-18.0.2\bin\VCRUNTIME140.dll
0x00007ffce18a0000 - 0x00007ffce18b8000 	C:\Program Files\Java\jdk-18.0.2\bin\jli.dll
0x00007ffcee1b0000 - 0x00007ffcee25e000 	C:\WINDOWS\System32\ADVAPI32.dll
0x00007ffceec10000 - 0x00007ffceecb3000 	C:\WINDOWS\System32\msvcrt.dll
0x00007ffcee100000 - 0x00007ffcee19e000 	C:\WINDOWS\System32\sechost.dll
0x00007ffcef490000 - 0x00007ffcef5b0000 	C:\WINDOWS\System32\RPCRT4.dll
0x00007ffcefac0000 - 0x00007ffcefc6d000 	C:\WINDOWS\System32\USER32.dll
0x00007ffcee060000 - 0x00007ffcee086000 	C:\WINDOWS\System32\win32u.dll
0x00007ffcee3a0000 - 0x00007ffcee3c9000 	C:\WINDOWS\System32\GDI32.dll
0x00007ffcedf40000 - 0x00007ffcee058000 	C:\WINDOWS\System32\gdi32full.dll
0x00007ffcedd80000 - 0x00007ffcede1d000 	C:\WINDOWS\System32\msvcp_win.dll
0x00007ffcc5730000 - 0x00007ffcc59d5000 	C:\WINDOWS\WinSxS\amd64_microsoft.windows.common-controls_6595b64144ccf1df_6.0.22000.120_none_9d947278b86cc467\COMCTL32.dll
0x00007ffcdea10000 - 0x00007ffcdea1a000 	C:\WINDOWS\SYSTEM32\VERSION.dll
0x00007ffcefd40000 - 0x00007ffcefd71000 	C:\WINDOWS\System32\IMM32.DLL
0x00007ffce5280000 - 0x00007ffce528c000 	C:\Program Files\Java\jdk-18.0.2\bin\vcruntime140_1.dll
0x00007ffca4330000 - 0x00007ffca43bd000 	C:\Program Files\Java\jdk-18.0.2\bin\msvcp140.dll
0x00007ffc68df0000 - 0x00007ffc69a01000 	C:\Program Files\Java\jdk-18.0.2\bin\server\jvm.dll
0x00007ffcee1a0000 - 0x00007ffcee1a8000 	C:\WINDOWS\System32\PSAPI.DLL
0x00007ffcc9f80000 - 0x00007ffcc9f89000 	C:\WINDOWS\SYSTEM32\WSOCK32.dll
0x00007ffce17e0000 - 0x00007ffce1813000 	C:\WINDOWS\SYSTEM32\WINMM.dll
0x00007ffcefcd0000 - 0x00007ffcefd3f000 	C:\WINDOWS\System32\WS2_32.dll
0x00007ffcec810000 - 0x00007ffcec828000 	C:\WINDOWS\SYSTEM32\kernel.appcore.dll
0x00007ffce51a0000 - 0x00007ffce51aa000 	C:\Program Files\Java\jdk-18.0.2\bin\jimage.dll
0x00007ffceb0d0000 - 0x00007ffceb2f1000 	C:\WINDOWS\SYSTEM32\DBGHELP.DLL
0x00007ffcc7370000 - 0x00007ffcc73a1000 	C:\WINDOWS\SYSTEM32\dbgcore.DLL
0x00007ffcedd00000 - 0x00007ffcedd7f000 	C:\WINDOWS\System32\bcryptPrimitives.dll
0x00007ffcd7850000 - 0x00007ffcd7875000 	C:\Program Files\Java\jdk-18.0.2\bin\java.dll
0x00007ffca43c0000 - 0x00007ffca4496000 	C:\Program Files\Java\jdk-18.0.2\bin\jsvml.dll
0x00007ffceecd0000 - 0x00007ffcef488000 	C:\WINDOWS\System32\SHELL32.dll
0x00007ffcebda0000 - 0x00007ffcec608000 	C:\WINDOWS\SYSTEM32\windows.storage.dll
0x00007ffcefd90000 - 0x00007ffcf0109000 	C:\WINDOWS\System32\combase.dll
0x00007ffcebc30000 - 0x00007ffcebd96000 	C:\WINDOWS\SYSTEM32\wintypes.dll
0x00007ffcee8a0000 - 0x00007ffcee98a000 	C:\WINDOWS\System32\SHCORE.dll
0x00007ffcee840000 - 0x00007ffcee89d000 	C:\WINDOWS\System32\shlwapi.dll
0x00007ffced610000 - 0x00007ffced631000 	C:\WINDOWS\SYSTEM32\profapi.dll
0x00007ffce1250000 - 0x00007ffce1263000 	C:\Program Files\Java\jdk-18.0.2\bin\net.dll
0x00007ffce54d0000 - 0x00007ffce55dc000 	C:\WINDOWS\SYSTEM32\WINHTTP.dll
0x00007ffcecc30000 - 0x00007ffcecc97000 	C:\WINDOWS\system32\mswsock.dll
0x00007ffce0da0000 - 0x00007ffce0db6000 	C:\Program Files\Java\jdk-18.0.2\bin\nio.dll
0x00007ffcd80f0000 - 0x00007ffcd8108000 	C:\Program Files\Java\jdk-18.0.2\bin\zip.dll
0x00007ffc7e4f0000 - 0x00007ffc7e67f000 	C:\Program Files\Java\jdk-18.0.2\bin\awt.dll
0x00007ffcef5b0000 - 0x00007ffcef686000 	C:\WINDOWS\System32\OLEAUT32.dll
0x00007ffce6c20000 - 0x00007ffce6cb1000 	C:\WINDOWS\SYSTEM32\apphelp.dll
0x00007ffcea4c0000 - 0x00007ffcea56c000 	C:\WINDOWS\system32\uxtheme.dll
0x00007ffcee260000 - 0x00007ffcee37e000 	C:\WINDOWS\System32\MSCTF.dll
0x00007ffcee9f0000 - 0x00007ffceeb8a000 	C:\WINDOWS\System32\ole32.dll
0x00007ffcea920000 - 0x00007ffcea94f000 	C:\WINDOWS\system32\DWMAPI.DLL
0x00007ffc98ac0000 - 0x00007ffc98bc1000 	C:\WINDOWS\system32\opengl32.dll
0x00007ffc990d0000 - 0x00007ffc990fd000 	C:\WINDOWS\SYSTEM32\GLU32.dll
0x00007ffcea680000 - 0x00007ffcea6b8000 	C:\WINDOWS\SYSTEM32\dxcore.dll
0x00007ffcc5aa0000 - 0x00007ffcc5b26000 	C:\Program Files\Java\jdk-18.0.2\bin\freetype.dll
0x00007ffca4110000 - 0x00007ffca41b8000 	C:\Program Files\Java\jdk-18.0.2\bin\fontmanager.dll
0x00007ffcf0110000 - 0x00007ffcf01bf000 	C:\WINDOWS\System32\clbcatq.dll
0x00007ffce1e80000 - 0x00007ffce202e000 	C:\WINDOWS\SYSTEM32\WindowsCodecs.dll
0x00007ffc9a000000 - 0x00007ffc9a05d000 	C:\WINDOWS\system32\dataexchange.dll
0x00007ffce0f20000 - 0x00007ffce1186000 	C:\WINDOWS\system32\twinapi.appcore.dll
0x00007ffcc6160000 - 0x00007ffcc628d000 	C:\WINDOWS\SYSTEM32\textinputframework.dll
0x00007ffce6930000 - 0x00007ffce6a62000 	C:\WINDOWS\SYSTEM32\CoreMessaging.dll
0x00007ffce3ae0000 - 0x00007ffce3e4d000 	C:\WINDOWS\SYSTEM32\CoreUIComponents.dll
0x00007ffcece20000 - 0x00007ffcece2c000 	C:\WINDOWS\SYSTEM32\CRYPTBASE.DLL
0x00007ffcd3640000 - 0x00007ffcd3657000 	C:\WINDOWS\system32\napinsp.dll
0x00007ffcd3620000 - 0x00007ffcd363b000 	C:\WINDOWS\system32\pnrpnsp.dll
0x00007ffceb970000 - 0x00007ffceba58000 	C:\WINDOWS\SYSTEM32\DNSAPI.dll
0x00007ffceb900000 - 0x00007ffceb92d000 	C:\WINDOWS\SYSTEM32\IPHLPAPI.DLL
0x00007ffceecc0000 - 0x00007ffceecc9000 	C:\WINDOWS\System32\NSI.dll
0x00007ffcd3600000 - 0x00007ffcd3612000 	C:\WINDOWS\System32\winrnr.dll
0x00007ffcde950000 - 0x00007ffcde965000 	C:\WINDOWS\system32\wshbth.dll
0x00007ffcd3570000 - 0x00007ffcd358f000 	C:\WINDOWS\system32\nlansp_c.dll
0x00007ffcdea50000 - 0x00007ffcdea5a000 	C:\Windows\System32\rasadhlp.dll
0x00007ffcde8c0000 - 0x00007ffcde941000 	C:\WINDOWS\System32\fwpuclnt.dll
0x00007ffcecf00000 - 0x00007ffcecf18000 	C:\WINDOWS\SYSTEM32\CRYPTSP.dll
0x00007ffcec770000 - 0x00007ffcec7a5000 	C:\WINDOWS\system32\rsaenh.dll
0x00007ffceccd0000 - 0x00007ffceccf9000 	C:\WINDOWS\SYSTEM32\USERENV.dll
0x00007ffced040000 - 0x00007ffced067000 	C:\WINDOWS\SYSTEM32\bcrypt.dll
0x00007ffce20b0000 - 0x00007ffce20c9000 	C:\WINDOWS\SYSTEM32\dhcpcsvc6.DLL
0x00007ffce2470000 - 0x00007ffce248e000 	C:\WINDOWS\SYSTEM32\dhcpcsvc.DLL
0x00007ffce5fa0000 - 0x00007ffce5fae000 	C:\Program Files\Java\jdk-18.0.2\bin\sunmscapi.dll
0x00007ffcedb90000 - 0x00007ffcedcf2000 	C:\WINDOWS\System32\CRYPT32.dll
0x00007ffced010000 - 0x00007ffced038000 	C:\WINDOWS\SYSTEM32\ncrypt.dll
0x00007ffcecfd0000 - 0x00007ffced007000 	C:\WINDOWS\SYSTEM32\NTASN1.dll
0x00007ffcd6f80000 - 0x00007ffcd6fad000 	C:\Program Files\Java\jdk-18.0.2\bin\javajpeg.dll
0x00007ffce5190000 - 0x00007ffce51a0000 	C:\Program Files\Java\jdk-18.0.2\bin\verify.dll
0x00007ffcef910000 - 0x00007ffcef9fc000 	C:\WINDOWS\System32\COMDLG32.dll
0x00007ffcb9550000 - 0x00007ffcb95eb000 	C:\WINDOWS\SYSTEM32\WINSPOOL.DRV
0x00007ffce48b0000 - 0x00007ffce4921000 	C:\WINDOWS\System32\netprofm.dll
0x00007ffcdf6c0000 - 0x00007ffcdf6d2000 	C:\WINDOWS\System32\npmproxy.dll
0x00007ffc7f690000 - 0x00007ffc7fa52000 	C:\WINDOWS\System32\DriverStore\FileRepository\prnms003.inf_amd64_f36ee77332cb046e\Amd64\PrintConfig.dll
0x00007ffca4ae0000 - 0x00007ffca4b11000 	C:\WINDOWS\SYSTEM32\prntvpt.dll
0x00007ffcd8bb0000 - 0x00007ffcd8e31000 	C:\Windows\System32\msxml6.dll
0x00007ffce0bb0000 - 0x00007ffce0d9f000 	C:\WINDOWS\SYSTEM32\urlmon.dll
0x00007ffcdffb0000 - 0x00007ffce0263000 	C:\Windows\System32\iertutil.dll
0x00007ffcdff80000 - 0x00007ffcdffa8000 	C:\Windows\System32\srvcli.dll
0x00007ffceb8f0000 - 0x00007ffceb8fc000 	C:\Windows\System32\netutils.dll
0x00007ffcd81e0000 - 0x00007ffcd81f3000 	C:\Program Files\Microsoft Office\root\VFS\ProgramFilesCommonX64\Microsoft Shared\Office16\MSOXMLMF.DLL
0x00007ffc95d60000 - 0x00007ffc95e35000 	C:\WINDOWS\system32\jscript.dll
0x00007ffcb1630000 - 0x00007ffcb16ab000 	C:\ProgramData\Microsoft\Windows Defender\Platform\4.18.2205.7-0\MpOav.dll
0x00007ffced4d0000 - 0x00007ffced572000 	C:\WINDOWS\SYSTEM32\sxs.dll
0x00007ffc841a0000 - 0x00007ffc8427b000 	C:\WINDOWS\System32\DriverStore\FileRepository\ntprint.inf_amd64_b51896fb6cf04317\Amd64\mxdwdrv.dll
0x00007ffccae10000 - 0x00007ffccb06f000 	C:\WINDOWS\SYSTEM32\DWrite.dll
0x00007ffce5790000 - 0x00007ffce57c7000 	C:\WINDOWS\SYSTEM32\XmlLite.dll
0x00007ffce0390000 - 0x00007ffce0ba6000 	C:\Windows\System32\OneCoreUAPCommonProxyStub.dll
0x00007ffc8ff80000 - 0x00007ffc901b5000 	C:\WINDOWS\SYSTEM32\opcservices.dll
0x00007ffca4000000 - 0x00007ffca405b000 	C:\WINDOWS\SYSTEM32\XpsPushLayer.dll
0x00007ffc836d0000 - 0x00007ffc83946000 	C:\WINDOWS\SYSTEM32\xpsservices.dll
0x00007ffcbc390000 - 0x00007ffcbc43e000 	C:\WINDOWS\SYSTEM32\TextShaping.dll
0x00007ffca3550000 - 0x00007ffca35b0000 	C:\WINDOWS\SYSTEM32\Print.PrintSupport.Source.dll
0x00007ffced330000 - 0x00007ffced37c000 	C:\WINDOWS\SYSTEM32\cfgmgr32.dll
0x00007ffc6b070000 - 0x00007ffc6b432000 	C:\WINDOWS\system32\spool\drivers\x64\3\PrintConfig.dll
0x00007ffce5660000 - 0x00007ffce5757000 	C:\WINDOWS\SYSTEM32\PROPSYS.dll
0x00007ffc9cd40000 - 0x00007ffc9cd66000 	C:\WINDOWS\SYSTEM32\edputil.dll
0x00007ffce1980000 - 0x00007ffce19d9000 	C:\WINDOWS\SYSTEM32\VAULTCLI.dll
0x00007ffca3e20000 - 0x00007ffca3fdf000 	C:\WINDOWS\SYSTEM32\DUI70.dll
0x00007ffcd78a0000 - 0x00007ffcd7939000 	C:\WINDOWS\SYSTEM32\DUser.dll
0x00007ffc99440000 - 0x00007ffc994a6000 	C:\Windows\System32\thumbcache.dll
0x00007ffcca8e0000 - 0x00007ffccaaa2000 	C:\Windows\System32\Windows.Globalization.dll
0x00007ffce2200000 - 0x00007ffce2226000 	C:\WINDOWS\SYSTEM32\globinputhost.dll
0x00007ffcd6470000 - 0x00007ffcd64d5000 	C:\WINDOWS\SYSTEM32\Bcp47Langs.dll
0x00007ffc9cd70000 - 0x00007ffc9cd88000 	C:\WINDOWS\system32\NetworkExplorer.dll
0x00007ffc991c0000 - 0x00007ffc991cd000 	C:\WINDOWS\SYSTEM32\atlthunk.dll
0x00007ffcba250000 - 0x00007ffcba306000 	C:\WINDOWS\System32\StructuredQuery.dll
0x00007ffc98790000 - 0x00007ffc98807000 	C:\Windows\System32\Windows.FileExplorer.Common.dll
0x00007ffcd9d10000 - 0x00007ffcd9e4b000 	C:\Windows\System32\Windows.System.Launcher.dll
0x00007ffce49a0000 - 0x00007ffce4a32000 	C:\Windows\System32\msvcp110_win.dll

dbghelp: loaded successfully - version: 4.0.5 - missing functions: none
symbol engine: initialized successfully - sym options: 0x614 - pdb path: .;C:\Program Files\Java\jdk-18.0.2\bin;C:\WINDOWS\SYSTEM32;C:\WINDOWS\WinSxS\amd64_microsoft.windows.common-controls_6595b64144ccf1df_6.0.22000.120_none_9d947278b86cc467;C:\Program Files\Java\jdk-18.0.2\bin\server;C:\WINDOWS\System32\DriverStore\FileRepository\prnms003.inf_amd64_f36ee77332cb046e\Amd64;C:\Program Files\Microsoft Office\root\VFS\ProgramFilesCommonX64\Microsoft Shared\Office16;C:\ProgramData\Microsoft\Windows Defender\Platform\4.18.2205.7-0;C:\WINDOWS\System32\DriverStore\FileRepository\ntprint.inf_amd64_b51896fb6cf04317\Amd64;C:\WINDOWS\system32\spool\drivers\x64\3;C:\Program Files\Microsoft OneDrive\22.151.0717.0001;C:\Program Files (x86)\Common Files\Adobe\CoreSyncExtension;C:\PROGRA~1\MICROS~2\Office14;C:\WINDOWS\WinSxS\amd64_microsoft.vc90.crt_1fc8b3b9a1e18e3b_9.0.30729.9635_none_08e2c157a83ed5da;C:\WINDOWS\WinSxS\Fusion\amd64_microsoft.vc90.atl_1fc8b3b9a1e18e3b_none_a268ec259de3174d\9.0\9.0.30729.6161;C:\PROGRA~1\COMMON~1\MICROS~1\OFFICE14\Cultures;C:\PROGRA~1\MICROS~2\Office14\1033;C:\WINDOWS\WinSxS\amd64_microsoft.windows.gdiplus_6595b64144ccf1df_1.1.22000.675_none_ce846f9a12fab040

VM Arguments:
jvm_args: -Dfile.encoding=UTF-8 --module-path=C:\Users\FPTSHOP\OneDrive\Desktop\PawnStore\PawnStore\build\classes 
java_command: pawnstore.Main
java_class_path (initial): C:\Users\FPTSHOP\OneDrive\Desktop\PawnStore\PawnStore\lib\eclipselink\org.eclipse.persistence.core-2.7.9.jar;C:\Users\FPTSHOP\OneDrive\Desktop\PawnStore\PawnStore\lib\eclipselink\org.eclipse.persistence.asm-9.1.0.jar;C:\Users\FPTSHOP\OneDrive\Desktop\PawnStore\PawnStore\lib\eclipselink\org.eclipse.persistence.antlr-2.7.9.jar;C:\Users\FPTSHOP\OneDrive\Desktop\PawnStore\PawnStore\lib\eclipselink\org.eclipse.persistence.jpa-2.7.9.jar;C:\Users\FPTSHOP\OneDrive\Desktop\PawnStore\PawnStore\lib\eclipselink\org.eclipse.persistence.jpa.jpql-2.7.9.jar;C:\Users\FPTSHOP\OneDrive\Desktop\PawnStore\PawnStore\lib\eclipselink\org.eclipse.persistence.moxy-2.7.9.jar;C:\Users\FPTSHOP\OneDrive\Desktop\PawnStore\PawnStore\lib\eclipselink\javax.persistence-2.2.1.jar;C:\Users\FPTSHOP\OneDrive\Desktop\PawnStore\PawnStore\lib\absolutelayout\AbsoluteLayout.jar;C:\Users\FPTSHOP\OneDrive\Desktop\PawnStore\jcalendar-1.4\lib\jcalendar-1.4.jar;C:\Users\FPTSHOP\OneDrive\Desktop\PawnStore\PLUGIN & LIBRARY IREPORT\PLUGIN & LIBRARY IREPORT\LIBRARY IREPORT.zip;C:\Users\FPTSHOP\OneDrive\Desktop\PawnStore\sqljdbc_11.2.0.0_enu\sqljdbc_11.2\enu\mssql-jdbc-11.2.0.jre18.jar;C:\Users\FPTSHOP\OneDrive\Desktop\PawnStore\PawnStore\build\classes
Launcher Type: SUN_STANDARD

[Global flags]
     intx CICompilerCount                          = 4                                         {product} {ergonomic}
     uint ConcGCThreads                            = 2                                         {product} {ergonomic}
     uint G1ConcRefinementThreads                  = 8                                         {product} {ergonomic}
   size_t G1HeapRegionSize                         = 1048576                                   {product} {ergonomic}
    uintx GCDrainStackTargetSize                   = 64                                        {product} {ergonomic}
   size_t InitialHeapSize                          = 132120576                                 {product} {ergonomic}
   size_t MarkStackSize                            = 4194304                                   {product} {ergonomic}
   size_t MaxHeapSize                              = 2099249152                                {product} {ergonomic}
   size_t MaxNewSize                               = 1259339776                                {product} {ergonomic}
   size_t MinHeapDeltaBytes                        = 1048576                                   {product} {ergonomic}
   size_t MinHeapSize                              = 8388608                                   {product} {ergonomic}
    uintx NonNMethodCodeHeapSize                   = 5839372                                {pd product} {ergonomic}
    uintx NonProfiledCodeHeapSize                  = 122909434                              {pd product} {ergonomic}
    uintx ProfiledCodeHeapSize                     = 122909434                              {pd product} {ergonomic}
    uintx ReservedCodeCacheSize                    = 251658240                              {pd product} {ergonomic}
     bool SegmentedCodeCache                       = true                                      {product} {ergonomic}
   size_t SoftMaxHeapSize                          = 2099249152                             {manageable} {ergonomic}
     bool UseCompressedClassPointers               = true                           {product lp64_product} {ergonomic}
     bool UseCompressedOops                        = true                           {product lp64_product} {ergonomic}
     bool UseG1GC                                  = true                                      {product} {ergonomic}
     bool UseLargePagesIndividualAllocation        = false                                  {pd product} {ergonomic}

Logging:
Log output configuration:
 #0: stdout all=warning uptime,level,tags foldmultilines=false
 #1: stderr all=off uptime,level,tags foldmultilines=false

Environment Variables:
JAVA_HOME=C:\Program Files\Java\jdk-18.0.2
PATH=C:\Program Files\Common Files\Microsoft Shared\Microsoft Online Services;C:\Program Files (x86)\Common Files\Microsoft Shared\Microsoft Online Services;C:\Program Files\Common Files\Oracle\Java\javapath;C:\Program Files (x86)\Python38-32\Scripts\;C:\Program Files (x86)\Python38-32\;C:\Windows\system32;C:\Windows;C:\Windows\System32\Wbem;C:\Windows\System32\WindowsPowerShell\v1.0\;C:\Windows\System32\OpenSSH\;C:\Program Files\Microsoft SQL Server\130\Tools\Binn\;C:\MinGW\bin;%QUARTUS_ROOTDIR%\bin;C:\Program Files\Microsoft SQL Server\Client SDK\ODBC\170\Tools\Binn\;C:\Program Files\Microsoft SQL Server\Client SDK\ODBC\130\Tools\Binn\;C:\Program Files (x86)\Microsoft SQL Server\130\Tools\Binn\;C:\Program Files\Microsoft SQL Server\130\DTS\Binn\;C:\Program Files (x86)\Microsoft SQL Server\150\Tools\Binn\;C:\Program Files\Microsoft SQL Server\150\Tools\Binn\;C:\Program Files\Microsoft SQL Server\150\DTS\Binn\;C:\Program Files (x86)\Microsoft SQL Server\150\DTS\Binn\;C:\Program Files\Microsoft SQL Server\110\Tools\Binn\;C:\Program Files\dotnet\;C:\Program Files\Azure Data Studio\bin;C:\Program Files\Microsoft SQL Server\120\Tools\Binn\;C:\WINDOWS\system32;C:\WINDOWS;C:\WINDOWS\System32\Wbem;C:\WINDOWS\System32\WindowsPowerShell\v1.0\;C:\WINDOWS\System32\OpenSSH\;C:\Program Files\Docker\Docker\resources\bin;C:\ProgramData\DockerDesktop\version-bin;C:\Program Files (x86)\dotnet\;E:\Download\spring-boot-cli-2.3.9.RELEASE-bin\spring-2.3.9.RELEASE\bin;C:\Program Files\Git\cmd;C:\Program Files\MySQL\MySQL Server 8.0\bin;C:\Program Files\Java\jdk-18.0.2\bin;C:\Program Files\MySQL\MySQL Shell 8.0\bin\;C:\Users\FPTSHOP\AppData\Local\Microsoft\WindowsApps;C:\MinGW\bin;C:\Users\FPTSHOP\.dotnet\tools;C:\Users\FPTSHOP\AppData\Local\Programs\Microsoft VS Code\bin;C:\Program Files\Java\jdk-18.0.2\bin;C:\Program Files\Azure Data Studio\bin;E:\Download\spring-boot-cli-2.7.1-bin\spring-2.7.1;
USERNAME=NVS
OS=Windows_NT
PROCESSOR_IDENTIFIER=Intel64 Family 6 Model 142 Stepping 12, GenuineIntel



---------------  S Y S T E M  ---------------

OS:
 Windows 11 , 64 bit Build 22000 (10.0.22000.708)
OS uptime: 0 days 18:01 hours
Hyper-V role detected

CPU: total 8 (initial active 8) (4 cores per cpu, 2 threads per core) family 6 model 142 stepping 12 microcode 0xec, cx8, cmov, fxsr, ht, mmx, 3dnowpref, sse, sse2, sse3, ssse3, sse4.1, sse4.2, popcnt, lzcnt, tsc, tscinvbit, avx, avx2, aes, erms, clmul, bmi1, bmi2, adx, fma, vzeroupper, clflush, clflushopt, hv

Memory: 4k page, system-wide physical 8006M (593M free)
TotalPageFile size 12102M (AvailPageFile size 33M)
current process WorkingSet (physical memory assigned to process): 379M, peak: 397M
current process commit charge ("private bytes"): 412M, peak: 431M

vm_info: Java HotSpot(TM) 64-Bit Server VM (18.0.2+9-61) for windows-amd64 JRE (18.0.2+9-61), built on Jun  7 2022 13:09:01 by "mach5one" with MS VC++ 16.8 / 16.9 (VS2019)

END.
