#
# There is insufficient memory for the Java Runtime Environment to continue.
# Native memory allocation (mmap) failed to map 14680064 bytes for G1 virtual space
# Possible reasons:
#   The system is out of physical RAM or swap space
#   The process is running with CompressedOops enabled, and the Java Heap may be blocking the growth of the native heap
# Possible solutions:
#   Reduce memory load on the system
#   Increase physical memory or swap space
#   Check if swap backing store is full
#   Decrease Java heap size (-Xmx/-Xms)
#   Decrease number of Java threads
#   Decrease Java thread stack sizes (-Xss)
#   Set larger code cache with -XX:ReservedCodeCacheSize=
#   JVM is running with Unscaled Compressed Oops mode in which the Java heap is
#     placed in the first 4GB address space. The Java Heap base address is the
#     maximum limit for the native heap growth. Please use -XX:HeapBaseMinAddress
#     to set the Java Heap base and to place the Java Heap above 4GB virtual address.
# This output file may be truncated or incomplete.
#
#  Out of Memory Error (os_windows.cpp:3530), pid=18208, tid=21976
#
# JRE version: Java(TM) SE Runtime Environment (18.0.2.1+1) (build 18.0.2.1+1-1)
# Java VM: Java HotSpot(TM) 64-Bit Server VM (18.0.2.1+1-1, mixed mode, sharing, tiered, compressed oops, compressed class ptrs, g1 gc, windows-amd64)
# No core dump will be written. Minidumps are not enabled by default on client versions of Windows
#

---------------  S U M M A R Y ------------

Command Line: -Dapplication.home=C:\Program Files\Java\jdk-18.0.2.1 --add-modules=ALL-DEFAULT -Xms8m -Djdk.module.main=jdk.compiler jdk.compiler/com.sun.tools.javac.Main @C:\Users\FPTSHOP\AppData\Local\Temp\files4258161793079318096

Host: Intel(R) Core(TM) i5-8265U CPU @ 1.60GHz, 8 cores, 7G,  Windows 11 , 64 bit Build 22000 (10.0.22000.708)
Time: Thu Sep  8 01:30:50 2022 SE Asia Standard Time elapsed time: 3.160973 seconds (0d 0h 0m 3s)

---------------  T H R E A D  ---------------

Current thread (0x000001536083e570):  VMThread "VM Thread" [stack: 0x0000004a85e00000,0x0000004a85f00000] [id=21976]

Stack: [0x0000004a85e00000,0x0000004a85f00000]
Native frames: (J=compiled Java code, j=interpreted, Vv=VM code, C=native code)
V  [jvm.dll+0x6993aa]
V  [jvm.dll+0x7f46dd]
V  [jvm.dll+0x7f5fee]
V  [jvm.dll+0x7f66a3]
V  [jvm.dll+0x25cf1f]
V  [jvm.dll+0x6962f9]
V  [jvm.dll+0x68ae2a]
V  [jvm.dll+0x32255b]
V  [jvm.dll+0x329f36]
V  [jvm.dll+0x37eade]
V  [jvm.dll+0x37ed0f]
V  [jvm.dll+0x2fa2da]
V  [jvm.dll+0x2fa387]
V  [jvm.dll+0x33e8c2]
V  [jvm.dll+0x33ce64]
V  [jvm.dll+0x2f9ab0]
V  [jvm.dll+0x33c43b]
V  [jvm.dll+0x7fb48b]
V  [jvm.dll+0x7fc224]
V  [jvm.dll+0x7fc75c]
V  [jvm.dll+0x7fcbb4]
V  [jvm.dll+0x7fcc77]
V  [jvm.dll+0x7a120a]
V  [jvm.dll+0x698255]
C  [ucrtbase.dll+0x26c0c]
C  [KERNEL32.DLL+0x154e0]
C  [ntdll.dll+0x485b]

VM_Operation (0x0000004a858fc9d0): G1CollectForAllocation, mode: safepoint, requested by thread 0x00000153607c6380


---------------  P R O C E S S  ---------------

Threads class SMR info:
_java_thread_list=0x000001537ec47e40, length=14, elements={
0x00000153607c6380, 0x00000153608797f0, 0x000001536087a0a0, 0x000001537e557340,
0x000001537e559c00, 0x000001537e55a4b0, 0x000001537e564da0, 0x000001537e568e80,
0x000001537e569770, 0x000001537e56a060, 0x000001537ea9e7e0, 0x000001537eb09ca0,
0x000001537ef79d00, 0x000001537ec48080
}

Java Threads: ( => current thread )
  0x00000153607c6380 JavaThread "main" [_thread_blocked, id=23024, stack(0x0000004a85800000,0x0000004a85900000)]
  0x00000153608797f0 JavaThread "Reference Handler" daemon [_thread_blocked, id=21656, stack(0x0000004a85f00000,0x0000004a86000000)]
  0x000001536087a0a0 JavaThread "Finalizer" daemon [_thread_blocked, id=22496, stack(0x0000004a86000000,0x0000004a86100000)]
  0x000001537e557340 JavaThread "Signal Dispatcher" daemon [_thread_blocked, id=7908, stack(0x0000004a86100000,0x0000004a86200000)]
  0x000001537e559c00 JavaThread "Attach Listener" daemon [_thread_blocked, id=4168, stack(0x0000004a86200000,0x0000004a86300000)]
  0x000001537e55a4b0 JavaThread "Service Thread" daemon [_thread_blocked, id=10736, stack(0x0000004a86300000,0x0000004a86400000)]
  0x000001537e564da0 JavaThread "Monitor Deflation Thread" daemon [_thread_blocked, id=15780, stack(0x0000004a86400000,0x0000004a86500000)]
  0x000001537e568e80 JavaThread "C2 CompilerThread0" daemon [_thread_blocked, id=13812, stack(0x0000004a86500000,0x0000004a86600000)]
  0x000001537e569770 JavaThread "C1 CompilerThread0" daemon [_thread_blocked, id=3068, stack(0x0000004a86600000,0x0000004a86700000)]
  0x000001537e56a060 JavaThread "Sweeper thread" daemon [_thread_blocked, id=4372, stack(0x0000004a86700000,0x0000004a86800000)]
  0x000001537ea9e7e0 JavaThread "Common-Cleaner" daemon [_thread_blocked, id=22180, stack(0x0000004a86800000,0x0000004a86900000)]
  0x000001537eb09ca0 JavaThread "Notification Thread" daemon [_thread_blocked, id=2088, stack(0x0000004a86900000,0x0000004a86a00000)]
  0x000001537ef79d00 JavaThread "C2 CompilerThread1" daemon [_thread_blocked, id=5816, stack(0x0000004a87200000,0x0000004a87300000)]
  0x000001537ec48080 JavaThread "C2 CompilerThread2" daemon [_thread_blocked, id=21304, stack(0x0000004a87300000,0x0000004a87400000)]

Other Threads:
=>0x000001536083e570 VMThread "VM Thread" [stack: 0x0000004a85e00000,0x0000004a85f00000] [id=21976]
  0x000001537eb313b0 WatcherThread "VM Periodic Task Thread" [stack: 0x0000004a86a00000,0x0000004a86b00000] [id=2464]
  0x0000015360825bd0 WorkerThread "GC Thread#0" [stack: 0x0000004a85900000,0x0000004a85a00000] [id=3888]
  0x000001537ec8ba80 WorkerThread "GC Thread#1" [stack: 0x0000004a86b00000,0x0000004a86c00000] [id=19568]
  0x000001537ec8bfc0 WorkerThread "GC Thread#2" [stack: 0x0000004a86c00000,0x0000004a86d00000] [id=16776]
  0x000001537ece0af0 WorkerThread "GC Thread#3" [stack: 0x0000004a86d00000,0x0000004a86e00000] [id=17652]
  0x000001537ee55c50 WorkerThread "GC Thread#4" [stack: 0x0000004a86e00000,0x0000004a86f00000] [id=7016]
  0x000001537ece0730 WorkerThread "GC Thread#5" [stack: 0x0000004a86f00000,0x0000004a87000000] [id=12520]
  0x000001537ef0f730 WorkerThread "GC Thread#6" [stack: 0x0000004a87000000,0x0000004a87100000] [id=21536]
  0x000001537ef7e4d0 WorkerThread "GC Thread#7" [stack: 0x0000004a87100000,0x0000004a87200000] [id=3784]
  0x00000153608364b0 ConcurrentGCThread "G1 Main Marker" [stack: 0x0000004a85a00000,0x0000004a85b00000] [id=17356]
  0x0000015360837450 WorkerThread "G1 Conc#0" [stack: 0x0000004a85b00000,0x0000004a85c00000] [id=1612]
  0x00000153043c6520 WorkerThread "G1 Conc#1" [stack: 0x0000004a87400000,0x0000004a87500000] [id=7092]
  0x000001537e433cd0 ConcurrentGCThread "G1 Refine#0" [stack: 0x0000004a85c00000,0x0000004a85d00000] [id=17336]
  0x00000153608524a0 ConcurrentGCThread "G1 Service" [stack: 0x0000004a85d00000,0x0000004a85e00000] [id=1688]

Threads with active compile tasks:
C2 CompilerThread0     3206 1925       4       javax.lang.model.SourceVersion::isIdentifier (71 bytes)
C1 CompilerThread0     3206 1933   !   3       com.sun.tools.javac.jvm.ClassReader::classSigToType (497 bytes)
C2 CompilerThread1     3206 1929       4       java.util.regex.Pattern::compile (500 bytes)
C2 CompilerThread2     3206 1892       4       com.sun.tools.javac.util.SharedNameTable::fromUtf (174 bytes)

VM state: at safepoint (normal execution)

VM Mutex/Monitor currently owned by a thread:  ([mutex/lock_event])
[0x00000153607c23c0] Threads_lock - owner thread: 0x000001536083e570
[0x00000153607c2060] Heap_lock - owner thread: 0x00000153607c6380

Heap address: 0x0000000082e00000, size: 2002 MB, Compressed Oops mode: 32-bit

CDS archive(s) mapped at: [0x0000000800000000-0x0000000800ba0000-0x0000000800ba0000), size 12189696, SharedBaseAddress: 0x0000000800000000, ArchiveRelocationMode: 0.
Compressed class space mapped at: 0x0000000800c00000-0x0000000840c00000, reserved size: 1073741824
Narrow klass base: 0x0000000800000000, Narrow klass shift: 0, Narrow klass range: 0x100000000

GC Precious Log:
 CardTable entry size: 512
 Card Set container configuration: InlinePtr #cards 5 size 8 Array Of Cards #cards 12 size 40 Howl #buckets 4 coarsen threshold 1843 Howl Bitmap #cards 512 size 80 coarsen threshold 460 Card regions per heap region 1 cards per card region 2048
 CPUs: 8 total, 8 available
 Memory: 8006M
 Large Page Support: Disabled
 NUMA Support: Disabled
 Compressed Oops: Enabled (32-bit)
 Heap Region Size: 1M
 Heap Min Capacity: 8M
 Heap Initial Capacity: 8M
 Heap Max Capacity: 2002M
 Pre-touch: Disabled
 Parallel Workers: 8
 Concurrent Workers: 2
 Concurrent Refinement Workers: 8
 Periodic GC: Disabled

Heap:
 garbage-first heap   total 30720K, used 15455K [0x0000000082e00000, 0x0000000100000000)
  region size 1024K, 1 young (1024K), 1 survivors (1024K)
 Metaspace       used 9822K, committed 10048K, reserved 1114112K
  class space    used 1075K, committed 1216K, reserved 1048576K

Heap Regions: E=young(eden), S=young(survivor), O=old, HS=humongous(starts), HC=humongous(continues), CS=collection set, F=free, OA=open archive, CA=closed archive, TAMS=top-at-mark-start (previous, next)
|   0|0x0000000082e00000, 0x0000000082f00000, 0x0000000082f00000|100%| O|  |TAMS 0x0000000082f00000, 0x0000000082e00000| Untracked 
|   1|0x0000000082f00000, 0x0000000083000000, 0x0000000083000000|100%| O|  |TAMS 0x0000000083000000, 0x0000000082f00000| Untracked 
|   2|0x0000000083000000, 0x0000000083100000, 0x0000000083100000|100%| O|  |TAMS 0x0000000083100000, 0x0000000083000000| Untracked 
|   3|0x0000000083100000, 0x0000000083200000, 0x0000000083200000|100%| O|  |TAMS 0x0000000083200000, 0x0000000083100000| Untracked 
|   4|0x0000000083200000, 0x0000000083300000, 0x0000000083300000|100%| O|  |TAMS 0x0000000083300000, 0x0000000083200000| Untracked 
|   5|0x0000000083300000, 0x0000000083400000, 0x0000000083400000|100%| O|  |TAMS 0x0000000083400000, 0x0000000083300000| Untracked 
|   6|0x0000000083400000, 0x0000000083500000, 0x0000000083500000|100%| O|  |TAMS 0x0000000083455200, 0x0000000083400000| Untracked 
|   7|0x0000000083500000, 0x0000000083600000, 0x0000000083600000|100%| O|  |TAMS 0x0000000083500000, 0x0000000083500000| Untracked 
|   8|0x0000000083600000, 0x0000000083700000, 0x0000000083700000|100%| O|  |TAMS 0x0000000083600000, 0x0000000083600000| Untracked 
|   9|0x0000000083700000, 0x0000000083800000, 0x0000000083800000|100%| O|  |TAMS 0x0000000083700000, 0x0000000083700000| Untracked 
|  10|0x0000000083800000, 0x0000000083900000, 0x0000000083900000|100%| O|  |TAMS 0x0000000083800000, 0x0000000083800000| Untracked 
|  11|0x0000000083900000, 0x0000000083a00000, 0x0000000083a00000|100%| O|  |TAMS 0x0000000083900000, 0x0000000083900000| Untracked 
|  12|0x0000000083a00000, 0x0000000083b00000, 0x0000000083b00000|100%| O|  |TAMS 0x0000000083a00000, 0x0000000083a00000| Untracked 
|  13|0x0000000083b00000, 0x0000000083c00000, 0x0000000083c00000|100%| O|  |TAMS 0x0000000083b00000, 0x0000000083b00000| Untracked 
|  14|0x0000000083c00000, 0x0000000083c1ca00, 0x0000000083d00000| 11%| O|  |TAMS 0x0000000083c00000, 0x0000000083c00000| Untracked 
|  15|0x0000000083d00000, 0x0000000083d00000, 0x0000000083e00000|  0%| F|  |TAMS 0x0000000083d00000, 0x0000000083d00000| Untracked 
|  16|0x0000000083e00000, 0x0000000083e00000, 0x0000000083f00000|  0%| F|  |TAMS 0x0000000083e00000, 0x0000000083e00000| Untracked 
|  17|0x0000000083f00000, 0x0000000083f00000, 0x0000000084000000|  0%| F|  |TAMS 0x0000000083f00000, 0x0000000083f00000| Untracked 
|  18|0x0000000084000000, 0x0000000084000000, 0x0000000084100000|  0%| F|  |TAMS 0x0000000084000000, 0x0000000084000000| Untracked 
|  19|0x0000000084100000, 0x0000000084100000, 0x0000000084200000|  0%| F|  |TAMS 0x0000000084100000, 0x0000000084100000| Untracked 
|  20|0x0000000084200000, 0x0000000084200000, 0x0000000084300000|  0%| F|  |TAMS 0x0000000084200000, 0x0000000084200000| Untracked 
|  21|0x0000000084300000, 0x0000000084300000, 0x0000000084400000|  0%| F|  |TAMS 0x0000000084300000, 0x0000000084300000| Untracked 
|  22|0x0000000084400000, 0x00000000844fb4f0, 0x0000000084500000| 98%| S|CS|TAMS 0x0000000084400000, 0x0000000084400000| Complete 
|  23|0x0000000084500000, 0x0000000084500000, 0x0000000084600000|  0%| F|  |TAMS 0x0000000084500000, 0x0000000084500000| Untracked 
|  24|0x0000000084600000, 0x0000000084600000, 0x0000000084700000|  0%| F|  |TAMS 0x0000000084600000, 0x0000000084600000| Untracked 
|  25|0x0000000084700000, 0x0000000084700000, 0x0000000084800000|  0%| F|  |TAMS 0x0000000084700000, 0x0000000084700000| Untracked 
|  26|0x0000000084800000, 0x0000000084800000, 0x0000000084900000|  0%| F|  |TAMS 0x0000000084800000, 0x0000000084800000| Untracked 
|  27|0x0000000084900000, 0x0000000084900000, 0x0000000084a00000|  0%| F|  |TAMS 0x0000000084900000, 0x0000000084900000| Untracked 
|  28|0x0000000084a00000, 0x0000000084a00000, 0x0000000084b00000|  0%| F|  |TAMS 0x0000000084a00000, 0x0000000084a00000| Untracked 
|  29|0x0000000084b00000, 0x0000000084b00000, 0x0000000084c00000|  0%| F|  |TAMS 0x0000000084b00000, 0x0000000084b00000| Untracked 

Card table byte_map: [0x0000015377820000,0x0000015377c10000] _byte_map_base: 0x0000015377409000

Marking Bits (Prev, Next): (CMBitMap*) 0x0000015360826020, (CMBitMap*) 0x0000015360825fe0
 Prev Bits: [0x0000015379f50000, 0x000001537be98000)
 Next Bits: [0x0000015378000000, 0x0000015379f48000)

Polling page: 0x000001535e530000

Metaspace:

Usage:
  Non-class:      8.54 MB used.
      Class:      1.05 MB used.
       Both:      9.59 MB used.

Virtual space:
  Non-class space:       64.00 MB reserved,       8.62 MB ( 13%) committed,  1 nodes.
      Class space:        1.00 GB reserved,       1.19 MB ( <1%) committed,  1 nodes.
             Both:        1.06 GB reserved,       9.81 MB ( <1%) committed. 

Chunk freelists:
   Non-Class:  1.47 MB
       Class:  2.85 MB
        Both:  4.32 MB

MaxMetaspaceSize: unlimited
CompressedClassSpaceSize: 1.00 GB
Initial GC threshold: 21.00 MB
Current GC threshold: 21.00 MB
CDS: on
MetaspaceReclaimPolicy: balanced
 - commit_granule_bytes: 65536.
 - commit_granule_words: 8192.
 - virtual_space_node_default_size: 8388608.
 - enlarge_chunks_in_place: 1.
 - new_chunks_are_fully_committed: 0.
 - uncommit_free_chunks: 1.
 - use_allocation_guard: 0.


Internal statistics:

num_allocs_failed_limit: 0.
num_arena_births: 76.
num_arena_deaths: 0.
num_vsnodes_births: 2.
num_vsnodes_deaths: 0.
num_space_committed: 157.
num_space_uncommitted: 0.
num_chunks_returned_to_freelist: 0.
num_chunks_taken_from_freelist: 394.
num_chunk_merges: 0.
num_chunk_splits: 283.
num_chunks_enlarged: 229.
num_inconsistent_stats: 0.

CodeHeap 'non-profiled nmethods': size=120000Kb used=803Kb max_used=803Kb free=119196Kb
 bounds [0x000001536fbd0000, 0x000001536fe40000, 0x0000015377100000]
CodeHeap 'profiled nmethods': size=120000Kb used=3894Kb max_used=3894Kb free=116105Kb
 bounds [0x00000153686a0000, 0x0000015368a70000, 0x000001536fbd0000]
CodeHeap 'non-nmethods': size=5760Kb used=1155Kb max_used=1197Kb free=4604Kb
 bounds [0x0000015368100000, 0x0000015368370000, 0x00000153686a0000]
 total_blobs=2353 nmethods=1917 adapters=349
 compilation: enabled
              stopped_count=0, restarted_count=0
 full_count=0

Compilation events (20 events):
Event: 3.137 Thread 0x000001537e569770 nmethod 1924 0x0000015368a69810 code [0x0000015368a699e0, 0x0000015368a69e78]
Event: 3.137 Thread 0x000001537e569770 1928       3       com.sun.tools.javac.code.ClassFinder::includeClassFile (307 bytes)
Event: 3.138 Thread 0x000001537ef79d00 nmethod 1920 0x000001536fc98510 code [0x000001536fc98680, 0x000001536fc987d8]
Event: 3.139 Thread 0x000001537ef79d00 1929       4       java.util.regex.Pattern::compile (500 bytes)
Event: 3.140 Thread 0x000001537e569770 nmethod 1928 0x0000015368a6a010 code [0x0000015368a6a2e0, 0x0000015368a6b4c8]
Event: 3.140 Thread 0x000001537e569770 1926       3       com.sun.tools.javac.code.ClassFinder$1::next (5 bytes)
Event: 3.141 Thread 0x000001537e569770 nmethod 1926 0x0000015368a6bb90 code [0x0000015368a6bd60, 0x0000015368a6c078]
Event: 3.141 Thread 0x000001537e569770 1931       3       com.sun.tools.javac.util.Name$Table::fromString (14 bytes)
Event: 3.141 Thread 0x000001537e569770 nmethod 1931 0x0000015368a6c190 code [0x0000015368a6c360, 0x0000015368a6c6a8]
Event: 3.142 Thread 0x000001537e569770 1927       3       com.sun.tools.javac.code.ClassFinder$1::next (27 bytes)
Event: 3.142 Thread 0x000001537e569770 nmethod 1927 0x0000015368a6c890 code [0x0000015368a6ca40, 0x0000015368a6ccd8]
Event: 3.142 Thread 0x000001537e569770 1918       3       com.sun.tools.javac.file.PathFileObject$DirectoryFileObject::<init> (24 bytes)
Event: 3.143 Thread 0x000001537e569770 nmethod 1918 0x0000015368a6ce10 code [0x0000015368a6cfe0, 0x0000015368a6d458]
Event: 3.143 Thread 0x000001537e569770 1911       3       com.sun.tools.javac.code.Symtab::lookupPackage (8 bytes)
Event: 3.143 Thread 0x000001537e569770 nmethod 1911 0x0000015368a6d590 code [0x0000015368a6d720, 0x0000015368a6d868]
Event: 3.143 Thread 0x000001537e569770 1912       1       com.sun.tools.javac.code.Type$ClassType::getEnclosingType (5 bytes)
Event: 3.143 Thread 0x000001537e569770 nmethod 1912 0x000001536fc98990 code [0x000001536fc98b20, 0x000001536fc98bf8]
Event: 3.145 Thread 0x000001537e569770 1932       1       java.util.stream.MatchOps$BooleanTerminalSink::getAndClearState (5 bytes)
Event: 3.146 Thread 0x000001537e569770 nmethod 1932 0x000001536fc98c90 code [0x000001536fc98e20, 0x000001536fc98ef8]
Event: 3.146 Thread 0x000001537e569770 1933   !   3       com.sun.tools.javac.jvm.ClassReader::classSigToType (497 bytes)

GC Heap History (20 events):
Event: 1.613 GC heap after
{Heap after GC invocations=7 (full 0):
 garbage-first heap   total 12288K, used 4144K [0x0000000082e00000, 0x0000000100000000)
  region size 1024K, 1 young (1024K), 1 survivors (1024K)
 Metaspace       used 8297K, committed 8512K, reserved 1114112K
  class space    used 908K, committed 1024K, reserved 1048576K
}
Event: 1.760 GC heap before
{Heap before GC invocations=7 (full 0):
 garbage-first heap   total 12288K, used 6192K [0x0000000082e00000, 0x0000000100000000)
  region size 1024K, 3 young (3072K), 1 survivors (1024K)
 Metaspace       used 8369K, committed 8576K, reserved 1114112K
  class space    used 908K, committed 1024K, reserved 1048576K
}
Event: 1.765 GC heap after
{Heap after GC invocations=8 (full 0):
 garbage-first heap   total 12288K, used 4635K [0x0000000082e00000, 0x0000000100000000)
  region size 1024K, 1 young (1024K), 1 survivors (1024K)
 Metaspace       used 8369K, committed 8576K, reserved 1114112K
  class space    used 908K, committed 1024K, reserved 1048576K
}
Event: 1.862 GC heap before
{Heap before GC invocations=8 (full 0):
 garbage-first heap   total 12288K, used 6683K [0x0000000082e00000, 0x0000000100000000)
  region size 1024K, 3 young (3072K), 1 survivors (1024K)
 Metaspace       used 8415K, committed 8640K, reserved 1114112K
  class space    used 913K, committed 1024K, reserved 1048576K
}
Event: 1.869 GC heap after
{Heap after GC invocations=9 (full 0):
 garbage-first heap   total 15360K, used 5293K [0x0000000082e00000, 0x0000000100000000)
  region size 1024K, 1 young (1024K), 1 survivors (1024K)
 Metaspace       used 8415K, committed 8640K, reserved 1114112K
  class space    used 913K, committed 1024K, reserved 1048576K
}
Event: 1.982 GC heap before
{Heap before GC invocations=9 (full 0):
 garbage-first heap   total 15360K, used 7341K [0x0000000082e00000, 0x0000000100000000)
  region size 1024K, 4 young (4096K), 1 survivors (1024K)
 Metaspace       used 8451K, committed 8640K, reserved 1114112K
  class space    used 916K, committed 1024K, reserved 1048576K
}
Event: 1.987 GC heap after
{Heap after GC invocations=10 (full 0):
 garbage-first heap   total 15360K, used 6091K [0x0000000082e00000, 0x0000000100000000)
  region size 1024K, 1 young (1024K), 1 survivors (1024K)
 Metaspace       used 8451K, committed 8640K, reserved 1114112K
  class space    used 916K, committed 1024K, reserved 1048576K
}
Event: 2.021 GC heap before
{Heap before GC invocations=10 (full 0):
 garbage-first heap   total 15360K, used 8139K [0x0000000082e00000, 0x0000000100000000)
  region size 1024K, 3 young (3072K), 1 survivors (1024K)
 Metaspace       used 8453K, committed 8640K, reserved 1114112K
  class space    used 916K, committed 1024K, reserved 1048576K
}
Event: 2.026 GC heap after
{Heap after GC invocations=11 (full 0):
 garbage-first heap   total 15360K, used 6498K [0x0000000082e00000, 0x0000000100000000)
  region size 1024K, 1 young (1024K), 1 survivors (1024K)
 Metaspace       used 8453K, committed 8640K, reserved 1114112K
  class space    used 916K, committed 1024K, reserved 1048576K
}
Event: 2.071 GC heap before
{Heap before GC invocations=11 (full 0):
 garbage-first heap   total 15360K, used 9570K [0x0000000082e00000, 0x0000000100000000)
  region size 1024K, 4 young (4096K), 1 survivors (1024K)
 Metaspace       used 8470K, committed 8640K, reserved 1114112K
  class space    used 917K, committed 1024K, reserved 1048576K
}
Event: 2.076 GC heap after
{Heap after GC invocations=12 (full 0):
 garbage-first heap   total 15360K, used 7409K [0x0000000082e00000, 0x0000000100000000)
  region size 1024K, 1 young (1024K), 1 survivors (1024K)
 Metaspace       used 8470K, committed 8640K, reserved 1114112K
  class space    used 917K, committed 1024K, reserved 1048576K
}
Event: 2.105 GC heap before
{Heap before GC invocations=12 (full 0):
 garbage-first heap   total 15360K, used 8433K [0x0000000082e00000, 0x0000000100000000)
  region size 1024K, 3 young (3072K), 1 survivors (1024K)
 Metaspace       used 8471K, committed 8640K, reserved 1114112K
  class space    used 917K, committed 1024K, reserved 1048576K
}
Event: 2.111 GC heap after
{Heap after GC invocations=13 (full 0):
 garbage-first heap   total 30720K, used 7947K [0x0000000082e00000, 0x0000000100000000)
  region size 1024K, 1 young (1024K), 1 survivors (1024K)
 Metaspace       used 8471K, committed 8640K, reserved 1114112K
  class space    used 917K, committed 1024K, reserved 1048576K
}
Event: 2.284 GC heap before
{Heap before GC invocations=14 (full 0):
 garbage-first heap   total 30720K, used 16139K [0x0000000082e00000, 0x0000000100000000)
  region size 1024K, 10 young (10240K), 1 survivors (1024K)
 Metaspace       used 8479K, committed 8704K, reserved 1114112K
  class space    used 917K, committed 1024K, reserved 1048576K
}
Event: 2.294 GC heap after
{Heap after GC invocations=15 (full 0):
 garbage-first heap   total 30720K, used 10400K [0x0000000082e00000, 0x0000000100000000)
  region size 1024K, 2 young (2048K), 2 survivors (2048K)
 Metaspace       used 8479K, committed 8704K, reserved 1114112K
  class space    used 917K, committed 1024K, reserved 1048576K
}
Event: 2.759 GC heap before
{Heap before GC invocations=15 (full 0):
 garbage-first heap   total 30720K, used 18592K [0x0000000082e00000, 0x0000000100000000)
  region size 1024K, 9 young (9216K), 2 survivors (2048K)
 Metaspace       used 9341K, committed 9536K, reserved 1114112K
  class space    used 1020K, committed 1088K, reserved 1048576K
}
Event: 2.775 GC heap after
{Heap after GC invocations=16 (full 0):
 garbage-first heap   total 30720K, used 12911K [0x0000000082e00000, 0x0000000100000000)
  region size 1024K, 2 young (2048K), 2 survivors (2048K)
 Metaspace       used 9341K, committed 9536K, reserved 1114112K
  class space    used 1020K, committed 1088K, reserved 1048576K
}
Event: 3.020 GC heap before
{Heap before GC invocations=16 (full 0):
 garbage-first heap   total 30720K, used 19055K [0x0000000082e00000, 0x0000000100000000)
  region size 1024K, 8 young (8192K), 2 survivors (2048K)
 Metaspace       used 9598K, committed 9920K, reserved 1114112K
  class space    used 1050K, committed 1216K, reserved 1048576K
}
Event: 3.033 GC heap after
{Heap after GC invocations=17 (full 0):
 garbage-first heap   total 30720K, used 14336K [0x0000000082e00000, 0x0000000100000000)
  region size 1024K, 1 young (1024K), 1 survivors (1024K)
 Metaspace       used 9598K, committed 9920K, reserved 1114112K
  class space    used 1050K, committed 1216K, reserved 1048576K
}
Event: 3.148 GC heap before
{Heap before GC invocations=17 (full 0):
 garbage-first heap   total 30720K, used 20480K [0x0000000082e00000, 0x0000000100000000)
  region size 1024K, 7 young (7168K), 1 survivors (1024K)
 Metaspace       used 9822K, committed 10048K, reserved 1114112K
  class space    used 1075K, committed 1216K, reserved 1048576K
}

Deoptimization events (20 events):
Event: 2.805 Thread 0x00000153607c6380 DEOPT PACKING pc=0x000001536884a456 sp=0x0000004a858fdb60
Event: 2.805 Thread 0x00000153607c6380 DEOPT UNPACKING pc=0x0000015368152b43 sp=0x0000004a858fcfe8 mode 0
Event: 2.806 Thread 0x00000153607c6380 DEOPT PACKING pc=0x000001536884a456 sp=0x0000004a858fdb60
Event: 2.806 Thread 0x00000153607c6380 DEOPT UNPACKING pc=0x0000015368152b43 sp=0x0000004a858fcfe8 mode 0
Event: 2.848 Thread 0x00000153607c6380 Uncommon trap: trap_request=0xffffff45 fr.pc=0x000001536fc7fdb0 relative=0x0000000000000190
Event: 2.848 Thread 0x00000153607c6380 Uncommon trap: reason=unstable_if action=reinterpret pc=0x000001536fc7fdb0 method=java.util.Arrays.equals([B[B)Z @ 2 c2
Event: 2.849 Thread 0x00000153607c6380 DEOPT PACKING pc=0x000001536fc7fdb0 sp=0x0000004a858fd1d0
Event: 2.849 Thread 0x00000153607c6380 DEOPT UNPACKING pc=0x00000153681523a3 sp=0x0000004a858fd190 mode 2
Event: 2.907 Thread 0x00000153607c6380 Uncommon trap: trap_request=0xffffffc6 fr.pc=0x000001536fc16c10 relative=0x0000000000000330
Event: 2.907 Thread 0x00000153607c6380 Uncommon trap: reason=bimorphic_or_optimized_type_check action=maybe_recompile pc=0x000001536fc16c10 method=java.util.HashMap.getNode(Ljava/lang/Object;)Ljava/util/HashMap$Node; @ 63 c2
Event: 2.907 Thread 0x00000153607c6380 DEOPT PACKING pc=0x000001536fc16c10 sp=0x0000004a858fe200
Event: 2.907 Thread 0x00000153607c6380 DEOPT UNPACKING pc=0x00000153681523a3 sp=0x0000004a858fe108 mode 2
Event: 3.081 Thread 0x00000153607c6380 Uncommon trap: trap_request=0xffffff45 fr.pc=0x000001536fc5a8e0 relative=0x0000000000000060
Event: 3.081 Thread 0x00000153607c6380 Uncommon trap: reason=unstable_if action=reinterpret pc=0x000001536fc5a8e0 method=com.sun.tools.javac.jvm.PoolReader.sizeof(I)I @ 1 c2
Event: 3.082 Thread 0x00000153607c6380 DEOPT PACKING pc=0x000001536fc5a8e0 sp=0x0000004a858fdf50
Event: 3.082 Thread 0x00000153607c6380 DEOPT UNPACKING pc=0x00000153681523a3 sp=0x0000004a858fdee0 mode 2
Event: 3.136 Thread 0x00000153607c6380 Uncommon trap: trap_request=0xffffff45 fr.pc=0x000001536fc2a224 relative=0x0000000000000ae4
Event: 3.136 Thread 0x00000153607c6380 Uncommon trap: reason=unstable_if action=reinterpret pc=0x000001536fc2a224 method=com.sun.tools.javac.util.Name$Table.equals([BI[BII)Z @ 22 c2
Event: 3.136 Thread 0x00000153607c6380 DEOPT PACKING pc=0x000001536fc2a224 sp=0x0000004a858fcab0
Event: 3.137 Thread 0x00000153607c6380 DEOPT UNPACKING pc=0x00000153681523a3 sp=0x0000004a858fc958 mode 2

Classes loaded (20 events):
Event: 2.594 Loading class java/nio/file/FileVisitResult
Event: 2.594 Loading class java/nio/file/FileVisitResult done
Event: 2.594 Loading class sun/nio/fs/BasicFileAttributesHolder
Event: 2.594 Loading class sun/nio/fs/BasicFileAttributesHolder done
Event: 2.849 Loading class java/util/ComparableTimSort
Event: 2.849 Loading class java/util/ComparableTimSort done
Event: 2.917 Loading class java/nio/file/Files$2
Event: 2.917 Loading class java/nio/file/Files$2 done
Event: 2.919 Loading class java/util/ImmutableCollections$Access
Event: 2.919 Loading class java/util/ImmutableCollections$Access done
Event: 2.919 Loading class java/util/ImmutableCollections$Access$1
Event: 2.919 Loading class jdk/internal/access/JavaUtilCollectionAccess
Event: 2.919 Loading class jdk/internal/access/JavaUtilCollectionAccess done
Event: 2.919 Loading class java/util/ImmutableCollections$Access$1 done
Event: 2.920 Loading class java/util/stream/Nodes$SpinedNodeBuilder
Event: 2.920 Loading class java/util/stream/Nodes$SpinedNodeBuilder done
Event: 3.087 Loading class java/lang/invoke/MethodHandle$1
Event: 3.087 Loading class java/lang/invoke/MethodHandle$1 done
Event: 3.102 Loading class java/util/LinkedList$Node
Event: 3.102 Loading class java/util/LinkedList$Node done

Classes unloaded (0 events):
No events

Classes redefined (0 events):
No events

Internal exceptions (20 events):
Event: 2.895 Thread 0x00000153607c6380 Exception <a 'sun/nio/fs/WindowsException'{0x00000000849f7f20}> (0x00000000849f7f20) 
thrown [s\open\src\hotspot\share\prims\jni.cpp, line 516]
Event: 2.895 Thread 0x00000153607c6380 Exception <a 'sun/nio/fs/WindowsException'{0x00000000849f8208}> (0x00000000849f8208) 
thrown [s\open\src\hotspot\share\prims\jni.cpp, line 516]
Event: 2.896 Thread 0x00000153607c6380 Exception <a 'sun/nio/fs/WindowsException'{0x00000000849f8ce8}> (0x00000000849f8ce8) 
thrown [s\open\src\hotspot\share\prims\jni.cpp, line 516]
Event: 2.896 Thread 0x00000153607c6380 Exception <a 'sun/nio/fs/WindowsException'{0x00000000849f8fb8}> (0x00000000849f8fb8) 
thrown [s\open\src\hotspot\share\prims\jni.cpp, line 516]
Event: 2.897 Thread 0x00000153607c6380 Exception <a 'sun/nio/fs/WindowsException'{0x00000000849fb6c0}> (0x00000000849fb6c0) 
thrown [s\open\src\hotspot\share\prims\jni.cpp, line 516]
Event: 2.897 Thread 0x00000153607c6380 Exception <a 'sun/nio/fs/WindowsException'{0x00000000849fba08}> (0x00000000849fba08) 
thrown [s\open\src\hotspot\share\prims\jni.cpp, line 516]
Event: 2.897 Thread 0x00000153607c6380 Exception <a 'sun/nio/fs/WindowsException'{0x00000000849fc5d0}> (0x00000000849fc5d0) 
thrown [s\open\src\hotspot\share\prims\jni.cpp, line 516]
Event: 2.898 Thread 0x00000153607c6380 Exception <a 'sun/nio/fs/WindowsException'{0x00000000849fc900}> (0x00000000849fc900) 
thrown [s\open\src\hotspot\share\prims\jni.cpp, line 516]
Event: 2.903 Thread 0x00000153607c6380 Exception <a 'sun/nio/fs/WindowsException'{0x00000000848032e8}> (0x00000000848032e8) 
thrown [s\open\src\hotspot\share\prims\jni.cpp, line 516]
Event: 2.903 Thread 0x00000153607c6380 Exception <a 'sun/nio/fs/WindowsException'{0x00000000848035e8}> (0x00000000848035e8) 
thrown [s\open\src\hotspot\share\prims\jni.cpp, line 516]
Event: 2.903 Thread 0x00000153607c6380 Exception <a 'sun/nio/fs/WindowsException'{0x00000000848040f8}> (0x00000000848040f8) 
thrown [s\open\src\hotspot\share\prims\jni.cpp, line 516]
Event: 2.903 Thread 0x00000153607c6380 Exception <a 'sun/nio/fs/WindowsException'{0x00000000848043f0}> (0x00000000848043f0) 
thrown [s\open\src\hotspot\share\prims\jni.cpp, line 516]
Event: 3.014 Thread 0x00000153607c6380 Exception <a 'java/lang/NoSuchMethodError'{0x000000008468d650}: 'int java.lang.invoke.DirectMethodHandle$Holder.invokeSpecial(java.lang.Object, java.lang.Object, java.lang.Object)'> (0x000000008468d650) 
thrown [s\open\src\hotspot\share\interpreter\linkResolver.cpp, line 759]
Event: 3.017 Thread 0x00000153607c6380 Exception <a 'sun/nio/fs/WindowsException'{0x0000000084693840}> (0x0000000084693840) 
thrown [s\open\src\hotspot\share\prims\jni.cpp, line 516]
Event: 3.017 Thread 0x00000153607c6380 Exception <a 'sun/nio/fs/WindowsException'{0x0000000084693b28}> (0x0000000084693b28) 
thrown [s\open\src\hotspot\share\prims\jni.cpp, line 516]
Event: 3.018 Thread 0x00000153607c6380 Exception <a 'sun/nio/fs/WindowsException'{0x0000000084694b58}> (0x0000000084694b58) 
thrown [s\open\src\hotspot\share\prims\jni.cpp, line 516]
Event: 3.018 Thread 0x00000153607c6380 Exception <a 'sun/nio/fs/WindowsException'{0x0000000084694e28}> (0x0000000084694e28) 
thrown [s\open\src\hotspot\share\prims\jni.cpp, line 516]
Event: 3.082 Thread 0x00000153607c6380 Exception <a 'java/lang/NoSuchMethodError'{0x000000008474d610}: 'java.lang.Object java.lang.invoke.DirectMethodHandle$Holder.invokeStatic(java.lang.Object, java.lang.Object, int, int)'> (0x000000008474d610) 
thrown [s\open\src\hotspot\share\interpreter\linkResolver.cpp, line 759]
Event: 3.105 Thread 0x00000153607c6380 Exception <a 'java/lang/NoSuchMethodError'{0x0000000084786ca0}: 'java.lang.Object java.lang.invoke.DirectMethodHandle$Holder.invokeInterface(java.lang.Object, java.lang.Object)'> (0x0000000084786ca0) 
thrown [s\open\src\hotspot\share\interpreter\linkResolver.cpp, line 759]
Event: 3.117 Thread 0x00000153607c6380 Exception <a 'java/lang/NoSuchMethodError'{0x000000008479d840}: 'void java.lang.invoke.DirectMethodHandle$Holder.invokeSpecial(java.lang.Object, java.lang.Object, java.lang.Object, java.lang.Object, java.lang.Object)'> (0x000000008479d840) 
thrown [s\open\src\hotspot\share\interpreter\linkResolver.cpp, line 759]

VM Operations (20 events):
Event: 1.987 Executing VM operation: G1CollectForAllocation done
Event: 2.020 Executing VM operation: G1CollectForAllocation
Event: 2.026 Executing VM operation: G1CollectForAllocation done
Event: 2.071 Executing VM operation: G1CollectForAllocation
Event: 2.076 Executing VM operation: G1CollectForAllocation done
Event: 2.105 Executing VM operation: G1CollectForAllocation
Event: 2.112 Executing VM operation: G1CollectForAllocation done
Event: 2.148 Executing VM operation: G1Concurrent
Event: 2.152 Executing VM operation: G1Concurrent done
Event: 2.160 Executing VM operation: G1Concurrent
Event: 2.161 Executing VM operation: G1Concurrent done
Event: 2.284 Executing VM operation: G1CollectForAllocation
Event: 2.294 Executing VM operation: G1CollectForAllocation done
Event: 2.324 Executing VM operation: HandshakeAllThreads
Event: 2.324 Executing VM operation: HandshakeAllThreads done
Event: 2.759 Executing VM operation: G1CollectForAllocation
Event: 2.775 Executing VM operation: G1CollectForAllocation done
Event: 3.020 Executing VM operation: G1CollectForAllocation
Event: 3.033 Executing VM operation: G1CollectForAllocation done
Event: 3.148 Executing VM operation: G1CollectForAllocation

Events (20 events):
Event: 0.010 Loaded shared library C:\Program Files\Java\jdk-18.0.2.1\bin\java.dll
Event: 0.024 Loaded shared library C:\Program Files\Java\jdk-18.0.2.1\bin\jsvml.dll
Event: 0.024 Thread 0x00000153607c6380 Thread added: 0x00000153607c6380
Event: 0.027 Thread 0x00000153608797f0 Thread added: 0x00000153608797f0
Event: 0.027 Thread 0x000001536087a0a0 Thread added: 0x000001536087a0a0
Event: 0.042 Thread 0x000001537e557340 Thread added: 0x000001537e557340
Event: 0.042 Thread 0x000001537e559c00 Thread added: 0x000001537e559c00
Event: 0.042 Thread 0x000001537e55a4b0 Thread added: 0x000001537e55a4b0
Event: 0.043 Thread 0x000001537e564da0 Thread added: 0x000001537e564da0
Event: 0.043 Thread 0x000001537e568e80 Thread added: 0x000001537e568e80
Event: 0.043 Thread 0x000001537e569770 Thread added: 0x000001537e569770
Event: 0.043 Thread 0x000001537e56a060 Thread added: 0x000001537e56a060
Event: 0.077 Thread 0x000001537ea9e7e0 Thread added: 0x000001537ea9e7e0
Event: 0.122 Thread 0x000001537eb09ca0 Thread added: 0x000001537eb09ca0
Event: 0.131 Loaded shared library C:\Program Files\Java\jdk-18.0.2.1\bin\jimage.dll
Event: 0.330 Loaded shared library C:\Program Files\Java\jdk-18.0.2.1\bin\net.dll
Event: 0.332 Loaded shared library C:\Program Files\Java\jdk-18.0.2.1\bin\nio.dll
Event: 0.579 Loaded shared library C:\Program Files\Java\jdk-18.0.2.1\bin\zip.dll
Event: 1.230 Thread 0x000001537ef79d00 Thread added: 0x000001537ef79d00
Event: 1.645 Thread 0x000001537ec48080 Thread added: 0x000001537ec48080


Dynamic libraries:
0x00007ff716700000 - 0x00007ff716708000 	C:\Program Files\Java\jdk-18.0.2.1\bin\javac.exe
0x00007ff8a86e0000 - 0x00007ff8a88e9000 	C:\WINDOWS\SYSTEM32\ntdll.dll
0x00007ff8a7610000 - 0x00007ff8a76cd000 	C:\WINDOWS\System32\KERNEL32.DLL
0x00007ff8a5ef0000 - 0x00007ff8a626c000 	C:\WINDOWS\System32\KERNELBASE.dll
0x00007ff8a5c40000 - 0x00007ff8a5d51000 	C:\WINDOWS\System32\ucrtbase.dll
0x00007ff89afe0000 - 0x00007ff89affa000 	C:\Program Files\Java\jdk-18.0.2.1\bin\VCRUNTIME140.dll
0x00007ff892290000 - 0x00007ff8922a8000 	C:\Program Files\Java\jdk-18.0.2.1\bin\jli.dll
0x00007ff8a6780000 - 0x00007ff8a682e000 	C:\WINDOWS\System32\ADVAPI32.dll
0x00007ff8a6830000 - 0x00007ff8a68d3000 	C:\WINDOWS\System32\msvcrt.dll
0x00007ff8a73c0000 - 0x00007ff8a745e000 	C:\WINDOWS\System32\sechost.dll
0x00007ff8a8500000 - 0x00007ff8a8620000 	C:\WINDOWS\System32\RPCRT4.dll
0x00007ff8a7460000 - 0x00007ff8a760d000 	C:\WINDOWS\System32\USER32.dll
0x00007ff88ab80000 - 0x00007ff88ae25000 	C:\WINDOWS\WinSxS\amd64_microsoft.windows.common-controls_6595b64144ccf1df_6.0.22000.120_none_9d947278b86cc467\COMCTL32.dll
0x00007ff8a63d0000 - 0x00007ff8a63f6000 	C:\WINDOWS\System32\win32u.dll
0x00007ff8a7390000 - 0x00007ff8a73b9000 	C:\WINDOWS\System32\GDI32.dll
0x00007ff8a5d60000 - 0x00007ff8a5e78000 	C:\WINDOWS\System32\gdi32full.dll
0x00007ff8a6330000 - 0x00007ff8a63cd000 	C:\WINDOWS\System32\msvcp_win.dll
0x00007ff8922b0000 - 0x00007ff8922ba000 	C:\WINDOWS\SYSTEM32\VERSION.dll
0x00007ff8a84c0000 - 0x00007ff8a84f1000 	C:\WINDOWS\System32\IMM32.DLL
0x00007ff89df40000 - 0x00007ff89df4c000 	C:\Program Files\Java\jdk-18.0.2.1\bin\vcruntime140_1.dll
0x00007ff84e610000 - 0x00007ff84e69d000 	C:\Program Files\Java\jdk-18.0.2.1\bin\msvcp140.dll
0x00007ff821590000 - 0x00007ff8221a1000 	C:\Program Files\Java\jdk-18.0.2.1\bin\server\jvm.dll
0x00007ff8a81a0000 - 0x00007ff8a81a8000 	C:\WINDOWS\System32\PSAPI.DLL
0x00007ff873c00000 - 0x00007ff873c09000 	C:\WINDOWS\SYSTEM32\WSOCK32.dll
0x00007ff89bf20000 - 0x00007ff89bf53000 	C:\WINDOWS\SYSTEM32\WINMM.dll
0x00007ff8a6e10000 - 0x00007ff8a6e7f000 	C:\WINDOWS\System32\WS2_32.dll
0x00007ff8a4ce0000 - 0x00007ff8a4cf8000 	C:\WINDOWS\SYSTEM32\kernel.appcore.dll
0x00007ff898210000 - 0x00007ff89821a000 	C:\Program Files\Java\jdk-18.0.2.1\bin\jimage.dll
0x00007ff8a35a0000 - 0x00007ff8a37c1000 	C:\WINDOWS\SYSTEM32\DBGHELP.DLL
0x00007ff87a990000 - 0x00007ff87a9c1000 	C:\WINDOWS\SYSTEM32\dbgcore.DLL
0x00007ff8a5bc0000 - 0x00007ff8a5c3f000 	C:\WINDOWS\System32\bcryptPrimitives.dll
0x00007ff88d480000 - 0x00007ff88d4a5000 	C:\Program Files\Java\jdk-18.0.2.1\bin\java.dll
0x00007ff84e2a0000 - 0x00007ff84e376000 	C:\Program Files\Java\jdk-18.0.2.1\bin\jsvml.dll
0x00007ff8a7910000 - 0x00007ff8a80c8000 	C:\WINDOWS\System32\SHELL32.dll
0x00007ff8a4270000 - 0x00007ff8a4ad8000 	C:\WINDOWS\SYSTEM32\windows.storage.dll
0x00007ff8a6950000 - 0x00007ff8a6cc9000 	C:\WINDOWS\System32\combase.dll
0x00007ff8a4100000 - 0x00007ff8a4266000 	C:\WINDOWS\SYSTEM32\wintypes.dll
0x00007ff8a6690000 - 0x00007ff8a677a000 	C:\WINDOWS\System32\SHCORE.dll
0x00007ff8a6db0000 - 0x00007ff8a6e0d000 	C:\WINDOWS\System32\shlwapi.dll
0x00007ff8a5af0000 - 0x00007ff8a5b11000 	C:\WINDOWS\SYSTEM32\profapi.dll
0x00007ff88d230000 - 0x00007ff88d243000 	C:\Program Files\Java\jdk-18.0.2.1\bin\net.dll
0x00007ff89f190000 - 0x00007ff89f29c000 	C:\WINDOWS\SYSTEM32\WINHTTP.dll
0x00007ff8a5100000 - 0x00007ff8a5167000 	C:\WINDOWS\system32\mswsock.dll
0x00007ff88ca90000 - 0x00007ff88caa6000 	C:\Program Files\Java\jdk-18.0.2.1\bin\nio.dll
0x00007ff88a530000 - 0x00007ff88a548000 	C:\Program Files\Java\jdk-18.0.2.1\bin\zip.dll

dbghelp: loaded successfully - version: 4.0.5 - missing functions: none
symbol engine: initialized successfully - sym options: 0x614 - pdb path: .;C:\Program Files\Java\jdk-18.0.2.1\bin;C:\WINDOWS\SYSTEM32;C:\WINDOWS\WinSxS\amd64_microsoft.windows.common-controls_6595b64144ccf1df_6.0.22000.120_none_9d947278b86cc467;C:\Program Files\Java\jdk-18.0.2.1\bin\server

VM Arguments:
jvm_args: -Dapplication.home=C:\Program Files\Java\jdk-18.0.2.1 --add-modules=ALL-DEFAULT -Xms8m -Djdk.module.main=jdk.compiler 
java_command: jdk.compiler/com.sun.tools.javac.Main @C:\Users\FPTSHOP\AppData\Local\Temp\files4258161793079318096
java_class_path (initial): <not set>
Launcher Type: SUN_STANDARD

[Global flags]
     intx CICompilerCount                          = 4                                         {product} {ergonomic}
     uint ConcGCThreads                            = 2                                         {product} {ergonomic}
     uint G1ConcRefinementThreads                  = 8                                         {product} {ergonomic}
   size_t G1HeapRegionSize                         = 1048576                                   {product} {ergonomic}
    uintx GCDrainStackTargetSize                   = 64                                        {product} {ergonomic}
   size_t InitialHeapSize                          = 8388608                                   {product} {command line}
   size_t MarkStackSize                            = 4194304                                   {product} {ergonomic}
   size_t MaxHeapSize                              = 2099249152                                {product} {ergonomic}
   size_t MaxNewSize                               = 1259339776                                {product} {ergonomic}
   size_t MinHeapDeltaBytes                        = 1048576                                   {product} {ergonomic}
   size_t MinHeapSize                              = 8388608                                   {product} {command line}
    uintx NonNMethodCodeHeapSize                   = 5839372                                {pd product} {ergonomic}
    uintx NonProfiledCodeHeapSize                  = 122909434                              {pd product} {ergonomic}
    uintx ProfiledCodeHeapSize                     = 122909434                              {pd product} {ergonomic}
    uintx ReservedCodeCacheSize                    = 251658240                              {pd product} {ergonomic}
     bool SegmentedCodeCache                       = true                                      {product} {ergonomic}
   size_t SoftMaxHeapSize                          = 2099249152                             {manageable} {ergonomic}
     bool UseCompressedClassPointers               = true                           {product lp64_product} {ergonomic}
     bool UseCompressedOops                        = true                           {product lp64_product} {ergonomic}
     bool UseG1GC                                  = true                                      {product} {ergonomic}
     bool UseLargePagesIndividualAllocation        = false                                  {pd product} {ergonomic}

Logging:
Log output configuration:
 #0: stdout all=warning uptime,level,tags foldmultilines=false
 #1: stderr all=off uptime,level,tags foldmultilines=false

Environment Variables:
JAVA_HOME=C:\Program Files\Java\jdk-18.0.2.1
PATH=C:\Program Files\Common Files\Oracle\Java\javapath;C:\Program Files\Common Files\Microsoft Shared\Microsoft Online Services;C:\Program Files (x86)\Common Files\Microsoft Shared\Microsoft Online Services;C:\Program Files (x86)\Python38-32\Scripts\;C:\Program Files (x86)\Python38-32\;C:\Windows\system32;C:\Windows;C:\Windows\System32\Wbem;C:\Windows\System32\WindowsPowerShell\v1.0\;C:\Windows\System32\OpenSSH\;C:\Program Files\Microsoft SQL Server\130\Tools\Binn\;C:\MinGW\bin;%QUARTUS_ROOTDIR%\bin;C:\Program Files\Microsoft SQL Server\Client SDK\ODBC\170\Tools\Binn\;C:\Program Files\Microsoft SQL Server\Client SDK\ODBC\130\Tools\Binn\;C:\Program Files (x86)\Microsoft SQL Server\130\Tools\Binn\;C:\Program Files\Microsoft SQL Server\130\DTS\Binn\;C:\Program Files (x86)\Microsoft SQL Server\150\Tools\Binn\;C:\Program Files\Microsoft SQL Server\150\Tools\Binn\;C:\Program Files\Microsoft SQL Server\150\DTS\Binn\;C:\Program Files (x86)\Microsoft SQL Server\150\DTS\Binn\;C:\Program Files\Microsoft SQL Server\110\Tools\Binn\;C:\Program Files\dotnet\;C:\Program Files\Azure Data Studio\bin;C:\Program Files\Microsoft SQL Server\120\Tools\Binn\;C:\WINDOWS\system32;C:\WINDOWS;C:\WINDOWS\System32\Wbem;C:\WINDOWS\System32\WindowsPowerShell\v1.0\;C:\WINDOWS\System32\OpenSSH\;C:\Program Files\Docker\Docker\resources\bin;C:\ProgramData\DockerDesktop\version-bin;C:\Program Files (x86)\dotnet\;E:\Download\spring-boot-cli-2.3.9.RELEASE-bin\spring-2.3.9.RELEASE\bin;C:\Program Files\MySQL\MySQL Server 8.0\bin;C:\Program Files\Git\cmd;C:\Program Files\Java\apache-maven-3.8.6-bin\apache-maven-3.8.6\bin;C:\Program Files\PowerShell\7\;C:\Program Files\Java\jdk-18.0.2.1\bin;C:\Program Files\MySQL\MySQL Shell 8.0\bin\;C:\Users\FPTSHOP\AppData\Local\Microsoft\WindowsApps;C:\MinGW\bin;C:\Users\FPTSHOP\.dotnet\tools;C:\Program Files\Azure Data Studio\bin;C:\Users\FPTSHOP\AppData\Local\Programs\Microsoft VS Code\bin;C:\Program Files\Java\jdk-18.0.2.1\bin;
USERNAME=NVS
OS=Windows_NT
PROCESSOR_IDENTIFIER=Intel64 Family 6 Model 142 Stepping 12, GenuineIntel



---------------  S Y S T E M  ---------------

OS:
 Windows 11 , 64 bit Build 22000 (10.0.22000.708)
OS uptime: 0 days 21:22 hours
Hyper-V role detected

CPU: total 8 (initial active 8) (4 cores per cpu, 2 threads per core) family 6 model 142 stepping 12 microcode 0xec, cx8, cmov, fxsr, ht, mmx, 3dnowpref, sse, sse2, sse3, ssse3, sse4.1, sse4.2, popcnt, lzcnt, tsc, tscinvbit, avx, avx2, aes, erms, clmul, bmi1, bmi2, adx, fma, vzeroupper, clflush, clflushopt, hv

Memory: 4k page, system-wide physical 8006M (605M free)
TotalPageFile size 12102M (AvailPageFile size 12M)
current process WorkingSet (physical memory assigned to process): 104M, peak: 105M
current process commit charge ("private bytes"): 144M, peak: 158M

vm_info: Java HotSpot(TM) 64-Bit Server VM (18.0.2.1+1-1) for windows-amd64 JRE (18.0.2.1+1-1), built on Aug 16 2022 01:46:33 by "mach5one" with MS VC++ 16.8 / 16.9 (VS2019)

END.
