#
# There is insufficient memory for the Java Runtime Environment to continue.
# Native memory allocation (malloc) failed to allocate 823696 bytes for Chunk::new
# Possible reasons:
#   The system is out of physical RAM or swap space
#   The process is running with CompressedOops enabled, and the Java Heap may be blocking the growth of the native heap
# Possible solutions:
#   Reduce memory load on the system
#   Increase physical memory or swap space
#   Check if swap backing store is full
#   Decrease Java heap size (-Xmx/-Xms)
#   Decrease number of Java threads
#   Decrease Java thread stack sizes (-Xss)
#   Set larger code cache with -XX:ReservedCodeCacheSize=
#   JVM is running with Unscaled Compressed Oops mode in which the Java heap is
#     placed in the first 4GB address space. The Java Heap base address is the
#     maximum limit for the native heap growth. Please use -XX:HeapBaseMinAddress
#     to set the Java Heap base and to place the Java Heap above 4GB virtual address.
# This output file may be truncated or incomplete.
#
#  Out of Memory Error (arena.cpp:184), pid=9908, tid=14964
#
# JRE version: Java(TM) SE Runtime Environment (18.0.2.1+1) (build 18.0.2.1+1-1)
# Java VM: Java HotSpot(TM) 64-Bit Server VM (18.0.2.1+1-1, mixed mode, sharing, tiered, compressed oops, compressed class ptrs, g1 gc, windows-amd64)
# No core dump will be written. Minidumps are not enabled by default on client versions of Windows
#

---------------  S U M M A R Y ------------

Command Line: -Dfile.encoding=UTF-8 --module-path=C:\Users\FPTSHOP\OneDrive\Desktop\PawnStore\PawnStore\build\classes pawnstore.Main

Host: Intel(R) Core(TM) i5-8265U CPU @ 1.60GHz, 8 cores, 7G,  Windows 11 , 64 bit Build 22000 (10.0.22000.708)
Time: Thu Sep  8 06:09:08 2022 SE Asia Standard Time elapsed time: 138.670243 seconds (0d 0h 2m 18s)

---------------  T H R E A D  ---------------

Current thread (0x000001db27f721f0):  JavaThread "C2 CompilerThread0" daemon [_thread_in_native, id=14964, stack(0x000000d088900000,0x000000d088a00000)]


Current CompileTask:
C2: 138670 4742 %     4       sun.java2d.marlin.Renderer::_endRendering @ 1927 (2480 bytes)

Stack: [0x000000d088900000,0x000000d088a00000]
Native frames: (J=compiled Java code, j=interpreted, Vv=VM code, C=native code)
V  [jvm.dll+0x6993aa]
V  [jvm.dll+0x7f46dd]
V  [jvm.dll+0x7f5fee]
V  [jvm.dll+0x7f66a3]
V  [jvm.dll+0x25cf1f]
V  [jvm.dll+0xb8c2f]
V  [jvm.dll+0xb8fa5]
V  [jvm.dll+0x3860cb]
V  [jvm.dll+0x1d2b72]
V  [jvm.dll+0x230259]
V  [jvm.dll+0x22f4d1]
V  [jvm.dll+0x1ba01c]
V  [jvm.dll+0x23ee0a]
V  [jvm.dll+0x23d0f5]
V  [jvm.dll+0x7a6dd1]
V  [jvm.dll+0x7a120a]
V  [jvm.dll+0x698255]
C  [ucrtbase.dll+0x26c0c]
C  [KERNEL32.DLL+0x154e0]
C  [ntdll.dll+0x485b]


---------------  P R O C E S S  ---------------

Threads class SMR info:
_java_thread_list=0x000001db2ed6f090, length=20, elements={
0x000001db27f51be0, 0x000001db27f54590, 0x000001db27f6d920, 0x000001db27f701e0,
0x000001db27f70b80, 0x000001db27f71520, 0x000001db27f721f0, 0x000001db27f72bd0,
0x000001db27f7edc0, 0x000001db2c44c9d0, 0x000001db2c50ae40, 0x000001db2c642a80,
0x000001db2c642f40, 0x000001db2c643400, 0x000001db2c718ab0, 0x000001db07f13540,
0x000001db2e7996d0, 0x000001db2d818b10, 0x000001db2d81a7f0, 0x000001db2d81b660
}

Java Threads: ( => current thread )
  0x000001db27f51be0 JavaThread "Reference Handler" daemon [_thread_blocked, id=17272, stack(0x000000d088300000,0x000000d088400000)]
  0x000001db27f54590 JavaThread "Finalizer" daemon [_thread_blocked, id=4128, stack(0x000000d088400000,0x000000d088500000)]
  0x000001db27f6d920 JavaThread "Signal Dispatcher" daemon [_thread_blocked, id=22296, stack(0x000000d088500000,0x000000d088600000)]
  0x000001db27f701e0 JavaThread "Attach Listener" daemon [_thread_blocked, id=1556, stack(0x000000d088600000,0x000000d088700000)]
  0x000001db27f70b80 JavaThread "Service Thread" daemon [_thread_blocked, id=9160, stack(0x000000d088700000,0x000000d088800000)]
  0x000001db27f71520 JavaThread "Monitor Deflation Thread" daemon [_thread_blocked, id=9620, stack(0x000000d088800000,0x000000d088900000)]
=>0x000001db27f721f0 JavaThread "C2 CompilerThread0" daemon [_thread_in_native, id=14964, stack(0x000000d088900000,0x000000d088a00000)]
  0x000001db27f72bd0 JavaThread "C1 CompilerThread0" daemon [_thread_blocked, id=14744, stack(0x000000d088a00000,0x000000d088b00000)]
  0x000001db27f7edc0 JavaThread "Sweeper thread" daemon [_thread_blocked, id=19176, stack(0x000000d088b00000,0x000000d088c00000)]
  0x000001db2c44c9d0 JavaThread "Common-Cleaner" daemon [_thread_blocked, id=22488, stack(0x000000d088c00000,0x000000d088d00000)]
  0x000001db2c50ae40 JavaThread "Notification Thread" daemon [_thread_blocked, id=16320, stack(0x000000d088d00000,0x000000d088e00000)]
  0x000001db2c642a80 JavaThread "Java2D Disposer" daemon [_thread_blocked, id=8648, stack(0x000000d088f00000,0x000000d089000000)]
  0x000001db2c642f40 JavaThread "AWT-Shutdown" [_thread_blocked, id=15792, stack(0x000000d089000000,0x000000d089100000)]
  0x000001db2c643400 JavaThread "AWT-Windows" daemon [_thread_in_native, id=23384, stack(0x000000d089100000,0x000000d089200000)]
  0x000001db2c718ab0 JavaThread "AWT-EventQueue-0" [_thread_blocked, id=21788, stack(0x000000d089200000,0x000000d089300000)]
  0x000001db07f13540 JavaThread "DestroyJavaVM" [_thread_blocked, id=5000, stack(0x000000d087c00000,0x000000d087d00000)]
  0x000001db2e7996d0 JavaThread "TimerQueue" daemon [_thread_blocked, id=5888, stack(0x000000d089800000,0x000000d089900000)]
  0x000001db2d818b10 JavaThread "Thread-0" [_thread_blocked, id=8088, stack(0x000000d089300000,0x000000d089400000)]
  0x000001db2d81a7f0 JavaThread "Thread-1" [_thread_blocked, id=21952, stack(0x000000d08a300000,0x000000d08a400000)]
  0x000001db2d81b660 JavaThread "Image Fetcher 0" daemon [_thread_blocked, id=19556, stack(0x000000d087900000,0x000000d087a00000)]

Other Threads:
  0x000001db27f4f380 VMThread "VM Thread" [stack: 0x000000d088200000,0x000000d088300000] [id=19548]
  0x000001db2c50d310 WatcherThread "VM Periodic Task Thread" [stack: 0x000000d088e00000,0x000000d088f00000] [id=23304]
  0x000001db07f75450 WorkerThread "GC Thread#0" [stack: 0x000000d087d00000,0x000000d087e00000] [id=17724]
  0x000001db2e0e3c00 WorkerThread "GC Thread#1" [stack: 0x000000d089a00000,0x000000d089b00000] [id=11088]
  0x000001db2e719070 WorkerThread "GC Thread#2" [stack: 0x000000d089b00000,0x000000d089c00000] [id=22232]
  0x000001db2d710210 WorkerThread "GC Thread#3" [stack: 0x000000d089c00000,0x000000d089d00000] [id=6196]
  0x000001db2e06d050 WorkerThread "GC Thread#4" [stack: 0x000000d089d00000,0x000000d089e00000] [id=5672]
  0x000001db2e5b7340 WorkerThread "GC Thread#5" [stack: 0x000000d089e00000,0x000000d089f00000] [id=13776]
  0x000001db2e3953e0 WorkerThread "GC Thread#6" [stack: 0x000000d089f00000,0x000000d08a000000] [id=21304]
  0x000001db2e395680 WorkerThread "GC Thread#7" [stack: 0x000000d08a000000,0x000000d08a100000] [id=1796]
  0x000001db07f85dc0 ConcurrentGCThread "G1 Main Marker" [stack: 0x000000d087e00000,0x000000d087f00000] [id=8212]
  0x000001db07f86910 WorkerThread "G1 Conc#0" [stack: 0x000000d087f00000,0x000000d088000000] [id=12440]
  0x000001db2e02a3b0 WorkerThread "G1 Conc#1" [stack: 0x000000d08a500000,0x000000d08a600000] [id=20884]
  0x000001db07fd40c0 ConcurrentGCThread "G1 Refine#0" [stack: 0x000000d088000000,0x000000d088100000] [id=21520]
  0x000001db2e177040 ConcurrentGCThread "G1 Refine#1" [stack: 0x000000d08a100000,0x000000d08a200000] [id=8140]
  0x000001db2e177310 ConcurrentGCThread "G1 Refine#2" [stack: 0x000000d08a200000,0x000000d08a300000] [id=20348]
  0x000001db07fd49d0 ConcurrentGCThread "G1 Service" [stack: 0x000000d088100000,0x000000d088200000] [id=10160]

Threads with active compile tasks:
C2 CompilerThread0   138740 4742 %     4       sun.java2d.marlin.Renderer::_endRendering @ 1927 (2480 bytes)

VM state: not at safepoint (normal execution)

VM Mutex/Monitor currently owned by a thread: None

Heap address: 0x0000000082e00000, size: 2002 MB, Compressed Oops mode: 32-bit

CDS archive(s) mapped at: [0x0000000800000000-0x0000000800ba0000-0x0000000800ba0000), size 12189696, SharedBaseAddress: 0x0000000800000000, ArchiveRelocationMode: 0.
Compressed class space mapped at: 0x0000000800c00000-0x0000000840c00000, reserved size: 1073741824
Narrow klass base: 0x0000000800000000, Narrow klass shift: 0, Narrow klass range: 0x100000000

GC Precious Log:
 CardTable entry size: 512
 Card Set container configuration: InlinePtr #cards 5 size 8 Array Of Cards #cards 12 size 40 Howl #buckets 4 coarsen threshold 1843 Howl Bitmap #cards 512 size 80 coarsen threshold 460 Card regions per heap region 1 cards per card region 2048
 CPUs: 8 total, 8 available
 Memory: 8006M
 Large Page Support: Disabled
 NUMA Support: Disabled
 Compressed Oops: Enabled (32-bit)
 Heap Region Size: 1M
 Heap Min Capacity: 8M
 Heap Initial Capacity: 126M
 Heap Max Capacity: 2002M
 Pre-touch: Disabled
 Parallel Workers: 8
 Concurrent Workers: 2
 Concurrent Refinement Workers: 8
 Periodic GC: Disabled

Heap:
 garbage-first heap   total 260096K, used 157473K [0x0000000082e00000, 0x0000000100000000)
  region size 1024K, 6 young (6144K), 1 survivors (1024K)
 Metaspace       used 23260K, committed 23488K, reserved 1114112K
  class space    used 2455K, committed 2560K, reserved 1048576K

Heap Regions: E=young(eden), S=young(survivor), O=old, HS=humongous(starts), HC=humongous(continues), CS=collection set, F=free, OA=open archive, CA=closed archive, TAMS=top-at-mark-start (previous, next)
|   0|0x0000000082e00000, 0x0000000082f00000, 0x0000000082f00000|100%|HS|  |TAMS 0x0000000082f00000, 0x0000000082e00000| Complete 
|   1|0x0000000082f00000, 0x0000000083000000, 0x0000000083000000|100%|HC|  |TAMS 0x0000000083000000, 0x0000000082f00000| Complete 
|   2|0x0000000083000000, 0x0000000083100000, 0x0000000083100000|100%| O|  |TAMS 0x0000000083100000, 0x0000000083000000| Untracked 
|   3|0x0000000083100000, 0x0000000083200000, 0x0000000083200000|100%| O|  |TAMS 0x0000000083200000, 0x0000000083100000| Untracked 
|   4|0x0000000083200000, 0x0000000083300000, 0x0000000083300000|100%| O|  |TAMS 0x0000000083300000, 0x0000000083200000| Untracked 
|   5|0x0000000083300000, 0x0000000083400000, 0x0000000083400000|100%| O|  |TAMS 0x0000000083400000, 0x0000000083300000| Untracked 
|   6|0x0000000083400000, 0x0000000083500000, 0x0000000083500000|100%| O|  |TAMS 0x0000000083500000, 0x0000000083400000| Untracked 
|   7|0x0000000083500000, 0x0000000083600000, 0x0000000083600000|100%|HS|  |TAMS 0x0000000083600000, 0x0000000083500000| Complete 
|   8|0x0000000083600000, 0x0000000083700000, 0x0000000083700000|100%|HC|  |TAMS 0x0000000083700000, 0x0000000083600000| Complete 
|   9|0x0000000083700000, 0x0000000083800000, 0x0000000083800000|100%|HC|  |TAMS 0x0000000083800000, 0x0000000083700000| Complete 
|  10|0x0000000083800000, 0x0000000083900000, 0x0000000083900000|100%|HC|  |TAMS 0x0000000083900000, 0x0000000083800000| Complete 
|  11|0x0000000083900000, 0x0000000083a00000, 0x0000000083a00000|100%|HC|  |TAMS 0x0000000083a00000, 0x0000000083900000| Complete 
|  12|0x0000000083a00000, 0x0000000083b00000, 0x0000000083b00000|100%|HC|  |TAMS 0x0000000083b00000, 0x0000000083a00000| Complete 
|  13|0x0000000083b00000, 0x0000000083c00000, 0x0000000083c00000|100%|HC|  |TAMS 0x0000000083c00000, 0x0000000083b00000| Complete 
|  14|0x0000000083c00000, 0x0000000083d00000, 0x0000000083d00000|100%|HC|  |TAMS 0x0000000083d00000, 0x0000000083c00000| Complete 
|  15|0x0000000083d00000, 0x0000000083e00000, 0x0000000083e00000|100%|HC|  |TAMS 0x0000000083e00000, 0x0000000083d00000| Complete 
|  16|0x0000000083e00000, 0x0000000083f00000, 0x0000000083f00000|100%|HC|  |TAMS 0x0000000083f00000, 0x0000000083e00000| Complete 
|  17|0x0000000083f00000, 0x0000000084000000, 0x0000000084000000|100%|HC|  |TAMS 0x0000000084000000, 0x0000000083f00000| Complete 
|  18|0x0000000084000000, 0x0000000084100000, 0x0000000084100000|100%|HC|  |TAMS 0x0000000084100000, 0x0000000084000000| Complete 
|  19|0x0000000084100000, 0x0000000084200000, 0x0000000084200000|100%|HC|  |TAMS 0x0000000084200000, 0x0000000084100000| Complete 
|  20|0x0000000084200000, 0x0000000084300000, 0x0000000084300000|100%|HC|  |TAMS 0x0000000084300000, 0x0000000084200000| Complete 
|  21|0x0000000084300000, 0x0000000084400000, 0x0000000084400000|100%|HC|  |TAMS 0x0000000084400000, 0x0000000084300000| Complete 
|  22|0x0000000084400000, 0x0000000084500000, 0x0000000084500000|100%|HC|  |TAMS 0x0000000084500000, 0x0000000084400000| Complete 
|  23|0x0000000084500000, 0x0000000084600000, 0x0000000084600000|100%|HC|  |TAMS 0x0000000084600000, 0x0000000084500000| Complete 
|  24|0x0000000084600000, 0x0000000084700000, 0x0000000084700000|100%|HC|  |TAMS 0x0000000084700000, 0x0000000084600000| Complete 
|  25|0x0000000084700000, 0x0000000084800000, 0x0000000084800000|100%|HC|  |TAMS 0x0000000084800000, 0x0000000084700000| Complete 
|  26|0x0000000084800000, 0x0000000084900000, 0x0000000084900000|100%| O|  |TAMS 0x0000000084900000, 0x0000000084800000| Untracked 
|  27|0x0000000084900000, 0x0000000084a00000, 0x0000000084a00000|100%| O|  |TAMS 0x0000000084a00000, 0x0000000084900000| Untracked 
|  28|0x0000000084a00000, 0x0000000084b00000, 0x0000000084b00000|100%| O|  |TAMS 0x0000000084b00000, 0x0000000084a00000| Untracked 
|  29|0x0000000084b00000, 0x0000000084c00000, 0x0000000084c00000|100%|HS|  |TAMS 0x0000000084b00000, 0x0000000084b00000| Complete 
|  30|0x0000000084c00000, 0x0000000084d00000, 0x0000000084d00000|100%|HC|  |TAMS 0x0000000084c00000, 0x0000000084c00000| Complete 
|  31|0x0000000084d00000, 0x0000000084e00000, 0x0000000084e00000|100%|HC|  |TAMS 0x0000000084d00000, 0x0000000084d00000| Complete 
|  32|0x0000000084e00000, 0x0000000084f00000, 0x0000000084f00000|100%|HS|  |TAMS 0x0000000084f00000, 0x0000000084e00000| Complete 
|  33|0x0000000084f00000, 0x0000000085000000, 0x0000000085000000|100%|HC|  |TAMS 0x0000000085000000, 0x0000000084f00000| Complete 
|  34|0x0000000085000000, 0x0000000085100000, 0x0000000085100000|100%|HC|  |TAMS 0x0000000085100000, 0x0000000085000000| Complete 
|  35|0x0000000085100000, 0x0000000085200000, 0x0000000085200000|100%|HS|  |TAMS 0x0000000085200000, 0x0000000085100000| Complete 
|  36|0x0000000085200000, 0x0000000085300000, 0x0000000085300000|100%|HC|  |TAMS 0x0000000085300000, 0x0000000085200000| Complete 
|  37|0x0000000085300000, 0x0000000085400000, 0x0000000085400000|100%|HC|  |TAMS 0x0000000085400000, 0x0000000085300000| Complete 
|  38|0x0000000085400000, 0x0000000085500000, 0x0000000085500000|100%|HS|  |TAMS 0x0000000085400000, 0x0000000085400000| Complete 
|  39|0x0000000085500000, 0x0000000085600000, 0x0000000085600000|100%|HC|  |TAMS 0x0000000085500000, 0x0000000085500000| Complete 
|  40|0x0000000085600000, 0x0000000085700000, 0x0000000085700000|100%|HC|  |TAMS 0x0000000085600000, 0x0000000085600000| Complete 
|  41|0x0000000085700000, 0x00000000857a5000, 0x0000000085800000| 64%| O|  |TAMS 0x000000008579e400, 0x0000000085700000| Untracked 
|  42|0x0000000085800000, 0x0000000085800000, 0x0000000085900000|  0%| F|  |TAMS 0x0000000085800000, 0x0000000085800000| Untracked 
|  43|0x0000000085900000, 0x0000000085900000, 0x0000000085a00000|  0%| F|  |TAMS 0x0000000085900000, 0x0000000085900000| Untracked 
|  44|0x0000000085a00000, 0x0000000085a00000, 0x0000000085b00000|  0%| F|  |TAMS 0x0000000085a00000, 0x0000000085a00000| Untracked 
|  45|0x0000000085b00000, 0x0000000085b00000, 0x0000000085c00000|  0%| F|  |TAMS 0x0000000085b00000, 0x0000000085b00000| Untracked 
|  46|0x0000000085c00000, 0x0000000085c00000, 0x0000000085d00000|  0%| F|  |TAMS 0x0000000085c00000, 0x0000000085c00000| Untracked 
|  47|0x0000000085d00000, 0x0000000085d00000, 0x0000000085e00000|  0%| F|  |TAMS 0x0000000085d00000, 0x0000000085d00000| Untracked 
|  48|0x0000000085e00000, 0x0000000085e00000, 0x0000000085f00000|  0%| F|  |TAMS 0x0000000085e00000, 0x0000000085e00000| Untracked 
|  49|0x0000000085f00000, 0x0000000086000000, 0x0000000086000000|100%|HS|  |TAMS 0x0000000086000000, 0x0000000085f00000| Complete 
|  50|0x0000000086000000, 0x0000000086100000, 0x0000000086100000|100%|HC|  |TAMS 0x0000000086100000, 0x0000000086000000| Complete 
|  51|0x0000000086100000, 0x0000000086200000, 0x0000000086200000|100%|HC|  |TAMS 0x0000000086200000, 0x0000000086100000| Complete 
|  52|0x0000000086200000, 0x0000000086300000, 0x0000000086300000|100%|HC|  |TAMS 0x0000000086300000, 0x0000000086200000| Complete 
|  53|0x0000000086300000, 0x0000000086400000, 0x0000000086400000|100%|HC|  |TAMS 0x0000000086400000, 0x0000000086300000| Complete 
|  54|0x0000000086400000, 0x0000000086500000, 0x0000000086500000|100%|HC|  |TAMS 0x0000000086500000, 0x0000000086400000| Complete 
|  55|0x0000000086500000, 0x0000000086600000, 0x0000000086600000|100%|HC|  |TAMS 0x0000000086600000, 0x0000000086500000| Complete 
|  56|0x0000000086600000, 0x0000000086700000, 0x0000000086700000|100%|HC|  |TAMS 0x0000000086700000, 0x0000000086600000| Complete 
|  57|0x0000000086700000, 0x0000000086800000, 0x0000000086800000|100%|HS|  |TAMS 0x0000000086800000, 0x0000000086700000| Complete 
|  58|0x0000000086800000, 0x0000000086900000, 0x0000000086900000|100%|HC|  |TAMS 0x0000000086900000, 0x0000000086800000| Complete 
|  59|0x0000000086900000, 0x0000000086a00000, 0x0000000086a00000|100%|HC|  |TAMS 0x0000000086a00000, 0x0000000086900000| Complete 
|  60|0x0000000086a00000, 0x0000000086b00000, 0x0000000086b00000|100%|HC|  |TAMS 0x0000000086b00000, 0x0000000086a00000| Complete 
|  61|0x0000000086b00000, 0x0000000086c00000, 0x0000000086c00000|100%|HC|  |TAMS 0x0000000086c00000, 0x0000000086b00000| Complete 
|  62|0x0000000086c00000, 0x0000000086d00000, 0x0000000086d00000|100%|HC|  |TAMS 0x0000000086d00000, 0x0000000086c00000| Complete 
|  63|0x0000000086d00000, 0x0000000086e00000, 0x0000000086e00000|100%|HC|  |TAMS 0x0000000086e00000, 0x0000000086d00000| Complete 
|  64|0x0000000086e00000, 0x0000000086f00000, 0x0000000086f00000|100%|HC|  |TAMS 0x0000000086f00000, 0x0000000086e00000| Complete 
|  65|0x0000000086f00000, 0x0000000087000000, 0x0000000087000000|100%|HC|  |TAMS 0x0000000087000000, 0x0000000086f00000| Complete 
|  66|0x0000000087000000, 0x0000000087100000, 0x0000000087100000|100%|HS|  |TAMS 0x0000000087100000, 0x0000000087000000| Complete 
|  67|0x0000000087100000, 0x0000000087200000, 0x0000000087200000|100%|HC|  |TAMS 0x0000000087200000, 0x0000000087100000| Complete 
|  68|0x0000000087200000, 0x0000000087300000, 0x0000000087300000|100%|HC|  |TAMS 0x0000000087300000, 0x0000000087200000| Complete 
|  69|0x0000000087300000, 0x0000000087400000, 0x0000000087400000|100%|HC|  |TAMS 0x0000000087400000, 0x0000000087300000| Complete 
|  70|0x0000000087400000, 0x0000000087500000, 0x0000000087500000|100%|HC|  |TAMS 0x0000000087500000, 0x0000000087400000| Complete 
|  71|0x0000000087500000, 0x0000000087600000, 0x0000000087600000|100%|HC|  |TAMS 0x0000000087600000, 0x0000000087500000| Complete 
|  72|0x0000000087600000, 0x0000000087700000, 0x0000000087700000|100%|HC|  |TAMS 0x0000000087700000, 0x0000000087600000| Complete 
|  73|0x0000000087700000, 0x0000000087800000, 0x0000000087800000|100%|HC|  |TAMS 0x0000000087800000, 0x0000000087700000| Complete 
|  74|0x0000000087800000, 0x0000000087900000, 0x0000000087900000|100%|HC|  |TAMS 0x0000000087900000, 0x0000000087800000| Complete 
|  75|0x0000000087900000, 0x0000000087a00000, 0x0000000087a00000|100%|HC|  |TAMS 0x0000000087a00000, 0x0000000087900000| Complete 
|  76|0x0000000087a00000, 0x0000000087b00000, 0x0000000087b00000|100%|HC|  |TAMS 0x0000000087b00000, 0x0000000087a00000| Complete 
|  77|0x0000000087b00000, 0x0000000087c00000, 0x0000000087c00000|100%|HC|  |TAMS 0x0000000087c00000, 0x0000000087b00000| Complete 
|  78|0x0000000087c00000, 0x0000000087c00000, 0x0000000087d00000|  0%| F|  |TAMS 0x0000000087c00000, 0x0000000087c00000| Untracked 
|  79|0x0000000087d00000, 0x0000000087d00000, 0x0000000087e00000|  0%| F|  |TAMS 0x0000000087d00000, 0x0000000087d00000| Untracked 
|  80|0x0000000087e00000, 0x0000000087e00000, 0x0000000087f00000|  0%| F|  |TAMS 0x0000000087e00000, 0x0000000087e00000| Untracked 
|  81|0x0000000087f00000, 0x0000000087f00000, 0x0000000088000000|  0%| F|  |TAMS 0x0000000087f00000, 0x0000000087f00000| Untracked 
|  82|0x0000000088000000, 0x0000000088000000, 0x0000000088100000|  0%| F|  |TAMS 0x0000000088000000, 0x0000000088000000| Untracked 
|  83|0x0000000088100000, 0x0000000088100000, 0x0000000088200000|  0%| F|  |TAMS 0x0000000088100000, 0x0000000088100000| Untracked 
|  84|0x0000000088200000, 0x0000000088200000, 0x0000000088300000|  0%| F|  |TAMS 0x0000000088200000, 0x0000000088200000| Untracked 
|  85|0x0000000088300000, 0x0000000088300000, 0x0000000088400000|  0%| F|  |TAMS 0x0000000088300000, 0x0000000088300000| Untracked 
|  86|0x0000000088400000, 0x0000000088400000, 0x0000000088500000|  0%| F|  |TAMS 0x0000000088400000, 0x0000000088400000| Untracked 
|  87|0x0000000088500000, 0x0000000088600000, 0x0000000088600000|100%|HS|  |TAMS 0x0000000088600000, 0x0000000088500000| Complete 
|  88|0x0000000088600000, 0x0000000088700000, 0x0000000088700000|100%|HC|  |TAMS 0x0000000088700000, 0x0000000088600000| Complete 
|  89|0x0000000088700000, 0x0000000088800000, 0x0000000088800000|100%|HC|  |TAMS 0x0000000088800000, 0x0000000088700000| Complete 
|  90|0x0000000088800000, 0x0000000088900000, 0x0000000088900000|100%|HC|  |TAMS 0x0000000088900000, 0x0000000088800000| Complete 
|  91|0x0000000088900000, 0x0000000088a00000, 0x0000000088a00000|100%|HC|  |TAMS 0x0000000088a00000, 0x0000000088900000| Complete 
|  92|0x0000000088a00000, 0x0000000088b00000, 0x0000000088b00000|100%|HC|  |TAMS 0x0000000088b00000, 0x0000000088a00000| Complete 
|  93|0x0000000088b00000, 0x0000000088c00000, 0x0000000088c00000|100%|HC|  |TAMS 0x0000000088c00000, 0x0000000088b00000| Complete 
|  94|0x0000000088c00000, 0x0000000088d00000, 0x0000000088d00000|100%|HC|  |TAMS 0x0000000088d00000, 0x0000000088c00000| Complete 
|  95|0x0000000088d00000, 0x0000000088e00000, 0x0000000088e00000|100%|HC|  |TAMS 0x0000000088e00000, 0x0000000088d00000| Complete 
|  96|0x0000000088e00000, 0x0000000088f00000, 0x0000000088f00000|100%|HC|  |TAMS 0x0000000088f00000, 0x0000000088e00000| Complete 
|  97|0x0000000088f00000, 0x0000000089000000, 0x0000000089000000|100%|HC|  |TAMS 0x0000000089000000, 0x0000000088f00000| Complete 
|  98|0x0000000089000000, 0x0000000089100000, 0x0000000089100000|100%|HC|  |TAMS 0x0000000089100000, 0x0000000089000000| Complete 
|  99|0x0000000089100000, 0x0000000089200000, 0x0000000089200000|100%|HC|  |TAMS 0x0000000089200000, 0x0000000089100000| Complete 
| 100|0x0000000089200000, 0x0000000089300000, 0x0000000089300000|100%|HC|  |TAMS 0x0000000089300000, 0x0000000089200000| Complete 
| 101|0x0000000089300000, 0x0000000089400000, 0x0000000089400000|100%|HC|  |TAMS 0x0000000089400000, 0x0000000089300000| Complete 
| 102|0x0000000089400000, 0x0000000089500000, 0x0000000089500000|100%|HC|  |TAMS 0x0000000089500000, 0x0000000089400000| Complete 
| 103|0x0000000089500000, 0x0000000089600000, 0x0000000089600000|100%|HC|  |TAMS 0x0000000089600000, 0x0000000089500000| Complete 
| 104|0x0000000089600000, 0x0000000089700000, 0x0000000089700000|100%|HC|  |TAMS 0x0000000089700000, 0x0000000089600000| Complete 
| 105|0x0000000089700000, 0x0000000089800000, 0x0000000089800000|100%|HC|  |TAMS 0x0000000089800000, 0x0000000089700000| Complete 
| 106|0x0000000089800000, 0x0000000089900000, 0x0000000089900000|100%|HC|  |TAMS 0x0000000089900000, 0x0000000089800000| Complete 
| 107|0x0000000089900000, 0x0000000089a00000, 0x0000000089a00000|100%|HC|  |TAMS 0x0000000089a00000, 0x0000000089900000| Complete 
| 108|0x0000000089a00000, 0x0000000089b00000, 0x0000000089b00000|100%|HC|  |TAMS 0x0000000089b00000, 0x0000000089a00000| Complete 
| 109|0x0000000089b00000, 0x0000000089c00000, 0x0000000089c00000|100%|HC|  |TAMS 0x0000000089c00000, 0x0000000089b00000| Complete 
| 110|0x0000000089c00000, 0x0000000089d00000, 0x0000000089d00000|100%|HC|  |TAMS 0x0000000089d00000, 0x0000000089c00000| Complete 
| 111|0x0000000089d00000, 0x0000000089e00000, 0x0000000089e00000|100%|HC|  |TAMS 0x0000000089e00000, 0x0000000089d00000| Complete 
| 112|0x0000000089e00000, 0x0000000089f00000, 0x0000000089f00000|100%|HC|  |TAMS 0x0000000089f00000, 0x0000000089e00000| Complete 
| 113|0x0000000089f00000, 0x000000008a000000, 0x000000008a000000|100%|HC|  |TAMS 0x000000008a000000, 0x0000000089f00000| Complete 
| 114|0x000000008a000000, 0x000000008a100000, 0x000000008a100000|100%|HC|  |TAMS 0x000000008a100000, 0x000000008a000000| Complete 
| 115|0x000000008a100000, 0x000000008a200000, 0x000000008a200000|100%|HC|  |TAMS 0x000000008a200000, 0x000000008a100000| Complete 
| 116|0x000000008a200000, 0x000000008a300000, 0x000000008a300000|100%|HC|  |TAMS 0x000000008a300000, 0x000000008a200000| Complete 
| 117|0x000000008a300000, 0x000000008a400000, 0x000000008a400000|100%|HC|  |TAMS 0x000000008a400000, 0x000000008a300000| Complete 
| 118|0x000000008a400000, 0x000000008a500000, 0x000000008a500000|100%|HS|  |TAMS 0x000000008a500000, 0x000000008a400000| Complete 
| 119|0x000000008a500000, 0x000000008a600000, 0x000000008a600000|100%|HC|  |TAMS 0x000000008a600000, 0x000000008a500000| Complete 
| 120|0x000000008a600000, 0x000000008a700000, 0x000000008a700000|100%|HC|  |TAMS 0x000000008a700000, 0x000000008a600000| Complete 
| 121|0x000000008a700000, 0x000000008a800000, 0x000000008a800000|100%|HC|  |TAMS 0x000000008a800000, 0x000000008a700000| Complete 
| 122|0x000000008a800000, 0x000000008a900000, 0x000000008a900000|100%|HC|  |TAMS 0x000000008a900000, 0x000000008a800000| Complete 
| 123|0x000000008a900000, 0x000000008aa00000, 0x000000008aa00000|100%|HC|  |TAMS 0x000000008aa00000, 0x000000008a900000| Complete 
| 124|0x000000008aa00000, 0x000000008ab00000, 0x000000008ab00000|100%|HC|  |TAMS 0x000000008ab00000, 0x000000008aa00000| Complete 
| 125|0x000000008ab00000, 0x000000008ac00000, 0x000000008ac00000|100%|HC|  |TAMS 0x000000008ac00000, 0x000000008ab00000| Complete 
| 126|0x000000008ac00000, 0x000000008ad00000, 0x000000008ad00000|100%|HC|  |TAMS 0x000000008ad00000, 0x000000008ac00000| Complete 
| 127|0x000000008ad00000, 0x000000008ae00000, 0x000000008ae00000|100%|HC|  |TAMS 0x000000008ae00000, 0x000000008ad00000| Complete 
| 128|0x000000008ae00000, 0x000000008af00000, 0x000000008af00000|100%|HC|  |TAMS 0x000000008af00000, 0x000000008ae00000| Complete 
| 129|0x000000008af00000, 0x000000008b000000, 0x000000008b000000|100%|HC|  |TAMS 0x000000008b000000, 0x000000008af00000| Complete 
| 130|0x000000008b000000, 0x000000008b100000, 0x000000008b100000|100%|HC|  |TAMS 0x000000008b100000, 0x000000008b000000| Complete 
| 131|0x000000008b100000, 0x000000008b200000, 0x000000008b200000|100%|HC|  |TAMS 0x000000008b200000, 0x000000008b100000| Complete 
| 132|0x000000008b200000, 0x000000008b300000, 0x000000008b300000|100%|HC|  |TAMS 0x000000008b300000, 0x000000008b200000| Complete 
| 133|0x000000008b300000, 0x000000008b400000, 0x000000008b400000|100%|HC|  |TAMS 0x000000008b400000, 0x000000008b300000| Complete 
| 134|0x000000008b400000, 0x000000008b500000, 0x000000008b500000|100%|HC|  |TAMS 0x000000008b500000, 0x000000008b400000| Complete 
| 135|0x000000008b500000, 0x000000008b600000, 0x000000008b600000|100%|HC|  |TAMS 0x000000008b600000, 0x000000008b500000| Complete 
| 136|0x000000008b600000, 0x000000008b700000, 0x000000008b700000|100%|HC|  |TAMS 0x000000008b700000, 0x000000008b600000| Complete 
| 137|0x000000008b700000, 0x000000008b800000, 0x000000008b800000|100%|HC|  |TAMS 0x000000008b800000, 0x000000008b700000| Complete 
| 138|0x000000008b800000, 0x000000008b900000, 0x000000008b900000|100%|HC|  |TAMS 0x000000008b900000, 0x000000008b800000| Complete 
| 139|0x000000008b900000, 0x000000008ba00000, 0x000000008ba00000|100%|HC|  |TAMS 0x000000008ba00000, 0x000000008b900000| Complete 
| 140|0x000000008ba00000, 0x000000008bb00000, 0x000000008bb00000|100%|HS|  |TAMS 0x000000008bb00000, 0x000000008ba00000| Complete 
| 141|0x000000008bb00000, 0x000000008bc00000, 0x000000008bc00000|100%|HC|  |TAMS 0x000000008bc00000, 0x000000008bb00000| Complete 
| 142|0x000000008bc00000, 0x000000008bd00000, 0x000000008bd00000|100%|HC|  |TAMS 0x000000008bd00000, 0x000000008bc00000| Complete 
| 143|0x000000008bd00000, 0x000000008be00000, 0x000000008be00000|100%|HC|  |TAMS 0x000000008be00000, 0x000000008bd00000| Complete 
| 144|0x000000008be00000, 0x000000008bf00000, 0x000000008bf00000|100%|HC|  |TAMS 0x000000008bf00000, 0x000000008be00000| Complete 
| 145|0x000000008bf00000, 0x000000008c000000, 0x000000008c000000|100%|HC|  |TAMS 0x000000008c000000, 0x000000008bf00000| Complete 
| 146|0x000000008c000000, 0x000000008c100000, 0x000000008c100000|100%|HC|  |TAMS 0x000000008c100000, 0x000000008c000000| Complete 
| 147|0x000000008c100000, 0x000000008c200000, 0x000000008c200000|100%|HC|  |TAMS 0x000000008c200000, 0x000000008c100000| Complete 
| 148|0x000000008c200000, 0x000000008c300000, 0x000000008c300000|100%|HC|  |TAMS 0x000000008c300000, 0x000000008c200000| Complete 
| 149|0x000000008c300000, 0x000000008c400000, 0x000000008c400000|100%|HC|  |TAMS 0x000000008c400000, 0x000000008c300000| Complete 
| 150|0x000000008c400000, 0x000000008c500000, 0x000000008c500000|100%|HC|  |TAMS 0x000000008c500000, 0x000000008c400000| Complete 
| 151|0x000000008c500000, 0x000000008c600000, 0x000000008c600000|100%|HC|  |TAMS 0x000000008c600000, 0x000000008c500000| Complete 
| 152|0x000000008c600000, 0x000000008c700000, 0x000000008c700000|100%|HC|  |TAMS 0x000000008c700000, 0x000000008c600000| Complete 
| 153|0x000000008c700000, 0x000000008c800000, 0x000000008c800000|100%|HC|  |TAMS 0x000000008c800000, 0x000000008c700000| Complete 
| 154|0x000000008c800000, 0x000000008c900000, 0x000000008c900000|100%|HC|  |TAMS 0x000000008c900000, 0x000000008c800000| Complete 
| 155|0x000000008c900000, 0x000000008ca00000, 0x000000008ca00000|100%|HC|  |TAMS 0x000000008ca00000, 0x000000008c900000| Complete 
| 156|0x000000008ca00000, 0x000000008cb00000, 0x000000008cb00000|100%|HC|  |TAMS 0x000000008cb00000, 0x000000008ca00000| Complete 
| 157|0x000000008cb00000, 0x000000008cc00000, 0x000000008cc00000|100%|HC|  |TAMS 0x000000008cc00000, 0x000000008cb00000| Complete 
| 158|0x000000008cc00000, 0x000000008cd00000, 0x000000008cd00000|100%|HC|  |TAMS 0x000000008cd00000, 0x000000008cc00000| Complete 
| 159|0x000000008cd00000, 0x000000008ce00000, 0x000000008ce00000|100%|HC|  |TAMS 0x000000008ce00000, 0x000000008cd00000| Complete 
| 160|0x000000008ce00000, 0x000000008cf00000, 0x000000008cf00000|100%|HC|  |TAMS 0x000000008cf00000, 0x000000008ce00000| Complete 
| 161|0x000000008cf00000, 0x000000008d000000, 0x000000008d000000|100%|HC|  |TAMS 0x000000008d000000, 0x000000008cf00000| Complete 
| 162|0x000000008d000000, 0x000000008d100000, 0x000000008d100000|100%|HC|  |TAMS 0x000000008d100000, 0x000000008d000000| Complete 
| 163|0x000000008d100000, 0x000000008d200000, 0x000000008d200000|100%|HC|  |TAMS 0x000000008d200000, 0x000000008d100000| Complete 
| 164|0x000000008d200000, 0x000000008d300000, 0x000000008d300000|100%|HC|  |TAMS 0x000000008d300000, 0x000000008d200000| Complete 
| 165|0x000000008d300000, 0x000000008d400000, 0x000000008d400000|100%|HC|  |TAMS 0x000000008d400000, 0x000000008d300000| Complete 
| 166|0x000000008d400000, 0x000000008d400000, 0x000000008d500000|  0%| F|  |TAMS 0x000000008d400000, 0x000000008d400000| Untracked 
| 167|0x000000008d500000, 0x000000008d500000, 0x000000008d600000|  0%| F|  |TAMS 0x000000008d500000, 0x000000008d500000| Untracked 
| 168|0x000000008d600000, 0x000000008d600000, 0x000000008d700000|  0%| F|  |TAMS 0x000000008d600000, 0x000000008d600000| Untracked 
| 169|0x000000008d700000, 0x000000008d700000, 0x000000008d800000|  0%| F|  |TAMS 0x000000008d700000, 0x000000008d700000| Untracked 
| 170|0x000000008d800000, 0x000000008d800000, 0x000000008d900000|  0%| F|  |TAMS 0x000000008d800000, 0x000000008d800000| Untracked 
| 171|0x000000008d900000, 0x000000008d900000, 0x000000008da00000|  0%| F|  |TAMS 0x000000008d900000, 0x000000008d900000| Untracked 
| 172|0x000000008da00000, 0x000000008da00000, 0x000000008db00000|  0%| F|  |TAMS 0x000000008da00000, 0x000000008da00000| Untracked 
| 173|0x000000008db00000, 0x000000008db00000, 0x000000008dc00000|  0%| F|  |TAMS 0x000000008db00000, 0x000000008db00000| Untracked 
| 174|0x000000008dc00000, 0x000000008dc00000, 0x000000008dd00000|  0%| F|  |TAMS 0x000000008dc00000, 0x000000008dc00000| Untracked 
| 175|0x000000008dd00000, 0x000000008dd00000, 0x000000008de00000|  0%| F|  |TAMS 0x000000008dd00000, 0x000000008dd00000| Untracked 
| 176|0x000000008de00000, 0x000000008de00000, 0x000000008df00000|  0%| F|  |TAMS 0x000000008de00000, 0x000000008de00000| Untracked 
| 177|0x000000008df00000, 0x000000008df00000, 0x000000008e000000|  0%| F|  |TAMS 0x000000008df00000, 0x000000008df00000| Untracked 
| 178|0x000000008e000000, 0x000000008e000000, 0x000000008e100000|  0%| F|  |TAMS 0x000000008e000000, 0x000000008e000000| Untracked 
| 179|0x000000008e100000, 0x000000008e100000, 0x000000008e200000|  0%| F|  |TAMS 0x000000008e100000, 0x000000008e100000| Untracked 
| 180|0x000000008e200000, 0x000000008e200000, 0x000000008e300000|  0%| F|  |TAMS 0x000000008e200000, 0x000000008e200000| Untracked 
| 181|0x000000008e300000, 0x000000008e300000, 0x000000008e400000|  0%| F|  |TAMS 0x000000008e300000, 0x000000008e300000| Untracked 
| 182|0x000000008e400000, 0x000000008e400000, 0x000000008e500000|  0%| F|  |TAMS 0x000000008e400000, 0x000000008e400000| Untracked 
| 183|0x000000008e500000, 0x000000008e500000, 0x000000008e600000|  0%| F|  |TAMS 0x000000008e500000, 0x000000008e500000| Untracked 
| 184|0x000000008e600000, 0x000000008e600000, 0x000000008e700000|  0%| F|  |TAMS 0x000000008e600000, 0x000000008e600000| Untracked 
| 185|0x000000008e700000, 0x000000008e700000, 0x000000008e800000|  0%| F|  |TAMS 0x000000008e700000, 0x000000008e700000| Untracked 
| 186|0x000000008e800000, 0x000000008e800000, 0x000000008e900000|  0%| F|  |TAMS 0x000000008e800000, 0x000000008e800000| Untracked 
| 187|0x000000008e900000, 0x000000008e900000, 0x000000008ea00000|  0%| F|  |TAMS 0x000000008e900000, 0x000000008e900000| Untracked 
| 188|0x000000008ea00000, 0x000000008ea00000, 0x000000008eb00000|  0%| F|  |TAMS 0x000000008ea00000, 0x000000008ea00000| Untracked 
| 189|0x000000008eb00000, 0x000000008eb00000, 0x000000008ec00000|  0%| F|  |TAMS 0x000000008eb00000, 0x000000008eb00000| Untracked 
| 190|0x000000008ec00000, 0x000000008ec00000, 0x000000008ed00000|  0%| F|  |TAMS 0x000000008ec00000, 0x000000008ec00000| Untracked 
| 191|0x000000008ed00000, 0x000000008ed00000, 0x000000008ee00000|  0%| F|  |TAMS 0x000000008ed00000, 0x000000008ed00000| Untracked 
| 192|0x000000008ee00000, 0x000000008ee00000, 0x000000008ef00000|  0%| F|  |TAMS 0x000000008ee00000, 0x000000008ee00000| Untracked 
| 193|0x000000008ef00000, 0x000000008ef00000, 0x000000008f000000|  0%| F|  |TAMS 0x000000008ef00000, 0x000000008ef00000| Untracked 
| 194|0x000000008f000000, 0x000000008f000000, 0x000000008f100000|  0%| F|  |TAMS 0x000000008f000000, 0x000000008f000000| Untracked 
| 195|0x000000008f100000, 0x000000008f100000, 0x000000008f200000|  0%| F|  |TAMS 0x000000008f100000, 0x000000008f100000| Untracked 
| 196|0x000000008f200000, 0x000000008f200000, 0x000000008f300000|  0%| F|  |TAMS 0x000000008f200000, 0x000000008f200000| Untracked 
| 197|0x000000008f300000, 0x000000008f300000, 0x000000008f400000|  0%| F|  |TAMS 0x000000008f300000, 0x000000008f300000| Untracked 
| 198|0x000000008f400000, 0x000000008f400000, 0x000000008f500000|  0%| F|  |TAMS 0x000000008f400000, 0x000000008f400000| Untracked 
| 199|0x000000008f500000, 0x000000008f500000, 0x000000008f600000|  0%| F|  |TAMS 0x000000008f500000, 0x000000008f500000| Untracked 
| 200|0x000000008f600000, 0x000000008f600000, 0x000000008f700000|  0%| F|  |TAMS 0x000000008f600000, 0x000000008f600000| Untracked 
| 201|0x000000008f700000, 0x000000008f700000, 0x000000008f800000|  0%| F|  |TAMS 0x000000008f700000, 0x000000008f700000| Untracked 
| 202|0x000000008f800000, 0x000000008f800000, 0x000000008f900000|  0%| F|  |TAMS 0x000000008f800000, 0x000000008f800000| Untracked 
| 203|0x000000008f900000, 0x000000008f900000, 0x000000008fa00000|  0%| F|  |TAMS 0x000000008f900000, 0x000000008f900000| Untracked 
| 204|0x000000008fa00000, 0x000000008fa00000, 0x000000008fb00000|  0%| F|  |TAMS 0x000000008fa00000, 0x000000008fa00000| Untracked 
| 205|0x000000008fb00000, 0x000000008fb00000, 0x000000008fc00000|  0%| F|  |TAMS 0x000000008fb00000, 0x000000008fb00000| Untracked 
| 206|0x000000008fc00000, 0x000000008fc00000, 0x000000008fd00000|  0%| F|  |TAMS 0x000000008fc00000, 0x000000008fc00000| Untracked 
| 207|0x000000008fd00000, 0x000000008fd00000, 0x000000008fe00000|  0%| F|  |TAMS 0x000000008fd00000, 0x000000008fd00000| Untracked 
| 208|0x000000008fe00000, 0x000000008fe00000, 0x000000008ff00000|  0%| F|  |TAMS 0x000000008fe00000, 0x000000008fe00000| Untracked 
| 209|0x000000008ff00000, 0x000000008ff00000, 0x0000000090000000|  0%| F|  |TAMS 0x000000008ff00000, 0x000000008ff00000| Untracked 
| 210|0x0000000090000000, 0x0000000090000000, 0x0000000090100000|  0%| F|  |TAMS 0x0000000090000000, 0x0000000090000000| Untracked 
| 211|0x0000000090100000, 0x0000000090100000, 0x0000000090200000|  0%| F|  |TAMS 0x0000000090100000, 0x0000000090100000| Untracked 
| 212|0x0000000090200000, 0x0000000090200000, 0x0000000090300000|  0%| F|  |TAMS 0x0000000090200000, 0x0000000090200000| Untracked 
| 213|0x0000000090300000, 0x0000000090300000, 0x0000000090400000|  0%| F|  |TAMS 0x0000000090300000, 0x0000000090300000| Untracked 
| 214|0x0000000090400000, 0x0000000090400000, 0x0000000090500000|  0%| F|  |TAMS 0x0000000090400000, 0x0000000090400000| Untracked 
| 215|0x0000000090500000, 0x0000000090500000, 0x0000000090600000|  0%| F|  |TAMS 0x0000000090500000, 0x0000000090500000| Untracked 
| 216|0x0000000090600000, 0x0000000090600000, 0x0000000090700000|  0%| F|  |TAMS 0x0000000090600000, 0x0000000090600000| Untracked 
| 217|0x0000000090700000, 0x0000000090700000, 0x0000000090800000|  0%| F|  |TAMS 0x0000000090700000, 0x0000000090700000| Untracked 
| 218|0x0000000090800000, 0x0000000090800000, 0x0000000090900000|  0%| F|  |TAMS 0x0000000090800000, 0x0000000090800000| Untracked 
| 219|0x0000000090900000, 0x0000000090900000, 0x0000000090a00000|  0%| F|  |TAMS 0x0000000090900000, 0x0000000090900000| Untracked 
| 220|0x0000000090a00000, 0x0000000090a00000, 0x0000000090b00000|  0%| F|  |TAMS 0x0000000090a00000, 0x0000000090a00000| Untracked 
| 221|0x0000000090b00000, 0x0000000090b00000, 0x0000000090c00000|  0%| F|  |TAMS 0x0000000090b00000, 0x0000000090b00000| Untracked 
| 222|0x0000000090c00000, 0x0000000090c00000, 0x0000000090d00000|  0%| F|  |TAMS 0x0000000090c00000, 0x0000000090c00000| Untracked 
| 223|0x0000000090d00000, 0x0000000090d00000, 0x0000000090e00000|  0%| F|  |TAMS 0x0000000090d00000, 0x0000000090d00000| Untracked 
| 224|0x0000000090e00000, 0x0000000090e00000, 0x0000000090f00000|  0%| F|  |TAMS 0x0000000090e00000, 0x0000000090e00000| Untracked 
| 225|0x0000000090f00000, 0x0000000090f00000, 0x0000000091000000|  0%| F|  |TAMS 0x0000000090f00000, 0x0000000090f00000| Untracked 
| 226|0x0000000091000000, 0x0000000091000000, 0x0000000091100000|  0%| F|  |TAMS 0x0000000091000000, 0x0000000091000000| Untracked 
| 227|0x0000000091100000, 0x0000000091100000, 0x0000000091200000|  0%| F|  |TAMS 0x0000000091100000, 0x0000000091100000| Untracked 
| 228|0x0000000091200000, 0x0000000091200000, 0x0000000091300000|  0%| F|  |TAMS 0x0000000091200000, 0x0000000091200000| Untracked 
| 229|0x0000000091300000, 0x0000000091300000, 0x0000000091400000|  0%| F|  |TAMS 0x0000000091300000, 0x0000000091300000| Untracked 
| 230|0x0000000091400000, 0x0000000091400000, 0x0000000091500000|  0%| F|  |TAMS 0x0000000091400000, 0x0000000091400000| Untracked 
| 231|0x0000000091500000, 0x0000000091500000, 0x0000000091600000|  0%| F|  |TAMS 0x0000000091500000, 0x0000000091500000| Untracked 
| 232|0x0000000091600000, 0x0000000091600000, 0x0000000091700000|  0%| F|  |TAMS 0x0000000091600000, 0x0000000091600000| Untracked 
| 233|0x0000000091700000, 0x0000000091700000, 0x0000000091800000|  0%| F|  |TAMS 0x0000000091700000, 0x0000000091700000| Untracked 
| 234|0x0000000091800000, 0x0000000091800000, 0x0000000091900000|  0%| F|  |TAMS 0x0000000091800000, 0x0000000091800000| Untracked 
| 235|0x0000000091900000, 0x0000000091900000, 0x0000000091a00000|  0%| F|  |TAMS 0x0000000091900000, 0x0000000091900000| Untracked 
| 236|0x0000000091a00000, 0x0000000091a00000, 0x0000000091b00000|  0%| F|  |TAMS 0x0000000091a00000, 0x0000000091a00000| Untracked 
| 237|0x0000000091b00000, 0x0000000091b00000, 0x0000000091c00000|  0%| F|  |TAMS 0x0000000091b00000, 0x0000000091b00000| Untracked 
| 238|0x0000000091c00000, 0x0000000091c00000, 0x0000000091d00000|  0%| F|  |TAMS 0x0000000091c00000, 0x0000000091c00000| Untracked 
| 239|0x0000000091d00000, 0x0000000091d00000, 0x0000000091e00000|  0%| F|  |TAMS 0x0000000091d00000, 0x0000000091d00000| Untracked 
| 240|0x0000000091e00000, 0x0000000091e00000, 0x0000000091f00000|  0%| F|  |TAMS 0x0000000091e00000, 0x0000000091e00000| Untracked 
| 241|0x0000000091f00000, 0x0000000091f00000, 0x0000000092000000|  0%| F|  |TAMS 0x0000000091f00000, 0x0000000091f00000| Untracked 
| 242|0x0000000092000000, 0x0000000092000000, 0x0000000092100000|  0%| F|  |TAMS 0x0000000092000000, 0x0000000092000000| Untracked 
| 243|0x0000000092100000, 0x0000000092100000, 0x0000000092200000|  0%| F|  |TAMS 0x0000000092100000, 0x0000000092100000| Untracked 
| 244|0x0000000092200000, 0x0000000092223670, 0x0000000092300000| 13%| S|CS|TAMS 0x0000000092200000, 0x0000000092200000| Complete 
| 245|0x0000000092300000, 0x0000000092300000, 0x0000000092400000|  0%| F|  |TAMS 0x0000000092300000, 0x0000000092300000| Untracked 
| 246|0x0000000092400000, 0x0000000092400000, 0x0000000092500000|  0%| F|  |TAMS 0x0000000092400000, 0x0000000092400000| Untracked 
| 247|0x0000000092500000, 0x0000000092500000, 0x0000000092600000|  0%| F|  |TAMS 0x0000000092500000, 0x0000000092500000| Untracked 
| 248|0x0000000092600000, 0x0000000092600000, 0x0000000092700000|  0%| F|  |TAMS 0x0000000092600000, 0x0000000092600000| Untracked 
| 249|0x0000000092700000, 0x0000000092772858, 0x0000000092800000| 44%| E|  |TAMS 0x0000000092700000, 0x0000000092700000| Complete 
| 250|0x0000000092800000, 0x0000000092900000, 0x0000000092900000|100%| E|CS|TAMS 0x0000000092800000, 0x0000000092800000| Complete 
| 251|0x0000000092900000, 0x0000000092a00000, 0x0000000092a00000|100%| E|CS|TAMS 0x0000000092900000, 0x0000000092900000| Complete 
| 252|0x0000000092a00000, 0x0000000092b00000, 0x0000000092b00000|100%| E|CS|TAMS 0x0000000092a00000, 0x0000000092a00000| Complete 
| 253|0x0000000092b00000, 0x0000000092c00000, 0x0000000092c00000|100%| E|CS|TAMS 0x0000000092b00000, 0x0000000092b00000| Complete 

Card table byte_map: [0x000001db20e80000,0x000001db21270000] _byte_map_base: 0x000001db20a69000

Marking Bits (Prev, Next): (CMBitMap*) 0x000001db07f75a90, (CMBitMap*) 0x000001db07f75a50
 Prev Bits: [0x000001db235b0000, 0x000001db254f8000)
 Next Bits: [0x000001db21660000, 0x000001db235a8000)

Polling page: 0x000001db07fe0000

Metaspace:

Usage:
  Non-class:     20.32 MB used.
      Class:      2.40 MB used.
       Both:     22.72 MB used.

Virtual space:
  Non-class space:       64.00 MB reserved,      20.44 MB ( 32%) committed,  1 nodes.
      Class space:        1.00 GB reserved,       2.50 MB ( <1%) committed,  1 nodes.
             Both:        1.06 GB reserved,      22.94 MB (  2%) committed. 

Chunk freelists:
   Non-Class:  3.00 MB
       Class:  1.50 MB
        Both:  4.50 MB

MaxMetaspaceSize: unlimited
CompressedClassSpaceSize: 1.00 GB
Initial GC threshold: 21.00 MB
Current GC threshold: 37.94 MB
CDS: on
MetaspaceReclaimPolicy: balanced
 - commit_granule_bytes: 65536.
 - commit_granule_words: 8192.
 - virtual_space_node_default_size: 8388608.
 - enlarge_chunks_in_place: 1.
 - new_chunks_are_fully_committed: 0.
 - uncommit_free_chunks: 1.
 - use_allocation_guard: 0.


Internal statistics:

num_allocs_failed_limit: 3.
num_arena_births: 256.
num_arena_deaths: 0.
num_vsnodes_births: 2.
num_vsnodes_deaths: 0.
num_space_committed: 367.
num_space_uncommitted: 0.
num_chunks_returned_to_freelist: 3.
num_chunks_taken_from_freelist: 521.
num_chunk_merges: 3.
num_chunk_splits: 312.
num_chunks_enlarged: 155.
num_inconsistent_stats: 0.

CodeHeap 'non-profiled nmethods': size=120000Kb used=2750Kb max_used=2750Kb free=117249Kb
 bounds [0x000001db18b00000, 0x000001db18db0000, 0x000001db20030000]
CodeHeap 'profiled nmethods': size=120000Kb used=9388Kb max_used=9388Kb free=110611Kb
 bounds [0x000001db115d0000, 0x000001db11f00000, 0x000001db18b00000]
CodeHeap 'non-nmethods': size=5760Kb used=1418Kb max_used=1497Kb free=4341Kb
 bounds [0x000001db11030000, 0x000001db112a0000, 0x000001db115d0000]
 total_blobs=5496 nmethods=4735 adapters=673
 compilation: enabled
              stopped_count=0, restarted_count=0
 full_count=0

Compilation events (20 events):
Event: 138.523 Thread 0x000001db27f72bd0 4743       3       java.awt.GradientPaint::<init> (63 bytes)
Event: 138.524 Thread 0x000001db27f72bd0 nmethod 4743 0x000001db11ef6010 code [0x000001db11ef6200, 0x000001db11ef6928]
Event: 138.524 Thread 0x000001db27f72bd0 4746       3       sun.java2d.marlin.Stroker::drawJoin (156 bytes)
Event: 138.526 Thread 0x000001db27f72bd0 nmethod 4746 0x000001db11ef6b90 code [0x000001db11ef6d80, 0x000001db11ef7368]
Event: 138.526 Thread 0x000001db27f72bd0 4744       3       sun.java2d.pipe.PixelToShapeConverter::fillRect (24 bytes)
Event: 138.527 Thread 0x000001db27f72bd0 nmethod 4744 0x000001db11ef7590 code [0x000001db11ef7760, 0x000001db11ef7b48]
Event: 138.527 Thread 0x000001db27f72bd0 4745   !   3       sun.java2d.pipe.SpanShapeRenderer::fill (90 bytes)
Event: 138.527 Thread 0x000001db27f721f0 nmethod 4738% 0x000001db18daf110 code [0x000001db18daf2a0, 0x000001db18daf458]
Event: 138.527 Thread 0x000001db27f721f0 4742 %     4       sun.java2d.marlin.Renderer::_endRendering @ 1927 (2480 bytes)
Event: 138.529 Thread 0x000001db27f72bd0 nmethod 4745 0x000001db11ef7d10 code [0x000001db11ef7fa0, 0x000001db11ef8c78]
Event: 138.529 Thread 0x000001db27f72bd0 4748       3       java.util.AbstractList::equals (117 bytes)
Event: 138.530 Thread 0x000001db27f72bd0 nmethod 4748 0x000001db11ef9110 code [0x000001db11ef9380, 0x000001db11efa108]
Event: 138.530 Thread 0x000001db27f72bd0 4749       1       sun.awt.image.BufImgSurfaceManager::getPrimarySurfaceData (5 bytes)
Event: 138.531 Thread 0x000001db27f72bd0 nmethod 4749 0x000001db18daf590 code [0x000001db18daf720, 0x000001db18daf7f8]
Event: 138.534 Thread 0x000001db27f72bd0 4750       3       sun.java2d.Disposer::addRecord (17 bytes)
Event: 138.534 Thread 0x000001db27f72bd0 nmethod 4750 0x000001db11efa390 code [0x000001db11efa540, 0x000001db11efa7c8]
Event: 138.534 Thread 0x000001db27f72bd0 4751       3       sun.java2d.DefaultDisposerRecord::<init> (15 bytes)
Event: 138.535 Thread 0x000001db27f72bd0 nmethod 4751 0x000001db11efa910 code [0x000001db11efaaa0, 0x000001db11efac18]
Event: 138.535 Thread 0x000001db27f72bd0 4752       3       sun.java2d.SurfaceData::<init> (36 bytes)
Event: 138.535 Thread 0x000001db27f72bd0 nmethod 4752 0x000001db11efad10 code [0x000001db11efaec0, 0x000001db11efb258]

GC Heap History (20 events):
Event: 52.076 GC heap before
{Heap before GC invocations=17 (full 0):
 garbage-first heap   total 227328K, used 159254K [0x0000000082e00000, 0x0000000100000000)
  region size 1024K, 28 young (28672K), 2 survivors (2048K)
 Metaspace       used 23136K, committed 23360K, reserved 1114112K
  class space    used 2455K, committed 2560K, reserved 1048576K
}
Event: 52.079 GC heap after
{Heap after GC invocations=18 (full 0):
 garbage-first heap   total 227328K, used 131605K [0x0000000082e00000, 0x0000000100000000)
  region size 1024K, 2 young (2048K), 2 survivors (2048K)
 Metaspace       used 23136K, committed 23360K, reserved 1114112K
  class space    used 2455K, committed 2560K, reserved 1048576K
}
Event: 62.579 GC heap before
{Heap before GC invocations=19 (full 0):
 garbage-first heap   total 232448K, used 160277K [0x0000000082e00000, 0x0000000100000000)
  region size 1024K, 25 young (25600K), 2 survivors (2048K)
 Metaspace       used 23146K, committed 23360K, reserved 1114112K
  class space    used 2455K, committed 2560K, reserved 1048576K
}
Event: 62.583 GC heap after
{Heap after GC invocations=20 (full 0):
 garbage-first heap   total 232448K, used 134681K [0x0000000082e00000, 0x0000000100000000)
  region size 1024K, 2 young (2048K), 2 survivors (2048K)
 Metaspace       used 23146K, committed 23360K, reserved 1114112K
  class space    used 2455K, committed 2560K, reserved 1048576K
}
Event: 62.778 GC heap before
{Heap before GC invocations=21 (full 0):
 garbage-first heap   total 247808K, used 159257K [0x0000000082e00000, 0x0000000100000000)
  region size 1024K, 15 young (15360K), 2 survivors (2048K)
 Metaspace       used 23146K, committed 23360K, reserved 1114112K
  class space    used 2455K, committed 2560K, reserved 1048576K
}
Event: 62.781 GC heap after
{Heap after GC invocations=22 (full 0):
 garbage-first heap   total 247808K, used 143912K [0x0000000082e00000, 0x0000000100000000)
  region size 1024K, 2 young (2048K), 2 survivors (2048K)
 Metaspace       used 23146K, committed 23360K, reserved 1114112K
  class space    used 2455K, committed 2560K, reserved 1048576K
}
Event: 73.304 GC heap before
{Heap before GC invocations=23 (full 0):
 garbage-first heap   total 252928K, used 170536K [0x0000000082e00000, 0x0000000100000000)
  region size 1024K, 23 young (23552K), 2 survivors (2048K)
 Metaspace       used 23155K, committed 23360K, reserved 1114112K
  class space    used 2455K, committed 2560K, reserved 1048576K
}
Event: 73.308 GC heap after
{Heap after GC invocations=24 (full 0):
 garbage-first heap   total 252928K, used 147030K [0x0000000082e00000, 0x0000000100000000)
  region size 1024K, 2 young (2048K), 2 survivors (2048K)
 Metaspace       used 23155K, committed 23360K, reserved 1114112K
  class space    used 2455K, committed 2560K, reserved 1048576K
}
Event: 83.976 GC heap before
{Heap before GC invocations=25 (full 0):
 garbage-first heap   total 258048K, used 175702K [0x0000000082e00000, 0x0000000100000000)
  region size 1024K, 25 young (25600K), 2 survivors (2048K)
 Metaspace       used 23173K, committed 23360K, reserved 1114112K
  class space    used 2455K, committed 2560K, reserved 1048576K
}
Event: 83.979 GC heap after
{Heap after GC invocations=26 (full 0):
 garbage-first heap   total 258048K, used 147145K [0x0000000082e00000, 0x0000000100000000)
  region size 1024K, 2 young (2048K), 2 survivors (2048K)
 Metaspace       used 23173K, committed 23360K, reserved 1114112K
  class space    used 2455K, committed 2560K, reserved 1048576K
}
Event: 94.688 GC heap before
{Heap before GC invocations=27 (full 0):
 garbage-first heap   total 258048K, used 159433K [0x0000000082e00000, 0x0000000100000000)
  region size 1024K, 9 young (9216K), 2 survivors (2048K)
 Metaspace       used 23198K, committed 23424K, reserved 1114112K
  class space    used 2455K, committed 2560K, reserved 1048576K
}
Event: 94.691 GC heap after
{Heap after GC invocations=28 (full 0):
 garbage-first heap   total 258048K, used 147001K [0x0000000082e00000, 0x0000000100000000)
  region size 1024K, 2 young (2048K), 2 survivors (2048K)
 Metaspace       used 23198K, committed 23424K, reserved 1114112K
  class space    used 2455K, committed 2560K, reserved 1048576K
}
Event: 105.162 GC heap before
{Heap before GC invocations=29 (full 0):
 garbage-first heap   total 258048K, used 160313K [0x0000000082e00000, 0x0000000100000000)
  region size 1024K, 10 young (10240K), 2 survivors (2048K)
 Metaspace       used 23203K, committed 23424K, reserved 1114112K
  class space    used 2455K, committed 2560K, reserved 1048576K
}
Event: 105.166 GC heap after
{Heap after GC invocations=30 (full 0):
 garbage-first heap   total 258048K, used 147015K [0x0000000082e00000, 0x0000000100000000)
  region size 1024K, 2 young (2048K), 2 survivors (2048K)
 Metaspace       used 23203K, committed 23424K, reserved 1114112K
  class space    used 2455K, committed 2560K, reserved 1048576K
}
Event: 115.828 GC heap before
{Heap before GC invocations=31 (full 0):
 garbage-first heap   total 258048K, used 159303K [0x0000000082e00000, 0x0000000100000000)
  region size 1024K, 9 young (9216K), 2 survivors (2048K)
 Metaspace       used 23207K, committed 23424K, reserved 1114112K
  class space    used 2455K, committed 2560K, reserved 1048576K
}
Event: 115.832 GC heap after
{Heap after GC invocations=32 (full 0):
 garbage-first heap   total 258048K, used 146993K [0x0000000082e00000, 0x0000000100000000)
  region size 1024K, 2 young (2048K), 2 survivors (2048K)
 Metaspace       used 23207K, committed 23424K, reserved 1114112K
  class space    used 2455K, committed 2560K, reserved 1048576K
}
Event: 126.857 GC heap before
{Heap before GC invocations=33 (full 0):
 garbage-first heap   total 260096K, used 159281K [0x0000000082e00000, 0x0000000100000000)
  region size 1024K, 9 young (9216K), 2 survivors (2048K)
 Metaspace       used 23214K, committed 23424K, reserved 1114112K
  class space    used 2455K, committed 2560K, reserved 1048576K
}
Event: 126.862 GC heap after
{Heap after GC invocations=34 (full 0):
 garbage-first heap   total 260096K, used 147281K [0x0000000082e00000, 0x0000000100000000)
  region size 1024K, 1 young (1024K), 1 survivors (1024K)
 Metaspace       used 23214K, committed 23424K, reserved 1114112K
  class space    used 2455K, committed 2560K, reserved 1048576K
}
Event: 137.669 GC heap before
{Heap before GC invocations=35 (full 0):
 garbage-first heap   total 260096K, used 160593K [0x0000000082e00000, 0x0000000100000000)
  region size 1024K, 9 young (9216K), 1 survivors (1024K)
 Metaspace       used 23224K, committed 23424K, reserved 1114112K
  class space    used 2455K, committed 2560K, reserved 1048576K
}
Event: 137.672 GC heap after
{Heap after GC invocations=36 (full 0):
 garbage-first heap   total 260096K, used 147233K [0x0000000082e00000, 0x0000000100000000)
  region size 1024K, 1 young (1024K), 1 survivors (1024K)
 Metaspace       used 23224K, committed 23424K, reserved 1114112K
  class space    used 2455K, committed 2560K, reserved 1048576K
}

Deoptimization events (20 events):
Event: 52.576 Thread 0x000001db2c718ab0 DEOPT PACKING pc=0x000001db11d1f580 sp=0x000000d0892fc390
Event: 52.576 Thread 0x000001db2c718ab0 DEOPT UNPACKING pc=0x000001db11082b43 sp=0x000000d0892fb800 mode 0
Event: 62.782 Thread 0x000001db2d819980 Uncommon trap: trap_request=0xffffffbe fr.pc=0x000001db18d3a304 relative=0x0000000000004144
Event: 62.782 Thread 0x000001db2d819980 Uncommon trap: reason=profile_predicate action=maybe_recompile pc=0x000001db18d3a304 method=sun.awt.image.ImageRepresentation.convertToRGB()V @ 154 c2
Event: 62.782 Thread 0x000001db2d819980 DEOPT PACKING pc=0x000001db18d3a304 sp=0x000000d0879fe0c0
Event: 62.782 Thread 0x000001db2d819980 DEOPT UNPACKING pc=0x000001db110823a3 sp=0x000000d0879fe0a8 mode 2
Event: 73.309 Thread 0x000001db2d819980 Uncommon trap: trap_request=0xffffffbe fr.pc=0x000001db18d3a304 relative=0x0000000000004144
Event: 73.309 Thread 0x000001db2d819980 Uncommon trap: reason=profile_predicate action=maybe_recompile pc=0x000001db18d3a304 method=sun.awt.image.ImageRepresentation.convertToRGB()V @ 154 c2
Event: 73.309 Thread 0x000001db2d819980 DEOPT PACKING pc=0x000001db18d3a304 sp=0x000000d0879fe580
Event: 73.309 Thread 0x000001db2d819980 DEOPT UNPACKING pc=0x000001db110823a3 sp=0x000000d0879fe568 mode 2
Event: 83.980 Thread 0x000001db2d81a320 Uncommon trap: trap_request=0xffffffbe fr.pc=0x000001db18d3a304 relative=0x0000000000004144
Event: 83.980 Thread 0x000001db2d81a320 Uncommon trap: reason=profile_predicate action=maybe_recompile pc=0x000001db18d3a304 method=sun.awt.image.ImageRepresentation.convertToRGB()V @ 154 c2
Event: 83.980 Thread 0x000001db2d81a320 DEOPT PACKING pc=0x000001db18d3a304 sp=0x000000d0879fe550
Event: 83.980 Thread 0x000001db2d81a320 DEOPT UNPACKING pc=0x000001db110823a3 sp=0x000000d0879fe538 mode 2
Event: 105.836 Thread 0x000001db2c718ab0 DEOPT PACKING pc=0x000001db11e86e12 sp=0x000000d0892fbe60
Event: 105.836 Thread 0x000001db2c718ab0 DEOPT UNPACKING pc=0x000001db11082b43 sp=0x000000d0892fb348 mode 0
Event: 137.025 Thread 0x000001db2c718ab0 Uncommon trap: trap_request=0xffffffde fr.pc=0x000001db18d6f460 relative=0x0000000000000100
Event: 137.025 Thread 0x000001db2c718ab0 Uncommon trap: reason=class_check action=maybe_recompile pc=0x000001db18d6f460 method=sun.java2d.SunGraphics2D.drawLine(IIII)V @ 10 c2
Event: 137.025 Thread 0x000001db2c718ab0 DEOPT PACKING pc=0x000001db18d6f460 sp=0x000000d0892fdc40
Event: 137.025 Thread 0x000001db2c718ab0 DEOPT UNPACKING pc=0x000001db110823a3 sp=0x000000d0892fdbf0 mode 2

Classes loaded (20 events):
Event: 14.584 Loading class sun/java2d/marlin/Helpers
Event: 14.584 Loading class sun/java2d/marlin/Helpers done
Event: 14.585 Loading class java/lang/FdLibm$Cbrt
Event: 14.585 Loading class java/lang/FdLibm$Cbrt done
Event: 14.585 Loading class java/lang/FdLibm
Event: 14.585 Loading class java/lang/FdLibm done
Event: 14.586 Loading class sun/java2d/marlin/ArrayCacheConst
Event: 14.586 Loading class sun/java2d/marlin/ArrayCacheConst done
Event: 14.629 Loading class sun/java2d/pipe/ShapeSpanIterator
Event: 14.629 Loading class sun/java2d/pipe/SpanIterator
Event: 14.629 Loading class sun/java2d/pipe/SpanIterator done
Event: 14.629 Loading class sun/awt/geom/PathConsumer2D
Event: 14.630 Loading class sun/awt/geom/PathConsumer2D done
Event: 14.630 Loading class sun/java2d/pipe/ShapeSpanIterator done
Event: 14.630 Loading class java/awt/geom/Path2D$Float$TxIterator
Event: 14.630 Loading class java/awt/geom/Path2D$Iterator
Event: 14.631 Loading class java/awt/geom/Path2D$Iterator done
Event: 14.631 Loading class java/awt/geom/Path2D$Float$TxIterator done
Event: 32.311 Loading class javax/swing/JTable$3
Event: 32.311 Loading class javax/swing/JTable$3 done

Classes unloaded (0 events):
No events

Classes redefined (0 events):
No events

Internal exceptions (20 events):
Event: 4.926 Thread 0x000001db2c718ab0 Exception <a 'java/lang/NoSuchMethodError'{0x00000000897befb8}: 'void java.lang.invoke.DirectMethodHandle$Holder.invokeStatic(java.lang.Object, java.lang.Object)'> (0x00000000897befb8) 
thrown [s\open\src\hotspot\share\interpreter\linkResolver.cpp, line 759]
Event: 4.955 Thread 0x000001db2c718ab0 Exception <a 'java/lang/NoSuchMethodError'{0x00000000897d8490}: 'java.lang.Object java.lang.invoke.DirectMethodHandle$Holder.invokeStaticInit(java.lang.Object, int, int, int, int)'> (0x00000000897d8490) 
thrown [s\open\src\hotspot\share\interpreter\linkResolver.cpp, line 759]
Event: 5.116 Thread 0x000001db2c718ab0 Exception <a 'java/lang/NoSuchMethodError'{0x000000008968bf28}: 'java.lang.Object java.lang.invoke.DirectMethodHandle$Holder.invokeStaticInit(java.lang.Object, java.lang.Object, int, int, int, int)'> (0x000000008968bf28) 
thrown [s\open\src\hotspot\share\interpreter\linkResolver.cpp, line 759]
Event: 5.180 Thread 0x000001db2c718ab0 Exception <a 'sun/nio/fs/WindowsException'{0x0000000089505100}> (0x0000000089505100) 
thrown [s\open\src\hotspot\share\prims\jni.cpp, line 516]
Event: 7.935 Thread 0x000001db2d34c010 Implicit null exception at 0x000001db18bd0906 to 0x000001db18bd0a6c
Event: 11.093 Thread 0x000001db2c718ab0 Implicit null exception at 0x000001db11adc5bf to 0x000001db11adf17a
Event: 11.093 Thread 0x000001db2c718ab0 Exception <a 'java/lang/NullPointerException'{0x00000000895ec630}> (0x00000000895ec630) 
thrown [s\open\src\hotspot\share\runtime\sharedRuntime.cpp, line 625]
Event: 11.117 Thread 0x000001db2c718ab0 Implicit null exception at 0x000001db11adc5bf to 0x000001db11adf17a
Event: 11.117 Thread 0x000001db2c718ab0 Exception <a 'java/lang/NullPointerException'{0x00000000895f4fa0}> (0x00000000895f4fa0) 
thrown [s\open\src\hotspot\share\runtime\sharedRuntime.cpp, line 625]
Event: 11.258 Thread 0x000001db2c718ab0 Implicit null exception at 0x000001db11adc5bf to 0x000001db11adf17a
Event: 11.258 Thread 0x000001db2c718ab0 Exception <a 'java/lang/NullPointerException'{0x000000008aa2fda0}> (0x000000008aa2fda0) 
thrown [s\open\src\hotspot\share\runtime\sharedRuntime.cpp, line 625]
Event: 11.262 Thread 0x000001db2c718ab0 Implicit null exception at 0x000001db11adc5bf to 0x000001db11adf17a
Event: 11.262 Thread 0x000001db2c718ab0 Exception <a 'java/lang/NullPointerException'{0x000000008aa35980}> (0x000000008aa35980) 
thrown [s\open\src\hotspot\share\runtime\sharedRuntime.cpp, line 625]
Event: 11.416 Thread 0x000001db2c718ab0 Implicit null exception at 0x000001db11adc5bf to 0x000001db11adf17a
Event: 11.416 Thread 0x000001db2c718ab0 Exception <a 'java/lang/NullPointerException'{0x000000008a9b3d58}> (0x000000008a9b3d58) 
thrown [s\open\src\hotspot\share\runtime\sharedRuntime.cpp, line 625]
Event: 11.520 Thread 0x000001db2c718ab0 Implicit null exception at 0x000001db11adc5bf to 0x000001db11adf17a
Event: 11.520 Thread 0x000001db2c718ab0 Exception <a 'java/lang/NullPointerException'{0x000000008a808f78}> (0x000000008a808f78) 
thrown [s\open\src\hotspot\share\runtime\sharedRuntime.cpp, line 625]
Event: 11.631 Thread 0x000001db2c718ab0 Implicit null exception at 0x000001db11adc5bf to 0x000001db11adf17a
Event: 11.632 Thread 0x000001db2c718ab0 Exception <a 'java/lang/NullPointerException'{0x000000008a72dc48}> (0x000000008a72dc48) 
thrown [s\open\src\hotspot\share\runtime\sharedRuntime.cpp, line 625]
Event: 11.669 Thread 0x000001db2d34c010 Implicit null exception at 0x000001db18c34500 to 0x000001db18c34adc

VM Operations (20 events):
Event: 115.828 Executing VM operation: G1TryInitiateConcMark
Event: 115.832 Executing VM operation: G1TryInitiateConcMark done
Event: 115.860 Executing VM operation: G1Concurrent
Event: 115.866 Executing VM operation: G1Concurrent done
Event: 115.881 Executing VM operation: G1Concurrent
Event: 115.882 Executing VM operation: G1Concurrent done
Event: 126.856 Executing VM operation: G1TryInitiateConcMark
Event: 126.862 Executing VM operation: G1TryInitiateConcMark done
Event: 126.893 Executing VM operation: G1Concurrent
Event: 126.900 Executing VM operation: G1Concurrent done
Event: 126.917 Executing VM operation: G1Concurrent
Event: 126.917 Executing VM operation: G1Concurrent done
Event: 127.919 Executing VM operation: Cleanup
Event: 127.919 Executing VM operation: Cleanup done
Event: 137.669 Executing VM operation: G1TryInitiateConcMark
Event: 137.672 Executing VM operation: G1TryInitiateConcMark done
Event: 137.706 Executing VM operation: G1Concurrent
Event: 137.712 Executing VM operation: G1Concurrent done
Event: 137.729 Executing VM operation: G1Concurrent
Event: 137.730 Executing VM operation: G1Concurrent done

Events (20 events):
Event: 52.074 Thread 0x000001db2d819980 Thread added: 0x000001db2d819980
Event: 57.074 Thread 0x000001db2d819980 Thread exited: 0x000001db2d819980
Event: 57.542 Thread 0x000001db2d818fe0 Thread exited: 0x000001db2d818fe0
Event: 62.556 Thread 0x000001db2d819980 Thread added: 0x000001db2d819980
Event: 62.749 Thread 0x000001db2d81b660 Thread added: 0x000001db2d81b660
Event: 67.750 Thread 0x000001db2d81b660 Thread exited: 0x000001db2d81b660
Event: 68.299 Thread 0x000001db2d819980 Thread exited: 0x000001db2d819980
Event: 73.300 Thread 0x000001db2d819980 Thread added: 0x000001db2d819980
Event: 78.972 Thread 0x000001db2d819980 Thread exited: 0x000001db2d819980
Event: 83.973 Thread 0x000001db2d81a320 Thread added: 0x000001db2d81a320
Event: 89.652 Thread 0x000001db2d81a320 Thread exited: 0x000001db2d81a320
Event: 94.651 Thread 0x000001db2d819980 Thread added: 0x000001db2d819980
Event: 100.160 Thread 0x000001db2d819980 Thread exited: 0x000001db2d819980
Event: 105.159 Thread 0x000001db2d818fe0 Thread added: 0x000001db2d818fe0
Event: 110.819 Thread 0x000001db2d818fe0 Thread exited: 0x000001db2d818fe0
Event: 115.823 Thread 0x000001db2d819e50 Thread added: 0x000001db2d819e50
Event: 121.813 Thread 0x000001db2d819e50 Thread exited: 0x000001db2d819e50
Event: 126.817 Thread 0x000001db2d819980 Thread added: 0x000001db2d819980
Event: 132.667 Thread 0x000001db2d819980 Thread exited: 0x000001db2d819980
Event: 137.664 Thread 0x000001db2d81b660 Thread added: 0x000001db2d81b660


Dynamic libraries:
0x00007ff76c480000 - 0x00007ff76c490000 	C:\Program Files\Java\jdk-18.0.2.1\bin\java.exe
0x00007ff8a86e0000 - 0x00007ff8a88e9000 	C:\WINDOWS\SYSTEM32\ntdll.dll
0x00007ff8a7610000 - 0x00007ff8a76cd000 	C:\WINDOWS\System32\KERNEL32.DLL
0x00007ff8a5ef0000 - 0x00007ff8a626c000 	C:\WINDOWS\System32\KERNELBASE.dll
0x00007ff8a5c40000 - 0x00007ff8a5d51000 	C:\WINDOWS\System32\ucrtbase.dll
0x00007ff88c930000 - 0x00007ff88c94a000 	C:\Program Files\Java\jdk-18.0.2.1\bin\VCRUNTIME140.dll
0x00007ff890d10000 - 0x00007ff890d28000 	C:\Program Files\Java\jdk-18.0.2.1\bin\jli.dll
0x00007ff8a6780000 - 0x00007ff8a682e000 	C:\WINDOWS\System32\ADVAPI32.dll
0x00007ff8a6830000 - 0x00007ff8a68d3000 	C:\WINDOWS\System32\msvcrt.dll
0x00007ff8a73c0000 - 0x00007ff8a745e000 	C:\WINDOWS\System32\sechost.dll
0x00007ff8a8500000 - 0x00007ff8a8620000 	C:\WINDOWS\System32\RPCRT4.dll
0x00007ff8a7460000 - 0x00007ff8a760d000 	C:\WINDOWS\System32\USER32.dll
0x00007ff8a63d0000 - 0x00007ff8a63f6000 	C:\WINDOWS\System32\win32u.dll
0x00007ff88ab80000 - 0x00007ff88ae25000 	C:\WINDOWS\WinSxS\amd64_microsoft.windows.common-controls_6595b64144ccf1df_6.0.22000.120_none_9d947278b86cc467\COMCTL32.dll
0x00007ff8a7390000 - 0x00007ff8a73b9000 	C:\WINDOWS\System32\GDI32.dll
0x00007ff8a5d60000 - 0x00007ff8a5e78000 	C:\WINDOWS\System32\gdi32full.dll
0x00007ff8a6330000 - 0x00007ff8a63cd000 	C:\WINDOWS\System32\msvcp_win.dll
0x00007ff8922b0000 - 0x00007ff8922ba000 	C:\WINDOWS\SYSTEM32\VERSION.dll
0x00007ff8a84c0000 - 0x00007ff8a84f1000 	C:\WINDOWS\System32\IMM32.DLL
0x00007ff8911e0000 - 0x00007ff8911ec000 	C:\Program Files\Java\jdk-18.0.2.1\bin\vcruntime140_1.dll
0x00007ff85e020000 - 0x00007ff85e0ad000 	C:\Program Files\Java\jdk-18.0.2.1\bin\msvcp140.dll
0x00007ff834380000 - 0x00007ff834f91000 	C:\Program Files\Java\jdk-18.0.2.1\bin\server\jvm.dll
0x00007ff8a81a0000 - 0x00007ff8a81a8000 	C:\WINDOWS\System32\PSAPI.DLL
0x00007ff873c00000 - 0x00007ff873c09000 	C:\WINDOWS\SYSTEM32\WSOCK32.dll
0x00007ff8a6e10000 - 0x00007ff8a6e7f000 	C:\WINDOWS\System32\WS2_32.dll
0x00007ff89bf20000 - 0x00007ff89bf53000 	C:\WINDOWS\SYSTEM32\WINMM.dll
0x00007ff8a4ce0000 - 0x00007ff8a4cf8000 	C:\WINDOWS\SYSTEM32\kernel.appcore.dll
0x00007ff890f70000 - 0x00007ff890f7a000 	C:\Program Files\Java\jdk-18.0.2.1\bin\jimage.dll
0x00007ff8a35a0000 - 0x00007ff8a37c1000 	C:\WINDOWS\SYSTEM32\DBGHELP.DLL
0x00007ff87a990000 - 0x00007ff87a9c1000 	C:\WINDOWS\SYSTEM32\dbgcore.DLL
0x00007ff8a5bc0000 - 0x00007ff8a5c3f000 	C:\WINDOWS\System32\bcryptPrimitives.dll
0x00007ff85cfe0000 - 0x00007ff85d005000 	C:\Program Files\Java\jdk-18.0.2.1\bin\java.dll
0x00007ff8532f0000 - 0x00007ff8533c6000 	C:\Program Files\Java\jdk-18.0.2.1\bin\jsvml.dll
0x00007ff8a7910000 - 0x00007ff8a80c8000 	C:\WINDOWS\System32\SHELL32.dll
0x00007ff8a4270000 - 0x00007ff8a4ad8000 	C:\WINDOWS\SYSTEM32\windows.storage.dll
0x00007ff8a6950000 - 0x00007ff8a6cc9000 	C:\WINDOWS\System32\combase.dll
0x00007ff8a4100000 - 0x00007ff8a4266000 	C:\WINDOWS\SYSTEM32\wintypes.dll
0x00007ff8a6690000 - 0x00007ff8a677a000 	C:\WINDOWS\System32\SHCORE.dll
0x00007ff8a6db0000 - 0x00007ff8a6e0d000 	C:\WINDOWS\System32\shlwapi.dll
0x00007ff8a5af0000 - 0x00007ff8a5b11000 	C:\WINDOWS\SYSTEM32\profapi.dll
0x00007ff88ab20000 - 0x00007ff88ab33000 	C:\Program Files\Java\jdk-18.0.2.1\bin\net.dll
0x00007ff89f190000 - 0x00007ff89f29c000 	C:\WINDOWS\SYSTEM32\WINHTTP.dll
0x00007ff8a5100000 - 0x00007ff8a5167000 	C:\WINDOWS\system32\mswsock.dll
0x00007ff88a530000 - 0x00007ff88a546000 	C:\Program Files\Java\jdk-18.0.2.1\bin\nio.dll
0x00007ff865330000 - 0x00007ff865348000 	C:\Program Files\Java\jdk-18.0.2.1\bin\zip.dll
0x00007ff83e5c0000 - 0x00007ff83e74f000 	C:\Program Files\Java\jdk-18.0.2.1\bin\awt.dll
0x00007ff8a6cd0000 - 0x00007ff8a6da6000 	C:\WINDOWS\System32\OLEAUT32.dll
0x00007ff89ece0000 - 0x00007ff89ed71000 	C:\WINDOWS\SYSTEM32\apphelp.dll
0x00007ff89edf0000 - 0x00007ff89ee9c000 	C:\WINDOWS\system32\uxtheme.dll
0x00007ff8a6570000 - 0x00007ff8a668e000 	C:\WINDOWS\System32\MSCTF.dll
0x00007ff8a81b0000 - 0x00007ff8a834a000 	C:\WINDOWS\System32\ole32.dll
0x00007ff8a2df0000 - 0x00007ff8a2e1f000 	C:\WINDOWS\system32\DWMAPI.DLL
0x00007ff854680000 - 0x00007ff854781000 	C:\WINDOWS\system32\opengl32.dll
0x00007ff858310000 - 0x00007ff85833d000 	C:\WINDOWS\SYSTEM32\GLU32.dll
0x00007ff8a2b50000 - 0x00007ff8a2b88000 	C:\WINDOWS\SYSTEM32\dxcore.dll
0x00007ff853260000 - 0x00007ff8532e6000 	C:\Program Files\Java\jdk-18.0.2.1\bin\freetype.dll
0x00007ff852100000 - 0x00007ff8521a8000 	C:\Program Files\Java\jdk-18.0.2.1\bin\fontmanager.dll
0x00007ff8a80e0000 - 0x00007ff8a818f000 	C:\WINDOWS\System32\clbcatq.dll
0x00007ff898370000 - 0x00007ff89851e000 	C:\WINDOWS\SYSTEM32\WindowsCodecs.dll
0x00007ff85eba0000 - 0x00007ff85ebfd000 	C:\WINDOWS\system32\dataexchange.dll
0x00007ff897c80000 - 0x00007ff897ee6000 	C:\WINDOWS\system32\twinapi.appcore.dll
0x00007ff88d0d0000 - 0x00007ff88d1fd000 	C:\WINDOWS\SYSTEM32\textinputframework.dll
0x00007ff89e9f0000 - 0x00007ff89eb22000 	C:\WINDOWS\SYSTEM32\CoreMessaging.dll
0x00007ff8995f0000 - 0x00007ff89995d000 	C:\WINDOWS\SYSTEM32\CoreUIComponents.dll
0x00007ff8a52f0000 - 0x00007ff8a52fc000 	C:\WINDOWS\SYSTEM32\CRYPTBASE.DLL
0x00007ff87b160000 - 0x00007ff87b177000 	C:\WINDOWS\system32\napinsp.dll
0x00007ff87b130000 - 0x00007ff87b14b000 	C:\WINDOWS\system32\pnrpnsp.dll
0x00007ff8a3e40000 - 0x00007ff8a3f28000 	C:\WINDOWS\SYSTEM32\DNSAPI.dll
0x00007ff8a3e10000 - 0x00007ff8a3e3d000 	C:\WINDOWS\SYSTEM32\IPHLPAPI.DLL
0x00007ff8a7380000 - 0x00007ff8a7389000 	C:\WINDOWS\System32\NSI.dll
0x00007ff87af50000 - 0x00007ff87af62000 	C:\WINDOWS\System32\winrnr.dll
0x00007ff89ad00000 - 0x00007ff89ad15000 	C:\WINDOWS\system32\wshbth.dll
0x00007ff87aef0000 - 0x00007ff87af0f000 	C:\WINDOWS\system32\nlansp_c.dll
0x00007ff898520000 - 0x00007ff89852a000 	C:\Windows\System32\rasadhlp.dll
0x00007ff899f60000 - 0x00007ff899fe1000 	C:\WINDOWS\System32\fwpuclnt.dll
0x00007ff8a53e0000 - 0x00007ff8a53f8000 	C:\WINDOWS\SYSTEM32\CRYPTSP.dll
0x00007ff8a4c40000 - 0x00007ff8a4c75000 	C:\WINDOWS\system32\rsaenh.dll
0x00007ff8a51a0000 - 0x00007ff8a51c9000 	C:\WINDOWS\SYSTEM32\USERENV.dll
0x00007ff8a5520000 - 0x00007ff8a5547000 	C:\WINDOWS\SYSTEM32\bcrypt.dll
0x00007ff89ba10000 - 0x00007ff89ba29000 	C:\WINDOWS\SYSTEM32\dhcpcsvc6.DLL
0x00007ff89bb70000 - 0x00007ff89bb8e000 	C:\WINDOWS\SYSTEM32\dhcpcsvc.DLL
0x00007ff8911f0000 - 0x00007ff8911fe000 	C:\Program Files\Java\jdk-18.0.2.1\bin\sunmscapi.dll
0x00007ff8a6400000 - 0x00007ff8a6562000 	C:\WINDOWS\System32\CRYPT32.dll
0x00007ff8a54f0000 - 0x00007ff8a5518000 	C:\WINDOWS\SYSTEM32\ncrypt.dll
0x00007ff8a54b0000 - 0x00007ff8a54e7000 	C:\WINDOWS\SYSTEM32\NTASN1.dll
0x00007ff88d4d0000 - 0x00007ff88d4fd000 	C:\Program Files\Java\jdk-18.0.2.1\bin\javajpeg.dll
0x00007ff891200000 - 0x00007ff891210000 	C:\Program Files\Java\jdk-18.0.2.1\bin\verify.dll

dbghelp: loaded successfully - version: 4.0.5 - missing functions: none
symbol engine: initialized successfully - sym options: 0x614 - pdb path: .;C:\Program Files\Java\jdk-18.0.2.1\bin;C:\WINDOWS\SYSTEM32;C:\WINDOWS\WinSxS\amd64_microsoft.windows.common-controls_6595b64144ccf1df_6.0.22000.120_none_9d947278b86cc467;C:\Program Files\Java\jdk-18.0.2.1\bin\server

VM Arguments:
jvm_args: -Dfile.encoding=UTF-8 --module-path=C:\Users\FPTSHOP\OneDrive\Desktop\PawnStore\PawnStore\build\classes 
java_command: pawnstore.Main
java_class_path (initial): C:\Users\FPTSHOP\OneDrive\Desktop\PawnStore\PawnStore\lib\eclipselink\org.eclipse.persistence.core-2.7.9.jar;C:\Users\FPTSHOP\OneDrive\Desktop\PawnStore\PawnStore\lib\eclipselink\org.eclipse.persistence.asm-9.1.0.jar;C:\Users\FPTSHOP\OneDrive\Desktop\PawnStore\PawnStore\lib\eclipselink\org.eclipse.persistence.antlr-2.7.9.jar;C:\Users\FPTSHOP\OneDrive\Desktop\PawnStore\PawnStore\lib\eclipselink\org.eclipse.persistence.jpa-2.7.9.jar;C:\Users\FPTSHOP\OneDrive\Desktop\PawnStore\PawnStore\lib\eclipselink\org.eclipse.persistence.jpa.jpql-2.7.9.jar;C:\Users\FPTSHOP\OneDrive\Desktop\PawnStore\PawnStore\lib\eclipselink\org.eclipse.persistence.moxy-2.7.9.jar;C:\Users\FPTSHOP\OneDrive\Desktop\PawnStore\PawnStore\lib\eclipselink\javax.persistence-2.2.1.jar;C:\Users\FPTSHOP\OneDrive\Desktop\PawnStore\PawnStore\lib\absolutelayout\AbsoluteLayout.jar;C:\Users\FPTSHOP\OneDrive\Desktop\PawnStore\jcalendar-1.4\lib\jcalendar-1.4.jar;C:\Users\FPTSHOP\OneDrive\Desktop\PawnStore\PLUGIN & LIBRARY IREPORT\PLUGIN & LIBRARY IREPORT\LIBRARY IREPORT.zip;C:\Users\FPTSHOP\OneDrive\Desktop\PawnStore\sqljdbc_11.2.0.0_enu\sqljdbc_11.2\enu\mssql-jdbc-11.2.0.jre18.jar;C:\Users\FPTSHOP\OneDrive\Desktop\PawnStore\jar_files\pdf-7.1.jar;C:\Users\FPTSHOP\OneDrive\Desktop\PawnStore\PawnStore\build\classes
Launcher Type: SUN_STANDARD

[Global flags]
     intx CICompilerCount                          = 4                                         {product} {ergonomic}
     uint ConcGCThreads                            = 2                                         {product} {ergonomic}
     uint G1ConcRefinementThreads                  = 8                                         {product} {ergonomic}
   size_t G1HeapRegionSize                         = 1048576                                   {product} {ergonomic}
    uintx GCDrainStackTargetSize                   = 64                                        {product} {ergonomic}
   size_t InitialHeapSize                          = 132120576                                 {product} {ergonomic}
   size_t MarkStackSize                            = 4194304                                   {product} {ergonomic}
   size_t MaxHeapSize                              = 2099249152                                {product} {ergonomic}
   size_t MaxNewSize                               = 1259339776                                {product} {ergonomic}
   size_t MinHeapDeltaBytes                        = 1048576                                   {product} {ergonomic}
   size_t MinHeapSize                              = 8388608                                   {product} {ergonomic}
    uintx NonNMethodCodeHeapSize                   = 5839372                                {pd product} {ergonomic}
    uintx NonProfiledCodeHeapSize                  = 122909434                              {pd product} {ergonomic}
    uintx ProfiledCodeHeapSize                     = 122909434                              {pd product} {ergonomic}
    uintx ReservedCodeCacheSize                    = 251658240                              {pd product} {ergonomic}
     bool SegmentedCodeCache                       = true                                      {product} {ergonomic}
   size_t SoftMaxHeapSize                          = 2099249152                             {manageable} {ergonomic}
     bool UseCompressedClassPointers               = true                           {product lp64_product} {ergonomic}
     bool UseCompressedOops                        = true                           {product lp64_product} {ergonomic}
     bool UseG1GC                                  = true                                      {product} {ergonomic}
     bool UseLargePagesIndividualAllocation        = false                                  {pd product} {ergonomic}

Logging:
Log output configuration:
 #0: stdout all=warning uptime,level,tags foldmultilines=false
 #1: stderr all=off uptime,level,tags foldmultilines=false

Environment Variables:
JAVA_HOME=C:\Program Files\Java\jdk-18.0.2.1
PATH=C:\Program Files\Common Files\Oracle\Java\javapath;C:\Program Files\Common Files\Microsoft Shared\Microsoft Online Services;C:\Program Files (x86)\Common Files\Microsoft Shared\Microsoft Online Services;C:\Program Files (x86)\Python38-32\Scripts\;C:\Program Files (x86)\Python38-32\;C:\Windows\system32;C:\Windows;C:\Windows\System32\Wbem;C:\Windows\System32\WindowsPowerShell\v1.0\;C:\Windows\System32\OpenSSH\;C:\Program Files\Microsoft SQL Server\130\Tools\Binn\;C:\MinGW\bin;%QUARTUS_ROOTDIR%\bin;C:\Program Files\Microsoft SQL Server\Client SDK\ODBC\170\Tools\Binn\;C:\Program Files\Microsoft SQL Server\Client SDK\ODBC\130\Tools\Binn\;C:\Program Files (x86)\Microsoft SQL Server\130\Tools\Binn\;C:\Program Files\Microsoft SQL Server\130\DTS\Binn\;C:\Program Files (x86)\Microsoft SQL Server\150\Tools\Binn\;C:\Program Files\Microsoft SQL Server\150\Tools\Binn\;C:\Program Files\Microsoft SQL Server\150\DTS\Binn\;C:\Program Files (x86)\Microsoft SQL Server\150\DTS\Binn\;C:\Program Files\Microsoft SQL Server\110\Tools\Binn\;C:\Program Files\dotnet\;C:\Program Files\Azure Data Studio\bin;C:\Program Files\Microsoft SQL Server\120\Tools\Binn\;C:\WINDOWS\system32;C:\WINDOWS;C:\WINDOWS\System32\Wbem;C:\WINDOWS\System32\WindowsPowerShell\v1.0\;C:\WINDOWS\System32\OpenSSH\;C:\Program Files\Docker\Docker\resources\bin;C:\ProgramData\DockerDesktop\version-bin;C:\Program Files (x86)\dotnet\;E:\Download\spring-boot-cli-2.3.9.RELEASE-bin\spring-2.3.9.RELEASE\bin;C:\Program Files\MySQL\MySQL Server 8.0\bin;C:\Program Files\Git\cmd;C:\Program Files\Java\apache-maven-3.8.6-bin\apache-maven-3.8.6\bin;C:\Program Files\PowerShell\7\;C:\Program Files\Java\jdk-18.0.2.1\bin;C:\Program Files\MySQL\MySQL Shell 8.0\bin\;C:\Users\FPTSHOP\AppData\Local\Microsoft\WindowsApps;C:\MinGW\bin;C:\Users\FPTSHOP\.dotnet\tools;C:\Program Files\Azure Data Studio\bin;C:\Users\FPTSHOP\AppData\Local\Programs\Microsoft VS Code\bin;C:\Program Files\Java\jdk-18.0.2.1\bin;
USERNAME=NVS
OS=Windows_NT
PROCESSOR_IDENTIFIER=Intel64 Family 6 Model 142 Stepping 12, GenuineIntel



---------------  S Y S T E M  ---------------

OS:
 Windows 11 , 64 bit Build 22000 (10.0.22000.708)
OS uptime: 1 days 2:00 hours
Hyper-V role detected

CPU: total 8 (initial active 8) (4 cores per cpu, 2 threads per core) family 6 model 142 stepping 12 microcode 0xec, cx8, cmov, fxsr, ht, mmx, 3dnowpref, sse, sse2, sse3, ssse3, sse4.1, sse4.2, popcnt, lzcnt, tsc, tscinvbit, avx, avx2, aes, erms, clmul, bmi1, bmi2, adx, fma, vzeroupper, clflush, clflushopt, hv

Memory: 4k page, system-wide physical 8006M (591M free)
TotalPageFile size 12102M (AvailPageFile size 10M)
current process WorkingSet (physical memory assigned to process): 355M, peak: 365M
current process commit charge ("private bytes"): 400M, peak: 413M

vm_info: Java HotSpot(TM) 64-Bit Server VM (18.0.2.1+1-1) for windows-amd64 JRE (18.0.2.1+1-1), built on Aug 16 2022 01:46:33 by "mach5one" with MS VC++ 16.8 / 16.9 (VS2019)

END.
